Copyright 1986-2022 Xilinx, Inc. All Rights Reserved. Copyright 2022-2025 Advanced Micro Devices, Inc. All Rights Reserved.
---------------------------------------------------------------------------------------------------------------------------------------------
| Tool Version : Vivado v.2025.2 (lin64) Build 6299465 Fri Nov 14 12:34:56 MST 2025
| Date         : Fri Apr 10 03:14:45 2026
| Host         : Nu-SER8 running 64-bit Ubuntu 24.04.3 LTS
| Command      : report_utilization -file full_util_routed.rpt -pb full_util_routed.pb
| Design       : level0_wrapper
| Device       : xcu55c-fsvh2892-2L-e
| Speed File   : -2L
| Design State : Routed
---------------------------------------------------------------------------------------------------------------------------------------------

Utilization Design Information

Table of Contents
-----------------
1. CLB Logic
1.1 Summary of Registers by Type
2. CLB Logic Distribution
3. BLOCKRAM
4. ARITHMETIC
5. I/O
6. CLOCK
7. ADVANCED
8. CONFIGURATION
9. Primitives
10. Black Boxes
11. Instantiated Netlists
12. SLR Connectivity
13. SLR Connectivity Matrix
14. SLR CLB Logic and Dedicated Block Utilization
15. SLR IO Utilization

1. CLB Logic
------------

+----------------------------+--------+--------+------------+-----------+-------+
|          Site Type         |  Used  |  Fixed | Prohibited | Available | Util% |
+----------------------------+--------+--------+------------+-----------+-------+
| CLB LUTs                   | 223928 | 107889 |          0 |   1303680 | 17.18 |
|   LUT as Logic             | 203677 | 101912 |          0 |   1303680 | 15.62 |
|   LUT as Memory            |  20251 |   5977 |          0 |    600960 |  3.37 |
|     LUT as Distributed RAM |   9608 |   4564 |            |           |       |
|     LUT as Shift Register  |  10643 |   1413 |            |           |       |
| CLB Registers              | 276097 | 136116 |          0 |   2607360 | 10.59 |
|   Register as Flip Flop    | 276093 | 136112 |          0 |   2607360 | 10.59 |
|   Register as Latch        |      0 |      0 |          0 |   2607360 |  0.00 |
|   Register as AND/OR       |      4 |      4 |          0 |   2607360 | <0.01 |
| CARRY8                     |   4746 |    946 |          0 |    162960 |  2.91 |
| F7 Muxes                   |   6067 |   1684 |          0 |    651840 |  0.93 |
| F8 Muxes                   |    845 |    451 |          0 |    325920 |  0.26 |
| F9 Muxes                   |      0 |      0 |          0 |    162960 |  0.00 |
| Unique Control Sets        |   8815 |        |          0 |    325920 |  2.70 |
+----------------------------+--------+--------+------------+-----------+-------+
* Warning! LUT value is adjusted to account for LUT combining.
** Note: Available Control Sets calculated as Slices * 2, Review the Control Sets Report for more information regarding control sets.


1.1 Summary of Registers by Type
--------------------------------

+--------+--------------+-------------+--------------+
|  Total | Clock Enable | Synchronous | Asynchronous |
+--------+--------------+-------------+--------------+
| 4      |            _ |           - |            - |
| 0      |            _ |           - |          Set |
| 0      |            _ |           - |        Reset |
| 0      |            _ |         Set |            - |
| 0      |            _ |       Reset |            - |
| 0      |          Yes |           - |            - |
| 389    |          Yes |           - |          Set |
| 4115   |          Yes |           - |        Reset |
| 4958   |          Yes |         Set |            - |
| 266631 |          Yes |       Reset |            - |
+--------+--------------+-------------+--------------+


2. CLB Logic Distribution
-------------------------

+--------------------------------------------+--------+--------+------------+-----------+-------+
|                  Site Type                 |  Used  |  Fixed | Prohibited | Available | Util% |
+--------------------------------------------+--------+--------+------------+-----------+-------+
| CLB                                        |  48044 |      0 |          0 |    162960 | 29.48 |
|   CLBL                                     |  25364 |      0 |            |           |       |
|   CLBM                                     |  22680 |      0 |            |           |       |
| LUT as Logic                               | 203677 | 101912 |          0 |   1303680 | 15.62 |
|   using O5 output only                     |   3147 |        |            |           |       |
|   using O6 output only                     | 154668 |        |            |           |       |
|   using O5 and O6                          |  45862 |        |            |           |       |
| LUT as Memory                              |  20251 |   5977 |          0 |    600960 |  3.37 |
|   LUT as Distributed RAM                   |   9608 |   4564 |            |           |       |
|     using O5 output only                   |      0 |        |            |           |       |
|     using O6 output only                   |    642 |        |            |           |       |
|     using O5 and O6                        |   8966 |        |            |           |       |
|   LUT as Shift Register                    |  10643 |   1413 |            |           |       |
|     using O5 output only                   |      0 |        |            |           |       |
|     using O6 output only                   |   9649 |        |            |           |       |
|     using O5 and O6                        |    994 |        |            |           |       |
| CLB Registers                              | 276097 |      0 |          0 |   2607360 | 10.59 |
|   Register driven from within the CLB      | 120834 |        |            |           |       |
|   Register driven from outside the CLB     | 155263 |        |            |           |       |
|     LUT in front of the register is unused | 102885 |        |            |           |       |
|     LUT in front of the register is used   |  52378 |        |            |           |       |
+--------------------------------------------+--------+--------+------------+-----------+-------+


3. BLOCKRAM
-----------

+-------------------+------+-------+------------+-----------+-------+
|     Site Type     | Used | Fixed | Prohibited | Available | Util% |
+-------------------+------+-------+------------+-----------+-------+
| Block RAM Tile    |  661 |     0 |          0 |      2016 | 32.79 |
|   RAMB36/FIFO*    |  621 |   193 |          0 |      2016 | 30.80 |
|     RAMB36E2 only |  621 |       |            |           |       |
|   RAMB18          |   80 |     6 |          0 |      4032 |  1.98 |
|     RAMB18E2 only |   80 |       |            |           |       |
| URAM              |    0 |     0 |          0 |       960 |  0.00 |
+-------------------+------+-------+------------+-----------+-------+
* Note: Each Block RAM Tile only has one FIFO logic available and therefore can accommodate only one FIFO36E2 or one FIFO18E2. However, if a FIFO18E2 occupies a Block RAM Tile, that tile can still accommodate a RAMB18E2


4. ARITHMETIC
-------------

+----------------+------+-------+------------+-----------+-------+
|    Site Type   | Used | Fixed | Prohibited | Available | Util% |
+----------------+------+-------+------------+-----------+-------+
| DSPs           |  329 |     4 |          0 |      9024 |  3.65 |
|   DSP48E2 only |  329 |       |            |           |       |
+----------------+------+-------+------------+-----------+-------+


5. I/O
------

+------------------+------+-------+------------+-----------+-------+
|     Site Type    | Used | Fixed | Prohibited | Available | Util% |
+------------------+------+-------+------------+-----------+-------+
| Bonded IOB       |   12 |    12 |          0 |       624 |  1.92 |
|   HPIOB_M        |    6 |     6 |          0 |       288 |  2.08 |
|     INPUT        |    3 |       |            |           |       |
|     OUTPUT       |    3 |       |            |           |       |
|     BIDIR        |    0 |       |            |           |       |
|   HPIOB_S        |    5 |     5 |          0 |       288 |  1.74 |
|     INPUT        |    5 |       |            |           |       |
|     OUTPUT       |    0 |       |            |           |       |
|     BIDIR        |    0 |       |            |           |       |
|   HPIOB_SNGL     |    1 |     1 |          0 |        48 |  2.08 |
|     INPUT        |    1 |       |            |           |       |
|     OUTPUT       |    0 |       |            |           |       |
|     BIDIR        |    0 |       |            |           |       |
| HPIOBDIFFINBUF   |    1 |     1 |          0 |       288 |  0.35 |
|   DIFFINBUF      |    1 |     1 |            |           |       |
| HPIOBDIFFOUTBUF  |    0 |     0 |          0 |       288 |  0.00 |
| BITSLICE_CONTROL |    0 |     0 |          0 |        96 |  0.00 |
| BITSLICE_RX_TX   |    0 |     0 |          0 |      3744 |  0.00 |
| BITSLICE_TX      |    0 |     0 |          0 |        96 |  0.00 |
| RIU_OR           |    0 |     0 |          0 |        48 |  0.00 |
+------------------+------+-------+------------+-----------+-------+


6. CLOCK
--------

+------------+------+-------+------------+-----------+-------+
|  Site Type | Used | Fixed | Prohibited | Available | Util% |
+------------+------+-------+------------+-----------+-------+
| BUFGCE     |   17 |     6 |          0 |       288 |  5.90 |
| BUFGCE_DIV |    1 |     1 |          0 |        48 |  2.08 |
| BUFG_GT    |   22 |    22 |          0 |       576 |  3.82 |
| BUFGCTRL*  |    1 |     1 |          0 |        96 |  1.04 |
| PLL        |    1 |     1 |          0 |        24 |  4.17 |
| MMCM       |    3 |     1 |          0 |        12 | 25.00 |
+------------+------+-------+------------+-----------+-------+
* Note: Each used BUFGCTRL counts as two GLOBAL CLOCK BUFFERs. This table does not include global clocking resources, only buffer cell usage. See the Clock Utilization Report (report_clock_utilization) for detailed accounting of global clocking resource availability.


7. ADVANCED
-----------

+----------------------+------+-------+------------+-----------+-------+
|       Site Type      | Used | Fixed | Prohibited | Available | Util% |
+----------------------+------+-------+------------+-----------+-------+
| CMACE4               |    0 |     0 |          0 |         8 |  0.00 |
| GTYE4_CHANNEL        |   16 |    16 |          0 |        40 | 40.00 |
| GTYE4_COMMON         |    4 |     4 |          0 |        10 | 40.00 |
| HBM_REF_CLK          |    1 |     1 |          0 |         2 | 50.00 |
| HBM_SNGLBLI_INTF_APB |    1 |     1 |          0 |        32 |  3.13 |
| HBM_SNGLBLI_INTF_AXI |   16 |    16 |          0 |        32 | 50.00 |
| ILKNE4               |    0 |     0 |          0 |         4 |  0.00 |
| OBUFDS_GTE4          |    0 |     0 |          0 |        20 |  0.00 |
| OBUFDS_GTE4_ADV      |    0 |     0 |          0 |        20 |  0.00 |
| PCIE40E4             |    0 |     0 |          0 |         2 |  0.00 |
| PCIE4CE4             |    1 |     1 |          0 |         4 | 25.00 |
| SYSMONE4             |    0 |     0 |          0 |         3 |  0.00 |
+----------------------+------+-------+------------+-----------+-------+


8. CONFIGURATION
----------------

+-------------+------+-------+------------+-----------+-------+
|  Site Type  | Used | Fixed | Prohibited | Available | Util% |
+-------------+------+-------+------------+-----------+-------+
| BSCANE2     |    1 |     1 |          0 |        12 |  8.33 |
| DNA_PORTE2  |    0 |     0 |          0 |         3 |  0.00 |
| EFUSE_USR   |    0 |     0 |          0 |         3 |  0.00 |
| FRAME_ECCE4 |    0 |     0 |          0 |         3 |  0.00 |
| ICAPE3      |    1 |     1 |          0 |         6 | 16.67 |
| MASTER_JTAG |    0 |     0 |          0 |         3 |  0.00 |
| STARTUPE3   |    1 |     1 |          0 |         3 | 33.33 |
+-------------+------+-------+------------+-----------+-------+


9. Primitives
-------------

+----------------------+--------+---------------------+
|       Ref Name       |  Used  | Functional Category |
+----------------------+--------+---------------------+
| FDRE                 | 266631 |            Register |
| LUT6                 |  77812 |                 CLB |
| LUT3                 |  57167 |                 CLB |
| LUT4                 |  43614 |                 CLB |
| LUT5                 |  39623 |                 CLB |
| LUT2                 |  26114 |                 CLB |
| RAMD32               |  15694 |                 CLB |
| SRLC32E              |   8454 |                 CLB |
| MUXF7                |   6067 |                 CLB |
| LUT1                 |   5209 |                 CLB |
| FDSE                 |   4958 |            Register |
| CARRY8               |   4746 |                 CLB |
| FDCE                 |   4115 |            Register |
| SRL16E               |   3169 |                 CLB |
| RAMS32               |   2312 |                 CLB |
| MUXF8                |    845 |                 CLB |
| RAMB36E2             |    621 |            BLOCKRAM |
| RAMD64E              |    528 |                 CLB |
| FDPE                 |    389 |            Register |
| DSP48E2              |    329 |          Arithmetic |
| RAMB18E2             |     80 |            BLOCKRAM |
| RAMS64E              |     40 |                 CLB |
| BUFG_GT              |     22 |               Clock |
| BUFG_GT_SYNC         |     17 |               Clock |
| BUFGCE               |     17 |               Clock |
| HBM_SNGLBLI_INTF_AXI |     16 |            Advanced |
| GTYE4_CHANNEL        |     16 |            Advanced |
| SRLC16E              |     14 |                 CLB |
| IBUFCTRL             |      8 |              Others |
| INBUF                |      7 |                 I/O |
| GTYE4_COMMON         |      4 |            Advanced |
| AND2B1L              |      4 |              Others |
| OBUF                 |      3 |                 I/O |
| MMCME4_ADV           |      3 |               Clock |
| STARTUPE3            |      1 |       Configuration |
| PLLE4_ADV            |      1 |               Clock |
| PCIE4CE4             |      1 |            Advanced |
| ICAPE3               |      1 |       Configuration |
| IBUFDS_GTE4          |      1 |                 I/O |
| HBM_SNGLBLI_INTF_APB |      1 |            Advanced |
| HBM_REF_CLK          |      1 |            Advanced |
| DIFFINBUF            |      1 |                 I/O |
| BUFGCTRL             |      1 |               Clock |
| BUFGCE_DIV           |      1 |               Clock |
| BSCANE2              |      1 |       Configuration |
+----------------------+--------+---------------------+


10. Black Boxes
---------------

+----------+------+
| Ref Name | Used |
+----------+------+


11. Instantiated Netlists
-------------------------

+-------------------------------------------------------+------+
|                        Ref Name                       | Used |
+-------------------------------------------------------+------+
| xsdbm                                                 |    1 |
| ulp_ulp_ucs_0                                         |    1 |
| ulp_ulp_cmp_0                                         |    1 |
| ulp_regslice_control_userpf_2                         |    1 |
| ulp_regslice_control_userpf_1                         |    1 |
| ulp_regslice_control_userpf_0                         |    1 |
| ulp_proc_sys_reset_kernel_slr2_0                      |    1 |
| ulp_proc_sys_reset_kernel_slr1_0                      |    1 |
| ulp_proc_sys_reset_kernel_slr0_0                      |    1 |
| ulp_proc_sys_reset_ctrl_slr2_0                        |    1 |
| ulp_proc_sys_reset_ctrl_slr1_0                        |    1 |
| ulp_proc_sys_reset_ctrl_slr0_0                        |    1 |
| ulp_interconnect_axilite_user_upgraded_ipi_imp_xbar_2 |    1 |
| ulp_interconnect_axilite_user_upgraded_ipi_imp_xbar_1 |    1 |
| ulp_interconnect_axilite_user_upgraded_ipi_imp_xbar_0 |    1 |
| ulp_interconnect_axilite_user_imp_s00_regslice_2      |    1 |
| ulp_interconnect_axilite_user_imp_s00_regslice_1      |    1 |
| ulp_interconnect_axilite_user_imp_s00_regslice_0      |    1 |
| ulp_interconnect_axilite_user_imp_m01_regslice_2      |    1 |
| ulp_interconnect_axilite_user_imp_m01_regslice_1      |    1 |
| ulp_interconnect_axilite_user_imp_m01_regslice_0      |    1 |
| ulp_interconnect_axilite_user_imp_m00_regslice_2      |    1 |
| ulp_interconnect_axilite_user_imp_m00_regslice_1      |    1 |
| ulp_interconnect_axilite_user_imp_m00_regslice_0      |    1 |
| ulp_interconnect_axilite_user_imp_auto_cc_5           |    1 |
| ulp_interconnect_axilite_user_imp_auto_cc_4           |    1 |
| ulp_interconnect_axilite_user_imp_auto_cc_3           |    1 |
| ulp_interconnect_axilite_user_imp_auto_cc_2           |    1 |
| ulp_interconnect_axilite_user_imp_auto_cc_1           |    1 |
| ulp_interconnect_axilite_user_imp_auto_cc_0           |    1 |
| ulp_ii_level0_wire_0                                  |    1 |
| ulp_hmss_0_0                                          |    1 |
| ulp_b3c2_1_0                                          |    1 |
| ulp_b3c1_1_0                                          |    1 |
| ulp_b3c0_1_0                                          |    1 |
| ulp_axi_vip_data_0                                    |    1 |
| ulp_axi_vip_ctrl_userpf_2                             |    1 |
| ulp_axi_vip_ctrl_userpf_1                             |    1 |
| ulp_axi_vip_ctrl_userpf_0                             |    1 |
| ulp_axi_ic_ctrl_mgmt_slr1_upgraded_ipi_imp_xbar_0     |    1 |
| ulp_axi_gpio_null_2                                   |    1 |
| ulp_axi_gpio_null_1                                   |    1 |
| ulp_axi_gpio_null_0                                   |    1 |
| ulp                                                   |    1 |
| level0_ii_level0_pipe_0                               |    1 |
| blp_wrapper                                           |    1 |
| bd_85ad_vip_S11_0                                     |    1 |
| bd_85ad_vip_S10_0                                     |    1 |
| bd_85ad_vip_S09_0                                     |    1 |
| bd_85ad_vip_S08_0                                     |    1 |
| bd_85ad_vip_S07_0                                     |    1 |
| bd_85ad_vip_S06_0                                     |    1 |
| bd_85ad_vip_S05_0                                     |    1 |
| bd_85ad_vip_S04_0                                     |    1 |
| bd_85ad_vip_S03_0                                     |    1 |
| bd_85ad_vip_S02_0                                     |    1 |
| bd_85ad_vip_S01_0                                     |    1 |
| bd_85ad_vip_S00_0                                     |    1 |
| bd_85ad_slice9_8_0                                    |    1 |
| bd_85ad_slice8_7_0                                    |    1 |
| bd_85ad_slice7_6_0                                    |    1 |
| bd_85ad_slice6_5_0                                    |    1 |
| bd_85ad_slice5_4_0                                    |    1 |
| bd_85ad_slice4_3_0                                    |    1 |
| bd_85ad_slice3_2_0                                    |    1 |
| bd_85ad_slice2_1_0                                    |    1 |
| bd_85ad_slice1_0_0                                    |    1 |
| bd_85ad_slice11_10_0                                  |    1 |
| bd_85ad_slice10_9_0                                   |    1 |
| bd_85ad_slice0_11_0                                   |    1 |
| bd_85ad_interconnect9_8_0                             |    1 |
| bd_85ad_interconnect8_7_0                             |    1 |
| bd_85ad_interconnect7_6_0                             |    1 |
| bd_85ad_interconnect6_5_0                             |    1 |
| bd_85ad_interconnect5_4_0                             |    1 |
| bd_85ad_interconnect4_3_0                             |    1 |
| bd_85ad_interconnect3_2_0                             |    1 |
| bd_85ad_interconnect2_1_0                             |    1 |
| bd_85ad_interconnect1_0_0                             |    1 |
| bd_85ad_interconnect11_10_0                           |    1 |
| bd_85ad_interconnect10_9_0                            |    1 |
| bd_85ad_interconnect0_11_0                            |    1 |
| bd_85ad_hbm_reset_sync_SLR2_0                         |    1 |
| bd_85ad_hbm_reset_sync_SLR1_0                         |    1 |
| bd_85ad_hbm_reset_sync_SLR0_0                         |    1 |
| bd_85ad_hbm_inst_0                                    |    1 |
| bd_85ad_axi_apb_bridge_inst_0                         |    1 |
| bd_7cf0_bsip_0                                        |    1 |
| bd_7cf0_bs_switch_1_0                                 |    1 |
| bd_7cf0_axi_jtag_0                                    |    1 |
| bd_58f6_xsdbm_0                                       |    1 |
| bd_58f6_lut_buffer_0                                  |    1 |
| bd_22c0_psreset_kernel_01_0                           |    1 |
| bd_22c0_psreset_kernel_00_0                           |    1 |
| bd_22c0_psreset_hbm_0                                 |    1 |
| bd_22c0_psreset_aclk_freerun_0                        |    1 |
| bd_22c0_gpio_ucs_control_status_0                     |    1 |
| bd_22c0_gpio_gapping_demand_0                         |    1 |
| bd_22c0_gapping_demand_update_0                       |    1 |
| bd_22c0_gapping_demand_toggle_0                       |    1 |
| bd_22c0_frequency_counter_aclk_kernel_01_0            |    1 |
| bd_22c0_frequency_counter_aclk_kernel_00_0            |    1 |
| bd_22c0_frequency_counter_aclk_hbm_0                  |    1 |
| bd_22c0_frequency_counter_aclk_0                      |    1 |
| bd_22c0_fanout_aresetn_pcie_slr2_4_0                  |    1 |
| bd_22c0_fanout_aresetn_pcie_slr2_3_0                  |    1 |
| bd_22c0_fanout_aresetn_pcie_slr2_2_0                  |    1 |
| bd_22c0_fanout_aresetn_pcie_slr2_1_0                  |    1 |
| bd_22c0_fanout_aresetn_pcie_slr1_4_0                  |    1 |
| bd_22c0_fanout_aresetn_pcie_slr1_3_0                  |    1 |
| bd_22c0_fanout_aresetn_pcie_slr1_2_0                  |    1 |
| bd_22c0_fanout_aresetn_pcie_slr1_1_0                  |    1 |
| bd_22c0_fanout_aresetn_pcie_slr0_4_0                  |    1 |
| bd_22c0_fanout_aresetn_pcie_slr0_3_0                  |    1 |
| bd_22c0_fanout_aresetn_pcie_slr0_2_0                  |    1 |
| bd_22c0_fanout_aresetn_pcie_slr0_1_0                  |    1 |
| bd_22c0_fanout_aresetn_kernel_01_slr2_4_0             |    1 |
| bd_22c0_fanout_aresetn_kernel_01_slr2_3_0             |    1 |
| bd_22c0_fanout_aresetn_kernel_01_slr2_2_0             |    1 |
| bd_22c0_fanout_aresetn_kernel_01_slr2_1_0             |    1 |
| bd_22c0_fanout_aresetn_kernel_01_slr1_4_0             |    1 |
| bd_22c0_fanout_aresetn_kernel_01_slr1_3_0             |    1 |
| bd_22c0_fanout_aresetn_kernel_01_slr1_2_0             |    1 |
| bd_22c0_fanout_aresetn_kernel_01_slr1_1_0             |    1 |
| bd_22c0_fanout_aresetn_kernel_01_slr0_4_0             |    1 |
| bd_22c0_fanout_aresetn_kernel_01_slr0_3_0             |    1 |
| bd_22c0_fanout_aresetn_kernel_01_slr0_2_0             |    1 |
| bd_22c0_fanout_aresetn_kernel_01_slr0_1_0             |    1 |
| bd_22c0_fanout_aresetn_kernel_00_slr2_4_0             |    1 |
| bd_22c0_fanout_aresetn_kernel_00_slr2_3_0             |    1 |
| bd_22c0_fanout_aresetn_kernel_00_slr2_2_0             |    1 |
| bd_22c0_fanout_aresetn_kernel_00_slr2_1_0             |    1 |
| bd_22c0_fanout_aresetn_kernel_00_slr1_4_0             |    1 |
| bd_22c0_fanout_aresetn_kernel_00_slr1_3_0             |    1 |
| bd_22c0_fanout_aresetn_kernel_00_slr1_2_0             |    1 |
| bd_22c0_fanout_aresetn_kernel_00_slr1_1_0             |    1 |
| bd_22c0_fanout_aresetn_kernel_00_slr0_4_0             |    1 |
| bd_22c0_fanout_aresetn_kernel_00_slr0_3_0             |    1 |
| bd_22c0_fanout_aresetn_kernel_00_slr0_2_0             |    1 |
| bd_22c0_fanout_aresetn_kernel_00_slr0_1_0             |    1 |
| bd_22c0_fanout_aresetn_hbm_0                          |    1 |
| bd_22c0_fanout_aresetn_ctrl_slr2_4_0                  |    1 |
| bd_22c0_fanout_aresetn_ctrl_slr2_3_0                  |    1 |
| bd_22c0_fanout_aresetn_ctrl_slr2_2_0                  |    1 |
| bd_22c0_fanout_aresetn_ctrl_slr2_1_0                  |    1 |
| bd_22c0_fanout_aresetn_ctrl_slr1_4_0                  |    1 |
| bd_22c0_fanout_aresetn_ctrl_slr1_3_0                  |    1 |
| bd_22c0_fanout_aresetn_ctrl_slr1_2_0                  |    1 |
| bd_22c0_fanout_aresetn_ctrl_slr1_1_0                  |    1 |
| bd_22c0_fanout_aresetn_ctrl_slr0_4_0                  |    1 |
| bd_22c0_fanout_aresetn_ctrl_slr0_3_0                  |    1 |
| bd_22c0_fanout_aresetn_ctrl_slr0_2_0                  |    1 |
| bd_22c0_fanout_aresetn_ctrl_slr0_1_0                  |    1 |
| bd_22c0_clock_throttling_avg_0                        |    1 |
| bd_22c0_clock_throttling_aclk_kernel_01_0             |    1 |
| bd_22c0_clock_throttling_aclk_kernel_00_0             |    1 |
| bd_22c0_clock_shutdown_latch_0                        |    1 |
| bd_22c0_clkwiz_hbm_0                                  |    1 |
| bd_22c0_clkwiz_aclk_kernel_01_0                       |    1 |
| bd_22c0_clkwiz_aclk_kernel_00_0                       |    1 |
| bd_22c0_clk_hbm_adapt_0                               |    1 |
| bd_22c0_build_info_0                                  |    1 |
| bd_22c0_axi_ic_ctrl_mgmt_top_imp_xbar_0               |    1 |
| bd_22c0_axi_ic_ctrl_mgmt_freq_imp_xbar_0              |    1 |
| bd_22c0_axi_ic_ctrl_mgmt_freq_imp_auto_cc_0           |    1 |
| bd_22c0_aclk_kernel_01_cont_adapt_0                   |    1 |
| bd_22c0_aclk_kernel_01_adapt_0                        |    1 |
| bd_22c0_aclk_kernel_00_cont_adapt_0                   |    1 |
| bd_22c0_aclk_kernel_00_adapt_0                        |    1 |
| bd_097b_user_debug_hub_0                              |    1 |
| bd_097b_user_debug_bridge_0                           |    1 |
| bd_097b_build_info_0                                  |    1 |
+-------------------------------------------------------+------+


12. SLR Connectivity
--------------------

+----------------------------------+-------+-------+-----------+-------+
|                                  |  Used | Fixed | Available | Util% |
+----------------------------------+-------+-------+-----------+-------+
| SLR2 <-> SLR1                    |  6095 |       |     23040 | 26.45 |
|   SLR1 -> SLR2                   |  3150 |       |           | 13.67 |
|     Using TX_REG only            |     0 |     0 |           |       |
|     Using RX_REG only            |     0 |     0 |           |       |
|     Using Both TX_REG and RX_REG |     0 |     0 |           |       |
|   SLR2 -> SLR1                   |  2945 |       |           | 12.78 |
|     Using TX_REG only            |     0 |     0 |           |       |
|     Using RX_REG only            |     0 |     0 |           |       |
|     Using Both TX_REG and RX_REG |     0 |     0 |           |       |
| SLR1 <-> SLR0                    |  7022 |       |     23040 | 30.48 |
|   SLR0 -> SLR1                   |  3901 |       |           | 16.93 |
|     Using TX_REG only            |     0 |     0 |           |       |
|     Using RX_REG only            |     0 |     0 |           |       |
|     Using Both TX_REG and RX_REG |     0 |     0 |           |       |
|   SLR1 -> SLR0                   |  3121 |       |           | 13.55 |
|     Using TX_REG only            |     0 |     0 |           |       |
|     Using RX_REG only            |     0 |     0 |           |       |
|     Using Both TX_REG and RX_REG |     0 |     0 |           |       |
+----------------------------------+-------+-------+-----------+-------+
| Total SLLs Used                  | 13117 |       |           |       |
+----------------------------------+-------+-------+-----------+-------+


13. SLR Connectivity Matrix
---------------------------

+-----------+------+------+------+
| FROM \ TO | SLR2 | SLR1 | SLR0 |
+-----------+------+------+------+
| SLR2      |    0 | 2845 |  100 |
| SLR1      | 3087 |    0 | 3021 |
| SLR0      |   63 | 3838 |    0 |
+-----------+------+------+------+


14. SLR CLB Logic and Dedicated Block Utilization
-------------------------------------------------

+----------------------------+--------+-------+-------+--------+--------+--------+
|          Site Type         |  SLR0  |  SLR1 |  SLR2 | SLR0 % | SLR1 % | SLR2 % |
+----------------------------+--------+-------+-------+--------+--------+--------+
| CLB                        |  23356 | 14444 | 10244 |  42.50 |  26.75 |  18.97 |
|   CLBL                     |  12240 |  7769 |  5355 |  41.80 |  26.53 |  18.29 |
|   CLBM                     |  11116 |  6675 |  4889 |  43.29 |  27.00 |  19.78 |
| CLB LUTs                   | 105733 | 75928 | 42267 |  24.05 |  17.58 |   9.78 |
|   LUT as Logic             |  95670 | 70683 | 37324 |  21.76 |  16.36 |   8.64 |
|     using O5 output only   |   1446 |  1056 |   645 |   0.33 |   0.24 |   0.15 |
|     using O6 output only   |  73911 | 52993 | 27764 |  16.81 |  12.27 |   6.43 |
|     using O5 and O6        |  20313 | 16634 |  8915 |   4.62 |   3.85 |   2.06 |
|   LUT as Memory            |  10063 |  5245 |  4943 |   4.90 |   2.65 |   2.50 |
|     LUT as Distributed RAM |   3818 |  4070 |  1720 |   1.86 |   2.06 |   0.87 |
|       using O6 output only |    250 |   388 |     4 |   0.12 |   0.20 |  <0.01 |
|       using O5 and O6      |   3568 |  3682 |  1716 |   1.74 |   1.86 |   0.87 |
|     LUT as Shift Register  |   6245 |  1175 |  3223 |   3.04 |   0.59 |   1.63 |
|       using O6 output only |   5454 |  1109 |  3086 |   2.65 |   0.56 |   1.56 |
|       using O5 and O6      |    791 |    66 |   137 |   0.39 |   0.03 |   0.07 |
| CLB Registers              | 124423 | 96338 | 55336 |  14.15 |  11.15 |   6.40 |
| CARRY8                     |   2900 |  1121 |   725 |   5.28 |   2.08 |   1.34 |
| F7 Muxes                   |   3156 |  1701 |  1210 |   1.44 |   0.79 |   0.56 |
| F8 Muxes                   |    550 |   289 |     6 |   0.50 |   0.27 |  <0.01 |
| F9 Muxes                   |      0 |     0 |     0 |   0.00 |   0.00 |   0.00 |
| Block RAM Tile             |  463.5 |   115 |  82.5 |  68.97 |  17.11 |  12.28 |
|   RAMB36/FIFO              |    436 |   108 |    77 |  64.88 |  16.07 |  11.46 |
|   RAMB18                   |     55 |    14 |    11 |   4.09 |   1.04 |   0.82 |
| URAM                       |      0 |     0 |     0 |   0.00 |   0.00 |   0.00 |
| DSPs                       |    232 |    22 |    75 |   8.06 |   0.72 |   2.44 |
| Unique Control Sets        |   3468 |  3830 |  1578 |   3.16 |   3.55 |   1.46 |
+----------------------------+--------+-------+-------+--------+--------+--------+
* Note: Available Control Sets based on CLB Registers / 8


15. SLR IO Utilization
----------------------

+-----------+-----------+---------+------------+----------+------------+----------+-----+
| SLR Index | Used IOBs | (%)IOBs | Used IPADs | (%)IPADs | Used OPADs | (%)OPADs | GTs |
+-----------+-----------+---------+------------+----------+------------+----------+-----+
| SLR2      |         0 |    0.00 |          0 |     0.00 |          0 |     0.00 |   0 |
| SLR1      |         0 |    0.00 |          0 |     0.00 |          0 |     0.00 |   0 |
| SLR0      |        12 |    5.77 |          0 |     0.00 |          0 |     0.00 |  16 |
+-----------+-----------+---------+------------+----------+------------+----------+-----+
| Total     |        12 |         |          0 |          |          0 |          |  16 |
+-----------+-----------+---------+------------+----------+------------+----------+-----+


