Copyright 1986-2022 Xilinx, Inc. All Rights Reserved. Copyright 2022-2025 Advanced Micro Devices, Inc. All Rights Reserved.
---------------------------------------------------------------------------------------------------------------------------------------------------------------------------------------------------------------------------------------
| Tool Version : Vivado v.2025.2 (lin64) Build 6299465 Fri Nov 14 12:34:56 MST 2025
| Date         : Fri Apr 10 02:45:58 2026
| Host         : Nu-SER8 running 64-bit Ubuntu 24.04.3 LTS
| Command      : report_accelerator_utilization -kernels { b3c0:level0_i/ulp/b3c0_1/inst:b3c0_1 b3c1:level0_i/ulp/b3c1_1/inst:b3c1_1 b3c2:level0_i/ulp/b3c2_1/inst:b3c2_1} -file kernel_util_placed.rpt -name kernel_util_placed -json
| Design       : level0_wrapper
| Device       : xcu55c
| Design State : Fully Placed
---------------------------------------------------------------------------------------------------------------------------------------------------------------------------------------------------------------------------------------

Accelerator Utilization Design Information

Table of Contents
-----------------
1. System Utilization

1. System Utilization
---------------------

+---------------------+-------------------+------------------+-------------------+----------------+---------------+----------------+
| Name                | LUT               | LUTAsMem         | REG               | BRAM           | URAM          | DSP            |
+---------------------+-------------------+------------------+-------------------+----------------+---------------+----------------+
| Platform            |  136601 [ 10.48%] |  14976 [  2.49%] |  208935 [  8.01%] |  198 [  9.82%] |   0 [  0.00%] |    4 [  0.04%] |
| User Budget         | 1167079 [100.00%] | 585984 [100.00%] | 2398425 [100.00%] | 1818 [100.00%] | 960 [100.00%] | 9020 [100.00%] |
|    Used Resources   |   87337 [  7.48%] |   5275 [  0.90%] |   67149 [  2.80%] |  462 [ 25.41%] |   0 [  0.00%] |  325 [  3.60%] |
|    Unused Resources | 1079742 [ 92.52%] | 580709 [ 99.10%] | 2331276 [ 97.20%] | 1356 [ 74.59%] | 960 [100.00%] | 8695 [ 96.40%] |
| b3c0                |   63899 [  5.48%] |   3335 [  0.57%] |   46148 [  1.92%] |  405 [ 22.28%] |   0 [  0.00%] |  232 [  2.57%] |
|    b3c0_1           |   63899 [  5.48%] |   3335 [  0.57%] |   46148 [  1.92%] |  405 [ 22.28%] |   0 [  0.00%] |  232 [  2.57%] |
| b3c1                |   11048 [  0.95%] |    482 [  0.08%] |   10649 [  0.44%] |   25 [  1.38%] |   0 [  0.00%] |   22 [  0.24%] |
|    b3c1_1           |   11048 [  0.95%] |    482 [  0.08%] |   10649 [  0.44%] |   25 [  1.38%] |   0 [  0.00%] |   22 [  0.24%] |
| b3c2                |   12390 [  1.06%] |   1458 [  0.25%] |   10352 [  0.43%] |   32 [  1.76%] |   0 [  0.00%] |   71 [  0.79%] |
|    b3c2_1           |   12390 [  1.06%] |   1458 [  0.25%] |   10352 [  0.43%] |   32 [  1.76%] |   0 [  0.00%] |   71 [  0.79%] |
+---------------------+-------------------+------------------+-------------------+----------------+---------------+----------------+


