Copyright 1986-2022 Xilinx, Inc. All Rights Reserved. Copyright 2022-2025 Advanced Micro Devices, Inc. All Rights Reserved.
---------------------------------------------------------------------------------------------------------------------------------------------
| Tool Version : Vivado v.2025.2 (lin64) Build 6299465 Fri Nov 14 12:34:56 MST 2025
| Date         : Fri Apr 10 02:46:18 2026
| Host         : Nu-SER8 running 64-bit Ubuntu 24.04.3 LTS
| Command      : report_utilization -slr -file slr_util_placed.rpt -pb slr_util_placed.pb
| Design       : level0_wrapper
| Device       : xcu55c-fsvh2892-2L-e
| Speed File   : -2L
| Design State : Fully Placed
---------------------------------------------------------------------------------------------------------------------------------------------

Utilization Design Information

Table of Contents
-----------------
1. SLR Connectivity
2. SLR Connectivity Matrix
3. SLR CLB Logic and Dedicated Block Utilization
4. SLR IO Utilization

1. SLR Connectivity
-------------------

+----------------------------------+-------+-------+-----------+-------+
|                                  |  Used | Fixed | Available | Util% |
+----------------------------------+-------+-------+-----------+-------+
| SLR2 <-> SLR1                    |  6094 |       |     23040 | 26.45 |
|   SLR1 -> SLR2                   |  3149 |       |           | 13.67 |
|     Using TX_REG only            |     0 |     0 |           |       |
|     Using RX_REG only            |     0 |     0 |           |       |
|     Using Both TX_REG and RX_REG |     0 |     0 |           |       |
|   SLR2 -> SLR1                   |  2945 |       |           | 12.78 |
|     Using TX_REG only            |     0 |     0 |           |       |
|     Using RX_REG only            |     0 |     0 |           |       |
|     Using Both TX_REG and RX_REG |     0 |     0 |           |       |
| SLR1 <-> SLR0                    |  7019 |       |     23040 | 30.46 |
|   SLR0 -> SLR1                   |  3900 |       |           | 16.93 |
|     Using TX_REG only            |     0 |     0 |           |       |
|     Using RX_REG only            |     0 |     0 |           |       |
|     Using Both TX_REG and RX_REG |     0 |     0 |           |       |
|   SLR1 -> SLR0                   |  3119 |       |           | 13.54 |
|     Using TX_REG only            |     0 |     0 |           |       |
|     Using RX_REG only            |     0 |     0 |           |       |
|     Using Both TX_REG and RX_REG |     0 |     0 |           |       |
+----------------------------------+-------+-------+-----------+-------+
| Total SLLs Used                  | 13113 |       |           |       |
+----------------------------------+-------+-------+-----------+-------+


2. SLR Connectivity Matrix
--------------------------

+-----------+------+------+------+
| FROM \ TO | SLR2 | SLR1 | SLR0 |
+-----------+------+------+------+
| SLR2      |    0 | 2845 |  100 |
| SLR1      | 3087 |    0 | 3019 |
| SLR0      |   62 | 3838 |    0 |
+-----------+------+------+------+


3. SLR CLB Logic and Dedicated Block Utilization
------------------------------------------------

+----------------------------+--------+-------+-------+--------+--------+--------+
|          Site Type         |  SLR0  |  SLR1 |  SLR2 | SLR0 % | SLR1 % | SLR2 % |
+----------------------------+--------+-------+-------+--------+--------+--------+
| CLB                        |  23354 | 14444 | 10241 |  42.49 |  26.75 |  18.96 |
|   CLBL                     |  12238 |  7769 |  5354 |  41.80 |  26.53 |  18.29 |
|   CLBM                     |  11116 |  6675 |  4887 |  43.29 |  27.00 |  19.77 |
| CLB LUTs                   | 105726 | 75928 | 42267 |  24.05 |  17.58 |   9.78 |
|   LUT as Logic             |  95663 | 70683 | 37324 |  21.76 |  16.36 |   8.64 |
|     using O5 output only   |   1444 |  1056 |   645 |   0.33 |   0.24 |   0.15 |
|     using O6 output only   |  73906 | 52993 | 27764 |  16.81 |  12.27 |   6.43 |
|     using O5 and O6        |  20313 | 16634 |  8915 |   4.62 |   3.85 |   2.06 |
|   LUT as Memory            |  10063 |  5245 |  4943 |   4.90 |   2.65 |   2.50 |
|     LUT as Distributed RAM |   3818 |  4070 |  1720 |   1.86 |   2.06 |   0.87 |
|       using O6 output only |    250 |   388 |     4 |   0.12 |   0.20 |  <0.01 |
|       using O5 and O6      |   3568 |  3682 |  1716 |   1.74 |   1.86 |   0.87 |
|     LUT as Shift Register  |   6245 |  1175 |  3223 |   3.04 |   0.59 |   1.63 |
|       using O6 output only |   5454 |  1109 |  3086 |   2.65 |   0.56 |   1.56 |
|       using O5 and O6      |    791 |    66 |   137 |   0.39 |   0.03 |   0.07 |
| CLB Registers              | 124445 | 96338 | 55301 |  14.15 |  11.15 |   6.40 |
| CARRY8                     |   2900 |  1121 |   725 |   5.28 |   2.08 |   1.34 |
| F7 Muxes                   |   3156 |  1701 |  1210 |   1.44 |   0.79 |   0.56 |
| F8 Muxes                   |    550 |   289 |     6 |   0.50 |   0.27 |  <0.01 |
| F9 Muxes                   |      0 |     0 |     0 |   0.00 |   0.00 |   0.00 |
| Block RAM Tile             |  463.5 |   115 |  82.5 |  68.97 |  17.11 |  12.28 |
|   RAMB36/FIFO              |    436 |   108 |    77 |  64.88 |  16.07 |  11.46 |
|   RAMB18                   |     55 |    14 |    11 |   4.09 |   1.04 |   0.82 |
| URAM                       |      0 |     0 |     0 |   0.00 |   0.00 |   0.00 |
| DSPs                       |    232 |    22 |    75 |   8.06 |   0.72 |   2.44 |
| Unique Control Sets        |   3467 |  3830 |  1578 |   3.15 |   3.55 |   1.46 |
+----------------------------+--------+-------+-------+--------+--------+--------+
* Note: Available Control Sets based on CLB Registers / 8


4. SLR IO Utilization
---------------------

+-----------+-----------+---------+------------+----------+------------+----------+-----+
| SLR Index | Used IOBs | (%)IOBs | Used IPADs | (%)IPADs | Used OPADs | (%)OPADs | GTs |
+-----------+-----------+---------+------------+----------+------------+----------+-----+
| SLR2      |         0 |    0.00 |          0 |     0.00 |          0 |     0.00 |   0 |
| SLR1      |         0 |    0.00 |          0 |     0.00 |          0 |     0.00 |   0 |
| SLR0      |        12 |    5.77 |          0 |     0.00 |          0 |     0.00 |  16 |
+-----------+-----------+---------+------------+----------+------------+----------+-----+
| Total     |        12 |         |          0 |          |          0 |          |  16 |
+-----------+-----------+---------+------------+----------+------------+----------+-----+


