Copyright 1986-2022 Xilinx, Inc. All Rights Reserved. Copyright 2022-2025 Advanced Micro Devices, Inc. All Rights Reserved.
---------------------------------------------------------------------------------------------------------------------------------------------
| Tool Version : Vivado v.2025.2 (lin64) Build 6299465 Fri Nov 14 12:34:56 MST 2025
| Date         : Fri Apr 10 02:10:07 2026
| Host         : Nu-SER8 running 64-bit Ubuntu 24.04.3 LTS
| Command      : report_utilization -file full_util_synthed.rpt -pb full_util_synthed.pb
| Design       : level0_wrapper
| Device       : xcu55c-fsvh2892-2L-e
| Speed File   : -2L
| Design State : Physopt postRoute
---------------------------------------------------------------------------------------------------------------------------------------------

Utilization Design Information

Table of Contents
-----------------
1. CLB Logic
1.1 Summary of Registers by Type
2. BLOCKRAM
3. ARITHMETIC
4. I/O
5. CLOCK
6. ADVANCED
7. CONFIGURATION
8. Primitives
9. Black Boxes
10. Instantiated Netlists
11. SLR Connectivity
12. SLR Connectivity Matrix
13. SLR CLB Logic and Dedicated Block Utilization
14. SLR IO Utilization

1. CLB Logic
------------

+----------------------------+--------+--------+------------+-----------+-------+
|          Site Type         |  Used  |  Fixed | Prohibited | Available | Util% |
+----------------------------+--------+--------+------------+-----------+-------+
| CLB LUTs*                  | 249557 | 121617 |          0 |   1303680 | 19.14 |
|   LUT as Logic             | 225232 | 114396 |          0 |   1303680 | 17.28 |
|   LUT as Memory            |  24325 |   7221 |          0 |    600960 |  4.05 |
|     LUT as Distributed RAM |  10238 |   5006 |            |           |       |
|     LUT as Shift Register  |  14087 |   2215 |            |           |       |
| CLB Registers              | 298536 | 136116 |          0 |   2607360 | 11.45 |
|   Register as Flip Flop    | 298532 | 136112 |          0 |   2607360 | 11.45 |
|   Register as Latch        |      0 |      0 |          0 |   2607360 |  0.00 |
|   Register as AND/OR       |      4 |      4 |          0 |   2607360 | <0.01 |
| CARRY8                     |   4792 |    946 |          0 |    162960 |  2.94 |
| F7 Muxes                   |   6868 |   1684 |          0 |    651840 |  1.05 |
| F8 Muxes                   |    845 |    451 |          0 |    325920 |  0.26 |
| F9 Muxes                   |      0 |      0 |          0 |    162960 |  0.00 |
| Unique Control Sets        |   8459 |        |          0 |    325920 |  2.60 |
+----------------------------+--------+--------+------------+-----------+-------+
* Warning! The Final LUT count, after physical optimizations and full implementation, is typically lower. Run opt_design after synthesis, if not already completed, for a more realistic count.
Warning! LUT value is adjusted to account for LUT combining.
Warning! For any ECO changes, please run place_design if there are unplaced instances
** Note: Available Control Sets calculated as Slices * 2, Review the Control Sets Report for more information regarding control sets.


1.1 Summary of Registers by Type
--------------------------------

+--------+--------------+-------------+--------------+
|  Total | Clock Enable | Synchronous | Asynchronous |
+--------+--------------+-------------+--------------+
| 4      |            _ |           - |            - |
| 0      |            _ |           - |          Set |
| 0      |            _ |           - |        Reset |
| 0      |            _ |         Set |            - |
| 0      |            _ |       Reset |            - |
| 0      |          Yes |           - |            - |
| 389    |          Yes |           - |          Set |
| 4115   |          Yes |           - |        Reset |
| 5039   |          Yes |         Set |            - |
| 288989 |          Yes |       Reset |            - |
+--------+--------------+-------------+--------------+


2. BLOCKRAM
-----------

+-------------------+------+-------+------------+-----------+-------+
|     Site Type     | Used | Fixed | Prohibited | Available | Util% |
+-------------------+------+-------+------------+-----------+-------+
| Block RAM Tile    |  661 |     0 |          0 |      2016 | 32.79 |
|   RAMB36/FIFO*    |  621 |   193 |          0 |      2016 | 30.80 |
|     RAMB36E2 only |  621 |       |            |           |       |
|   RAMB18          |   80 |     6 |          0 |      4032 |  1.98 |
|     RAMB18E2 only |   80 |       |            |           |       |
| URAM              |    0 |     0 |          0 |       960 |  0.00 |
+-------------------+------+-------+------------+-----------+-------+
* Note: Each Block RAM Tile only has one FIFO logic available and therefore can accommodate only one FIFO36E2 or one FIFO18E2. However, if a FIFO18E2 occupies a Block RAM Tile, that tile can still accommodate a RAMB18E2


3. ARITHMETIC
-------------

+----------------+------+-------+------------+-----------+-------+
|    Site Type   | Used | Fixed | Prohibited | Available | Util% |
+----------------+------+-------+------------+-----------+-------+
| DSPs           |  329 |     4 |          0 |      9024 |  3.65 |
|   DSP48E2 only |  329 |       |            |           |       |
+----------------+------+-------+------------+-----------+-------+


4. I/O
------

+------------------+------+-------+------------+-----------+-------+
|     Site Type    | Used | Fixed | Prohibited | Available | Util% |
+------------------+------+-------+------------+-----------+-------+
| Bonded IOB       |   12 |    12 |          0 |       624 |  1.92 |
|   HPIOB_M        |    6 |     6 |          0 |       288 |  2.08 |
|     INPUT        |    3 |       |            |           |       |
|     OUTPUT       |    3 |       |            |           |       |
|     BIDIR        |    0 |       |            |           |       |
|   HPIOB_S        |    5 |     5 |          0 |       288 |  1.74 |
|     INPUT        |    5 |       |            |           |       |
|     OUTPUT       |    0 |       |            |           |       |
|     BIDIR        |    0 |       |            |           |       |
|   HPIOB_SNGL     |    1 |     1 |          0 |        48 |  2.08 |
|     INPUT        |    1 |       |            |           |       |
|     OUTPUT       |    0 |       |            |           |       |
|     BIDIR        |    0 |       |            |           |       |
| HPIOBDIFFINBUF   |    1 |     1 |          0 |       288 |  0.35 |
|   DIFFINBUF      |    1 |     1 |            |           |       |
| HPIOBDIFFOUTBUF  |    0 |     0 |          0 |       288 |  0.00 |
| BITSLICE_CONTROL |    0 |     0 |          0 |        96 |  0.00 |
| BITSLICE_RX_TX   |    0 |     0 |          0 |      3744 |  0.00 |
| BITSLICE_TX      |    0 |     0 |          0 |        96 |  0.00 |
| RIU_OR           |    0 |     0 |          0 |        48 |  0.00 |
+------------------+------+-------+------------+-----------+-------+


5. CLOCK
--------

+------------+------+-------+------------+-----------+-------+
|  Site Type | Used | Fixed | Prohibited | Available | Util% |
+------------+------+-------+------------+-----------+-------+
| BUFGCE     |   14 |     6 |          0 |       288 |  4.86 |
| BUFGCE_DIV |    1 |     1 |          0 |        48 |  2.08 |
| BUFG_GT    |   22 |    22 |          0 |       576 |  3.82 |
| BUFGCTRL*  |    1 |     1 |          0 |        96 |  1.04 |
| PLL        |    1 |     1 |          0 |        24 |  4.17 |
| MMCM       |    3 |     1 |          0 |        12 | 25.00 |
+------------+------+-------+------------+-----------+-------+
* Note: Each used BUFGCTRL counts as two GLOBAL CLOCK BUFFERs. This table does not include global clocking resources, only buffer cell usage. See the Clock Utilization Report (report_clock_utilization) for detailed accounting of global clocking resource availability.


6. ADVANCED
-----------

+----------------------+------+-------+------------+-----------+-------+
|       Site Type      | Used | Fixed | Prohibited | Available | Util% |
+----------------------+------+-------+------------+-----------+-------+
| CMACE4               |    0 |     0 |          0 |         8 |  0.00 |
| GTYE4_CHANNEL        |   16 |    16 |          0 |        40 | 40.00 |
| GTYE4_COMMON         |    4 |     4 |          0 |        10 | 40.00 |
| HBM_REF_CLK          |    1 |     0 |          0 |         2 | 50.00 |
| HBM_SNGLBLI_INTF_APB |    1 |     0 |          0 |        32 |  3.13 |
| HBM_SNGLBLI_INTF_AXI |   16 |     0 |          0 |        32 | 50.00 |
| ILKNE4               |    0 |     0 |          0 |         4 |  0.00 |
| OBUFDS_GTE4          |    0 |     0 |          0 |        20 |  0.00 |
| OBUFDS_GTE4_ADV      |    0 |     0 |          0 |        20 |  0.00 |
| PCIE40E4             |    0 |     0 |          0 |         2 |  0.00 |
| PCIE4CE4             |    1 |     1 |          0 |         4 | 25.00 |
| SYSMONE4             |    0 |     0 |          0 |         3 |  0.00 |
+----------------------+------+-------+------------+-----------+-------+


7. CONFIGURATION
----------------

+-------------+------+-------+------------+-----------+-------+
|  Site Type  | Used | Fixed | Prohibited | Available | Util% |
+-------------+------+-------+------------+-----------+-------+
| BSCANE2     |    1 |     1 |          0 |        12 |  8.33 |
| DNA_PORTE2  |    0 |     0 |          0 |         3 |  0.00 |
| EFUSE_USR   |    0 |     0 |          0 |         3 |  0.00 |
| FRAME_ECCE4 |    0 |     0 |          0 |         3 |  0.00 |
| ICAPE3      |    1 |     1 |          0 |         6 | 16.67 |
| MASTER_JTAG |    0 |     0 |          0 |         3 |  0.00 |
| STARTUPE3   |    1 |     1 |          0 |         3 | 33.33 |
+-------------+------+-------+------------+-----------+-------+


8. Primitives
-------------

+----------------------+--------+---------------------+
|       Ref Name       |  Used  | Functional Category |
+----------------------+--------+---------------------+
| FDRE                 | 288989 |            Register |
| LUT6                 |  79886 |                 CLB |
| LUT3                 |  58836 |                 CLB |
| LUT4                 |  45489 |                 CLB |
| LUT5                 |  40170 |                 CLB |
| LUT2                 |  25932 |                 CLB |
| RAMD32               |  15936 |                 CLB |
| SRLC32E              |  10836 |                 CLB |
| LUT1                 |   7892 |                 CLB |
| MUXF7                |   6868 |                 CLB |
| FDSE                 |   5039 |            Register |
| CARRY8               |   4792 |                 CLB |
| FDCE                 |   4115 |            Register |
| SRL16E               |   3237 |                 CLB |
| RAMS32               |   2350 |                 CLB |
| MUXF8                |    845 |                 CLB |
| RAMB36E2             |    621 |            BLOCKRAM |
| RAMD64E              |    528 |                 CLB |
| FDPE                 |    389 |            Register |
| DSP48E2              |    329 |          Arithmetic |
| RAMB18E2             |     80 |            BLOCKRAM |
| RAMS64E              |     40 |                 CLB |
| BUFG_GT              |     22 |               Clock |
| BUFG_GT_SYNC         |     17 |               Clock |
| HBM_SNGLBLI_INTF_AXI |     16 |            Advanced |
| GTYE4_CHANNEL        |     16 |            Advanced |
| SRLC16E              |     14 |                 CLB |
| BUFGCE               |     14 |               Clock |
| IBUFCTRL             |      8 |              Others |
| INBUF                |      7 |                 I/O |
| GTYE4_COMMON         |      4 |            Advanced |
| AND2B1L              |      4 |              Others |
| OBUF                 |      3 |                 I/O |
| MMCME4_ADV           |      3 |               Clock |
| STARTUPE3            |      1 |       Configuration |
| PLLE4_ADV            |      1 |               Clock |
| PCIE4CE4             |      1 |            Advanced |
| ICAPE3               |      1 |       Configuration |
| IBUFDS_GTE4          |      1 |                 I/O |
| HBM_SNGLBLI_INTF_APB |      1 |            Advanced |
| HBM_REF_CLK          |      1 |            Advanced |
| DIFFINBUF            |      1 |                 I/O |
| BUFGCTRL             |      1 |               Clock |
| BUFGCE_DIV           |      1 |               Clock |
| BSCANE2              |      1 |       Configuration |
+----------------------+--------+---------------------+


9. Black Boxes
--------------

+----------+------+
| Ref Name | Used |
+----------+------+


10. Instantiated Netlists
-------------------------

+-------------------------------------------------------+------+
|                        Ref Name                       | Used |
+-------------------------------------------------------+------+
| xsdbm                                                 |    1 |
| ulp_ulp_ucs_0                                         |    1 |
| ulp_ulp_cmp_0                                         |    1 |
| ulp_regslice_control_userpf_2                         |    1 |
| ulp_regslice_control_userpf_1                         |    1 |
| ulp_regslice_control_userpf_0                         |    1 |
| ulp_proc_sys_reset_kernel_slr2_0                      |    1 |
| ulp_proc_sys_reset_kernel_slr1_0                      |    1 |
| ulp_proc_sys_reset_kernel_slr0_0                      |    1 |
| ulp_proc_sys_reset_kernel2_slr2_0                     |    1 |
| ulp_proc_sys_reset_kernel2_slr1_0                     |    1 |
| ulp_proc_sys_reset_kernel2_slr0_0                     |    1 |
| ulp_proc_sys_reset_freerun_slr2_0                     |    1 |
| ulp_proc_sys_reset_freerun_slr1_0                     |    1 |
| ulp_proc_sys_reset_freerun_slr0_0                     |    1 |
| ulp_proc_sys_reset_ctrl_slr2_0                        |    1 |
| ulp_proc_sys_reset_ctrl_slr1_0                        |    1 |
| ulp_proc_sys_reset_ctrl_slr0_0                        |    1 |
| ulp_interconnect_axilite_user_upgraded_ipi_imp_xbar_2 |    1 |
| ulp_interconnect_axilite_user_upgraded_ipi_imp_xbar_1 |    1 |
| ulp_interconnect_axilite_user_upgraded_ipi_imp_xbar_0 |    1 |
| ulp_interconnect_axilite_user_imp_s00_regslice_2      |    1 |
| ulp_interconnect_axilite_user_imp_s00_regslice_1      |    1 |
| ulp_interconnect_axilite_user_imp_s00_regslice_0      |    1 |
| ulp_interconnect_axilite_user_imp_m01_regslice_2      |    1 |
| ulp_interconnect_axilite_user_imp_m01_regslice_1      |    1 |
| ulp_interconnect_axilite_user_imp_m01_regslice_0      |    1 |
| ulp_interconnect_axilite_user_imp_m00_regslice_2      |    1 |
| ulp_interconnect_axilite_user_imp_m00_regslice_1      |    1 |
| ulp_interconnect_axilite_user_imp_m00_regslice_0      |    1 |
| ulp_interconnect_axilite_user_imp_auto_cc_5           |    1 |
| ulp_interconnect_axilite_user_imp_auto_cc_4           |    1 |
| ulp_interconnect_axilite_user_imp_auto_cc_3           |    1 |
| ulp_interconnect_axilite_user_imp_auto_cc_2           |    1 |
| ulp_interconnect_axilite_user_imp_auto_cc_1           |    1 |
| ulp_interconnect_axilite_user_imp_auto_cc_0           |    1 |
| ulp_ii_level0_wire_0                                  |    1 |
| ulp_hmss_0_0                                          |    1 |
| ulp_b3c2_1_0                                          |    1 |
| ulp_b3c1_1_0                                          |    1 |
| ulp_b3c0_1_0                                          |    1 |
| ulp_axi_vip_data_0                                    |    1 |
| ulp_axi_vip_ctrl_userpf_2                             |    1 |
| ulp_axi_vip_ctrl_userpf_1                             |    1 |
| ulp_axi_vip_ctrl_userpf_0                             |    1 |
| ulp_axi_ic_ctrl_mgmt_slr1_upgraded_ipi_imp_xbar_0     |    1 |
| ulp_axi_gpio_null_2                                   |    1 |
| ulp_axi_gpio_null_1                                   |    1 |
| ulp_axi_gpio_null_0                                   |    1 |
| ulp                                                   |    1 |
| level0_ii_level0_pipe_0                               |    1 |
| blp_wrapper                                           |    1 |
| bd_85ad_vip_S11_0                                     |    1 |
| bd_85ad_vip_S10_0                                     |    1 |
| bd_85ad_vip_S09_0                                     |    1 |
| bd_85ad_vip_S08_0                                     |    1 |
| bd_85ad_vip_S07_0                                     |    1 |
| bd_85ad_vip_S06_0                                     |    1 |
| bd_85ad_vip_S05_0                                     |    1 |
| bd_85ad_vip_S04_0                                     |    1 |
| bd_85ad_vip_S03_0                                     |    1 |
| bd_85ad_vip_S02_0                                     |    1 |
| bd_85ad_vip_S01_0                                     |    1 |
| bd_85ad_vip_S00_0                                     |    1 |
| bd_85ad_slice9_8_0                                    |    1 |
| bd_85ad_slice8_7_0                                    |    1 |
| bd_85ad_slice7_6_0                                    |    1 |
| bd_85ad_slice6_5_0                                    |    1 |
| bd_85ad_slice5_4_0                                    |    1 |
| bd_85ad_slice4_3_0                                    |    1 |
| bd_85ad_slice3_2_0                                    |    1 |
| bd_85ad_slice2_1_0                                    |    1 |
| bd_85ad_slice1_0_0                                    |    1 |
| bd_85ad_slice11_10_0                                  |    1 |
| bd_85ad_slice10_9_0                                   |    1 |
| bd_85ad_slice0_11_0                                   |    1 |
| bd_85ad_interconnect9_8_0                             |    1 |
| bd_85ad_interconnect8_7_0                             |    1 |
| bd_85ad_interconnect7_6_0                             |    1 |
| bd_85ad_interconnect6_5_0                             |    1 |
| bd_85ad_interconnect5_4_0                             |    1 |
| bd_85ad_interconnect4_3_0                             |    1 |
| bd_85ad_interconnect3_2_0                             |    1 |
| bd_85ad_interconnect2_1_0                             |    1 |
| bd_85ad_interconnect1_0_0                             |    1 |
| bd_85ad_interconnect11_10_0                           |    1 |
| bd_85ad_interconnect10_9_0                            |    1 |
| bd_85ad_interconnect0_11_0                            |    1 |
| bd_85ad_hbm_reset_sync_SLR2_0                         |    1 |
| bd_85ad_hbm_reset_sync_SLR1_0                         |    1 |
| bd_85ad_hbm_reset_sync_SLR0_0                         |    1 |
| bd_85ad_hbm_inst_0                                    |    1 |
| bd_85ad_axi_apb_bridge_inst_0                         |    1 |
| bd_7cf0_bsip_0                                        |    1 |
| bd_7cf0_bs_switch_1_0                                 |    1 |
| bd_7cf0_axi_jtag_0                                    |    1 |
| bd_58f6_xsdbm_0                                       |    1 |
| bd_58f6_lut_buffer_0                                  |    1 |
| bd_22c0_psreset_kernel_01_0                           |    1 |
| bd_22c0_psreset_kernel_00_0                           |    1 |
| bd_22c0_psreset_hbm_0                                 |    1 |
| bd_22c0_psreset_aclk_freerun_0                        |    1 |
| bd_22c0_gpio_ucs_control_status_0                     |    1 |
| bd_22c0_gpio_gapping_demand_0                         |    1 |
| bd_22c0_gapping_demand_update_0                       |    1 |
| bd_22c0_gapping_demand_toggle_0                       |    1 |
| bd_22c0_frequency_counter_aclk_kernel_01_0            |    1 |
| bd_22c0_frequency_counter_aclk_kernel_00_0            |    1 |
| bd_22c0_frequency_counter_aclk_hbm_0                  |    1 |
| bd_22c0_frequency_counter_aclk_0                      |    1 |
| bd_22c0_fanout_aresetn_pcie_slr2_4_0                  |    1 |
| bd_22c0_fanout_aresetn_pcie_slr2_3_0                  |    1 |
| bd_22c0_fanout_aresetn_pcie_slr2_2_0                  |    1 |
| bd_22c0_fanout_aresetn_pcie_slr2_1_0                  |    1 |
| bd_22c0_fanout_aresetn_pcie_slr1_4_0                  |    1 |
| bd_22c0_fanout_aresetn_pcie_slr1_3_0                  |    1 |
| bd_22c0_fanout_aresetn_pcie_slr1_2_0                  |    1 |
| bd_22c0_fanout_aresetn_pcie_slr1_1_0                  |    1 |
| bd_22c0_fanout_aresetn_pcie_slr0_4_0                  |    1 |
| bd_22c0_fanout_aresetn_pcie_slr0_3_0                  |    1 |
| bd_22c0_fanout_aresetn_pcie_slr0_2_0                  |    1 |
| bd_22c0_fanout_aresetn_pcie_slr0_1_0                  |    1 |
| bd_22c0_fanout_aresetn_kernel_01_slr2_4_0             |    1 |
| bd_22c0_fanout_aresetn_kernel_01_slr2_3_0             |    1 |
| bd_22c0_fanout_aresetn_kernel_01_slr2_2_0             |    1 |
| bd_22c0_fanout_aresetn_kernel_01_slr2_1_0             |    1 |
| bd_22c0_fanout_aresetn_kernel_01_slr1_4_0             |    1 |
| bd_22c0_fanout_aresetn_kernel_01_slr1_3_0             |    1 |
| bd_22c0_fanout_aresetn_kernel_01_slr1_2_0             |    1 |
| bd_22c0_fanout_aresetn_kernel_01_slr1_1_0             |    1 |
| bd_22c0_fanout_aresetn_kernel_01_slr0_4_0             |    1 |
| bd_22c0_fanout_aresetn_kernel_01_slr0_3_0             |    1 |
| bd_22c0_fanout_aresetn_kernel_01_slr0_2_0             |    1 |
| bd_22c0_fanout_aresetn_kernel_01_slr0_1_0             |    1 |
| bd_22c0_fanout_aresetn_kernel_00_slr2_4_0             |    1 |
| bd_22c0_fanout_aresetn_kernel_00_slr2_3_0             |    1 |
| bd_22c0_fanout_aresetn_kernel_00_slr2_2_0             |    1 |
| bd_22c0_fanout_aresetn_kernel_00_slr2_1_0             |    1 |
| bd_22c0_fanout_aresetn_kernel_00_slr1_4_0             |    1 |
| bd_22c0_fanout_aresetn_kernel_00_slr1_3_0             |    1 |
| bd_22c0_fanout_aresetn_kernel_00_slr1_2_0             |    1 |
| bd_22c0_fanout_aresetn_kernel_00_slr1_1_0             |    1 |
| bd_22c0_fanout_aresetn_kernel_00_slr0_4_0             |    1 |
| bd_22c0_fanout_aresetn_kernel_00_slr0_3_0             |    1 |
| bd_22c0_fanout_aresetn_kernel_00_slr0_2_0             |    1 |
| bd_22c0_fanout_aresetn_kernel_00_slr0_1_0             |    1 |
| bd_22c0_fanout_aresetn_hbm_0                          |    1 |
| bd_22c0_fanout_aresetn_ctrl_slr2_4_0                  |    1 |
| bd_22c0_fanout_aresetn_ctrl_slr2_3_0                  |    1 |
| bd_22c0_fanout_aresetn_ctrl_slr2_2_0                  |    1 |
| bd_22c0_fanout_aresetn_ctrl_slr2_1_0                  |    1 |
| bd_22c0_fanout_aresetn_ctrl_slr1_4_0                  |    1 |
| bd_22c0_fanout_aresetn_ctrl_slr1_3_0                  |    1 |
| bd_22c0_fanout_aresetn_ctrl_slr1_2_0                  |    1 |
| bd_22c0_fanout_aresetn_ctrl_slr1_1_0                  |    1 |
| bd_22c0_fanout_aresetn_ctrl_slr0_4_0                  |    1 |
| bd_22c0_fanout_aresetn_ctrl_slr0_3_0                  |    1 |
| bd_22c0_fanout_aresetn_ctrl_slr0_2_0                  |    1 |
| bd_22c0_fanout_aresetn_ctrl_slr0_1_0                  |    1 |
| bd_22c0_clock_throttling_avg_0                        |    1 |
| bd_22c0_clock_throttling_aclk_kernel_01_0             |    1 |
| bd_22c0_clock_throttling_aclk_kernel_00_0             |    1 |
| bd_22c0_clock_shutdown_latch_0                        |    1 |
| bd_22c0_clkwiz_hbm_0                                  |    1 |
| bd_22c0_clkwiz_aclk_kernel_01_0                       |    1 |
| bd_22c0_clkwiz_aclk_kernel_00_0                       |    1 |
| bd_22c0_clk_hbm_adapt_0                               |    1 |
| bd_22c0_build_info_0                                  |    1 |
| bd_22c0_axi_ic_ctrl_mgmt_top_imp_xbar_0               |    1 |
| bd_22c0_axi_ic_ctrl_mgmt_freq_imp_xbar_0              |    1 |
| bd_22c0_axi_ic_ctrl_mgmt_freq_imp_auto_cc_0           |    1 |
| bd_22c0_aclk_kernel_01_cont_adapt_0                   |    1 |
| bd_22c0_aclk_kernel_01_adapt_0                        |    1 |
| bd_22c0_aclk_kernel_00_cont_adapt_0                   |    1 |
| bd_22c0_aclk_kernel_00_adapt_0                        |    1 |
| bd_097b_user_debug_hub_0                              |    1 |
| bd_097b_user_debug_bridge_0                           |    1 |
| bd_097b_build_info_0                                  |    1 |
+-------------------------------------------------------+------+


11. SLR Connectivity
--------------------

+----------------------------------+------+-------+-----------+-------+
|                                  | Used | Fixed | Available | Util% |
+----------------------------------+------+-------+-----------+-------+
| SLR2 <-> SLR1                    | 4338 |       |     23040 | 18.83 |
|   SLR1 -> SLR2                   | 2276 |       |           |  9.88 |
|     Using TX_REG only            |    0 |     0 |           |       |
|     Using RX_REG only            |    0 |     0 |           |       |
|     Using Both TX_REG and RX_REG |    0 |     0 |           |       |
|   SLR2 -> SLR1                   | 2062 |       |           |  8.95 |
|     Using TX_REG only            |    0 |     0 |           |       |
|     Using RX_REG only            |    0 |     0 |           |       |
|     Using Both TX_REG and RX_REG |    0 |     0 |           |       |
| SLR1 <-> SLR0                    | 4550 |       |     23040 | 19.75 |
|   SLR0 -> SLR1                   | 2475 |       |           | 10.74 |
|     Using TX_REG only            |    0 |     0 |           |       |
|     Using RX_REG only            |    0 |     0 |           |       |
|     Using Both TX_REG and RX_REG |    0 |     0 |           |       |
|   SLR1 -> SLR0                   | 2075 |       |           |  9.01 |
|     Using TX_REG only            |    0 |     0 |           |       |
|     Using RX_REG only            |    0 |     0 |           |       |
|     Using Both TX_REG and RX_REG |    0 |     0 |           |       |
+----------------------------------+------+-------+-----------+-------+
| Total SLLs Used                  | 8888 |       |           |       |
+----------------------------------+------+-------+-----------+-------+


12. SLR Connectivity Matrix
---------------------------

+-----------+------+------+------+
| FROM \ TO | SLR2 | SLR1 | SLR0 |
+-----------+------+------+------+
| SLR2      |    0 | 1963 |   99 |
| SLR1      | 2215 |    0 | 1976 |
| SLR0      |   61 | 2414 |    0 |
+-----------+------+------+------+


13. SLR CLB Logic and Dedicated Block Utilization
-------------------------------------------------

+----------------------------+-------+-------+-------+--------+--------+--------+
|          Site Type         |  SLR0 |  SLR1 |  SLR2 | SLR0 % | SLR1 % | SLR2 % |
+----------------------------+-------+-------+-------+--------+--------+--------+
| CLB                        |     0 |     0 |     0 |   0.00 |   0.00 |   0.00 |
|   CLBL                     |  3862 |  7577 |  2862 |  13.19 |  25.88 |   9.77 |
|   CLBM                     |   383 |   481 |    40 |   1.49 |   1.95 |   0.16 |
| CLB LUTs                   | 33952 | 64457 | 23208 |   7.72 |  14.92 |   5.37 |
|   LUT as Logic             | 30890 | 60616 | 22890 |   7.03 |  14.03 |   5.30 |
|   LUT as Memory            |  3062 |  3841 |   318 |   1.49 |   1.94 |   0.16 |
|     LUT as Distributed RAM |  1228 |  3650 |   128 |   0.60 |   1.85 |   0.06 |
|     LUT as Shift Register  |  1834 |   191 |   190 |   0.89 |   0.10 |   0.10 |
| CLB Registers              | 47200 | 61216 | 27700 |   5.37 |   7.09 |   3.21 |
| CARRY8                     |   282 |   577 |    87 |   0.51 |   1.07 |   0.16 |
| F7 Muxes                   |   471 |  1037 |   176 |   0.21 |   0.48 |   0.08 |
| F8 Muxes                   |   191 |   260 |     0 |   0.17 |   0.24 |   0.00 |
| F9 Muxes                   |     0 |     0 |     0 |   0.00 |   0.00 |   0.00 |
| Block RAM Tile             |    56 |    90 |    50 |   8.33 |  13.39 |   7.44 |
|   RAMB36/FIFO              |    53 |    90 |    50 |   7.89 |  13.39 |   7.44 |
|   RAMB18                   |     6 |     0 |     0 |   0.45 |   0.00 |   0.00 |
| URAM                       |     0 |     0 |     0 |   0.00 |   0.00 |   0.00 |
| DSPs                       |     0 |     0 |     4 |   0.00 |   0.00 |   0.13 |
| Unique Control Sets        |  1761 |  3077 |   891 |   1.60 |   2.85 |   0.83 |
+----------------------------+-------+-------+-------+--------+--------+--------+
* Note: Available Control Sets based on CLB Registers / 8


14. SLR IO Utilization
----------------------

+-----------+-----------+---------+------------+----------+------------+----------+-----+
| SLR Index | Used IOBs | (%)IOBs | Used IPADs | (%)IPADs | Used OPADs | (%)OPADs | GTs |
+-----------+-----------+---------+------------+----------+------------+----------+-----+
| SLR2      |         0 |    0.00 |          0 |     0.00 |          0 |     0.00 |   0 |
| SLR1      |         0 |    0.00 |          0 |     0.00 |          0 |     0.00 |   0 |
| SLR0      |        12 |    5.77 |          0 |     0.00 |          0 |     0.00 |  16 |
+-----------+-----------+---------+------------+----------+------------+----------+-----+
| Total     |        12 |         |          0 |          |          0 |          |  16 |
+-----------+-----------+---------+------------+----------+------------+----------+-----+


