Copyright 1986-2022 Xilinx, Inc. All Rights Reserved. Copyright 2022-2025 Advanced Micro Devices, Inc. All Rights Reserved.
-----------------------------------------------------------------------------------------------------------------------------------------------------------------------------------------------------------------------------------------
| Tool Version : Vivado v.2025.2 (lin64) Build 6299465 Fri Nov 14 12:34:56 MST 2025
| Date         : Fri Apr 10 02:09:51 2026
| Host         : Nu-SER8 running 64-bit Ubuntu 24.04.3 LTS
| Command      : report_accelerator_utilization -kernels { b3c0:level0_i/ulp/b3c0_1/inst:b3c0_1 b3c1:level0_i/ulp/b3c1_1/inst:b3c1_1 b3c2:level0_i/ulp/b3c2_1/inst:b3c2_1} -file kernel_util_synthed.rpt -name kernel_util_synthed -json
| Design       : level0_wrapper
| Device       : xcu55c
| Design State : Synthesized
-----------------------------------------------------------------------------------------------------------------------------------------------------------------------------------------------------------------------------------------

Accelerator Utilization Design Information

Table of Contents
-----------------
1. System Utilization

1. System Utilization
---------------------

+---------------------+-------------------+------------------+-------------------+----------------+---------------+----------------+
| Name                | LUT               | LUTAsMem         | REG               | BRAM           | URAM          | DSP            |
+---------------------+-------------------+------------------+-------------------+----------------+---------------+----------------+
| Platform            |  155644 [ 11.94%] |  17894 [  2.98%] |  229605 [  8.81%] |  198 [  9.82%] |   0 [  0.00%] |    4 [  0.04%] |
| User Budget         | 1148036 [100.00%] | 583066 [100.00%] | 2377755 [100.00%] | 1818 [100.00%] | 960 [100.00%] | 9020 [100.00%] |
|    Used Resources   |   93913 [  8.18%] |   6431 [  1.10%] |   68931 [  2.90%] |  462 [ 25.41%] |   0 [  0.00%] |  325 [  3.60%] |
|    Unused Resources | 1054123 [ 91.82%] | 576635 [ 98.90%] | 2308824 [ 97.10%] | 1356 [ 74.59%] | 960 [100.00%] | 8695 [ 96.40%] |
| b3c0                |   69426 [  6.05%] |   4332 [  0.74%] |   47343 [  1.99%] |  405 [ 22.28%] |   0 [  0.00%] |  232 [  2.57%] |
|    b3c0_1           |   69426 [  6.05%] |   4332 [  0.74%] |   47343 [  1.99%] |  405 [ 22.28%] |   0 [  0.00%] |  232 [  2.57%] |
| b3c1                |   11346 [  0.99%] |    492 [  0.08%] |   10834 [  0.46%] |   25 [  1.38%] |   0 [  0.00%] |   22 [  0.24%] |
|    b3c1_1           |   11346 [  0.99%] |    492 [  0.08%] |   10834 [  0.46%] |   25 [  1.38%] |   0 [  0.00%] |   22 [  0.24%] |
| b3c2                |   13141 [  1.14%] |   1607 [  0.28%] |   10754 [  0.45%] |   32 [  1.76%] |   0 [  0.00%] |   71 [  0.79%] |
|    b3c2_1           |   13141 [  1.14%] |   1607 [  0.28%] |   10754 [  0.45%] |   32 [  1.76%] |   0 [  0.00%] |   71 [  0.79%] |
+---------------------+-------------------+------------------+-------------------+----------------+---------------+----------------+


