

================================================================
== Vitis HLS Report for 'equal3_stitched_stream_top'
================================================================
* Date:           Thu Apr  9 13:24:56 2026

* Version:        2025.2 (Build 6295257 on Nov 14 2025)
* Project:        csynth_prj
* Solution:       solution1 (Vivado IP Flow Target)
* Product family: virtexuplusHBM
* Target device:  xcu55c-fsvh2892-2L-e


================================================================
== Performance Estimates
================================================================
+ Timing: 
    * Summary: 
    +--------+----------+----------+------------+
    |  Clock |  Target  | Estimated| Uncertainty|
    +--------+----------+----------+------------+
    |ap_clk  |  10.00 ns|  7.270 ns|     2.70 ns|
    +--------+----------+----------+------------+

+ Latency: 
    * Summary: 
    +---------+---------+-----------+-----------+---------+---------+----------+
    |  Latency (cycles) |   Latency (absolute)  |      Interval     | Pipeline |
    |   min   |   max   |    min    |    max    |   min   |   max   |   Type   |
    +---------+---------+-----------+-----------+---------+---------+----------+
    |  4870099|  4870099|  48.701 ms|  48.701 ms|  4870083|  4870083|  dataflow|
    +---------+---------+-----------+-----------+---------+---------+----------+

    + Detail: 
        * Instance: 
        +-------------------------+----------------------+---------+---------+-----------+-----------+---------+---------+---------+
        |                         |                      |  Latency (cycles) |   Latency (absolute)  |      Interval     | Pipeline|
        |         Instance        |        Module        |   min   |   max   |    min    |    max    |   min   |   max   |   Type  |
        +-------------------------+----------------------+---------+---------+-----------+-----------+---------+---------+---------+
        |chip0_stream_wrapper_U0  |chip0_stream_wrapper  |  2537611|  2537611|  25.376 ms|  25.376 ms|  2537611|  2537611|       no|
        |chip1_stream_wrapper_U0  |chip1_stream_wrapper  |   957807|   957807|   9.578 ms|   9.578 ms|   957807|   957807|       no|
        |chip2_stream_wrapper_U0  |chip2_stream_wrapper  |  4870082|  4870082|  48.701 ms|  48.701 ms|  4870082|  4870082|       no|
        +-------------------------+----------------------+---------+---------+-----------+-----------+---------+---------+---------+

        * Loop: 
        N/A



================================================================
== Utilization Estimates
================================================================
* Summary: 
+---------------------+---------+------+---------+---------+-----+
|         Name        | BRAM_18K|  DSP |    FF   |   LUT   | URAM|
+---------------------+---------+------+---------+---------+-----+
|DSP                  |        -|     -|        -|        -|    -|
|Expression           |        -|     -|        0|       18|    -|
|FIFO                 |        -|     -|       40|      175|    -|
|Instance             |      350|    80|    34552|   130118|    0|
|Memory               |        -|     -|        -|        -|    -|
|Multiplexer          |        -|     -|        0|       27|    -|
|Register             |        -|     -|        3|        -|    -|
+---------------------+---------+------+---------+---------+-----+
|Total                |      350|    80|    34595|   130338|    0|
+---------------------+---------+------+---------+---------+-----+
|Available SLR        |     1344|  3008|   869120|   434560|  320|
+---------------------+---------+------+---------+---------+-----+
|Utilization SLR (%)  |       26|     2|        3|       29|    0|
+---------------------+---------+------+---------+---------+-----+
|Available            |     4032|  9024|  2607360|  1303680|  960|
+---------------------+---------+------+---------+---------+-----+
|Utilization (%)      |        8|    ~0|        1|        9|    0|
+---------------------+---------+------+---------+---------+-----+

+ Detail: 
    * Instance: 
    +-------------------------+----------------------+---------+----+-------+-------+-----+
    |         Instance        |        Module        | BRAM_18K| DSP|   FF  |  LUT  | URAM|
    +-------------------------+----------------------+---------+----+-------+-------+-----+
    |chip0_stream_wrapper_U0  |chip0_stream_wrapper  |       99|   9|   4349|  20651|    0|
    |chip1_stream_wrapper_U0  |chip1_stream_wrapper  |      183|   7|  19157|  84108|    0|
    |chip2_stream_wrapper_U0  |chip2_stream_wrapper  |       68|  64|  11010|  25319|    0|
    |control_s_axi_U          |control_s_axi         |        0|   0|     36|     40|    0|
    +-------------------------+----------------------+---------+----+-------+-------+-----+
    |Total                    |                      |      350|  80|  34552| 130118|    0|
    +-------------------------+----------------------+---------+----+-------+-------+-----+

    * DSP: 
    N/A

    * Memory: 
    N/A

    * FIFO: 
    +-------------+---------+---+----+-----+------+-----+---------+
    |     Name    | BRAM_18K| FF| LUT| URAM| Depth| Bits| Size:D*B|
    +-------------+---------+---+----+-----+------+-----+---------+
    |a_12_U       |        0|  8|   0|    -|    32|   16|      512|
    |b_12_U       |        0|  8|   0|    -|    32|   16|      512|
    |hidden_01_U  |        0|  8|   0|    -|    32|   16|      512|
    |kt_01_U      |        0|  8|   0|    -|    32|   16|      512|
    |v_01_U       |        0|  8|   0|    -|    32|   16|      512|
    +-------------+---------+---+----+-----+------+-----+---------+
    |Total        |        0| 40|   0|    0|   160|   80|     2560|
    +-------------+---------+---+----+-----+------+-----+---------+

    * Expression: 
    +------------------------------------------+----------+----+---+----+------------+------------+
    |               Variable Name              | Operation| DSP| FF| LUT| Bitwidth P0| Bitwidth P1|
    +------------------------------------------+----------+----+---+----+------------+------------+
    |ap_idle                                   |       and|   0|  0|   2|           1|           1|
    |ap_sync_done                              |       and|   0|  0|   2|           1|           1|
    |ap_sync_ready                             |       and|   0|  0|   2|           1|           1|
    |chip0_stream_wrapper_U0_ap_start          |       and|   0|  0|   2|           1|           1|
    |chip1_stream_wrapper_U0_ap_start          |       and|   0|  0|   2|           1|           1|
    |chip2_stream_wrapper_U0_ap_start          |       and|   0|  0|   2|           1|           1|
    |ap_sync_chip0_stream_wrapper_U0_ap_ready  |        or|   0|  0|   2|           1|           1|
    |ap_sync_chip1_stream_wrapper_U0_ap_ready  |        or|   0|  0|   2|           1|           1|
    |ap_sync_chip2_stream_wrapper_U0_ap_ready  |        or|   0|  0|   2|           1|           1|
    +------------------------------------------+----------+----+---+----+------------+------------+
    |Total                                     |          |   0|  0|  18|           9|           9|
    +------------------------------------------+----------+----+---+----+------------+------------+

    * Multiplexer: 
    +----------------------------------------------+----+-----------+-----+-----------+
    |                     Name                     | LUT| Input Size| Bits| Total Bits|
    +----------------------------------------------+----+-----------+-----+-----------+
    |ap_sync_reg_chip0_stream_wrapper_U0_ap_ready  |   9|          2|    1|          2|
    |ap_sync_reg_chip1_stream_wrapper_U0_ap_ready  |   9|          2|    1|          2|
    |ap_sync_reg_chip2_stream_wrapper_U0_ap_ready  |   9|          2|    1|          2|
    +----------------------------------------------+----+-----------+-----+-----------+
    |Total                                         |  27|          6|    3|          6|
    +----------------------------------------------+----+-----------+-----+-----------+

    * Register: 
    +----------------------------------------------+---+----+-----+-----------+
    |                     Name                     | FF| LUT| Bits| Const Bits|
    +----------------------------------------------+---+----+-----+-----------+
    |ap_sync_reg_chip0_stream_wrapper_U0_ap_ready  |  1|   0|    1|          0|
    |ap_sync_reg_chip1_stream_wrapper_U0_ap_ready  |  1|   0|    1|          0|
    |ap_sync_reg_chip2_stream_wrapper_U0_ap_ready  |  1|   0|    1|          0|
    +----------------------------------------------+---+----+-----+-----------+
    |Total                                         |  3|   0|    3|          0|
    +----------------------------------------------+---+----+-----+-----------+



================================================================
== Interface
================================================================
* Summary: 
+--------------------------+-----+-----+------------+----------------------------+--------------+
|         RTL Ports        | Dir | Bits|  Protocol  |        Source Object       |    C Type    |
+--------------------------+-----+-----+------------+----------------------------+--------------+
|s_axi_control_AWVALID     |   in|    1|       s_axi|                     control|   return void|
|s_axi_control_AWREADY     |  out|    1|       s_axi|                     control|   return void|
|s_axi_control_AWADDR      |   in|    4|       s_axi|                     control|   return void|
|s_axi_control_WVALID      |   in|    1|       s_axi|                     control|   return void|
|s_axi_control_WREADY      |  out|    1|       s_axi|                     control|   return void|
|s_axi_control_WDATA       |   in|   32|       s_axi|                     control|   return void|
|s_axi_control_WSTRB       |   in|    4|       s_axi|                     control|   return void|
|s_axi_control_ARVALID     |   in|    1|       s_axi|                     control|   return void|
|s_axi_control_ARREADY     |  out|    1|       s_axi|                     control|   return void|
|s_axi_control_ARADDR      |   in|    4|       s_axi|                     control|   return void|
|s_axi_control_RVALID      |  out|    1|       s_axi|                     control|   return void|
|s_axi_control_RREADY      |   in|    1|       s_axi|                     control|   return void|
|s_axi_control_RDATA       |  out|   32|       s_axi|                     control|   return void|
|s_axi_control_RRESP       |  out|    2|       s_axi|                     control|   return void|
|s_axi_control_BVALID      |  out|    1|       s_axi|                     control|   return void|
|s_axi_control_BREADY      |   in|    1|       s_axi|                     control|   return void|
|s_axi_control_BRESP       |  out|    2|       s_axi|                     control|   return void|
|ap_clk                    |   in|    1|  ap_ctrl_hs|  equal3_stitched_stream_top|  return value|
|ap_rst_n                  |   in|    1|  ap_ctrl_hs|  equal3_stitched_stream_top|  return value|
|interrupt                 |  out|    1|  ap_ctrl_hs|  equal3_stitched_stream_top|  return value|
|hidden_in_stream_TDATA    |   in|   16|        axis|            hidden_in_stream|       pointer|
|hidden_in_stream_TVALID   |   in|    1|        axis|            hidden_in_stream|       pointer|
|hidden_in_stream_TREADY   |  out|    1|        axis|            hidden_in_stream|       pointer|
|cache_position            |   in|   32|     ap_none|              cache_position|       pointer|
|key_cache_in_address0     |  out|   17|   ap_memory|                key_cache_in|         array|
|key_cache_in_ce0          |  out|    1|   ap_memory|                key_cache_in|         array|
|key_cache_in_d0           |  out|   16|   ap_memory|                key_cache_in|         array|
|key_cache_in_q0           |   in|   16|   ap_memory|                key_cache_in|         array|
|key_cache_in_we0          |  out|    1|   ap_memory|                key_cache_in|         array|
|key_cache_in_address1     |  out|   17|   ap_memory|                key_cache_in|         array|
|key_cache_in_ce1          |  out|    1|   ap_memory|                key_cache_in|         array|
|key_cache_in_d1           |  out|   16|   ap_memory|                key_cache_in|         array|
|key_cache_in_q1           |   in|   16|   ap_memory|                key_cache_in|         array|
|key_cache_in_we1          |  out|    1|   ap_memory|                key_cache_in|         array|
|value_cache_in_address0   |  out|   17|   ap_memory|              value_cache_in|         array|
|value_cache_in_ce0        |  out|    1|   ap_memory|              value_cache_in|         array|
|value_cache_in_d0         |  out|   16|   ap_memory|              value_cache_in|         array|
|value_cache_in_q0         |   in|   16|   ap_memory|              value_cache_in|         array|
|value_cache_in_we0        |  out|    1|   ap_memory|              value_cache_in|         array|
|value_cache_in_address1   |  out|   17|   ap_memory|              value_cache_in|         array|
|value_cache_in_ce1        |  out|    1|   ap_memory|              value_cache_in|         array|
|value_cache_in_d1         |  out|   16|   ap_memory|              value_cache_in|         array|
|value_cache_in_q1         |   in|   16|   ap_memory|              value_cache_in|         array|
|value_cache_in_we1        |  out|    1|   ap_memory|              value_cache_in|         array|
|causal_mask_address0      |  out|   20|   ap_memory|                 causal_mask|         array|
|causal_mask_ce0           |  out|    1|   ap_memory|                 causal_mask|         array|
|causal_mask_d0            |  out|    1|   ap_memory|                 causal_mask|         array|
|causal_mask_q0            |   in|    1|   ap_memory|                 causal_mask|         array|
|causal_mask_we0           |  out|    1|   ap_memory|                 causal_mask|         array|
|causal_mask_address1      |  out|   20|   ap_memory|                 causal_mask|         array|
|causal_mask_ce1           |  out|    1|   ap_memory|                 causal_mask|         array|
|causal_mask_d1            |  out|    1|   ap_memory|                 causal_mask|         array|
|causal_mask_q1            |   in|    1|   ap_memory|                 causal_mask|         array|
|causal_mask_we1           |  out|    1|   ap_memory|                 causal_mask|         array|
|attention_bias_address0   |  out|    7|   ap_memory|              attention_bias|         array|
|attention_bias_ce0        |  out|    1|   ap_memory|              attention_bias|         array|
|attention_bias_d0         |  out|   16|   ap_memory|              attention_bias|         array|
|attention_bias_q0         |   in|   16|   ap_memory|              attention_bias|         array|
|attention_bias_we0        |  out|    1|   ap_memory|              attention_bias|         array|
|attention_bias_address1   |  out|    7|   ap_memory|              attention_bias|         array|
|attention_bias_ce1        |  out|    1|   ap_memory|              attention_bias|         array|
|attention_bias_d1         |  out|   16|   ap_memory|              attention_bias|         array|
|attention_bias_q1         |   in|   16|   ap_memory|              attention_bias|         array|
|attention_bias_we1        |  out|    1|   ap_memory|              attention_bias|         array|
|key_cache_out_address0    |  out|   17|   ap_memory|               key_cache_out|         array|
|key_cache_out_ce0         |  out|    1|   ap_memory|               key_cache_out|         array|
|key_cache_out_d0          |  out|   16|   ap_memory|               key_cache_out|         array|
|key_cache_out_q0          |   in|   16|   ap_memory|               key_cache_out|         array|
|key_cache_out_we0         |  out|    1|   ap_memory|               key_cache_out|         array|
|key_cache_out_address1    |  out|   17|   ap_memory|               key_cache_out|         array|
|key_cache_out_ce1         |  out|    1|   ap_memory|               key_cache_out|         array|
|key_cache_out_d1          |  out|   16|   ap_memory|               key_cache_out|         array|
|key_cache_out_q1          |   in|   16|   ap_memory|               key_cache_out|         array|
|key_cache_out_we1         |  out|    1|   ap_memory|               key_cache_out|         array|
|value_cache_out_address0  |  out|   17|   ap_memory|             value_cache_out|         array|
|value_cache_out_ce0       |  out|    1|   ap_memory|             value_cache_out|         array|
|value_cache_out_d0        |  out|   16|   ap_memory|             value_cache_out|         array|
|value_cache_out_q0        |   in|   16|   ap_memory|             value_cache_out|         array|
|value_cache_out_we0       |  out|    1|   ap_memory|             value_cache_out|         array|
|value_cache_out_address1  |  out|   17|   ap_memory|             value_cache_out|         array|
|value_cache_out_ce1       |  out|    1|   ap_memory|             value_cache_out|         array|
|value_cache_out_d1        |  out|   16|   ap_memory|             value_cache_out|         array|
|value_cache_out_q1        |   in|   16|   ap_memory|             value_cache_out|         array|
|value_cache_out_we1       |  out|    1|   ap_memory|             value_cache_out|         array|
|hidden_out_stream_TDATA   |  out|   16|        axis|           hidden_out_stream|       pointer|
|hidden_out_stream_TVALID  |  out|    1|        axis|           hidden_out_stream|       pointer|
|hidden_out_stream_TREADY  |   in|    1|        axis|           hidden_out_stream|       pointer|
|c0_ln1_w_address0         |  out|   10|   ap_memory|                    c0_ln1_w|         array|
|c0_ln1_w_ce0              |  out|    1|   ap_memory|                    c0_ln1_w|         array|
|c0_ln1_w_d0               |  out|   16|   ap_memory|                    c0_ln1_w|         array|
|c0_ln1_w_q0               |   in|   16|   ap_memory|                    c0_ln1_w|         array|
|c0_ln1_w_we0              |  out|    1|   ap_memory|                    c0_ln1_w|         array|
|c0_ln1_w_address1         |  out|   10|   ap_memory|                    c0_ln1_w|         array|
|c0_ln1_w_ce1              |  out|    1|   ap_memory|                    c0_ln1_w|         array|
|c0_ln1_w_d1               |  out|   16|   ap_memory|                    c0_ln1_w|         array|
|c0_ln1_w_q1               |   in|   16|   ap_memory|                    c0_ln1_w|         array|
|c0_ln1_w_we1              |  out|    1|   ap_memory|                    c0_ln1_w|         array|
|c0_ln1_b_address0         |  out|   10|   ap_memory|                    c0_ln1_b|         array|
|c0_ln1_b_ce0              |  out|    1|   ap_memory|                    c0_ln1_b|         array|
|c0_ln1_b_d0               |  out|   16|   ap_memory|                    c0_ln1_b|         array|
|c0_ln1_b_q0               |   in|   16|   ap_memory|                    c0_ln1_b|         array|
|c0_ln1_b_we0              |  out|    1|   ap_memory|                    c0_ln1_b|         array|
|c0_ln1_b_address1         |  out|   10|   ap_memory|                    c0_ln1_b|         array|
|c0_ln1_b_ce1              |  out|    1|   ap_memory|                    c0_ln1_b|         array|
|c0_ln1_b_d1               |  out|   16|   ap_memory|                    c0_ln1_b|         array|
|c0_ln1_b_q1               |   in|   16|   ap_memory|                    c0_ln1_b|         array|
|c0_ln1_b_we1              |  out|    1|   ap_memory|                    c0_ln1_b|         array|
|c0_qkv_w_address0         |  out|   21|   ap_memory|                    c0_qkv_w|         array|
|c0_qkv_w_ce0              |  out|    1|   ap_memory|                    c0_qkv_w|         array|
|c0_qkv_w_d0               |  out|   16|   ap_memory|                    c0_qkv_w|         array|
|c0_qkv_w_q0               |   in|   16|   ap_memory|                    c0_qkv_w|         array|
|c0_qkv_w_we0              |  out|    1|   ap_memory|                    c0_qkv_w|         array|
|c0_qkv_w_address1         |  out|   21|   ap_memory|                    c0_qkv_w|         array|
|c0_qkv_w_ce1              |  out|    1|   ap_memory|                    c0_qkv_w|         array|
|c0_qkv_w_d1               |  out|   16|   ap_memory|                    c0_qkv_w|         array|
|c0_qkv_w_q1               |   in|   16|   ap_memory|                    c0_qkv_w|         array|
|c0_qkv_w_we1              |  out|    1|   ap_memory|                    c0_qkv_w|         array|
|c0_qkv_b_address0         |  out|   12|   ap_memory|                    c0_qkv_b|         array|
|c0_qkv_b_ce0              |  out|    1|   ap_memory|                    c0_qkv_b|         array|
|c0_qkv_b_d0               |  out|   16|   ap_memory|                    c0_qkv_b|         array|
|c0_qkv_b_q0               |   in|   16|   ap_memory|                    c0_qkv_b|         array|
|c0_qkv_b_we0              |  out|    1|   ap_memory|                    c0_qkv_b|         array|
|c0_qkv_b_address1         |  out|   12|   ap_memory|                    c0_qkv_b|         array|
|c0_qkv_b_ce1              |  out|    1|   ap_memory|                    c0_qkv_b|         array|
|c0_qkv_b_d1               |  out|   16|   ap_memory|                    c0_qkv_b|         array|
|c0_qkv_b_q1               |   in|   16|   ap_memory|                    c0_qkv_b|         array|
|c0_qkv_b_we1              |  out|    1|   ap_memory|                    c0_qkv_b|         array|
|c1_attn_out_w_address0    |  out|   20|   ap_memory|               c1_attn_out_w|         array|
|c1_attn_out_w_ce0         |  out|    1|   ap_memory|               c1_attn_out_w|         array|
|c1_attn_out_w_d0          |  out|   16|   ap_memory|               c1_attn_out_w|         array|
|c1_attn_out_w_q0          |   in|   16|   ap_memory|               c1_attn_out_w|         array|
|c1_attn_out_w_we0         |  out|    1|   ap_memory|               c1_attn_out_w|         array|
|c1_attn_out_w_address1    |  out|   20|   ap_memory|               c1_attn_out_w|         array|
|c1_attn_out_w_ce1         |  out|    1|   ap_memory|               c1_attn_out_w|         array|
|c1_attn_out_w_d1          |  out|   16|   ap_memory|               c1_attn_out_w|         array|
|c1_attn_out_w_q1          |   in|   16|   ap_memory|               c1_attn_out_w|         array|
|c1_attn_out_w_we1         |  out|    1|   ap_memory|               c1_attn_out_w|         array|
|c1_attn_out_b_address0    |  out|   10|   ap_memory|               c1_attn_out_b|         array|
|c1_attn_out_b_ce0         |  out|    1|   ap_memory|               c1_attn_out_b|         array|
|c1_attn_out_b_d0          |  out|   16|   ap_memory|               c1_attn_out_b|         array|
|c1_attn_out_b_q0          |   in|   16|   ap_memory|               c1_attn_out_b|         array|
|c1_attn_out_b_we0         |  out|    1|   ap_memory|               c1_attn_out_b|         array|
|c1_attn_out_b_address1    |  out|   10|   ap_memory|               c1_attn_out_b|         array|
|c1_attn_out_b_ce1         |  out|    1|   ap_memory|               c1_attn_out_b|         array|
|c1_attn_out_b_d1          |  out|   16|   ap_memory|               c1_attn_out_b|         array|
|c1_attn_out_b_q1          |   in|   16|   ap_memory|               c1_attn_out_b|         array|
|c1_attn_out_b_we1         |  out|    1|   ap_memory|               c1_attn_out_b|         array|
|c2_ln2_w_address0         |  out|   10|   ap_memory|                    c2_ln2_w|         array|
|c2_ln2_w_ce0              |  out|    1|   ap_memory|                    c2_ln2_w|         array|
|c2_ln2_w_d0               |  out|   16|   ap_memory|                    c2_ln2_w|         array|
|c2_ln2_w_q0               |   in|   16|   ap_memory|                    c2_ln2_w|         array|
|c2_ln2_w_we0              |  out|    1|   ap_memory|                    c2_ln2_w|         array|
|c2_ln2_w_address1         |  out|   10|   ap_memory|                    c2_ln2_w|         array|
|c2_ln2_w_ce1              |  out|    1|   ap_memory|                    c2_ln2_w|         array|
|c2_ln2_w_d1               |  out|   16|   ap_memory|                    c2_ln2_w|         array|
|c2_ln2_w_q1               |   in|   16|   ap_memory|                    c2_ln2_w|         array|
|c2_ln2_w_we1              |  out|    1|   ap_memory|                    c2_ln2_w|         array|
|c2_ln2_b_address0         |  out|   10|   ap_memory|                    c2_ln2_b|         array|
|c2_ln2_b_ce0              |  out|    1|   ap_memory|                    c2_ln2_b|         array|
|c2_ln2_b_d0               |  out|   16|   ap_memory|                    c2_ln2_b|         array|
|c2_ln2_b_q0               |   in|   16|   ap_memory|                    c2_ln2_b|         array|
|c2_ln2_b_we0              |  out|    1|   ap_memory|                    c2_ln2_b|         array|
|c2_ln2_b_address1         |  out|   10|   ap_memory|                    c2_ln2_b|         array|
|c2_ln2_b_ce1              |  out|    1|   ap_memory|                    c2_ln2_b|         array|
|c2_ln2_b_d1               |  out|   16|   ap_memory|                    c2_ln2_b|         array|
|c2_ln2_b_q1               |   in|   16|   ap_memory|                    c2_ln2_b|         array|
|c2_ln2_b_we1              |  out|    1|   ap_memory|                    c2_ln2_b|         array|
|c2_fc1_w_address0         |  out|   22|   ap_memory|                    c2_fc1_w|         array|
|c2_fc1_w_ce0              |  out|    1|   ap_memory|                    c2_fc1_w|         array|
|c2_fc1_w_d0               |  out|   16|   ap_memory|                    c2_fc1_w|         array|
|c2_fc1_w_q0               |   in|   16|   ap_memory|                    c2_fc1_w|         array|
|c2_fc1_w_we0              |  out|    1|   ap_memory|                    c2_fc1_w|         array|
|c2_fc1_w_address1         |  out|   22|   ap_memory|                    c2_fc1_w|         array|
|c2_fc1_w_ce1              |  out|    1|   ap_memory|                    c2_fc1_w|         array|
|c2_fc1_w_d1               |  out|   16|   ap_memory|                    c2_fc1_w|         array|
|c2_fc1_w_q1               |   in|   16|   ap_memory|                    c2_fc1_w|         array|
|c2_fc1_w_we1              |  out|    1|   ap_memory|                    c2_fc1_w|         array|
|c2_fc1_b_address0         |  out|   12|   ap_memory|                    c2_fc1_b|         array|
|c2_fc1_b_ce0              |  out|    1|   ap_memory|                    c2_fc1_b|         array|
|c2_fc1_b_d0               |  out|   16|   ap_memory|                    c2_fc1_b|         array|
|c2_fc1_b_q0               |   in|   16|   ap_memory|                    c2_fc1_b|         array|
|c2_fc1_b_we0              |  out|    1|   ap_memory|                    c2_fc1_b|         array|
|c2_fc1_b_address1         |  out|   12|   ap_memory|                    c2_fc1_b|         array|
|c2_fc1_b_ce1              |  out|    1|   ap_memory|                    c2_fc1_b|         array|
|c2_fc1_b_d1               |  out|   16|   ap_memory|                    c2_fc1_b|         array|
|c2_fc1_b_q1               |   in|   16|   ap_memory|                    c2_fc1_b|         array|
|c2_fc1_b_we1              |  out|    1|   ap_memory|                    c2_fc1_b|         array|
|c2_fc2_w_address0         |  out|   22|   ap_memory|                    c2_fc2_w|         array|
|c2_fc2_w_ce0              |  out|    1|   ap_memory|                    c2_fc2_w|         array|
|c2_fc2_w_d0               |  out|   16|   ap_memory|                    c2_fc2_w|         array|
|c2_fc2_w_q0               |   in|   16|   ap_memory|                    c2_fc2_w|         array|
|c2_fc2_w_we0              |  out|    1|   ap_memory|                    c2_fc2_w|         array|
|c2_fc2_w_address1         |  out|   22|   ap_memory|                    c2_fc2_w|         array|
|c2_fc2_w_ce1              |  out|    1|   ap_memory|                    c2_fc2_w|         array|
|c2_fc2_w_d1               |  out|   16|   ap_memory|                    c2_fc2_w|         array|
|c2_fc2_w_q1               |   in|   16|   ap_memory|                    c2_fc2_w|         array|
|c2_fc2_w_we1              |  out|    1|   ap_memory|                    c2_fc2_w|         array|
|c2_fc2_b_address0         |  out|   10|   ap_memory|                    c2_fc2_b|         array|
|c2_fc2_b_ce0              |  out|    1|   ap_memory|                    c2_fc2_b|         array|
|c2_fc2_b_d0               |  out|   16|   ap_memory|                    c2_fc2_b|         array|
|c2_fc2_b_q0               |   in|   16|   ap_memory|                    c2_fc2_b|         array|
|c2_fc2_b_we0              |  out|    1|   ap_memory|                    c2_fc2_b|         array|
|c2_fc2_b_address1         |  out|   10|   ap_memory|                    c2_fc2_b|         array|
|c2_fc2_b_ce1              |  out|    1|   ap_memory|                    c2_fc2_b|         array|
|c2_fc2_b_d1               |  out|   16|   ap_memory|                    c2_fc2_b|         array|
|c2_fc2_b_q1               |   in|   16|   ap_memory|                    c2_fc2_b|         array|
|c2_fc2_b_we1              |  out|    1|   ap_memory|                    c2_fc2_b|         array|
+--------------------------+-----+-----+------------+----------------------------+--------------+

