

================================================================
== Vitis HLS Report for 'equal3_stitched_top'
================================================================
* Date:           Thu Apr  9 13:05:21 2026

* Version:        2025.2 (Build 6295257 on Nov 14 2025)
* Project:        csynth_prj
* Solution:       solution1 (Vivado IP Flow Target)
* Product family: virtexuplusHBM
* Target device:  xcu55c-fsvh2892-2L-e


================================================================
== Performance Estimates
================================================================
+ Timing: 
    * Summary: 
    +--------+----------+----------+------------+
    |  Clock |  Target  | Estimated| Uncertainty|
    +--------+----------+----------+------------+
    |ap_clk  |  10.00 ns|  7.219 ns|     2.70 ns|
    +--------+----------+----------+------------+

+ Latency: 
    * Summary: 
    +---------+---------+-----------+-----------+---------+---------+---------+
    |  Latency (cycles) |   Latency (absolute)  |      Interval     | Pipeline|
    |   min   |   max   |    min    |    max    |   min   |   max   |   Type  |
    +---------+---------+-----------+-----------+---------+---------+---------+
    |  7950603|  7950603|  79.506 ms|  79.506 ms|  7950604|  7950604|       no|
    +---------+---------+-----------+-----------+---------+---------+---------+

    + Detail: 
        * Instance: 
        +---------------------------+----------------+---------+---------+-----------+-----------+---------+---------+---------+
        |                           |                |  Latency (cycles) |   Latency (absolute)  |      Interval     | Pipeline|
        |          Instance         |     Module     |   min   |   max   |    min    |    max    |   min   |   max   |   Type  |
        +---------------------------+----------------+---------+---------+-----------+-----------+---------+---------+---------+
        |grp_kernel_0_chip0_fu_298  |kernel_0_chip0  |  2334837|  2334837|  23.348 ms|  23.348 ms|  2334837|  2334837|       no|
        |grp_kernel_0_chip1_fu_518  |kernel_0_chip1  |   755680|   755680|   7.557 ms|   7.557 ms|   755680|   755680|       no|
        |grp_kernel_0_chip2_fu_728  |kernel_0_chip2  |  4860081|  4860081|  48.601 ms|  48.601 ms|  4860081|  4860081|       no|
        +---------------------------+----------------+---------+---------+-----------+-----------+---------+---------+---------+

        * Loop: 
        N/A



================================================================
== Utilization Estimates
================================================================
* Summary: 
+---------------------+---------+------+---------+---------+-----+
|         Name        | BRAM_18K|  DSP |    FF   |   LUT   | URAM|
+---------------------+---------+------+---------+---------+-----+
|DSP                  |        -|     -|        -|        -|    -|
|Expression           |        -|     -|        -|        -|    -|
|FIFO                 |        -|     -|        -|        -|    -|
|Instance             |      191|    71|    34397|   122300|    0|
|Memory               |      138|     -|      512|      544|    0|
|Multiplexer          |        -|     -|        0|     4030|    -|
|Register             |        -|     -|       41|        -|    -|
+---------------------+---------+------+---------+---------+-----+
|Total                |      329|    71|    34950|   126874|    0|
+---------------------+---------+------+---------+---------+-----+
|Available SLR        |     1344|  3008|   869120|   434560|  320|
+---------------------+---------+------+---------+---------+-----+
|Utilization SLR (%)  |       24|     2|        4|       29|    0|
+---------------------+---------+------+---------+---------+-----+
|Available            |     4032|  9024|  2607360|  1303680|  960|
+---------------------+---------+------+---------+---------+-----+
|Utilization (%)      |        8|    ~0|        1|        9|    0|
+---------------------+---------+------+---------+---------+-----+

+ Detail: 
    * Instance: 
    +----------------------------------------+----------------------------------+---------+----+-------+-------+-----+
    |                Instance                |              Module              | BRAM_18K| DSP|   FF  |  LUT  | URAM|
    +----------------------------------------+----------------------------------+---------+----+-------+-------+-----+
    |control_s_axi_U                         |control_s_axi                     |        0|   0|     36|     40|    0|
    |frsqrt_32ns_32ns_32_5_full_dsp_1_U1224  |frsqrt_32ns_32ns_32_5_full_dsp_1  |        0|   9|    197|    282|    0|
    |grp_kernel_0_chip0_fu_298               |kernel_0_chip0                    |       81|   0|   4306|  19160|    0|
    |grp_kernel_0_chip1_fu_518               |kernel_0_chip1                    |       45|   7|  18932|  78445|    0|
    |grp_kernel_0_chip2_fu_728               |kernel_0_chip2                    |       65|  55|  10926|  24373|    0|
    +----------------------------------------+----------------------------------+---------+----+-------+-------+-----+
    |Total                                   |                                  |      191|  71|  34397| 122300|    0|
    +----------------------------------------+----------------------------------+---------+----+-------+-------+-----+

    * DSP: 
    N/A

    * Memory: 
    +----------------------------------------------------------------------------------------+----------------------------------------------------------------------------------+---------+----+----+-----+-------+-----+------+-------------+
    |                                         Memory                                         |                                      Module                                      | BRAM_18K| FF | LUT| URAM| Words | Bits| Banks| W*Bits*Banks|
    +----------------------------------------------------------------------------------------+----------------------------------------------------------------------------------+---------+----+----+-----+-------+-----+------+-------------+
    |equal3_stitched_top_ap_float_1_768_ap_int_ap_float_12_128_64_ap_fl_12_U                 |equal3_stitched_top_ap_float_1_768_ap_int_ap_float_12_128_64_ap_fl_12_RAM_AUTRg6  |        2|   0|   0|    0|   1536|   16|     1|        24576|
    |equal3_stitched_top_ap_float_1_768_ap_int_ap_float_12_128_64_ap_fl_11_U                 |equal3_stitched_top_ap_float_1_768_ap_int_ap_float_12_128_64_ap_fl_12_RAM_AUTRg6  |        2|   0|   0|    0|   1536|   16|     1|        24576|
    |equal3_stitched_top_ap_float_1_768_ap_int_ap_float_12_128_64_ap_fl_10_U                 |equal3_stitched_top_ap_float_1_768_ap_int_ap_float_12_128_64_ap_fl_12_RAM_AUTRg6  |        2|   0|   0|    0|   1536|   16|     1|        24576|
    |equal3_stitched_top_ap_float_1_768_ap_int_ap_float_12_128_64_ap_fl_9_U                  |equal3_stitched_top_ap_float_1_768_ap_int_ap_float_12_128_64_ap_fl_12_RAM_AUTRg6  |        2|   0|   0|    0|   1536|   16|     1|        24576|
    |equal3_stitched_top_ap_float_1_768_ap_int_ap_float_12_128_64_ap_fl_8_U                  |equal3_stitched_top_ap_float_1_768_ap_int_ap_float_12_128_64_ap_fl_12_RAM_AUTRg6  |        2|   0|   0|    0|   1536|   16|     1|        24576|
    |equal3_stitched_top_ap_float_1_768_ap_int_ap_float_12_128_64_ap_fl_7_U                  |equal3_stitched_top_ap_float_1_768_ap_int_ap_float_12_128_64_ap_fl_12_RAM_AUTRg6  |        2|   0|   0|    0|   1536|   16|     1|        24576|
    |equal3_stitched_top_ap_float_1_768_ap_int_ap_float_12_128_64_ap_fl_6_U                  |equal3_stitched_top_ap_float_1_768_ap_int_ap_float_12_128_64_ap_fl_12_RAM_AUTRg6  |        2|   0|   0|    0|   1536|   16|     1|        24576|
    |equal3_stitched_top_ap_float_1_768_ap_int_ap_float_12_128_64_ap_fl_5_U                  |equal3_stitched_top_ap_float_1_768_ap_int_ap_float_12_128_64_ap_fl_12_RAM_AUTRg6  |        2|   0|   0|    0|   1536|   16|     1|        24576|
    |equal3_stitched_top_ap_float_1_768_ap_int_ap_float_12_128_64_ap_fl_4_U                  |equal3_stitched_top_ap_float_1_768_ap_int_ap_float_12_128_64_ap_fl_12_RAM_AUTRg6  |        2|   0|   0|    0|   1536|   16|     1|        24576|
    |equal3_stitched_top_ap_float_1_768_ap_int_ap_float_12_128_64_ap_fl_3_U                  |equal3_stitched_top_ap_float_1_768_ap_int_ap_float_12_128_64_ap_fl_12_RAM_AUTRg6  |        2|   0|   0|    0|   1536|   16|     1|        24576|
    |p_ZZ19equal3_stitched_topPA1_A768_8ap_floatILi16ELi8EEP6ap_intILi32EEPA12_A128_A6_75_U  |equal3_stitched_top_ap_float_1_768_ap_int_ap_float_12_128_64_ap_fl_12_RAM_AUTRg6  |        2|   0|   0|    0|   1536|   16|     1|        24576|
    |p_ZZ19equal3_stitched_topPA1_A768_8ap_floatILi16ELi8EEP6ap_intILi32EEPA12_A128_A6_74_U  |equal3_stitched_top_ap_float_1_768_ap_int_ap_float_12_128_64_ap_fl_12_RAM_AUTRg6  |        2|   0|   0|    0|   1536|   16|     1|        24576|
    |p_ZZ19equal3_stitched_topPA1_A768_8ap_floatILi16ELi8EEP6ap_intILi32EEPA12_A128_A6_73_U  |equal3_stitched_top_ap_float_1_768_ap_int_ap_float_12_128_64_ap_fl_12_RAM_AUTRg6  |        2|   0|   0|    0|   1536|   16|     1|        24576|
    |p_ZZ19equal3_stitched_topPA1_A768_8ap_floatILi16ELi8EEP6ap_intILi32EEPA12_A128_A6_72_U  |equal3_stitched_top_ap_float_1_768_ap_int_ap_float_12_128_64_ap_fl_12_RAM_AUTRg6  |        2|   0|   0|    0|   1536|   16|     1|        24576|
    |p_ZZ19equal3_stitched_topPA1_A768_8ap_floatILi16ELi8EEP6ap_intILi32EEPA12_A128_A6_71_U  |equal3_stitched_top_ap_float_1_768_ap_int_ap_float_12_128_64_ap_fl_12_RAM_AUTRg6  |        2|   0|   0|    0|   1536|   16|     1|        24576|
    |p_ZZ19equal3_stitched_topPA1_A768_8ap_floatILi16ELi8EEP6ap_intILi32EEPA12_A128_A6_70_U  |equal3_stitched_top_ap_float_1_768_ap_int_ap_float_12_128_64_ap_fl_12_RAM_AUTRg6  |        2|   0|   0|    0|   1536|   16|     1|        24576|
    |p_ZZ19equal3_stitched_topPA1_A768_8ap_floatILi16ELi8EEP6ap_intILi32EEPA12_A128_A6_69_U  |equal3_stitched_top_ap_float_1_768_ap_int_ap_float_12_128_64_ap_fl_12_RAM_AUTRg6  |        2|   0|   0|    0|   1536|   16|     1|        24576|
    |p_ZZ19equal3_stitched_topPA1_A768_8ap_floatILi16ELi8EEP6ap_intILi32EEPA12_A128_A6_68_U  |equal3_stitched_top_ap_float_1_768_ap_int_ap_float_12_128_64_ap_fl_12_RAM_AUTRg6  |        2|   0|   0|    0|   1536|   16|     1|        24576|
    |p_ZZ19equal3_stitched_topPA1_A768_8ap_floatILi16ELi8EEP6ap_intILi32EEPA12_A128_A6_67_U  |equal3_stitched_top_ap_float_1_768_ap_int_ap_float_12_128_64_ap_fl_12_RAM_AUTRg6  |        2|   0|   0|    0|   1536|   16|     1|        24576|
    |p_ZZ19equal3_stitched_topPA1_A768_8ap_floatILi16ELi8EEP6ap_intILi32EEPA12_A128_A6_66_U  |equal3_stitched_top_ap_float_1_768_ap_int_ap_float_12_128_64_ap_fl_12_RAM_AUTRg6  |        2|   0|   0|    0|   1536|   16|     1|        24576|
    |p_ZZ19equal3_stitched_topPA1_A768_8ap_floatILi16ELi8EEP6ap_intILi32EEPA12_A128_A6_65_U  |equal3_stitched_top_ap_float_1_768_ap_int_ap_float_12_128_64_ap_fl_12_RAM_AUTRg6  |        2|   0|   0|    0|   1536|   16|     1|        24576|
    |p_ZZ19equal3_stitched_topPA1_A768_8ap_floatILi16ELi8EEP6ap_intILi32EEPA12_A128_A6_64_U  |equal3_stitched_top_ap_float_1_768_ap_int_ap_float_12_128_64_ap_fl_12_RAM_AUTRg6  |        2|   0|   0|    0|   1536|   16|     1|        24576|
    |p_ZZ19equal3_stitched_topPA1_A768_8ap_floatILi16ELi8EEP6ap_intILi32EEPA12_A128_A6_63_U  |equal3_stitched_top_ap_float_1_768_ap_int_ap_float_12_128_64_ap_fl_12_RAM_AUTRg6  |        2|   0|   0|    0|   1536|   16|     1|        24576|
    |p_ZZ19equal3_stitched_topPA1_A768_8ap_floatILi16ELi8EEP6ap_intILi32EEPA12_A128_A6_62_U  |equal3_stitched_top_ap_float_1_768_ap_int_ap_float_12_128_64_ap_fl_12_RAM_AUTRg6  |        2|   0|   0|    0|   1536|   16|     1|        24576|
    |p_ZZ19equal3_stitched_topPA1_A768_8ap_floatILi16ELi8EEP6ap_intILi32EEPA12_A128_A6_61_U  |equal3_stitched_top_ap_float_1_768_ap_int_ap_float_12_128_64_ap_fl_12_RAM_AUTRg6  |        2|   0|   0|    0|   1536|   16|     1|        24576|
    |p_ZZ19equal3_stitched_topPA1_A768_8ap_floatILi16ELi8EEP6ap_intILi32EEPA12_A128_A6_60_U  |equal3_stitched_top_ap_float_1_768_ap_int_ap_float_12_128_64_ap_fl_12_RAM_AUTRg6  |        2|   0|   0|    0|   1536|   16|     1|        24576|
    |p_ZZ19equal3_stitched_topPA1_A768_8ap_floatILi16ELi8EEP6ap_intILi32EEPA12_A128_A6_59_U  |equal3_stitched_top_ap_float_1_768_ap_int_ap_float_12_128_64_ap_fl_12_RAM_AUTRg6  |        2|   0|   0|    0|   1536|   16|     1|        24576|
    |p_ZZ19equal3_stitched_topPA1_A768_8ap_floatILi16ELi8EEP6ap_intILi32EEPA12_A128_A6_58_U  |equal3_stitched_top_ap_float_1_768_ap_int_ap_float_12_128_64_ap_fl_12_RAM_AUTRg6  |        2|   0|   0|    0|   1536|   16|     1|        24576|
    |p_ZZ19equal3_stitched_topPA1_A768_8ap_floatILi16ELi8EEP6ap_intILi32EEPA12_A128_A6_57_U  |equal3_stitched_top_ap_float_1_768_ap_int_ap_float_12_128_64_ap_fl_12_RAM_AUTRg6  |        2|   0|   0|    0|   1536|   16|     1|        24576|
    |p_ZZ19equal3_stitched_topPA1_A768_8ap_floatILi16ELi8EEP6ap_intILi32EEPA12_A128_A6_56_U  |equal3_stitched_top_ap_float_1_768_ap_int_ap_float_12_128_64_ap_fl_12_RAM_AUTRg6  |        2|   0|   0|    0|   1536|   16|     1|        24576|
    |p_ZZ19equal3_stitched_topPA1_A768_8ap_floatILi16ELi8EEP6ap_intILi32EEPA12_A128_A6_55_U  |equal3_stitched_top_ap_float_1_768_ap_int_ap_float_12_128_64_ap_fl_12_RAM_AUTRg6  |        2|   0|   0|    0|   1536|   16|     1|        24576|
    |p_ZZ19equal3_stitched_topPA1_A768_8ap_floatILi16ELi8EEP6ap_intILi32EEPA12_A128_A6_54_U  |equal3_stitched_top_ap_float_1_768_ap_int_ap_float_12_128_64_ap_fl_12_RAM_AUTRg6  |        2|   0|   0|    0|   1536|   16|     1|        24576|
    |p_ZZ19equal3_stitched_topPA1_A768_8ap_floatILi16ELi8EEP6ap_intILi32EEPA12_A128_A6_53_U  |equal3_stitched_top_ap_float_1_768_ap_int_ap_float_12_128_64_ap_fl_12_RAM_AUTRg6  |        2|   0|   0|    0|   1536|   16|     1|        24576|
    |p_ZZ19equal3_stitched_topPA1_A768_8ap_floatILi16ELi8EEP6ap_intILi32EEPA12_A128_A6_52_U  |equal3_stitched_top_ap_float_1_768_ap_int_ap_float_12_128_64_ap_fl_12_RAM_AUTRg6  |        2|   0|   0|    0|   1536|   16|     1|        24576|
    |p_ZZ19equal3_stitched_topPA1_A768_8ap_floatILi16ELi8EEP6ap_intILi32EEPA12_A128_A6_51_U  |equal3_stitched_top_ap_float_1_768_ap_int_ap_float_12_128_64_ap_fl_12_RAM_AUTRg6  |        2|   0|   0|    0|   1536|   16|     1|        24576|
    |p_ZZ19equal3_stitched_topPA1_A768_8ap_floatILi16ELi8EEP6ap_intILi32EEPA12_A128_A6_50_U  |equal3_stitched_top_ap_float_1_768_ap_int_ap_float_12_128_64_ap_fl_12_RAM_AUTRg6  |        2|   0|   0|    0|   1536|   16|     1|        24576|
    |p_ZZ19equal3_stitched_topPA1_A768_8ap_floatILi16ELi8EEP6ap_intILi32EEPA12_A128_A6_49_U  |equal3_stitched_top_ap_float_1_768_ap_int_ap_float_12_128_64_ap_fl_12_RAM_AUTRg6  |        2|   0|   0|    0|   1536|   16|     1|        24576|
    |p_ZZ19equal3_stitched_topPA1_A768_8ap_floatILi16ELi8EEP6ap_intILi32EEPA12_A128_A6_48_U  |equal3_stitched_top_ap_float_1_768_ap_int_ap_float_12_128_64_ap_fl_12_RAM_AUTRg6  |        2|   0|   0|    0|   1536|   16|     1|        24576|
    |p_ZZ19equal3_stitched_topPA1_A768_8ap_floatILi16ELi8EEP6ap_intILi32EEPA12_A128_A6_47_U  |equal3_stitched_top_ap_float_1_768_ap_int_ap_float_12_128_64_ap_fl_12_RAM_AUTRg6  |        2|   0|   0|    0|   1536|   16|     1|        24576|
    |p_ZZ19equal3_stitched_topPA1_A768_8ap_floatILi16ELi8EEP6ap_intILi32EEPA12_A128_A6_46_U  |equal3_stitched_top_ap_float_1_768_ap_int_ap_float_12_128_64_ap_fl_12_RAM_AUTRg6  |        2|   0|   0|    0|   1536|   16|     1|        24576|
    |p_ZZ19equal3_stitched_topPA1_A768_8ap_floatILi16ELi8EEP6ap_intILi32EEPA12_A128_A6_45_U  |equal3_stitched_top_ap_float_1_768_ap_int_ap_float_12_128_64_ap_fl_12_RAM_AUTRg6  |        2|   0|   0|    0|   1536|   16|     1|        24576|
    |p_ZZ19equal3_stitched_topPA1_A768_8ap_floatILi16ELi8EEP6ap_intILi32EEPA12_A128_A6_44_U  |equal3_stitched_top_ap_float_1_768_ap_int_ap_float_12_128_64_ap_fl_12_RAM_AUTRg6  |        2|   0|   0|    0|   1536|   16|     1|        24576|
    |p_ZZ19equal3_stitched_topPA1_A768_8ap_floatILi16ELi8EEP6ap_intILi32EEPA12_A128_A6_43_U  |equal3_stitched_top_ap_float_1_768_ap_int_ap_float_12_128_64_ap_fl_12_RAM_AUTRg6  |        2|   0|   0|    0|   1536|   16|     1|        24576|
    |p_ZZ19equal3_stitched_topPA1_A768_8ap_floatILi16ELi8EEP6ap_intILi32EEPA12_A128_A6_42_U  |equal3_stitched_top_ap_float_1_768_ap_int_ap_float_12_128_64_ap_fl_12_RAM_AUTRg6  |        2|   0|   0|    0|   1536|   16|     1|        24576|
    |p_ZZ19equal3_stitched_topPA1_A768_8ap_floatILi16ELi8EEP6ap_intILi32EEPA12_A128_A6_41_U  |equal3_stitched_top_ap_float_1_768_ap_int_ap_float_12_128_64_ap_fl_12_RAM_AUTRg6  |        2|   0|   0|    0|   1536|   16|     1|        24576|
    |p_ZZ19equal3_stitched_topPA1_A768_8ap_floatILi16ELi8EEP6ap_intILi32EEPA12_A128_A6_40_U  |equal3_stitched_top_ap_float_1_768_ap_int_ap_float_12_128_64_ap_fl_12_RAM_AUTRg6  |        2|   0|   0|    0|   1536|   16|     1|        24576|
    |p_ZZ19equal3_stitched_topPA1_A768_8ap_floatILi16ELi8EEP6ap_intILi32EEPA12_A128_A6_39_U  |equal3_stitched_top_ap_float_1_768_ap_int_ap_float_12_128_64_ap_fl_12_RAM_AUTRg6  |        2|   0|   0|    0|   1536|   16|     1|        24576|
    |p_ZZ19equal3_stitched_topPA1_A768_8ap_floatILi16ELi8EEP6ap_intILi32EEPA12_A128_A6_38_U  |equal3_stitched_top_ap_float_1_768_ap_int_ap_float_12_128_64_ap_fl_12_RAM_AUTRg6  |        2|   0|   0|    0|   1536|   16|     1|        24576|
    |p_ZZ19equal3_stitched_topPA1_A768_8ap_floatILi16ELi8EEP6ap_intILi32EEPA12_A128_A6_37_U  |equal3_stitched_top_ap_float_1_768_ap_int_ap_float_12_128_64_ap_fl_12_RAM_AUTRg6  |        2|   0|   0|    0|   1536|   16|     1|        24576|
    |p_ZZ19equal3_stitched_topPA1_A768_8ap_floatILi16ELi8EEP6ap_intILi32EEPA12_A128_A6_36_U  |equal3_stitched_top_ap_float_1_768_ap_int_ap_float_12_128_64_ap_fl_12_RAM_AUTRg6  |        2|   0|   0|    0|   1536|   16|     1|        24576|
    |p_ZZ19equal3_stitched_topPA1_A768_8ap_floatILi16ELi8EEP6ap_intILi32EEPA12_A128_A6_35_U  |equal3_stitched_top_ap_float_1_768_ap_int_ap_float_12_128_64_ap_fl_12_RAM_AUTRg6  |        2|   0|   0|    0|   1536|   16|     1|        24576|
    |p_ZZ19equal3_stitched_topPA1_A768_8ap_floatILi16ELi8EEP6ap_intILi32EEPA12_A128_A6_34_U  |equal3_stitched_top_ap_float_1_768_ap_int_ap_float_12_128_64_ap_fl_12_RAM_AUTRg6  |        2|   0|   0|    0|   1536|   16|     1|        24576|
    |p_ZZ19equal3_stitched_topPA1_A768_8ap_floatILi16ELi8EEP6ap_intILi32EEPA12_A128_A6_33_U  |equal3_stitched_top_ap_float_1_768_ap_int_ap_float_12_128_64_ap_fl_12_RAM_AUTRg6  |        2|   0|   0|    0|   1536|   16|     1|        24576|
    |p_ZZ19equal3_stitched_topPA1_A768_8ap_floatILi16ELi8EEP6ap_intILi32EEPA12_A128_A6_32_U  |equal3_stitched_top_ap_float_1_768_ap_int_ap_float_12_128_64_ap_fl_12_RAM_AUTRg6  |        2|   0|   0|    0|   1536|   16|     1|        24576|
    |p_ZZ19equal3_stitched_topPA1_A768_8ap_floatILi16ELi8EEP6ap_intILi32EEPA12_A128_A6_31_U  |equal3_stitched_top_ap_float_1_768_ap_int_ap_float_12_128_64_ap_fl_12_RAM_AUTRg6  |        2|   0|   0|    0|   1536|   16|     1|        24576|
    |p_ZZ19equal3_stitched_topPA1_A768_8ap_floatILi16ELi8EEP6ap_intILi32EEPA12_A128_A6_30_U  |equal3_stitched_top_ap_float_1_768_ap_int_ap_float_12_128_64_ap_fl_12_RAM_AUTRg6  |        2|   0|   0|    0|   1536|   16|     1|        24576|
    |p_ZZ19equal3_stitched_topPA1_A768_8ap_floatILi16ELi8EEP6ap_intILi32EEPA12_A128_A6_29_U  |equal3_stitched_top_ap_float_1_768_ap_int_ap_float_12_128_64_ap_fl_12_RAM_AUTRg6  |        2|   0|   0|    0|   1536|   16|     1|        24576|
    |p_ZZ19equal3_stitched_topPA1_A768_8ap_floatILi16ELi8EEP6ap_intILi32EEPA12_A128_A6_28_U  |equal3_stitched_top_ap_float_1_768_ap_int_ap_float_12_128_64_ap_fl_12_RAM_AUTRg6  |        2|   0|   0|    0|   1536|   16|     1|        24576|
    |p_ZZ19equal3_stitched_topPA1_A768_8ap_floatILi16ELi8EEP6ap_intILi32EEPA12_A128_A6_27_U  |equal3_stitched_top_ap_float_1_768_ap_int_ap_float_12_128_64_ap_fl_12_RAM_AUTRg6  |        2|   0|   0|    0|   1536|   16|     1|        24576|
    |p_ZZ19equal3_stitched_topPA1_A768_8ap_floatILi16ELi8EEP6ap_intILi32EEPA12_A128_A6_26_U  |equal3_stitched_top_ap_float_1_768_ap_int_ap_float_12_128_64_ap_fl_12_RAM_AUTRg6  |        2|   0|   0|    0|   1536|   16|     1|        24576|
    |p_ZZ19equal3_stitched_topPA1_A768_8ap_floatILi16ELi8EEP6ap_intILi32EEPA12_A128_A6_25_U  |equal3_stitched_top_ap_float_1_768_ap_int_ap_float_12_128_64_ap_fl_12_RAM_AUTRg6  |        2|   0|   0|    0|   1536|   16|     1|        24576|
    |p_ZZ19equal3_stitched_topPA1_A768_8ap_floatILi16ELi8EEP6ap_intILi32EEPA12_A128_A6_24_U  |equal3_stitched_top_ap_float_1_768_ap_int_ap_float_12_128_64_ap_fl_12_RAM_AUTRg6  |        2|   0|   0|    0|   1536|   16|     1|        24576|
    |p_ZZ19equal3_stitched_topPA1_A768_8ap_floatILi16ELi8EEP6ap_intILi32EEPA12_A128_A6_23_U  |equal3_stitched_top_ap_float_1_768_ap_int_ap_float_12_128_64_ap_fl_12_RAM_AUTRg6  |        2|   0|   0|    0|   1536|   16|     1|        24576|
    |p_ZZ19equal3_stitched_topPA1_A768_8ap_floatILi16ELi8EEP6ap_intILi32EEPA12_A128_A6_22_U  |equal3_stitched_top_ap_float_1_768_ap_int_ap_float_12_128_64_ap_fl_12_RAM_AUTRg6  |        2|   0|   0|    0|   1536|   16|     1|        24576|
    |equal3_stitched_top_ap_float_1_768_ap_int_ap_float_12_128_64_ap_fl_1_U                  |equal3_stitched_top_ap_float_1_768_ap_int_ap_float_12_128_64_ap_fl_1_RAM_AUTObUr  |        1|   0|   0|    0|    768|   16|     1|        12288|
    |equal3_stitched_top_ap_float_1_768_ap_int_ap_float_12_128_64_ap_fl_U                    |equal3_stitched_top_ap_float_1_768_ap_int_ap_float_12_128_64_ap_fl_1_RAM_AUTObUr  |        1|   0|   0|    0|    768|   16|     1|        12288|
    |equal3_stitched_top_ap_float_1_768_ap_int_ap_float_12_128_64_ap_fl_22_U                 |equal3_stitched_top_ap_float_1_768_ap_int_ap_float_12_128_64_ap_fl_22_RAM_AUTlbW  |        0|  16|  17|    0|     24|   16|     1|          384|
    |equal3_stitched_top_ap_float_1_768_ap_int_ap_float_12_128_64_ap_fl_21_U                 |equal3_stitched_top_ap_float_1_768_ap_int_ap_float_12_128_64_ap_fl_22_RAM_AUTlbW  |        0|  16|  17|    0|     24|   16|     1|          384|
    |equal3_stitched_top_ap_float_1_768_ap_int_ap_float_12_128_64_ap_fl_20_U                 |equal3_stitched_top_ap_float_1_768_ap_int_ap_float_12_128_64_ap_fl_22_RAM_AUTlbW  |        0|  16|  17|    0|     24|   16|     1|          384|
    |equal3_stitched_top_ap_float_1_768_ap_int_ap_float_12_128_64_ap_fl_19_U                 |equal3_stitched_top_ap_float_1_768_ap_int_ap_float_12_128_64_ap_fl_22_RAM_AUTlbW  |        0|  16|  17|    0|     24|   16|     1|          384|
    |equal3_stitched_top_ap_float_1_768_ap_int_ap_float_12_128_64_ap_fl_18_U                 |equal3_stitched_top_ap_float_1_768_ap_int_ap_float_12_128_64_ap_fl_22_RAM_AUTlbW  |        0|  16|  17|    0|     24|   16|     1|          384|
    |equal3_stitched_top_ap_float_1_768_ap_int_ap_float_12_128_64_ap_fl_17_U                 |equal3_stitched_top_ap_float_1_768_ap_int_ap_float_12_128_64_ap_fl_22_RAM_AUTlbW  |        0|  16|  17|    0|     24|   16|     1|          384|
    |equal3_stitched_top_ap_float_1_768_ap_int_ap_float_12_128_64_ap_fl_16_U                 |equal3_stitched_top_ap_float_1_768_ap_int_ap_float_12_128_64_ap_fl_22_RAM_AUTlbW  |        0|  16|  17|    0|     24|   16|     1|          384|
    |equal3_stitched_top_ap_float_1_768_ap_int_ap_float_12_128_64_ap_fl_15_U                 |equal3_stitched_top_ap_float_1_768_ap_int_ap_float_12_128_64_ap_fl_22_RAM_AUTlbW  |        0|  16|  17|    0|     24|   16|     1|          384|
    |equal3_stitched_top_ap_float_1_768_ap_int_ap_float_12_128_64_ap_fl_14_U                 |equal3_stitched_top_ap_float_1_768_ap_int_ap_float_12_128_64_ap_fl_22_RAM_AUTlbW  |        0|  16|  17|    0|     24|   16|     1|          384|
    |equal3_stitched_top_ap_float_1_768_ap_int_ap_float_12_128_64_ap_fl_13_U                 |equal3_stitched_top_ap_float_1_768_ap_int_ap_float_12_128_64_ap_fl_22_RAM_AUTlbW  |        0|  16|  17|    0|     24|   16|     1|          384|
    |p_ZZ19equal3_stitched_topPA1_A768_8ap_floatILi16ELi8EEP6ap_intILi32EEPA12_A128_A6_21_U  |equal3_stitched_top_ap_float_1_768_ap_int_ap_float_12_128_64_ap_fl_22_RAM_AUTlbW  |        0|  16|  17|    0|     24|   16|     1|          384|
    |p_ZZ19equal3_stitched_topPA1_A768_8ap_floatILi16ELi8EEP6ap_intILi32EEPA12_A128_A6_20_U  |equal3_stitched_top_ap_float_1_768_ap_int_ap_float_12_128_64_ap_fl_22_RAM_AUTlbW  |        0|  16|  17|    0|     24|   16|     1|          384|
    |p_ZZ19equal3_stitched_topPA1_A768_8ap_floatILi16ELi8EEP6ap_intILi32EEPA12_A128_A6_19_U  |equal3_stitched_top_ap_float_1_768_ap_int_ap_float_12_128_64_ap_fl_22_RAM_AUTlbW  |        0|  16|  17|    0|     24|   16|     1|          384|
    |p_ZZ19equal3_stitched_topPA1_A768_8ap_floatILi16ELi8EEP6ap_intILi32EEPA12_A128_A6_18_U  |equal3_stitched_top_ap_float_1_768_ap_int_ap_float_12_128_64_ap_fl_22_RAM_AUTlbW  |        0|  16|  17|    0|     24|   16|     1|          384|
    |p_ZZ19equal3_stitched_topPA1_A768_8ap_floatILi16ELi8EEP6ap_intILi32EEPA12_A128_A6_17_U  |equal3_stitched_top_ap_float_1_768_ap_int_ap_float_12_128_64_ap_fl_22_RAM_AUTlbW  |        0|  16|  17|    0|     24|   16|     1|          384|
    |p_ZZ19equal3_stitched_topPA1_A768_8ap_floatILi16ELi8EEP6ap_intILi32EEPA12_A128_A6_16_U  |equal3_stitched_top_ap_float_1_768_ap_int_ap_float_12_128_64_ap_fl_22_RAM_AUTlbW  |        0|  16|  17|    0|     24|   16|     1|          384|
    |p_ZZ19equal3_stitched_topPA1_A768_8ap_floatILi16ELi8EEP6ap_intILi32EEPA12_A128_A6_15_U  |equal3_stitched_top_ap_float_1_768_ap_int_ap_float_12_128_64_ap_fl_22_RAM_AUTlbW  |        0|  16|  17|    0|     24|   16|     1|          384|
    |p_ZZ19equal3_stitched_topPA1_A768_8ap_floatILi16ELi8EEP6ap_intILi32EEPA12_A128_A6_14_U  |equal3_stitched_top_ap_float_1_768_ap_int_ap_float_12_128_64_ap_fl_22_RAM_AUTlbW  |        0|  16|  17|    0|     24|   16|     1|          384|
    |p_ZZ19equal3_stitched_topPA1_A768_8ap_floatILi16ELi8EEP6ap_intILi32EEPA12_A128_A6_13_U  |equal3_stitched_top_ap_float_1_768_ap_int_ap_float_12_128_64_ap_fl_22_RAM_AUTlbW  |        0|  16|  17|    0|     24|   16|     1|          384|
    |p_ZZ19equal3_stitched_topPA1_A768_8ap_floatILi16ELi8EEP6ap_intILi32EEPA12_A128_A6_12_U  |equal3_stitched_top_ap_float_1_768_ap_int_ap_float_12_128_64_ap_fl_22_RAM_AUTlbW  |        0|  16|  17|    0|     24|   16|     1|          384|
    |p_ZZ19equal3_stitched_topPA1_A768_8ap_floatILi16ELi8EEP6ap_intILi32EEPA12_A128_A6_11_U  |equal3_stitched_top_ap_float_1_768_ap_int_ap_float_12_128_64_ap_fl_22_RAM_AUTlbW  |        0|  16|  17|    0|     24|   16|     1|          384|
    |p_ZZ19equal3_stitched_topPA1_A768_8ap_floatILi16ELi8EEP6ap_intILi32EEPA12_A128_A6_10_U  |equal3_stitched_top_ap_float_1_768_ap_int_ap_float_12_128_64_ap_fl_22_RAM_AUTlbW  |        0|  16|  17|    0|     24|   16|     1|          384|
    |p_ZZ19equal3_stitched_topPA1_A768_8ap_floatILi16ELi8EEP6ap_intILi32EEPA12_A128_A6_9_U   |equal3_stitched_top_ap_float_1_768_ap_int_ap_float_12_128_64_ap_fl_22_RAM_AUTlbW  |        0|  16|  17|    0|     24|   16|     1|          384|
    |p_ZZ19equal3_stitched_topPA1_A768_8ap_floatILi16ELi8EEP6ap_intILi32EEPA12_A128_A6_8_U   |equal3_stitched_top_ap_float_1_768_ap_int_ap_float_12_128_64_ap_fl_22_RAM_AUTlbW  |        0|  16|  17|    0|     24|   16|     1|          384|
    |p_ZZ19equal3_stitched_topPA1_A768_8ap_floatILi16ELi8EEP6ap_intILi32EEPA12_A128_A6_7_U   |equal3_stitched_top_ap_float_1_768_ap_int_ap_float_12_128_64_ap_fl_22_RAM_AUTlbW  |        0|  16|  17|    0|     24|   16|     1|          384|
    |p_ZZ19equal3_stitched_topPA1_A768_8ap_floatILi16ELi8EEP6ap_intILi32EEPA12_A128_A6_6_U   |equal3_stitched_top_ap_float_1_768_ap_int_ap_float_12_128_64_ap_fl_22_RAM_AUTlbW  |        0|  16|  17|    0|     24|   16|     1|          384|
    |p_ZZ19equal3_stitched_topPA1_A768_8ap_floatILi16ELi8EEP6ap_intILi32EEPA12_A128_A6_5_U   |equal3_stitched_top_ap_float_1_768_ap_int_ap_float_12_128_64_ap_fl_22_RAM_AUTlbW  |        0|  16|  17|    0|     24|   16|     1|          384|
    |p_ZZ19equal3_stitched_topPA1_A768_8ap_floatILi16ELi8EEP6ap_intILi32EEPA12_A128_A6_4_U   |equal3_stitched_top_ap_float_1_768_ap_int_ap_float_12_128_64_ap_fl_22_RAM_AUTlbW  |        0|  16|  17|    0|     24|   16|     1|          384|
    |p_ZZ19equal3_stitched_topPA1_A768_8ap_floatILi16ELi8EEP6ap_intILi32EEPA12_A128_A6_3_U   |equal3_stitched_top_ap_float_1_768_ap_int_ap_float_12_128_64_ap_fl_22_RAM_AUTlbW  |        0|  16|  17|    0|     24|   16|     1|          384|
    |p_ZZ19equal3_stitched_topPA1_A768_8ap_floatILi16ELi8EEP6ap_intILi32EEPA12_A128_A6_2_U   |equal3_stitched_top_ap_float_1_768_ap_int_ap_float_12_128_64_ap_fl_22_RAM_AUTlbW  |        0|  16|  17|    0|     24|   16|     1|          384|
    |p_ZZ19equal3_stitched_topPA1_A768_8ap_floatILi16ELi8EEP6ap_intILi32EEPA12_A128_A6_1_U   |equal3_stitched_top_ap_float_1_768_ap_int_ap_float_12_128_64_ap_fl_22_RAM_AUTlbW  |        0|  16|  17|    0|     24|   16|     1|          384|
    |p_ZZ19equal3_stitched_topPA1_A768_8ap_floatILi16ELi8EEP6ap_intILi32EEPA12_A128_A6_U     |equal3_stitched_top_ap_float_1_768_ap_int_ap_float_12_128_64_ap_fl_22_RAM_AUTlbW  |        0|  16|  17|    0|     24|   16|     1|          384|
    |equal3_stitched_top_ap_float_1_768_ap_int_ap_float_12_128_64_ap_fl_2_U                  |equal3_stitched_top_ap_float_1_768_ap_int_ap_float_12_128_64_ap_fl_2_RAM_AUTObTr  |        8|   0|   0|    0|  98304|   16|     1|      1572864|
    +----------------------------------------------------------------------------------------+----------------------------------------------------------------------------------+---------+----+----+-----+-------+-----+------+-------------+
    |Total                                                                                   |                                                                                  |      138| 512| 544|    0| 198912| 1584|    99|      3182592|
    +----------------------------------------------------------------------------------------+----------------------------------------------------------------------------------+---------+----+----+-----+-------+-----+------+-------------+

    * FIFO: 
    N/A

    * Expression: 
    N/A

    * Multiplexer: 
    +-----------------------------------------------------------------------------------------------+----+-----------+-----+-----------+
    |                                              Name                                             | LUT| Input Size| Bits| Total Bits|
    +-----------------------------------------------------------------------------------------------+----+-----------+-----+-----------+
    |ap_NS_fsm                                                                                      |  37|          7|    1|          7|
    |equal3_stitched_top_ap_float_1_768_ap_int_ap_float_12_128_64_ap_fl_10_address0                 |  14|          3|   11|         33|
    |equal3_stitched_top_ap_float_1_768_ap_int_ap_float_12_128_64_ap_fl_10_ce0                      |  14|          3|    1|          3|
    |equal3_stitched_top_ap_float_1_768_ap_int_ap_float_12_128_64_ap_fl_10_we0                      |   9|          2|    1|          2|
    |equal3_stitched_top_ap_float_1_768_ap_int_ap_float_12_128_64_ap_fl_11_address0                 |  14|          3|   11|         33|
    |equal3_stitched_top_ap_float_1_768_ap_int_ap_float_12_128_64_ap_fl_11_ce0                      |  14|          3|    1|          3|
    |equal3_stitched_top_ap_float_1_768_ap_int_ap_float_12_128_64_ap_fl_11_we0                      |   9|          2|    1|          2|
    |equal3_stitched_top_ap_float_1_768_ap_int_ap_float_12_128_64_ap_fl_12_address0                 |  14|          3|   11|         33|
    |equal3_stitched_top_ap_float_1_768_ap_int_ap_float_12_128_64_ap_fl_12_ce0                      |  14|          3|    1|          3|
    |equal3_stitched_top_ap_float_1_768_ap_int_ap_float_12_128_64_ap_fl_12_we0                      |   9|          2|    1|          2|
    |equal3_stitched_top_ap_float_1_768_ap_int_ap_float_12_128_64_ap_fl_13_address0                 |  14|          3|    5|         15|
    |equal3_stitched_top_ap_float_1_768_ap_int_ap_float_12_128_64_ap_fl_13_ce0                      |  14|          3|    1|          3|
    |equal3_stitched_top_ap_float_1_768_ap_int_ap_float_12_128_64_ap_fl_13_ce1                      |   9|          2|    1|          2|
    |equal3_stitched_top_ap_float_1_768_ap_int_ap_float_12_128_64_ap_fl_13_we0                      |   9|          2|    1|          2|
    |equal3_stitched_top_ap_float_1_768_ap_int_ap_float_12_128_64_ap_fl_14_address0                 |  14|          3|    5|         15|
    |equal3_stitched_top_ap_float_1_768_ap_int_ap_float_12_128_64_ap_fl_14_ce0                      |  14|          3|    1|          3|
    |equal3_stitched_top_ap_float_1_768_ap_int_ap_float_12_128_64_ap_fl_14_ce1                      |   9|          2|    1|          2|
    |equal3_stitched_top_ap_float_1_768_ap_int_ap_float_12_128_64_ap_fl_14_we0                      |   9|          2|    1|          2|
    |equal3_stitched_top_ap_float_1_768_ap_int_ap_float_12_128_64_ap_fl_15_address0                 |  14|          3|    5|         15|
    |equal3_stitched_top_ap_float_1_768_ap_int_ap_float_12_128_64_ap_fl_15_ce0                      |  14|          3|    1|          3|
    |equal3_stitched_top_ap_float_1_768_ap_int_ap_float_12_128_64_ap_fl_15_ce1                      |   9|          2|    1|          2|
    |equal3_stitched_top_ap_float_1_768_ap_int_ap_float_12_128_64_ap_fl_15_we0                      |   9|          2|    1|          2|
    |equal3_stitched_top_ap_float_1_768_ap_int_ap_float_12_128_64_ap_fl_16_address0                 |  14|          3|    5|         15|
    |equal3_stitched_top_ap_float_1_768_ap_int_ap_float_12_128_64_ap_fl_16_ce0                      |  14|          3|    1|          3|
    |equal3_stitched_top_ap_float_1_768_ap_int_ap_float_12_128_64_ap_fl_16_ce1                      |   9|          2|    1|          2|
    |equal3_stitched_top_ap_float_1_768_ap_int_ap_float_12_128_64_ap_fl_16_we0                      |   9|          2|    1|          2|
    |equal3_stitched_top_ap_float_1_768_ap_int_ap_float_12_128_64_ap_fl_17_address0                 |  14|          3|    5|         15|
    |equal3_stitched_top_ap_float_1_768_ap_int_ap_float_12_128_64_ap_fl_17_ce0                      |  14|          3|    1|          3|
    |equal3_stitched_top_ap_float_1_768_ap_int_ap_float_12_128_64_ap_fl_17_ce1                      |   9|          2|    1|          2|
    |equal3_stitched_top_ap_float_1_768_ap_int_ap_float_12_128_64_ap_fl_17_we0                      |   9|          2|    1|          2|
    |equal3_stitched_top_ap_float_1_768_ap_int_ap_float_12_128_64_ap_fl_18_address0                 |  14|          3|    5|         15|
    |equal3_stitched_top_ap_float_1_768_ap_int_ap_float_12_128_64_ap_fl_18_ce0                      |  14|          3|    1|          3|
    |equal3_stitched_top_ap_float_1_768_ap_int_ap_float_12_128_64_ap_fl_18_ce1                      |   9|          2|    1|          2|
    |equal3_stitched_top_ap_float_1_768_ap_int_ap_float_12_128_64_ap_fl_18_we0                      |   9|          2|    1|          2|
    |equal3_stitched_top_ap_float_1_768_ap_int_ap_float_12_128_64_ap_fl_19_address0                 |  14|          3|    5|         15|
    |equal3_stitched_top_ap_float_1_768_ap_int_ap_float_12_128_64_ap_fl_19_ce0                      |  14|          3|    1|          3|
    |equal3_stitched_top_ap_float_1_768_ap_int_ap_float_12_128_64_ap_fl_19_ce1                      |   9|          2|    1|          2|
    |equal3_stitched_top_ap_float_1_768_ap_int_ap_float_12_128_64_ap_fl_19_we0                      |   9|          2|    1|          2|
    |equal3_stitched_top_ap_float_1_768_ap_int_ap_float_12_128_64_ap_fl_1_address0                  |  14|          3|   10|         30|
    |equal3_stitched_top_ap_float_1_768_ap_int_ap_float_12_128_64_ap_fl_1_ce0                       |  14|          3|    1|          3|
    |equal3_stitched_top_ap_float_1_768_ap_int_ap_float_12_128_64_ap_fl_1_we0                       |   9|          2|    1|          2|
    |equal3_stitched_top_ap_float_1_768_ap_int_ap_float_12_128_64_ap_fl_20_address0                 |  14|          3|    5|         15|
    |equal3_stitched_top_ap_float_1_768_ap_int_ap_float_12_128_64_ap_fl_20_ce0                      |  14|          3|    1|          3|
    |equal3_stitched_top_ap_float_1_768_ap_int_ap_float_12_128_64_ap_fl_20_ce1                      |   9|          2|    1|          2|
    |equal3_stitched_top_ap_float_1_768_ap_int_ap_float_12_128_64_ap_fl_20_we0                      |   9|          2|    1|          2|
    |equal3_stitched_top_ap_float_1_768_ap_int_ap_float_12_128_64_ap_fl_21_address0                 |  14|          3|    5|         15|
    |equal3_stitched_top_ap_float_1_768_ap_int_ap_float_12_128_64_ap_fl_21_ce0                      |  14|          3|    1|          3|
    |equal3_stitched_top_ap_float_1_768_ap_int_ap_float_12_128_64_ap_fl_21_ce1                      |   9|          2|    1|          2|
    |equal3_stitched_top_ap_float_1_768_ap_int_ap_float_12_128_64_ap_fl_21_we0                      |   9|          2|    1|          2|
    |equal3_stitched_top_ap_float_1_768_ap_int_ap_float_12_128_64_ap_fl_22_address0                 |  14|          3|    5|         15|
    |equal3_stitched_top_ap_float_1_768_ap_int_ap_float_12_128_64_ap_fl_22_ce0                      |  14|          3|    1|          3|
    |equal3_stitched_top_ap_float_1_768_ap_int_ap_float_12_128_64_ap_fl_22_ce1                      |   9|          2|    1|          2|
    |equal3_stitched_top_ap_float_1_768_ap_int_ap_float_12_128_64_ap_fl_22_we0                      |   9|          2|    1|          2|
    |equal3_stitched_top_ap_float_1_768_ap_int_ap_float_12_128_64_ap_fl_2_address0                  |  14|          3|   17|         51|
    |equal3_stitched_top_ap_float_1_768_ap_int_ap_float_12_128_64_ap_fl_2_ce0                       |  14|          3|    1|          3|
    |equal3_stitched_top_ap_float_1_768_ap_int_ap_float_12_128_64_ap_fl_2_we0                       |   9|          2|    1|          2|
    |equal3_stitched_top_ap_float_1_768_ap_int_ap_float_12_128_64_ap_fl_3_address0                  |  14|          3|   11|         33|
    |equal3_stitched_top_ap_float_1_768_ap_int_ap_float_12_128_64_ap_fl_3_ce0                       |  14|          3|    1|          3|
    |equal3_stitched_top_ap_float_1_768_ap_int_ap_float_12_128_64_ap_fl_3_we0                       |   9|          2|    1|          2|
    |equal3_stitched_top_ap_float_1_768_ap_int_ap_float_12_128_64_ap_fl_4_address0                  |  14|          3|   11|         33|
    |equal3_stitched_top_ap_float_1_768_ap_int_ap_float_12_128_64_ap_fl_4_ce0                       |  14|          3|    1|          3|
    |equal3_stitched_top_ap_float_1_768_ap_int_ap_float_12_128_64_ap_fl_4_we0                       |   9|          2|    1|          2|
    |equal3_stitched_top_ap_float_1_768_ap_int_ap_float_12_128_64_ap_fl_5_address0                  |  14|          3|   11|         33|
    |equal3_stitched_top_ap_float_1_768_ap_int_ap_float_12_128_64_ap_fl_5_ce0                       |  14|          3|    1|          3|
    |equal3_stitched_top_ap_float_1_768_ap_int_ap_float_12_128_64_ap_fl_5_we0                       |   9|          2|    1|          2|
    |equal3_stitched_top_ap_float_1_768_ap_int_ap_float_12_128_64_ap_fl_6_address0                  |  14|          3|   11|         33|
    |equal3_stitched_top_ap_float_1_768_ap_int_ap_float_12_128_64_ap_fl_6_ce0                       |  14|          3|    1|          3|
    |equal3_stitched_top_ap_float_1_768_ap_int_ap_float_12_128_64_ap_fl_6_we0                       |   9|          2|    1|          2|
    |equal3_stitched_top_ap_float_1_768_ap_int_ap_float_12_128_64_ap_fl_7_address0                  |  14|          3|   11|         33|
    |equal3_stitched_top_ap_float_1_768_ap_int_ap_float_12_128_64_ap_fl_7_ce0                       |  14|          3|    1|          3|
    |equal3_stitched_top_ap_float_1_768_ap_int_ap_float_12_128_64_ap_fl_7_we0                       |   9|          2|    1|          2|
    |equal3_stitched_top_ap_float_1_768_ap_int_ap_float_12_128_64_ap_fl_8_address0                  |  14|          3|   11|         33|
    |equal3_stitched_top_ap_float_1_768_ap_int_ap_float_12_128_64_ap_fl_8_ce0                       |  14|          3|    1|          3|
    |equal3_stitched_top_ap_float_1_768_ap_int_ap_float_12_128_64_ap_fl_8_we0                       |   9|          2|    1|          2|
    |equal3_stitched_top_ap_float_1_768_ap_int_ap_float_12_128_64_ap_fl_9_address0                  |  14|          3|   11|         33|
    |equal3_stitched_top_ap_float_1_768_ap_int_ap_float_12_128_64_ap_fl_9_ce0                       |  14|          3|    1|          3|
    |equal3_stitched_top_ap_float_1_768_ap_int_ap_float_12_128_64_ap_fl_9_we0                       |   9|          2|    1|          2|
    |equal3_stitched_top_ap_float_1_768_ap_int_ap_float_12_128_64_ap_fl_address0                    |  14|          3|   10|         30|
    |equal3_stitched_top_ap_float_1_768_ap_int_ap_float_12_128_64_ap_fl_ce0                         |  14|          3|    1|          3|
    |equal3_stitched_top_ap_float_1_768_ap_int_ap_float_12_128_64_ap_fl_we0                         |   9|          2|    1|          2|
    |grp_fu_775_ce                                                                                  |  14|          3|    1|          3|
    |grp_fu_775_p0                                                                                  |  14|          3|   32|         96|
    |grp_fu_775_p1                                                                                  |  14|          3|   32|         96|
    |p_ZZ19equal3_stitched_topPA1_A768_8ap_floatILi16ELi8EEP6ap_intILi32EEPA12_A128_A6_10_address0  |  14|          3|    5|         15|
    |p_ZZ19equal3_stitched_topPA1_A768_8ap_floatILi16ELi8EEP6ap_intILi32EEPA12_A128_A6_10_ce0       |  14|          3|    1|          3|
    |p_ZZ19equal3_stitched_topPA1_A768_8ap_floatILi16ELi8EEP6ap_intILi32EEPA12_A128_A6_10_ce1       |   9|          2|    1|          2|
    |p_ZZ19equal3_stitched_topPA1_A768_8ap_floatILi16ELi8EEP6ap_intILi32EEPA12_A128_A6_10_we0       |   9|          2|    1|          2|
    |p_ZZ19equal3_stitched_topPA1_A768_8ap_floatILi16ELi8EEP6ap_intILi32EEPA12_A128_A6_11_address0  |  14|          3|    5|         15|
    |p_ZZ19equal3_stitched_topPA1_A768_8ap_floatILi16ELi8EEP6ap_intILi32EEPA12_A128_A6_11_ce0       |  14|          3|    1|          3|
    |p_ZZ19equal3_stitched_topPA1_A768_8ap_floatILi16ELi8EEP6ap_intILi32EEPA12_A128_A6_11_ce1       |   9|          2|    1|          2|
    |p_ZZ19equal3_stitched_topPA1_A768_8ap_floatILi16ELi8EEP6ap_intILi32EEPA12_A128_A6_11_we0       |   9|          2|    1|          2|
    |p_ZZ19equal3_stitched_topPA1_A768_8ap_floatILi16ELi8EEP6ap_intILi32EEPA12_A128_A6_12_address0  |  14|          3|    5|         15|
    |p_ZZ19equal3_stitched_topPA1_A768_8ap_floatILi16ELi8EEP6ap_intILi32EEPA12_A128_A6_12_ce0       |  14|          3|    1|          3|
    |p_ZZ19equal3_stitched_topPA1_A768_8ap_floatILi16ELi8EEP6ap_intILi32EEPA12_A128_A6_12_ce1       |   9|          2|    1|          2|
    |p_ZZ19equal3_stitched_topPA1_A768_8ap_floatILi16ELi8EEP6ap_intILi32EEPA12_A128_A6_12_we0       |   9|          2|    1|          2|
    |p_ZZ19equal3_stitched_topPA1_A768_8ap_floatILi16ELi8EEP6ap_intILi32EEPA12_A128_A6_13_address0  |  14|          3|    5|         15|
    |p_ZZ19equal3_stitched_topPA1_A768_8ap_floatILi16ELi8EEP6ap_intILi32EEPA12_A128_A6_13_ce0       |  14|          3|    1|          3|
    |p_ZZ19equal3_stitched_topPA1_A768_8ap_floatILi16ELi8EEP6ap_intILi32EEPA12_A128_A6_13_ce1       |   9|          2|    1|          2|
    |p_ZZ19equal3_stitched_topPA1_A768_8ap_floatILi16ELi8EEP6ap_intILi32EEPA12_A128_A6_13_we0       |   9|          2|    1|          2|
    |p_ZZ19equal3_stitched_topPA1_A768_8ap_floatILi16ELi8EEP6ap_intILi32EEPA12_A128_A6_14_address0  |  14|          3|    5|         15|
    |p_ZZ19equal3_stitched_topPA1_A768_8ap_floatILi16ELi8EEP6ap_intILi32EEPA12_A128_A6_14_ce0       |  14|          3|    1|          3|
    |p_ZZ19equal3_stitched_topPA1_A768_8ap_floatILi16ELi8EEP6ap_intILi32EEPA12_A128_A6_14_ce1       |   9|          2|    1|          2|
    |p_ZZ19equal3_stitched_topPA1_A768_8ap_floatILi16ELi8EEP6ap_intILi32EEPA12_A128_A6_14_we0       |   9|          2|    1|          2|
    |p_ZZ19equal3_stitched_topPA1_A768_8ap_floatILi16ELi8EEP6ap_intILi32EEPA12_A128_A6_15_address0  |  14|          3|    5|         15|
    |p_ZZ19equal3_stitched_topPA1_A768_8ap_floatILi16ELi8EEP6ap_intILi32EEPA12_A128_A6_15_ce0       |  14|          3|    1|          3|
    |p_ZZ19equal3_stitched_topPA1_A768_8ap_floatILi16ELi8EEP6ap_intILi32EEPA12_A128_A6_15_ce1       |   9|          2|    1|          2|
    |p_ZZ19equal3_stitched_topPA1_A768_8ap_floatILi16ELi8EEP6ap_intILi32EEPA12_A128_A6_15_we0       |   9|          2|    1|          2|
    |p_ZZ19equal3_stitched_topPA1_A768_8ap_floatILi16ELi8EEP6ap_intILi32EEPA12_A128_A6_16_address0  |  14|          3|    5|         15|
    |p_ZZ19equal3_stitched_topPA1_A768_8ap_floatILi16ELi8EEP6ap_intILi32EEPA12_A128_A6_16_ce0       |  14|          3|    1|          3|
    |p_ZZ19equal3_stitched_topPA1_A768_8ap_floatILi16ELi8EEP6ap_intILi32EEPA12_A128_A6_16_ce1       |   9|          2|    1|          2|
    |p_ZZ19equal3_stitched_topPA1_A768_8ap_floatILi16ELi8EEP6ap_intILi32EEPA12_A128_A6_16_we0       |   9|          2|    1|          2|
    |p_ZZ19equal3_stitched_topPA1_A768_8ap_floatILi16ELi8EEP6ap_intILi32EEPA12_A128_A6_17_address0  |  14|          3|    5|         15|
    |p_ZZ19equal3_stitched_topPA1_A768_8ap_floatILi16ELi8EEP6ap_intILi32EEPA12_A128_A6_17_ce0       |  14|          3|    1|          3|
    |p_ZZ19equal3_stitched_topPA1_A768_8ap_floatILi16ELi8EEP6ap_intILi32EEPA12_A128_A6_17_ce1       |   9|          2|    1|          2|
    |p_ZZ19equal3_stitched_topPA1_A768_8ap_floatILi16ELi8EEP6ap_intILi32EEPA12_A128_A6_17_we0       |   9|          2|    1|          2|
    |p_ZZ19equal3_stitched_topPA1_A768_8ap_floatILi16ELi8EEP6ap_intILi32EEPA12_A128_A6_18_address0  |  14|          3|    5|         15|
    |p_ZZ19equal3_stitched_topPA1_A768_8ap_floatILi16ELi8EEP6ap_intILi32EEPA12_A128_A6_18_ce0       |  14|          3|    1|          3|
    |p_ZZ19equal3_stitched_topPA1_A768_8ap_floatILi16ELi8EEP6ap_intILi32EEPA12_A128_A6_18_ce1       |   9|          2|    1|          2|
    |p_ZZ19equal3_stitched_topPA1_A768_8ap_floatILi16ELi8EEP6ap_intILi32EEPA12_A128_A6_18_we0       |   9|          2|    1|          2|
    |p_ZZ19equal3_stitched_topPA1_A768_8ap_floatILi16ELi8EEP6ap_intILi32EEPA12_A128_A6_19_address0  |  14|          3|    5|         15|
    |p_ZZ19equal3_stitched_topPA1_A768_8ap_floatILi16ELi8EEP6ap_intILi32EEPA12_A128_A6_19_ce0       |  14|          3|    1|          3|
    |p_ZZ19equal3_stitched_topPA1_A768_8ap_floatILi16ELi8EEP6ap_intILi32EEPA12_A128_A6_19_ce1       |   9|          2|    1|          2|
    |p_ZZ19equal3_stitched_topPA1_A768_8ap_floatILi16ELi8EEP6ap_intILi32EEPA12_A128_A6_19_we0       |   9|          2|    1|          2|
    |p_ZZ19equal3_stitched_topPA1_A768_8ap_floatILi16ELi8EEP6ap_intILi32EEPA12_A128_A6_1_address0   |  14|          3|    5|         15|
    |p_ZZ19equal3_stitched_topPA1_A768_8ap_floatILi16ELi8EEP6ap_intILi32EEPA12_A128_A6_1_ce0        |  14|          3|    1|          3|
    |p_ZZ19equal3_stitched_topPA1_A768_8ap_floatILi16ELi8EEP6ap_intILi32EEPA12_A128_A6_1_ce1        |   9|          2|    1|          2|
    |p_ZZ19equal3_stitched_topPA1_A768_8ap_floatILi16ELi8EEP6ap_intILi32EEPA12_A128_A6_1_we0        |   9|          2|    1|          2|
    |p_ZZ19equal3_stitched_topPA1_A768_8ap_floatILi16ELi8EEP6ap_intILi32EEPA12_A128_A6_20_address0  |  14|          3|    5|         15|
    |p_ZZ19equal3_stitched_topPA1_A768_8ap_floatILi16ELi8EEP6ap_intILi32EEPA12_A128_A6_20_ce0       |  14|          3|    1|          3|
    |p_ZZ19equal3_stitched_topPA1_A768_8ap_floatILi16ELi8EEP6ap_intILi32EEPA12_A128_A6_20_ce1       |   9|          2|    1|          2|
    |p_ZZ19equal3_stitched_topPA1_A768_8ap_floatILi16ELi8EEP6ap_intILi32EEPA12_A128_A6_20_we0       |   9|          2|    1|          2|
    |p_ZZ19equal3_stitched_topPA1_A768_8ap_floatILi16ELi8EEP6ap_intILi32EEPA12_A128_A6_21_address0  |  14|          3|    5|         15|
    |p_ZZ19equal3_stitched_topPA1_A768_8ap_floatILi16ELi8EEP6ap_intILi32EEPA12_A128_A6_21_ce0       |  14|          3|    1|          3|
    |p_ZZ19equal3_stitched_topPA1_A768_8ap_floatILi16ELi8EEP6ap_intILi32EEPA12_A128_A6_21_ce1       |   9|          2|    1|          2|
    |p_ZZ19equal3_stitched_topPA1_A768_8ap_floatILi16ELi8EEP6ap_intILi32EEPA12_A128_A6_21_we0       |   9|          2|    1|          2|
    |p_ZZ19equal3_stitched_topPA1_A768_8ap_floatILi16ELi8EEP6ap_intILi32EEPA12_A128_A6_22_address0  |  14|          3|   11|         33|
    |p_ZZ19equal3_stitched_topPA1_A768_8ap_floatILi16ELi8EEP6ap_intILi32EEPA12_A128_A6_22_ce0       |  14|          3|    1|          3|
    |p_ZZ19equal3_stitched_topPA1_A768_8ap_floatILi16ELi8EEP6ap_intILi32EEPA12_A128_A6_22_we0       |   9|          2|    1|          2|
    |p_ZZ19equal3_stitched_topPA1_A768_8ap_floatILi16ELi8EEP6ap_intILi32EEPA12_A128_A6_23_address0  |  14|          3|   11|         33|
    |p_ZZ19equal3_stitched_topPA1_A768_8ap_floatILi16ELi8EEP6ap_intILi32EEPA12_A128_A6_23_ce0       |  14|          3|    1|          3|
    |p_ZZ19equal3_stitched_topPA1_A768_8ap_floatILi16ELi8EEP6ap_intILi32EEPA12_A128_A6_23_we0       |   9|          2|    1|          2|
    |p_ZZ19equal3_stitched_topPA1_A768_8ap_floatILi16ELi8EEP6ap_intILi32EEPA12_A128_A6_24_address0  |  14|          3|   11|         33|
    |p_ZZ19equal3_stitched_topPA1_A768_8ap_floatILi16ELi8EEP6ap_intILi32EEPA12_A128_A6_24_ce0       |  14|          3|    1|          3|
    |p_ZZ19equal3_stitched_topPA1_A768_8ap_floatILi16ELi8EEP6ap_intILi32EEPA12_A128_A6_24_we0       |   9|          2|    1|          2|
    |p_ZZ19equal3_stitched_topPA1_A768_8ap_floatILi16ELi8EEP6ap_intILi32EEPA12_A128_A6_25_address0  |  14|          3|   11|         33|
    |p_ZZ19equal3_stitched_topPA1_A768_8ap_floatILi16ELi8EEP6ap_intILi32EEPA12_A128_A6_25_ce0       |  14|          3|    1|          3|
    |p_ZZ19equal3_stitched_topPA1_A768_8ap_floatILi16ELi8EEP6ap_intILi32EEPA12_A128_A6_25_we0       |   9|          2|    1|          2|
    |p_ZZ19equal3_stitched_topPA1_A768_8ap_floatILi16ELi8EEP6ap_intILi32EEPA12_A128_A6_26_address0  |  14|          3|   11|         33|
    |p_ZZ19equal3_stitched_topPA1_A768_8ap_floatILi16ELi8EEP6ap_intILi32EEPA12_A128_A6_26_ce0       |  14|          3|    1|          3|
    |p_ZZ19equal3_stitched_topPA1_A768_8ap_floatILi16ELi8EEP6ap_intILi32EEPA12_A128_A6_26_we0       |   9|          2|    1|          2|
    |p_ZZ19equal3_stitched_topPA1_A768_8ap_floatILi16ELi8EEP6ap_intILi32EEPA12_A128_A6_27_address0  |  14|          3|   11|         33|
    |p_ZZ19equal3_stitched_topPA1_A768_8ap_floatILi16ELi8EEP6ap_intILi32EEPA12_A128_A6_27_ce0       |  14|          3|    1|          3|
    |p_ZZ19equal3_stitched_topPA1_A768_8ap_floatILi16ELi8EEP6ap_intILi32EEPA12_A128_A6_27_we0       |   9|          2|    1|          2|
    |p_ZZ19equal3_stitched_topPA1_A768_8ap_floatILi16ELi8EEP6ap_intILi32EEPA12_A128_A6_28_address0  |  14|          3|   11|         33|
    |p_ZZ19equal3_stitched_topPA1_A768_8ap_floatILi16ELi8EEP6ap_intILi32EEPA12_A128_A6_28_ce0       |  14|          3|    1|          3|
    |p_ZZ19equal3_stitched_topPA1_A768_8ap_floatILi16ELi8EEP6ap_intILi32EEPA12_A128_A6_28_we0       |   9|          2|    1|          2|
    |p_ZZ19equal3_stitched_topPA1_A768_8ap_floatILi16ELi8EEP6ap_intILi32EEPA12_A128_A6_29_address0  |  14|          3|   11|         33|
    |p_ZZ19equal3_stitched_topPA1_A768_8ap_floatILi16ELi8EEP6ap_intILi32EEPA12_A128_A6_29_ce0       |  14|          3|    1|          3|
    |p_ZZ19equal3_stitched_topPA1_A768_8ap_floatILi16ELi8EEP6ap_intILi32EEPA12_A128_A6_29_we0       |   9|          2|    1|          2|
    |p_ZZ19equal3_stitched_topPA1_A768_8ap_floatILi16ELi8EEP6ap_intILi32EEPA12_A128_A6_2_address0   |  14|          3|    5|         15|
    |p_ZZ19equal3_stitched_topPA1_A768_8ap_floatILi16ELi8EEP6ap_intILi32EEPA12_A128_A6_2_ce0        |  14|          3|    1|          3|
    |p_ZZ19equal3_stitched_topPA1_A768_8ap_floatILi16ELi8EEP6ap_intILi32EEPA12_A128_A6_2_ce1        |   9|          2|    1|          2|
    |p_ZZ19equal3_stitched_topPA1_A768_8ap_floatILi16ELi8EEP6ap_intILi32EEPA12_A128_A6_2_we0        |   9|          2|    1|          2|
    |p_ZZ19equal3_stitched_topPA1_A768_8ap_floatILi16ELi8EEP6ap_intILi32EEPA12_A128_A6_30_address0  |  14|          3|   11|         33|
    |p_ZZ19equal3_stitched_topPA1_A768_8ap_floatILi16ELi8EEP6ap_intILi32EEPA12_A128_A6_30_ce0       |  14|          3|    1|          3|
    |p_ZZ19equal3_stitched_topPA1_A768_8ap_floatILi16ELi8EEP6ap_intILi32EEPA12_A128_A6_30_we0       |   9|          2|    1|          2|
    |p_ZZ19equal3_stitched_topPA1_A768_8ap_floatILi16ELi8EEP6ap_intILi32EEPA12_A128_A6_31_address0  |  14|          3|   11|         33|
    |p_ZZ19equal3_stitched_topPA1_A768_8ap_floatILi16ELi8EEP6ap_intILi32EEPA12_A128_A6_31_ce0       |  14|          3|    1|          3|
    |p_ZZ19equal3_stitched_topPA1_A768_8ap_floatILi16ELi8EEP6ap_intILi32EEPA12_A128_A6_31_we0       |   9|          2|    1|          2|
    |p_ZZ19equal3_stitched_topPA1_A768_8ap_floatILi16ELi8EEP6ap_intILi32EEPA12_A128_A6_32_address0  |  14|          3|   11|         33|
    |p_ZZ19equal3_stitched_topPA1_A768_8ap_floatILi16ELi8EEP6ap_intILi32EEPA12_A128_A6_32_ce0       |  14|          3|    1|          3|
    |p_ZZ19equal3_stitched_topPA1_A768_8ap_floatILi16ELi8EEP6ap_intILi32EEPA12_A128_A6_32_we0       |   9|          2|    1|          2|
    |p_ZZ19equal3_stitched_topPA1_A768_8ap_floatILi16ELi8EEP6ap_intILi32EEPA12_A128_A6_33_address0  |  14|          3|   11|         33|
    |p_ZZ19equal3_stitched_topPA1_A768_8ap_floatILi16ELi8EEP6ap_intILi32EEPA12_A128_A6_33_ce0       |  14|          3|    1|          3|
    |p_ZZ19equal3_stitched_topPA1_A768_8ap_floatILi16ELi8EEP6ap_intILi32EEPA12_A128_A6_33_we0       |   9|          2|    1|          2|
    |p_ZZ19equal3_stitched_topPA1_A768_8ap_floatILi16ELi8EEP6ap_intILi32EEPA12_A128_A6_34_address0  |  14|          3|   11|         33|
    |p_ZZ19equal3_stitched_topPA1_A768_8ap_floatILi16ELi8EEP6ap_intILi32EEPA12_A128_A6_34_ce0       |  14|          3|    1|          3|
    |p_ZZ19equal3_stitched_topPA1_A768_8ap_floatILi16ELi8EEP6ap_intILi32EEPA12_A128_A6_34_we0       |   9|          2|    1|          2|
    |p_ZZ19equal3_stitched_topPA1_A768_8ap_floatILi16ELi8EEP6ap_intILi32EEPA12_A128_A6_35_address0  |  14|          3|   11|         33|
    |p_ZZ19equal3_stitched_topPA1_A768_8ap_floatILi16ELi8EEP6ap_intILi32EEPA12_A128_A6_35_ce0       |  14|          3|    1|          3|
    |p_ZZ19equal3_stitched_topPA1_A768_8ap_floatILi16ELi8EEP6ap_intILi32EEPA12_A128_A6_35_we0       |   9|          2|    1|          2|
    |p_ZZ19equal3_stitched_topPA1_A768_8ap_floatILi16ELi8EEP6ap_intILi32EEPA12_A128_A6_36_address0  |  14|          3|   11|         33|
    |p_ZZ19equal3_stitched_topPA1_A768_8ap_floatILi16ELi8EEP6ap_intILi32EEPA12_A128_A6_36_ce0       |  14|          3|    1|          3|
    |p_ZZ19equal3_stitched_topPA1_A768_8ap_floatILi16ELi8EEP6ap_intILi32EEPA12_A128_A6_36_we0       |   9|          2|    1|          2|
    |p_ZZ19equal3_stitched_topPA1_A768_8ap_floatILi16ELi8EEP6ap_intILi32EEPA12_A128_A6_37_address0  |  14|          3|   11|         33|
    |p_ZZ19equal3_stitched_topPA1_A768_8ap_floatILi16ELi8EEP6ap_intILi32EEPA12_A128_A6_37_ce0       |  14|          3|    1|          3|
    |p_ZZ19equal3_stitched_topPA1_A768_8ap_floatILi16ELi8EEP6ap_intILi32EEPA12_A128_A6_37_we0       |   9|          2|    1|          2|
    |p_ZZ19equal3_stitched_topPA1_A768_8ap_floatILi16ELi8EEP6ap_intILi32EEPA12_A128_A6_38_address0  |  14|          3|   11|         33|
    |p_ZZ19equal3_stitched_topPA1_A768_8ap_floatILi16ELi8EEP6ap_intILi32EEPA12_A128_A6_38_ce0       |  14|          3|    1|          3|
    |p_ZZ19equal3_stitched_topPA1_A768_8ap_floatILi16ELi8EEP6ap_intILi32EEPA12_A128_A6_38_we0       |   9|          2|    1|          2|
    |p_ZZ19equal3_stitched_topPA1_A768_8ap_floatILi16ELi8EEP6ap_intILi32EEPA12_A128_A6_39_address0  |  14|          3|   11|         33|
    |p_ZZ19equal3_stitched_topPA1_A768_8ap_floatILi16ELi8EEP6ap_intILi32EEPA12_A128_A6_39_ce0       |  14|          3|    1|          3|
    |p_ZZ19equal3_stitched_topPA1_A768_8ap_floatILi16ELi8EEP6ap_intILi32EEPA12_A128_A6_39_we0       |   9|          2|    1|          2|
    |p_ZZ19equal3_stitched_topPA1_A768_8ap_floatILi16ELi8EEP6ap_intILi32EEPA12_A128_A6_3_address0   |  14|          3|    5|         15|
    |p_ZZ19equal3_stitched_topPA1_A768_8ap_floatILi16ELi8EEP6ap_intILi32EEPA12_A128_A6_3_ce0        |  14|          3|    1|          3|
    |p_ZZ19equal3_stitched_topPA1_A768_8ap_floatILi16ELi8EEP6ap_intILi32EEPA12_A128_A6_3_ce1        |   9|          2|    1|          2|
    |p_ZZ19equal3_stitched_topPA1_A768_8ap_floatILi16ELi8EEP6ap_intILi32EEPA12_A128_A6_3_we0        |   9|          2|    1|          2|
    |p_ZZ19equal3_stitched_topPA1_A768_8ap_floatILi16ELi8EEP6ap_intILi32EEPA12_A128_A6_40_address0  |  14|          3|   11|         33|
    |p_ZZ19equal3_stitched_topPA1_A768_8ap_floatILi16ELi8EEP6ap_intILi32EEPA12_A128_A6_40_ce0       |  14|          3|    1|          3|
    |p_ZZ19equal3_stitched_topPA1_A768_8ap_floatILi16ELi8EEP6ap_intILi32EEPA12_A128_A6_40_we0       |   9|          2|    1|          2|
    |p_ZZ19equal3_stitched_topPA1_A768_8ap_floatILi16ELi8EEP6ap_intILi32EEPA12_A128_A6_41_address0  |  14|          3|   11|         33|
    |p_ZZ19equal3_stitched_topPA1_A768_8ap_floatILi16ELi8EEP6ap_intILi32EEPA12_A128_A6_41_ce0       |  14|          3|    1|          3|
    |p_ZZ19equal3_stitched_topPA1_A768_8ap_floatILi16ELi8EEP6ap_intILi32EEPA12_A128_A6_41_we0       |   9|          2|    1|          2|
    |p_ZZ19equal3_stitched_topPA1_A768_8ap_floatILi16ELi8EEP6ap_intILi32EEPA12_A128_A6_42_address0  |  14|          3|   11|         33|
    |p_ZZ19equal3_stitched_topPA1_A768_8ap_floatILi16ELi8EEP6ap_intILi32EEPA12_A128_A6_42_ce0       |  14|          3|    1|          3|
    |p_ZZ19equal3_stitched_topPA1_A768_8ap_floatILi16ELi8EEP6ap_intILi32EEPA12_A128_A6_42_we0       |   9|          2|    1|          2|
    |p_ZZ19equal3_stitched_topPA1_A768_8ap_floatILi16ELi8EEP6ap_intILi32EEPA12_A128_A6_43_address0  |  14|          3|   11|         33|
    |p_ZZ19equal3_stitched_topPA1_A768_8ap_floatILi16ELi8EEP6ap_intILi32EEPA12_A128_A6_43_ce0       |  14|          3|    1|          3|
    |p_ZZ19equal3_stitched_topPA1_A768_8ap_floatILi16ELi8EEP6ap_intILi32EEPA12_A128_A6_43_we0       |   9|          2|    1|          2|
    |p_ZZ19equal3_stitched_topPA1_A768_8ap_floatILi16ELi8EEP6ap_intILi32EEPA12_A128_A6_44_address0  |  14|          3|   11|         33|
    |p_ZZ19equal3_stitched_topPA1_A768_8ap_floatILi16ELi8EEP6ap_intILi32EEPA12_A128_A6_44_ce0       |  14|          3|    1|          3|
    |p_ZZ19equal3_stitched_topPA1_A768_8ap_floatILi16ELi8EEP6ap_intILi32EEPA12_A128_A6_44_we0       |   9|          2|    1|          2|
    |p_ZZ19equal3_stitched_topPA1_A768_8ap_floatILi16ELi8EEP6ap_intILi32EEPA12_A128_A6_45_address0  |  14|          3|   11|         33|
    |p_ZZ19equal3_stitched_topPA1_A768_8ap_floatILi16ELi8EEP6ap_intILi32EEPA12_A128_A6_45_ce0       |  14|          3|    1|          3|
    |p_ZZ19equal3_stitched_topPA1_A768_8ap_floatILi16ELi8EEP6ap_intILi32EEPA12_A128_A6_45_we0       |   9|          2|    1|          2|
    |p_ZZ19equal3_stitched_topPA1_A768_8ap_floatILi16ELi8EEP6ap_intILi32EEPA12_A128_A6_46_address0  |  14|          3|   11|         33|
    |p_ZZ19equal3_stitched_topPA1_A768_8ap_floatILi16ELi8EEP6ap_intILi32EEPA12_A128_A6_46_ce0       |  14|          3|    1|          3|
    |p_ZZ19equal3_stitched_topPA1_A768_8ap_floatILi16ELi8EEP6ap_intILi32EEPA12_A128_A6_46_we0       |   9|          2|    1|          2|
    |p_ZZ19equal3_stitched_topPA1_A768_8ap_floatILi16ELi8EEP6ap_intILi32EEPA12_A128_A6_47_address0  |  14|          3|   11|         33|
    |p_ZZ19equal3_stitched_topPA1_A768_8ap_floatILi16ELi8EEP6ap_intILi32EEPA12_A128_A6_47_ce0       |  14|          3|    1|          3|
    |p_ZZ19equal3_stitched_topPA1_A768_8ap_floatILi16ELi8EEP6ap_intILi32EEPA12_A128_A6_47_we0       |   9|          2|    1|          2|
    |p_ZZ19equal3_stitched_topPA1_A768_8ap_floatILi16ELi8EEP6ap_intILi32EEPA12_A128_A6_48_address0  |  14|          3|   11|         33|
    |p_ZZ19equal3_stitched_topPA1_A768_8ap_floatILi16ELi8EEP6ap_intILi32EEPA12_A128_A6_48_ce0       |  14|          3|    1|          3|
    |p_ZZ19equal3_stitched_topPA1_A768_8ap_floatILi16ELi8EEP6ap_intILi32EEPA12_A128_A6_48_we0       |   9|          2|    1|          2|
    |p_ZZ19equal3_stitched_topPA1_A768_8ap_floatILi16ELi8EEP6ap_intILi32EEPA12_A128_A6_49_address0  |  14|          3|   11|         33|
    |p_ZZ19equal3_stitched_topPA1_A768_8ap_floatILi16ELi8EEP6ap_intILi32EEPA12_A128_A6_49_ce0       |  14|          3|    1|          3|
    |p_ZZ19equal3_stitched_topPA1_A768_8ap_floatILi16ELi8EEP6ap_intILi32EEPA12_A128_A6_49_we0       |   9|          2|    1|          2|
    |p_ZZ19equal3_stitched_topPA1_A768_8ap_floatILi16ELi8EEP6ap_intILi32EEPA12_A128_A6_4_address0   |  14|          3|    5|         15|
    |p_ZZ19equal3_stitched_topPA1_A768_8ap_floatILi16ELi8EEP6ap_intILi32EEPA12_A128_A6_4_ce0        |  14|          3|    1|          3|
    |p_ZZ19equal3_stitched_topPA1_A768_8ap_floatILi16ELi8EEP6ap_intILi32EEPA12_A128_A6_4_ce1        |   9|          2|    1|          2|
    |p_ZZ19equal3_stitched_topPA1_A768_8ap_floatILi16ELi8EEP6ap_intILi32EEPA12_A128_A6_4_we0        |   9|          2|    1|          2|
    |p_ZZ19equal3_stitched_topPA1_A768_8ap_floatILi16ELi8EEP6ap_intILi32EEPA12_A128_A6_50_address0  |  14|          3|   11|         33|
    |p_ZZ19equal3_stitched_topPA1_A768_8ap_floatILi16ELi8EEP6ap_intILi32EEPA12_A128_A6_50_ce0       |  14|          3|    1|          3|
    |p_ZZ19equal3_stitched_topPA1_A768_8ap_floatILi16ELi8EEP6ap_intILi32EEPA12_A128_A6_50_we0       |   9|          2|    1|          2|
    |p_ZZ19equal3_stitched_topPA1_A768_8ap_floatILi16ELi8EEP6ap_intILi32EEPA12_A128_A6_51_address0  |  14|          3|   11|         33|
    |p_ZZ19equal3_stitched_topPA1_A768_8ap_floatILi16ELi8EEP6ap_intILi32EEPA12_A128_A6_51_ce0       |  14|          3|    1|          3|
    |p_ZZ19equal3_stitched_topPA1_A768_8ap_floatILi16ELi8EEP6ap_intILi32EEPA12_A128_A6_51_we0       |   9|          2|    1|          2|
    |p_ZZ19equal3_stitched_topPA1_A768_8ap_floatILi16ELi8EEP6ap_intILi32EEPA12_A128_A6_52_address0  |  14|          3|   11|         33|
    |p_ZZ19equal3_stitched_topPA1_A768_8ap_floatILi16ELi8EEP6ap_intILi32EEPA12_A128_A6_52_ce0       |  14|          3|    1|          3|
    |p_ZZ19equal3_stitched_topPA1_A768_8ap_floatILi16ELi8EEP6ap_intILi32EEPA12_A128_A6_52_we0       |   9|          2|    1|          2|
    |p_ZZ19equal3_stitched_topPA1_A768_8ap_floatILi16ELi8EEP6ap_intILi32EEPA12_A128_A6_53_address0  |  14|          3|   11|         33|
    |p_ZZ19equal3_stitched_topPA1_A768_8ap_floatILi16ELi8EEP6ap_intILi32EEPA12_A128_A6_53_ce0       |  14|          3|    1|          3|
    |p_ZZ19equal3_stitched_topPA1_A768_8ap_floatILi16ELi8EEP6ap_intILi32EEPA12_A128_A6_53_we0       |   9|          2|    1|          2|
    |p_ZZ19equal3_stitched_topPA1_A768_8ap_floatILi16ELi8EEP6ap_intILi32EEPA12_A128_A6_54_address0  |  14|          3|   11|         33|
    |p_ZZ19equal3_stitched_topPA1_A768_8ap_floatILi16ELi8EEP6ap_intILi32EEPA12_A128_A6_54_ce0       |  14|          3|    1|          3|
    |p_ZZ19equal3_stitched_topPA1_A768_8ap_floatILi16ELi8EEP6ap_intILi32EEPA12_A128_A6_54_we0       |   9|          2|    1|          2|
    |p_ZZ19equal3_stitched_topPA1_A768_8ap_floatILi16ELi8EEP6ap_intILi32EEPA12_A128_A6_55_address0  |  14|          3|   11|         33|
    |p_ZZ19equal3_stitched_topPA1_A768_8ap_floatILi16ELi8EEP6ap_intILi32EEPA12_A128_A6_55_ce0       |  14|          3|    1|          3|
    |p_ZZ19equal3_stitched_topPA1_A768_8ap_floatILi16ELi8EEP6ap_intILi32EEPA12_A128_A6_55_we0       |   9|          2|    1|          2|
    |p_ZZ19equal3_stitched_topPA1_A768_8ap_floatILi16ELi8EEP6ap_intILi32EEPA12_A128_A6_56_address0  |  14|          3|   11|         33|
    |p_ZZ19equal3_stitched_topPA1_A768_8ap_floatILi16ELi8EEP6ap_intILi32EEPA12_A128_A6_56_ce0       |  14|          3|    1|          3|
    |p_ZZ19equal3_stitched_topPA1_A768_8ap_floatILi16ELi8EEP6ap_intILi32EEPA12_A128_A6_56_we0       |   9|          2|    1|          2|
    |p_ZZ19equal3_stitched_topPA1_A768_8ap_floatILi16ELi8EEP6ap_intILi32EEPA12_A128_A6_57_address0  |  14|          3|   11|         33|
    |p_ZZ19equal3_stitched_topPA1_A768_8ap_floatILi16ELi8EEP6ap_intILi32EEPA12_A128_A6_57_ce0       |  14|          3|    1|          3|
    |p_ZZ19equal3_stitched_topPA1_A768_8ap_floatILi16ELi8EEP6ap_intILi32EEPA12_A128_A6_57_we0       |   9|          2|    1|          2|
    |p_ZZ19equal3_stitched_topPA1_A768_8ap_floatILi16ELi8EEP6ap_intILi32EEPA12_A128_A6_58_address0  |  14|          3|   11|         33|
    |p_ZZ19equal3_stitched_topPA1_A768_8ap_floatILi16ELi8EEP6ap_intILi32EEPA12_A128_A6_58_ce0       |  14|          3|    1|          3|
    |p_ZZ19equal3_stitched_topPA1_A768_8ap_floatILi16ELi8EEP6ap_intILi32EEPA12_A128_A6_58_we0       |   9|          2|    1|          2|
    |p_ZZ19equal3_stitched_topPA1_A768_8ap_floatILi16ELi8EEP6ap_intILi32EEPA12_A128_A6_59_address0  |  14|          3|   11|         33|
    |p_ZZ19equal3_stitched_topPA1_A768_8ap_floatILi16ELi8EEP6ap_intILi32EEPA12_A128_A6_59_ce0       |  14|          3|    1|          3|
    |p_ZZ19equal3_stitched_topPA1_A768_8ap_floatILi16ELi8EEP6ap_intILi32EEPA12_A128_A6_59_we0       |   9|          2|    1|          2|
    |p_ZZ19equal3_stitched_topPA1_A768_8ap_floatILi16ELi8EEP6ap_intILi32EEPA12_A128_A6_5_address0   |  14|          3|    5|         15|
    |p_ZZ19equal3_stitched_topPA1_A768_8ap_floatILi16ELi8EEP6ap_intILi32EEPA12_A128_A6_5_ce0        |  14|          3|    1|          3|
    |p_ZZ19equal3_stitched_topPA1_A768_8ap_floatILi16ELi8EEP6ap_intILi32EEPA12_A128_A6_5_ce1        |   9|          2|    1|          2|
    |p_ZZ19equal3_stitched_topPA1_A768_8ap_floatILi16ELi8EEP6ap_intILi32EEPA12_A128_A6_5_we0        |   9|          2|    1|          2|
    |p_ZZ19equal3_stitched_topPA1_A768_8ap_floatILi16ELi8EEP6ap_intILi32EEPA12_A128_A6_60_address0  |  14|          3|   11|         33|
    |p_ZZ19equal3_stitched_topPA1_A768_8ap_floatILi16ELi8EEP6ap_intILi32EEPA12_A128_A6_60_ce0       |  14|          3|    1|          3|
    |p_ZZ19equal3_stitched_topPA1_A768_8ap_floatILi16ELi8EEP6ap_intILi32EEPA12_A128_A6_60_we0       |   9|          2|    1|          2|
    |p_ZZ19equal3_stitched_topPA1_A768_8ap_floatILi16ELi8EEP6ap_intILi32EEPA12_A128_A6_61_address0  |  14|          3|   11|         33|
    |p_ZZ19equal3_stitched_topPA1_A768_8ap_floatILi16ELi8EEP6ap_intILi32EEPA12_A128_A6_61_ce0       |  14|          3|    1|          3|
    |p_ZZ19equal3_stitched_topPA1_A768_8ap_floatILi16ELi8EEP6ap_intILi32EEPA12_A128_A6_61_we0       |   9|          2|    1|          2|
    |p_ZZ19equal3_stitched_topPA1_A768_8ap_floatILi16ELi8EEP6ap_intILi32EEPA12_A128_A6_62_address0  |  14|          3|   11|         33|
    |p_ZZ19equal3_stitched_topPA1_A768_8ap_floatILi16ELi8EEP6ap_intILi32EEPA12_A128_A6_62_ce0       |  14|          3|    1|          3|
    |p_ZZ19equal3_stitched_topPA1_A768_8ap_floatILi16ELi8EEP6ap_intILi32EEPA12_A128_A6_62_we0       |   9|          2|    1|          2|
    |p_ZZ19equal3_stitched_topPA1_A768_8ap_floatILi16ELi8EEP6ap_intILi32EEPA12_A128_A6_63_address0  |  14|          3|   11|         33|
    |p_ZZ19equal3_stitched_topPA1_A768_8ap_floatILi16ELi8EEP6ap_intILi32EEPA12_A128_A6_63_ce0       |  14|          3|    1|          3|
    |p_ZZ19equal3_stitched_topPA1_A768_8ap_floatILi16ELi8EEP6ap_intILi32EEPA12_A128_A6_63_we0       |   9|          2|    1|          2|
    |p_ZZ19equal3_stitched_topPA1_A768_8ap_floatILi16ELi8EEP6ap_intILi32EEPA12_A128_A6_64_address0  |  14|          3|   11|         33|
    |p_ZZ19equal3_stitched_topPA1_A768_8ap_floatILi16ELi8EEP6ap_intILi32EEPA12_A128_A6_64_ce0       |  14|          3|    1|          3|
    |p_ZZ19equal3_stitched_topPA1_A768_8ap_floatILi16ELi8EEP6ap_intILi32EEPA12_A128_A6_64_we0       |   9|          2|    1|          2|
    |p_ZZ19equal3_stitched_topPA1_A768_8ap_floatILi16ELi8EEP6ap_intILi32EEPA12_A128_A6_65_address0  |  14|          3|   11|         33|
    |p_ZZ19equal3_stitched_topPA1_A768_8ap_floatILi16ELi8EEP6ap_intILi32EEPA12_A128_A6_65_ce0       |  14|          3|    1|          3|
    |p_ZZ19equal3_stitched_topPA1_A768_8ap_floatILi16ELi8EEP6ap_intILi32EEPA12_A128_A6_65_we0       |   9|          2|    1|          2|
    |p_ZZ19equal3_stitched_topPA1_A768_8ap_floatILi16ELi8EEP6ap_intILi32EEPA12_A128_A6_66_address0  |  14|          3|   11|         33|
    |p_ZZ19equal3_stitched_topPA1_A768_8ap_floatILi16ELi8EEP6ap_intILi32EEPA12_A128_A6_66_ce0       |  14|          3|    1|          3|
    |p_ZZ19equal3_stitched_topPA1_A768_8ap_floatILi16ELi8EEP6ap_intILi32EEPA12_A128_A6_66_we0       |   9|          2|    1|          2|
    |p_ZZ19equal3_stitched_topPA1_A768_8ap_floatILi16ELi8EEP6ap_intILi32EEPA12_A128_A6_67_address0  |  14|          3|   11|         33|
    |p_ZZ19equal3_stitched_topPA1_A768_8ap_floatILi16ELi8EEP6ap_intILi32EEPA12_A128_A6_67_ce0       |  14|          3|    1|          3|
    |p_ZZ19equal3_stitched_topPA1_A768_8ap_floatILi16ELi8EEP6ap_intILi32EEPA12_A128_A6_67_we0       |   9|          2|    1|          2|
    |p_ZZ19equal3_stitched_topPA1_A768_8ap_floatILi16ELi8EEP6ap_intILi32EEPA12_A128_A6_68_address0  |  14|          3|   11|         33|
    |p_ZZ19equal3_stitched_topPA1_A768_8ap_floatILi16ELi8EEP6ap_intILi32EEPA12_A128_A6_68_ce0       |  14|          3|    1|          3|
    |p_ZZ19equal3_stitched_topPA1_A768_8ap_floatILi16ELi8EEP6ap_intILi32EEPA12_A128_A6_68_we0       |   9|          2|    1|          2|
    |p_ZZ19equal3_stitched_topPA1_A768_8ap_floatILi16ELi8EEP6ap_intILi32EEPA12_A128_A6_69_address0  |  14|          3|   11|         33|
    |p_ZZ19equal3_stitched_topPA1_A768_8ap_floatILi16ELi8EEP6ap_intILi32EEPA12_A128_A6_69_ce0       |  14|          3|    1|          3|
    |p_ZZ19equal3_stitched_topPA1_A768_8ap_floatILi16ELi8EEP6ap_intILi32EEPA12_A128_A6_69_we0       |   9|          2|    1|          2|
    |p_ZZ19equal3_stitched_topPA1_A768_8ap_floatILi16ELi8EEP6ap_intILi32EEPA12_A128_A6_6_address0   |  14|          3|    5|         15|
    |p_ZZ19equal3_stitched_topPA1_A768_8ap_floatILi16ELi8EEP6ap_intILi32EEPA12_A128_A6_6_ce0        |  14|          3|    1|          3|
    |p_ZZ19equal3_stitched_topPA1_A768_8ap_floatILi16ELi8EEP6ap_intILi32EEPA12_A128_A6_6_ce1        |   9|          2|    1|          2|
    |p_ZZ19equal3_stitched_topPA1_A768_8ap_floatILi16ELi8EEP6ap_intILi32EEPA12_A128_A6_6_we0        |   9|          2|    1|          2|
    |p_ZZ19equal3_stitched_topPA1_A768_8ap_floatILi16ELi8EEP6ap_intILi32EEPA12_A128_A6_70_address0  |  14|          3|   11|         33|
    |p_ZZ19equal3_stitched_topPA1_A768_8ap_floatILi16ELi8EEP6ap_intILi32EEPA12_A128_A6_70_ce0       |  14|          3|    1|          3|
    |p_ZZ19equal3_stitched_topPA1_A768_8ap_floatILi16ELi8EEP6ap_intILi32EEPA12_A128_A6_70_we0       |   9|          2|    1|          2|
    |p_ZZ19equal3_stitched_topPA1_A768_8ap_floatILi16ELi8EEP6ap_intILi32EEPA12_A128_A6_71_address0  |  14|          3|   11|         33|
    |p_ZZ19equal3_stitched_topPA1_A768_8ap_floatILi16ELi8EEP6ap_intILi32EEPA12_A128_A6_71_ce0       |  14|          3|    1|          3|
    |p_ZZ19equal3_stitched_topPA1_A768_8ap_floatILi16ELi8EEP6ap_intILi32EEPA12_A128_A6_71_we0       |   9|          2|    1|          2|
    |p_ZZ19equal3_stitched_topPA1_A768_8ap_floatILi16ELi8EEP6ap_intILi32EEPA12_A128_A6_72_address0  |  14|          3|   11|         33|
    |p_ZZ19equal3_stitched_topPA1_A768_8ap_floatILi16ELi8EEP6ap_intILi32EEPA12_A128_A6_72_ce0       |  14|          3|    1|          3|
    |p_ZZ19equal3_stitched_topPA1_A768_8ap_floatILi16ELi8EEP6ap_intILi32EEPA12_A128_A6_72_we0       |   9|          2|    1|          2|
    |p_ZZ19equal3_stitched_topPA1_A768_8ap_floatILi16ELi8EEP6ap_intILi32EEPA12_A128_A6_73_address0  |  14|          3|   11|         33|
    |p_ZZ19equal3_stitched_topPA1_A768_8ap_floatILi16ELi8EEP6ap_intILi32EEPA12_A128_A6_73_ce0       |  14|          3|    1|          3|
    |p_ZZ19equal3_stitched_topPA1_A768_8ap_floatILi16ELi8EEP6ap_intILi32EEPA12_A128_A6_73_we0       |   9|          2|    1|          2|
    |p_ZZ19equal3_stitched_topPA1_A768_8ap_floatILi16ELi8EEP6ap_intILi32EEPA12_A128_A6_74_address0  |  14|          3|   11|         33|
    |p_ZZ19equal3_stitched_topPA1_A768_8ap_floatILi16ELi8EEP6ap_intILi32EEPA12_A128_A6_74_ce0       |  14|          3|    1|          3|
    |p_ZZ19equal3_stitched_topPA1_A768_8ap_floatILi16ELi8EEP6ap_intILi32EEPA12_A128_A6_74_we0       |   9|          2|    1|          2|
    |p_ZZ19equal3_stitched_topPA1_A768_8ap_floatILi16ELi8EEP6ap_intILi32EEPA12_A128_A6_75_address0  |  14|          3|   11|         33|
    |p_ZZ19equal3_stitched_topPA1_A768_8ap_floatILi16ELi8EEP6ap_intILi32EEPA12_A128_A6_75_ce0       |  14|          3|    1|          3|
    |p_ZZ19equal3_stitched_topPA1_A768_8ap_floatILi16ELi8EEP6ap_intILi32EEPA12_A128_A6_75_we0       |   9|          2|    1|          2|
    |p_ZZ19equal3_stitched_topPA1_A768_8ap_floatILi16ELi8EEP6ap_intILi32EEPA12_A128_A6_7_address0   |  14|          3|    5|         15|
    |p_ZZ19equal3_stitched_topPA1_A768_8ap_floatILi16ELi8EEP6ap_intILi32EEPA12_A128_A6_7_ce0        |  14|          3|    1|          3|
    |p_ZZ19equal3_stitched_topPA1_A768_8ap_floatILi16ELi8EEP6ap_intILi32EEPA12_A128_A6_7_ce1        |   9|          2|    1|          2|
    |p_ZZ19equal3_stitched_topPA1_A768_8ap_floatILi16ELi8EEP6ap_intILi32EEPA12_A128_A6_7_we0        |   9|          2|    1|          2|
    |p_ZZ19equal3_stitched_topPA1_A768_8ap_floatILi16ELi8EEP6ap_intILi32EEPA12_A128_A6_8_address0   |  14|          3|    5|         15|
    |p_ZZ19equal3_stitched_topPA1_A768_8ap_floatILi16ELi8EEP6ap_intILi32EEPA12_A128_A6_8_ce0        |  14|          3|    1|          3|
    |p_ZZ19equal3_stitched_topPA1_A768_8ap_floatILi16ELi8EEP6ap_intILi32EEPA12_A128_A6_8_ce1        |   9|          2|    1|          2|
    |p_ZZ19equal3_stitched_topPA1_A768_8ap_floatILi16ELi8EEP6ap_intILi32EEPA12_A128_A6_8_we0        |   9|          2|    1|          2|
    |p_ZZ19equal3_stitched_topPA1_A768_8ap_floatILi16ELi8EEP6ap_intILi32EEPA12_A128_A6_9_address0   |  14|          3|    5|         15|
    |p_ZZ19equal3_stitched_topPA1_A768_8ap_floatILi16ELi8EEP6ap_intILi32EEPA12_A128_A6_9_ce0        |  14|          3|    1|          3|
    |p_ZZ19equal3_stitched_topPA1_A768_8ap_floatILi16ELi8EEP6ap_intILi32EEPA12_A128_A6_9_ce1        |   9|          2|    1|          2|
    |p_ZZ19equal3_stitched_topPA1_A768_8ap_floatILi16ELi8EEP6ap_intILi32EEPA12_A128_A6_9_we0        |   9|          2|    1|          2|
    |p_ZZ19equal3_stitched_topPA1_A768_8ap_floatILi16ELi8EEP6ap_intILi32EEPA12_A128_A6_address0     |  14|          3|    5|         15|
    |p_ZZ19equal3_stitched_topPA1_A768_8ap_floatILi16ELi8EEP6ap_intILi32EEPA12_A128_A6_ce0          |  14|          3|    1|          3|
    |p_ZZ19equal3_stitched_topPA1_A768_8ap_floatILi16ELi8EEP6ap_intILi32EEPA12_A128_A6_ce1          |   9|          2|    1|          2|
    |p_ZZ19equal3_stitched_topPA1_A768_8ap_floatILi16ELi8EEP6ap_intILi32EEPA12_A128_A6_we0          |   9|          2|    1|          2|
    +-----------------------------------------------------------------------------------------------+----+-----------+-----+-----------+
    |Total                                                                                          |4030|        872| 1197|       3464|
    +-----------------------------------------------------------------------------------------------+----+-----------+-----+-----------+

    * Register: 
    +----------------------------------------+----+----+-----+-----------+
    |                  Name                  | FF | LUT| Bits| Const Bits|
    +----------------------------------------+----+----+-----+-----------+
    |ap_CS_fsm                               |   6|   0|    6|          0|
    |cache_position_read_reg_770             |  32|   0|   32|          0|
    |grp_kernel_0_chip0_fu_298_ap_start_reg  |   1|   0|    1|          0|
    |grp_kernel_0_chip1_fu_518_ap_start_reg  |   1|   0|    1|          0|
    |grp_kernel_0_chip2_fu_728_ap_start_reg  |   1|   0|    1|          0|
    +----------------------------------------+----+----+-----+-----------+
    |Total                                   |  41|   0|   41|          0|
    +----------------------------------------+----+----+-----+-----------+



================================================================
== Interface
================================================================
* Summary: 
+--------------------------+-----+-----+------------+---------------------+--------------+
|         RTL Ports        | Dir | Bits|  Protocol  |    Source Object    |    C Type    |
+--------------------------+-----+-----+------------+---------------------+--------------+
|s_axi_control_AWVALID     |   in|    1|       s_axi|              control|   return void|
|s_axi_control_AWREADY     |  out|    1|       s_axi|              control|   return void|
|s_axi_control_AWADDR      |   in|    4|       s_axi|              control|   return void|
|s_axi_control_WVALID      |   in|    1|       s_axi|              control|   return void|
|s_axi_control_WREADY      |  out|    1|       s_axi|              control|   return void|
|s_axi_control_WDATA       |   in|   32|       s_axi|              control|   return void|
|s_axi_control_WSTRB       |   in|    4|       s_axi|              control|   return void|
|s_axi_control_ARVALID     |   in|    1|       s_axi|              control|   return void|
|s_axi_control_ARREADY     |  out|    1|       s_axi|              control|   return void|
|s_axi_control_ARADDR      |   in|    4|       s_axi|              control|   return void|
|s_axi_control_RVALID      |  out|    1|       s_axi|              control|   return void|
|s_axi_control_RREADY      |   in|    1|       s_axi|              control|   return void|
|s_axi_control_RDATA       |  out|   32|       s_axi|              control|   return void|
|s_axi_control_RRESP       |  out|    2|       s_axi|              control|   return void|
|s_axi_control_BVALID      |  out|    1|       s_axi|              control|   return void|
|s_axi_control_BREADY      |   in|    1|       s_axi|              control|   return void|
|s_axi_control_BRESP       |  out|    2|       s_axi|              control|   return void|
|ap_clk                    |   in|    1|  ap_ctrl_hs|  equal3_stitched_top|  return value|
|ap_rst_n                  |   in|    1|  ap_ctrl_hs|  equal3_stitched_top|  return value|
|interrupt                 |  out|    1|  ap_ctrl_hs|  equal3_stitched_top|  return value|
|hidden_in_address0        |  out|   10|   ap_memory|            hidden_in|         array|
|hidden_in_ce0             |  out|    1|   ap_memory|            hidden_in|         array|
|hidden_in_q0              |   in|   16|   ap_memory|            hidden_in|         array|
|cache_position            |   in|   32|     ap_none|       cache_position|       pointer|
|key_cache_in_address0     |  out|   17|   ap_memory|         key_cache_in|         array|
|key_cache_in_ce0          |  out|    1|   ap_memory|         key_cache_in|         array|
|key_cache_in_q0           |   in|   16|   ap_memory|         key_cache_in|         array|
|key_cache_in_address1     |  out|   17|   ap_memory|         key_cache_in|         array|
|key_cache_in_ce1          |  out|    1|   ap_memory|         key_cache_in|         array|
|key_cache_in_q1           |   in|   16|   ap_memory|         key_cache_in|         array|
|value_cache_in_address0   |  out|   17|   ap_memory|       value_cache_in|         array|
|value_cache_in_ce0        |  out|    1|   ap_memory|       value_cache_in|         array|
|value_cache_in_q0         |   in|   16|   ap_memory|       value_cache_in|         array|
|value_cache_in_address1   |  out|   17|   ap_memory|       value_cache_in|         array|
|value_cache_in_ce1        |  out|    1|   ap_memory|       value_cache_in|         array|
|value_cache_in_q1         |   in|   16|   ap_memory|       value_cache_in|         array|
|causal_mask_address0      |  out|   20|   ap_memory|          causal_mask|         array|
|causal_mask_ce0           |  out|    1|   ap_memory|          causal_mask|         array|
|causal_mask_q0            |   in|    1|   ap_memory|          causal_mask|         array|
|attention_bias_address0   |  out|    7|   ap_memory|       attention_bias|         array|
|attention_bias_ce0        |  out|    1|   ap_memory|       attention_bias|         array|
|attention_bias_q0         |   in|   16|   ap_memory|       attention_bias|         array|
|key_cache_out_address0    |  out|   17|   ap_memory|        key_cache_out|         array|
|key_cache_out_ce0         |  out|    1|   ap_memory|        key_cache_out|         array|
|key_cache_out_we0         |  out|    1|   ap_memory|        key_cache_out|         array|
|key_cache_out_d0          |  out|   16|   ap_memory|        key_cache_out|         array|
|value_cache_out_address0  |  out|   17|   ap_memory|      value_cache_out|         array|
|value_cache_out_ce0       |  out|    1|   ap_memory|      value_cache_out|         array|
|value_cache_out_we0       |  out|    1|   ap_memory|      value_cache_out|         array|
|value_cache_out_d0        |  out|   16|   ap_memory|      value_cache_out|         array|
|hidden_out_address0       |  out|   10|   ap_memory|           hidden_out|         array|
|hidden_out_ce0            |  out|    1|   ap_memory|           hidden_out|         array|
|hidden_out_we0            |  out|    1|   ap_memory|           hidden_out|         array|
|hidden_out_d0             |  out|   16|   ap_memory|           hidden_out|         array|
|c0_ln1_w_address0         |  out|   10|   ap_memory|             c0_ln1_w|         array|
|c0_ln1_w_ce0              |  out|    1|   ap_memory|             c0_ln1_w|         array|
|c0_ln1_w_q0               |   in|   16|   ap_memory|             c0_ln1_w|         array|
|c0_ln1_b_address0         |  out|   10|   ap_memory|             c0_ln1_b|         array|
|c0_ln1_b_ce0              |  out|    1|   ap_memory|             c0_ln1_b|         array|
|c0_ln1_b_q0               |   in|   16|   ap_memory|             c0_ln1_b|         array|
|c0_qkv_w_address0         |  out|   21|   ap_memory|             c0_qkv_w|         array|
|c0_qkv_w_ce0              |  out|    1|   ap_memory|             c0_qkv_w|         array|
|c0_qkv_w_q0               |   in|   16|   ap_memory|             c0_qkv_w|         array|
|c0_qkv_b_address0         |  out|   12|   ap_memory|             c0_qkv_b|         array|
|c0_qkv_b_ce0              |  out|    1|   ap_memory|             c0_qkv_b|         array|
|c0_qkv_b_q0               |   in|   16|   ap_memory|             c0_qkv_b|         array|
|c1_attn_out_w_address0    |  out|   20|   ap_memory|        c1_attn_out_w|         array|
|c1_attn_out_w_ce0         |  out|    1|   ap_memory|        c1_attn_out_w|         array|
|c1_attn_out_w_q0          |   in|   16|   ap_memory|        c1_attn_out_w|         array|
|c1_attn_out_b_address0    |  out|   10|   ap_memory|        c1_attn_out_b|         array|
|c1_attn_out_b_ce0         |  out|    1|   ap_memory|        c1_attn_out_b|         array|
|c1_attn_out_b_q0          |   in|   16|   ap_memory|        c1_attn_out_b|         array|
|c2_ln2_w_address0         |  out|   10|   ap_memory|             c2_ln2_w|         array|
|c2_ln2_w_ce0              |  out|    1|   ap_memory|             c2_ln2_w|         array|
|c2_ln2_w_q0               |   in|   16|   ap_memory|             c2_ln2_w|         array|
|c2_ln2_b_address0         |  out|   10|   ap_memory|             c2_ln2_b|         array|
|c2_ln2_b_ce0              |  out|    1|   ap_memory|             c2_ln2_b|         array|
|c2_ln2_b_q0               |   in|   16|   ap_memory|             c2_ln2_b|         array|
|c2_fc1_w_address0         |  out|   22|   ap_memory|             c2_fc1_w|         array|
|c2_fc1_w_ce0              |  out|    1|   ap_memory|             c2_fc1_w|         array|
|c2_fc1_w_q0               |   in|   16|   ap_memory|             c2_fc1_w|         array|
|c2_fc1_b_address0         |  out|   12|   ap_memory|             c2_fc1_b|         array|
|c2_fc1_b_ce0              |  out|    1|   ap_memory|             c2_fc1_b|         array|
|c2_fc1_b_q0               |   in|   16|   ap_memory|             c2_fc1_b|         array|
|c2_fc2_w_address0         |  out|   22|   ap_memory|             c2_fc2_w|         array|
|c2_fc2_w_ce0              |  out|    1|   ap_memory|             c2_fc2_w|         array|
|c2_fc2_w_q0               |   in|   16|   ap_memory|             c2_fc2_w|         array|
|c2_fc2_b_address0         |  out|   10|   ap_memory|             c2_fc2_b|         array|
|c2_fc2_b_ce0              |  out|    1|   ap_memory|             c2_fc2_b|         array|
|c2_fc2_b_q0               |   in|   16|   ap_memory|             c2_fc2_b|         array|
+--------------------------+-----+-----+------------+---------------------+--------------+

