

================================================================
== Vitis HLS Report for 'merged8to3_stitched_stream_top'
================================================================
* Date:           Thu Apr  9 13:56:19 2026

* Version:        2025.2 (Build 6295257 on Nov 14 2025)
* Project:        csynth_prj
* Solution:       solution1 (Vivado IP Flow Target)
* Product family: virtexuplusHBM
* Target device:  xcu55c-fsvh2892-2L-e


================================================================
== Performance Estimates
================================================================
+ Timing: 
    * Summary: 
    +--------+----------+----------+------------+
    |  Clock |  Target  | Estimated| Uncertainty|
    +--------+----------+----------+------------+
    |ap_clk  |  10.00 ns|  7.270 ns|     2.70 ns|
    +--------+----------+----------+------------+

+ Latency: 
    * Summary: 
    +---------+---------+-----------+-----------+---------+---------+----------+
    |  Latency (cycles) |   Latency (absolute)  |      Interval     | Pipeline |
    |   min   |   max   |    min    |    max    |   min   |   max   |   Type   |
    +---------+---------+-----------+-----------+---------+---------+----------+
    |  3666570|  3666570|  36.666 ms|  36.666 ms|  3666566|  3666566|  dataflow|
    +---------+---------+-----------+-----------+---------+---------+----------+

    + Detail: 
        * Instance: 
        +---------------------------+------------------------+---------+---------+-----------+-----------+---------+---------+------------------------------------------------+
        |                           |                        |  Latency (cycles) |   Latency (absolute)  |      Interval     |                    Pipeline                    |
        |          Instance         |         Module         |   min   |   max   |    min    |    max    |   min   |   max   |                      Type                      |
        +---------------------------+------------------------+---------+---------+-----------+-----------+---------+---------+------------------------------------------------+
        |duplicate_hidden_input_U0  |duplicate_hidden_input  |      769|      769|   7.690 us|   7.690 us|      768|      768|  loop auto-rewind stp (delay=0 clock cycles(s))|
        |chip0_stream_wrapper_U0    |chip0_stream_wrapper    |  3658093|  3658093|  36.581 ms|  36.581 ms|  3658093|  3658093|                                              no|
        |chip1_stream_wrapper_U0    |chip1_stream_wrapper    |  3666565|  3666565|  36.666 ms|  36.666 ms|  3666565|  3666565|                                              no|
        |chip2_stream_wrapper_U0    |chip2_stream_wrapper    |  2419335|  2419335|  24.193 ms|  24.193 ms|  2419335|  2419335|                                              no|
        +---------------------------+------------------------+---------+---------+-----------+-----------+---------+---------+------------------------------------------------+

        * Loop: 
        N/A



================================================================
== Utilization Estimates
================================================================
* Summary: 
+---------------------+---------+------+---------+---------+-----+
|         Name        | BRAM_18K|  DSP |    FF   |   LUT   | URAM|
+---------------------+---------+------+---------+---------+-----+
|DSP                  |        -|     -|        -|        -|    -|
|Expression           |        -|     -|        0|       22|    -|
|FIFO                 |        -|     -|       48|      225|    -|
|Instance             |      361|    80|    33978|   127724|    2|
|Memory               |        -|     -|        -|        -|    -|
|Multiplexer          |        -|     -|        0|       36|    -|
|Register             |        -|     -|        4|        -|    -|
+---------------------+---------+------+---------+---------+-----+
|Total                |      361|    80|    34030|   128007|    2|
+---------------------+---------+------+---------+---------+-----+
|Available SLR        |     1344|  3008|   869120|   434560|  320|
+---------------------+---------+------+---------+---------+-----+
|Utilization SLR (%)  |       26|     2|        3|       29|   ~0|
+---------------------+---------+------+---------+---------+-----+
|Available            |     4032|  9024|  2607360|  1303680|  960|
+---------------------+---------+------+---------+---------+-----+
|Utilization (%)      |        8|    ~0|        1|        9|   ~0|
+---------------------+---------+------+---------+---------+-----+

+ Detail: 
    * Instance: 
    +---------------------------+------------------------+---------+----+-------+-------+-----+
    |          Instance         |         Module         | BRAM_18K| DSP|   FF  |  LUT  | URAM|
    +---------------------------+------------------------+---------+----+-------+-------+-----+
    |chip0_stream_wrapper_U0    |chip0_stream_wrapper    |      277|  16|  20776|  92913|    0|
    |chip1_stream_wrapper_U0    |chip1_stream_wrapper    |       31|   9|   4328|  18902|    1|
    |chip2_stream_wrapper_U0    |chip2_stream_wrapper    |       53|  55|   8826|  15779|    1|
    |control_s_axi_U            |control_s_axi           |        0|   0|     36|     40|    0|
    |duplicate_hidden_input_U0  |duplicate_hidden_input  |        0|   0|     12|     90|    0|
    +---------------------------+------------------------+---------+----+-------+-------+-----+
    |Total                      |                        |      361|  80|  33978| 127724|    2|
    +---------------------------+------------------------+---------+----+-------+-------+-----+

    * DSP: 
    N/A

    * Memory: 
    N/A

    * FIFO: 
    +------------------+---------+---+----+-----+------+-----+---------+
    |       Name       | BRAM_18K| FF| LUT| URAM| Depth| Bits| Size:D*B|
    +------------------+---------+---+----+-----+------+-----+---------+
    |attn_w_01_U       |        0|  8|   0|    -|    32|   16|      512|
    |hidden_00_U       |        0|  8|   0|    -|    32|   16|      512|
    |hidden_orig_01_U  |        0|  8|   0|    -|    32|   16|      512|
    |hidden_res_01_U   |        0|  8|   0|    -|    32|   16|      512|
    |mlp_12_U          |        0|  8|   0|    -|    32|   32|     1024|
    |residual_12_U     |        0|  8|   0|    -|    32|   16|      512|
    +------------------+---------+---+----+-----+------+-----+---------+
    |Total             |        0| 48|   0|    0|   192|  112|     3584|
    +------------------+---------+---+----+-----+------+-----+---------+

    * Expression: 
    +--------------------------------------------+----------+----+---+----+------------+------------+
    |                Variable Name               | Operation| DSP| FF| LUT| Bitwidth P0| Bitwidth P1|
    +--------------------------------------------+----------+----+---+----+------------+------------+
    |ap_idle                                     |       and|   0|  0|   2|           1|           1|
    |ap_sync_done                                |       and|   0|  0|   2|           1|           1|
    |ap_sync_ready                               |       and|   0|  0|   2|           1|           1|
    |chip0_stream_wrapper_U0_ap_start            |       and|   0|  0|   2|           1|           1|
    |chip1_stream_wrapper_U0_ap_start            |       and|   0|  0|   2|           1|           1|
    |chip2_stream_wrapper_U0_ap_start            |       and|   0|  0|   2|           1|           1|
    |duplicate_hidden_input_U0_ap_start          |       and|   0|  0|   2|           1|           1|
    |ap_sync_chip0_stream_wrapper_U0_ap_ready    |        or|   0|  0|   2|           1|           1|
    |ap_sync_chip1_stream_wrapper_U0_ap_ready    |        or|   0|  0|   2|           1|           1|
    |ap_sync_chip2_stream_wrapper_U0_ap_ready    |        or|   0|  0|   2|           1|           1|
    |ap_sync_duplicate_hidden_input_U0_ap_ready  |        or|   0|  0|   2|           1|           1|
    +--------------------------------------------+----------+----+---+----+------------+------------+
    |Total                                       |          |   0|  0|  22|          11|          11|
    +--------------------------------------------+----------+----+---+----+------------+------------+

    * Multiplexer: 
    +------------------------------------------------+----+-----------+-----+-----------+
    |                      Name                      | LUT| Input Size| Bits| Total Bits|
    +------------------------------------------------+----+-----------+-----+-----------+
    |ap_sync_reg_chip0_stream_wrapper_U0_ap_ready    |   9|          2|    1|          2|
    |ap_sync_reg_chip1_stream_wrapper_U0_ap_ready    |   9|          2|    1|          2|
    |ap_sync_reg_chip2_stream_wrapper_U0_ap_ready    |   9|          2|    1|          2|
    |ap_sync_reg_duplicate_hidden_input_U0_ap_ready  |   9|          2|    1|          2|
    +------------------------------------------------+----+-----------+-----+-----------+
    |Total                                           |  36|          8|    4|          8|
    +------------------------------------------------+----+-----------+-----+-----------+

    * Register: 
    +------------------------------------------------+---+----+-----+-----------+
    |                      Name                      | FF| LUT| Bits| Const Bits|
    +------------------------------------------------+---+----+-----+-----------+
    |ap_sync_reg_chip0_stream_wrapper_U0_ap_ready    |  1|   0|    1|          0|
    |ap_sync_reg_chip1_stream_wrapper_U0_ap_ready    |  1|   0|    1|          0|
    |ap_sync_reg_chip2_stream_wrapper_U0_ap_ready    |  1|   0|    1|          0|
    |ap_sync_reg_duplicate_hidden_input_U0_ap_ready  |  1|   0|    1|          0|
    +------------------------------------------------+---+----+-----+-----------+
    |Total                                           |  4|   0|    4|          0|
    +------------------------------------------------+---+----+-----+-----------+



================================================================
== Interface
================================================================
* Summary: 
+--------------------------+-----+-----+------------+--------------------------------+--------------+
|         RTL Ports        | Dir | Bits|  Protocol  |          Source Object         |    C Type    |
+--------------------------+-----+-----+------------+--------------------------------+--------------+
|s_axi_control_AWVALID     |   in|    1|       s_axi|                         control|   return void|
|s_axi_control_AWREADY     |  out|    1|       s_axi|                         control|   return void|
|s_axi_control_AWADDR      |   in|    4|       s_axi|                         control|   return void|
|s_axi_control_WVALID      |   in|    1|       s_axi|                         control|   return void|
|s_axi_control_WREADY      |  out|    1|       s_axi|                         control|   return void|
|s_axi_control_WDATA       |   in|   32|       s_axi|                         control|   return void|
|s_axi_control_WSTRB       |   in|    4|       s_axi|                         control|   return void|
|s_axi_control_ARVALID     |   in|    1|       s_axi|                         control|   return void|
|s_axi_control_ARREADY     |  out|    1|       s_axi|                         control|   return void|
|s_axi_control_ARADDR      |   in|    4|       s_axi|                         control|   return void|
|s_axi_control_RVALID      |  out|    1|       s_axi|                         control|   return void|
|s_axi_control_RREADY      |   in|    1|       s_axi|                         control|   return void|
|s_axi_control_RDATA       |  out|   32|       s_axi|                         control|   return void|
|s_axi_control_RRESP       |  out|    2|       s_axi|                         control|   return void|
|s_axi_control_BVALID      |  out|    1|       s_axi|                         control|   return void|
|s_axi_control_BREADY      |   in|    1|       s_axi|                         control|   return void|
|s_axi_control_BRESP       |  out|    2|       s_axi|                         control|   return void|
|ap_clk                    |   in|    1|  ap_ctrl_hs|  merged8to3_stitched_stream_top|  return value|
|ap_rst_n                  |   in|    1|  ap_ctrl_hs|  merged8to3_stitched_stream_top|  return value|
|interrupt                 |  out|    1|  ap_ctrl_hs|  merged8to3_stitched_stream_top|  return value|
|hidden_in_stream_TDATA    |   in|   16|        axis|                hidden_in_stream|       pointer|
|hidden_in_stream_TVALID   |   in|    1|        axis|                hidden_in_stream|       pointer|
|hidden_in_stream_TREADY   |  out|    1|        axis|                hidden_in_stream|       pointer|
|cache_position            |   in|   32|     ap_none|                  cache_position|       pointer|
|key_cache_in_address0     |  out|   17|   ap_memory|                    key_cache_in|         array|
|key_cache_in_ce0          |  out|    1|   ap_memory|                    key_cache_in|         array|
|key_cache_in_d0           |  out|   16|   ap_memory|                    key_cache_in|         array|
|key_cache_in_q0           |   in|   16|   ap_memory|                    key_cache_in|         array|
|key_cache_in_we0          |  out|    1|   ap_memory|                    key_cache_in|         array|
|key_cache_in_address1     |  out|   17|   ap_memory|                    key_cache_in|         array|
|key_cache_in_ce1          |  out|    1|   ap_memory|                    key_cache_in|         array|
|key_cache_in_d1           |  out|   16|   ap_memory|                    key_cache_in|         array|
|key_cache_in_q1           |   in|   16|   ap_memory|                    key_cache_in|         array|
|key_cache_in_we1          |  out|    1|   ap_memory|                    key_cache_in|         array|
|value_cache_in_address0   |  out|   17|   ap_memory|                  value_cache_in|         array|
|value_cache_in_ce0        |  out|    1|   ap_memory|                  value_cache_in|         array|
|value_cache_in_d0         |  out|   16|   ap_memory|                  value_cache_in|         array|
|value_cache_in_q0         |   in|   16|   ap_memory|                  value_cache_in|         array|
|value_cache_in_we0        |  out|    1|   ap_memory|                  value_cache_in|         array|
|value_cache_in_address1   |  out|   17|   ap_memory|                  value_cache_in|         array|
|value_cache_in_ce1        |  out|    1|   ap_memory|                  value_cache_in|         array|
|value_cache_in_d1         |  out|   16|   ap_memory|                  value_cache_in|         array|
|value_cache_in_q1         |   in|   16|   ap_memory|                  value_cache_in|         array|
|value_cache_in_we1        |  out|    1|   ap_memory|                  value_cache_in|         array|
|causal_mask_address0      |  out|   20|   ap_memory|                     causal_mask|         array|
|causal_mask_ce0           |  out|    1|   ap_memory|                     causal_mask|         array|
|causal_mask_d0            |  out|    1|   ap_memory|                     causal_mask|         array|
|causal_mask_q0            |   in|    1|   ap_memory|                     causal_mask|         array|
|causal_mask_we0           |  out|    1|   ap_memory|                     causal_mask|         array|
|causal_mask_address1      |  out|   20|   ap_memory|                     causal_mask|         array|
|causal_mask_ce1           |  out|    1|   ap_memory|                     causal_mask|         array|
|causal_mask_d1            |  out|    1|   ap_memory|                     causal_mask|         array|
|causal_mask_q1            |   in|    1|   ap_memory|                     causal_mask|         array|
|causal_mask_we1           |  out|    1|   ap_memory|                     causal_mask|         array|
|attention_bias_address0   |  out|    7|   ap_memory|                  attention_bias|         array|
|attention_bias_ce0        |  out|    1|   ap_memory|                  attention_bias|         array|
|attention_bias_d0         |  out|   16|   ap_memory|                  attention_bias|         array|
|attention_bias_q0         |   in|   16|   ap_memory|                  attention_bias|         array|
|attention_bias_we0        |  out|    1|   ap_memory|                  attention_bias|         array|
|attention_bias_address1   |  out|    7|   ap_memory|                  attention_bias|         array|
|attention_bias_ce1        |  out|    1|   ap_memory|                  attention_bias|         array|
|attention_bias_d1         |  out|   16|   ap_memory|                  attention_bias|         array|
|attention_bias_q1         |   in|   16|   ap_memory|                  attention_bias|         array|
|attention_bias_we1        |  out|    1|   ap_memory|                  attention_bias|         array|
|key_cache_out_address0    |  out|   17|   ap_memory|                   key_cache_out|         array|
|key_cache_out_ce0         |  out|    1|   ap_memory|                   key_cache_out|         array|
|key_cache_out_d0          |  out|   16|   ap_memory|                   key_cache_out|         array|
|key_cache_out_q0          |   in|   16|   ap_memory|                   key_cache_out|         array|
|key_cache_out_we0         |  out|    1|   ap_memory|                   key_cache_out|         array|
|key_cache_out_address1    |  out|   17|   ap_memory|                   key_cache_out|         array|
|key_cache_out_ce1         |  out|    1|   ap_memory|                   key_cache_out|         array|
|key_cache_out_d1          |  out|   16|   ap_memory|                   key_cache_out|         array|
|key_cache_out_q1          |   in|   16|   ap_memory|                   key_cache_out|         array|
|key_cache_out_we1         |  out|    1|   ap_memory|                   key_cache_out|         array|
|value_cache_out_address0  |  out|   17|   ap_memory|                 value_cache_out|         array|
|value_cache_out_ce0       |  out|    1|   ap_memory|                 value_cache_out|         array|
|value_cache_out_d0        |  out|   16|   ap_memory|                 value_cache_out|         array|
|value_cache_out_q0        |   in|   16|   ap_memory|                 value_cache_out|         array|
|value_cache_out_we0       |  out|    1|   ap_memory|                 value_cache_out|         array|
|value_cache_out_address1  |  out|   17|   ap_memory|                 value_cache_out|         array|
|value_cache_out_ce1       |  out|    1|   ap_memory|                 value_cache_out|         array|
|value_cache_out_d1        |  out|   16|   ap_memory|                 value_cache_out|         array|
|value_cache_out_q1        |   in|   16|   ap_memory|                 value_cache_out|         array|
|value_cache_out_we1       |  out|    1|   ap_memory|                 value_cache_out|         array|
|hidden_out_stream_TDATA   |  out|   16|        axis|               hidden_out_stream|       pointer|
|hidden_out_stream_TVALID  |  out|    1|        axis|               hidden_out_stream|       pointer|
|hidden_out_stream_TREADY  |   in|    1|        axis|               hidden_out_stream|       pointer|
|c0_ln1_w_address0         |  out|   10|   ap_memory|                        c0_ln1_w|         array|
|c0_ln1_w_ce0              |  out|    1|   ap_memory|                        c0_ln1_w|         array|
|c0_ln1_w_d0               |  out|   16|   ap_memory|                        c0_ln1_w|         array|
|c0_ln1_w_q0               |   in|   16|   ap_memory|                        c0_ln1_w|         array|
|c0_ln1_w_we0              |  out|    1|   ap_memory|                        c0_ln1_w|         array|
|c0_ln1_w_address1         |  out|   10|   ap_memory|                        c0_ln1_w|         array|
|c0_ln1_w_ce1              |  out|    1|   ap_memory|                        c0_ln1_w|         array|
|c0_ln1_w_d1               |  out|   16|   ap_memory|                        c0_ln1_w|         array|
|c0_ln1_w_q1               |   in|   16|   ap_memory|                        c0_ln1_w|         array|
|c0_ln1_w_we1              |  out|    1|   ap_memory|                        c0_ln1_w|         array|
|c0_ln1_b_address0         |  out|   10|   ap_memory|                        c0_ln1_b|         array|
|c0_ln1_b_ce0              |  out|    1|   ap_memory|                        c0_ln1_b|         array|
|c0_ln1_b_d0               |  out|   16|   ap_memory|                        c0_ln1_b|         array|
|c0_ln1_b_q0               |   in|   16|   ap_memory|                        c0_ln1_b|         array|
|c0_ln1_b_we0              |  out|    1|   ap_memory|                        c0_ln1_b|         array|
|c0_ln1_b_address1         |  out|   10|   ap_memory|                        c0_ln1_b|         array|
|c0_ln1_b_ce1              |  out|    1|   ap_memory|                        c0_ln1_b|         array|
|c0_ln1_b_d1               |  out|   16|   ap_memory|                        c0_ln1_b|         array|
|c0_ln1_b_q1               |   in|   16|   ap_memory|                        c0_ln1_b|         array|
|c0_ln1_b_we1              |  out|    1|   ap_memory|                        c0_ln1_b|         array|
|c0_qkv_w_address0         |  out|   21|   ap_memory|                        c0_qkv_w|         array|
|c0_qkv_w_ce0              |  out|    1|   ap_memory|                        c0_qkv_w|         array|
|c0_qkv_w_d0               |  out|   16|   ap_memory|                        c0_qkv_w|         array|
|c0_qkv_w_q0               |   in|   16|   ap_memory|                        c0_qkv_w|         array|
|c0_qkv_w_we0              |  out|    1|   ap_memory|                        c0_qkv_w|         array|
|c0_qkv_w_address1         |  out|   21|   ap_memory|                        c0_qkv_w|         array|
|c0_qkv_w_ce1              |  out|    1|   ap_memory|                        c0_qkv_w|         array|
|c0_qkv_w_d1               |  out|   16|   ap_memory|                        c0_qkv_w|         array|
|c0_qkv_w_q1               |   in|   16|   ap_memory|                        c0_qkv_w|         array|
|c0_qkv_w_we1              |  out|    1|   ap_memory|                        c0_qkv_w|         array|
|c0_qkv_b_address0         |  out|   12|   ap_memory|                        c0_qkv_b|         array|
|c0_qkv_b_ce0              |  out|    1|   ap_memory|                        c0_qkv_b|         array|
|c0_qkv_b_d0               |  out|   16|   ap_memory|                        c0_qkv_b|         array|
|c0_qkv_b_q0               |   in|   16|   ap_memory|                        c0_qkv_b|         array|
|c0_qkv_b_we0              |  out|    1|   ap_memory|                        c0_qkv_b|         array|
|c0_qkv_b_address1         |  out|   12|   ap_memory|                        c0_qkv_b|         array|
|c0_qkv_b_ce1              |  out|    1|   ap_memory|                        c0_qkv_b|         array|
|c0_qkv_b_d1               |  out|   16|   ap_memory|                        c0_qkv_b|         array|
|c0_qkv_b_q1               |   in|   16|   ap_memory|                        c0_qkv_b|         array|
|c0_qkv_b_we1              |  out|    1|   ap_memory|                        c0_qkv_b|         array|
|c0_attn_out_w_address0    |  out|   20|   ap_memory|                   c0_attn_out_w|         array|
|c0_attn_out_w_ce0         |  out|    1|   ap_memory|                   c0_attn_out_w|         array|
|c0_attn_out_w_d0          |  out|   16|   ap_memory|                   c0_attn_out_w|         array|
|c0_attn_out_w_q0          |   in|   16|   ap_memory|                   c0_attn_out_w|         array|
|c0_attn_out_w_we0         |  out|    1|   ap_memory|                   c0_attn_out_w|         array|
|c0_attn_out_w_address1    |  out|   20|   ap_memory|                   c0_attn_out_w|         array|
|c0_attn_out_w_ce1         |  out|    1|   ap_memory|                   c0_attn_out_w|         array|
|c0_attn_out_w_d1          |  out|   16|   ap_memory|                   c0_attn_out_w|         array|
|c0_attn_out_w_q1          |   in|   16|   ap_memory|                   c0_attn_out_w|         array|
|c0_attn_out_w_we1         |  out|    1|   ap_memory|                   c0_attn_out_w|         array|
|c1_attn_out_b_address0    |  out|   10|   ap_memory|                   c1_attn_out_b|         array|
|c1_attn_out_b_ce0         |  out|    1|   ap_memory|                   c1_attn_out_b|         array|
|c1_attn_out_b_d0          |  out|   16|   ap_memory|                   c1_attn_out_b|         array|
|c1_attn_out_b_q0          |   in|   16|   ap_memory|                   c1_attn_out_b|         array|
|c1_attn_out_b_we0         |  out|    1|   ap_memory|                   c1_attn_out_b|         array|
|c1_attn_out_b_address1    |  out|   10|   ap_memory|                   c1_attn_out_b|         array|
|c1_attn_out_b_ce1         |  out|    1|   ap_memory|                   c1_attn_out_b|         array|
|c1_attn_out_b_d1          |  out|   16|   ap_memory|                   c1_attn_out_b|         array|
|c1_attn_out_b_q1          |   in|   16|   ap_memory|                   c1_attn_out_b|         array|
|c1_attn_out_b_we1         |  out|    1|   ap_memory|                   c1_attn_out_b|         array|
|c1_ln2_w_address0         |  out|   10|   ap_memory|                        c1_ln2_w|         array|
|c1_ln2_w_ce0              |  out|    1|   ap_memory|                        c1_ln2_w|         array|
|c1_ln2_w_d0               |  out|   16|   ap_memory|                        c1_ln2_w|         array|
|c1_ln2_w_q0               |   in|   16|   ap_memory|                        c1_ln2_w|         array|
|c1_ln2_w_we0              |  out|    1|   ap_memory|                        c1_ln2_w|         array|
|c1_ln2_w_address1         |  out|   10|   ap_memory|                        c1_ln2_w|         array|
|c1_ln2_w_ce1              |  out|    1|   ap_memory|                        c1_ln2_w|         array|
|c1_ln2_w_d1               |  out|   16|   ap_memory|                        c1_ln2_w|         array|
|c1_ln2_w_q1               |   in|   16|   ap_memory|                        c1_ln2_w|         array|
|c1_ln2_w_we1              |  out|    1|   ap_memory|                        c1_ln2_w|         array|
|c1_ln2_b_address0         |  out|   10|   ap_memory|                        c1_ln2_b|         array|
|c1_ln2_b_ce0              |  out|    1|   ap_memory|                        c1_ln2_b|         array|
|c1_ln2_b_d0               |  out|   16|   ap_memory|                        c1_ln2_b|         array|
|c1_ln2_b_q0               |   in|   16|   ap_memory|                        c1_ln2_b|         array|
|c1_ln2_b_we0              |  out|    1|   ap_memory|                        c1_ln2_b|         array|
|c1_ln2_b_address1         |  out|   10|   ap_memory|                        c1_ln2_b|         array|
|c1_ln2_b_ce1              |  out|    1|   ap_memory|                        c1_ln2_b|         array|
|c1_ln2_b_d1               |  out|   16|   ap_memory|                        c1_ln2_b|         array|
|c1_ln2_b_q1               |   in|   16|   ap_memory|                        c1_ln2_b|         array|
|c1_ln2_b_we1              |  out|    1|   ap_memory|                        c1_ln2_b|         array|
|c1_fc1_w_address0         |  out|   22|   ap_memory|                        c1_fc1_w|         array|
|c1_fc1_w_ce0              |  out|    1|   ap_memory|                        c1_fc1_w|         array|
|c1_fc1_w_d0               |  out|   16|   ap_memory|                        c1_fc1_w|         array|
|c1_fc1_w_q0               |   in|   16|   ap_memory|                        c1_fc1_w|         array|
|c1_fc1_w_we0              |  out|    1|   ap_memory|                        c1_fc1_w|         array|
|c1_fc1_w_address1         |  out|   22|   ap_memory|                        c1_fc1_w|         array|
|c1_fc1_w_ce1              |  out|    1|   ap_memory|                        c1_fc1_w|         array|
|c1_fc1_w_d1               |  out|   16|   ap_memory|                        c1_fc1_w|         array|
|c1_fc1_w_q1               |   in|   16|   ap_memory|                        c1_fc1_w|         array|
|c1_fc1_w_we1              |  out|    1|   ap_memory|                        c1_fc1_w|         array|
|c2_fc1_b_address0         |  out|   12|   ap_memory|                        c2_fc1_b|         array|
|c2_fc1_b_ce0              |  out|    1|   ap_memory|                        c2_fc1_b|         array|
|c2_fc1_b_d0               |  out|   16|   ap_memory|                        c2_fc1_b|         array|
|c2_fc1_b_q0               |   in|   16|   ap_memory|                        c2_fc1_b|         array|
|c2_fc1_b_we0              |  out|    1|   ap_memory|                        c2_fc1_b|         array|
|c2_fc1_b_address1         |  out|   12|   ap_memory|                        c2_fc1_b|         array|
|c2_fc1_b_ce1              |  out|    1|   ap_memory|                        c2_fc1_b|         array|
|c2_fc1_b_d1               |  out|   16|   ap_memory|                        c2_fc1_b|         array|
|c2_fc1_b_q1               |   in|   16|   ap_memory|                        c2_fc1_b|         array|
|c2_fc1_b_we1              |  out|    1|   ap_memory|                        c2_fc1_b|         array|
|c2_fc2_w_address0         |  out|   22|   ap_memory|                        c2_fc2_w|         array|
|c2_fc2_w_ce0              |  out|    1|   ap_memory|                        c2_fc2_w|         array|
|c2_fc2_w_d0               |  out|   16|   ap_memory|                        c2_fc2_w|         array|
|c2_fc2_w_q0               |   in|   16|   ap_memory|                        c2_fc2_w|         array|
|c2_fc2_w_we0              |  out|    1|   ap_memory|                        c2_fc2_w|         array|
|c2_fc2_w_address1         |  out|   22|   ap_memory|                        c2_fc2_w|         array|
|c2_fc2_w_ce1              |  out|    1|   ap_memory|                        c2_fc2_w|         array|
|c2_fc2_w_d1               |  out|   16|   ap_memory|                        c2_fc2_w|         array|
|c2_fc2_w_q1               |   in|   16|   ap_memory|                        c2_fc2_w|         array|
|c2_fc2_w_we1              |  out|    1|   ap_memory|                        c2_fc2_w|         array|
|c2_fc2_b_address0         |  out|   10|   ap_memory|                        c2_fc2_b|         array|
|c2_fc2_b_ce0              |  out|    1|   ap_memory|                        c2_fc2_b|         array|
|c2_fc2_b_d0               |  out|   16|   ap_memory|                        c2_fc2_b|         array|
|c2_fc2_b_q0               |   in|   16|   ap_memory|                        c2_fc2_b|         array|
|c2_fc2_b_we0              |  out|    1|   ap_memory|                        c2_fc2_b|         array|
|c2_fc2_b_address1         |  out|   10|   ap_memory|                        c2_fc2_b|         array|
|c2_fc2_b_ce1              |  out|    1|   ap_memory|                        c2_fc2_b|         array|
|c2_fc2_b_d1               |  out|   16|   ap_memory|                        c2_fc2_b|         array|
|c2_fc2_b_q1               |   in|   16|   ap_memory|                        c2_fc2_b|         array|
|c2_fc2_b_we1              |  out|    1|   ap_memory|                        c2_fc2_b|         array|
+--------------------------+-----+-----+------------+--------------------------------+--------------+

