#-----------------------------------------------------------
# Vivado v2025.2 (64-bit)
# SW Build 6299465 on Fri Nov 14 12:34:56 MST 2025
# IP Build 6300035 on Fri Nov 14 10:48:45 MST 2025
# SharedData Build 6298862 on Thu Nov 13 04:50:51 MST 2025
# Start of session at: Thu Apr  9 19:56:23 2026
# Process ID         : 311057
# Current directory  : /home/nu/ChenLab/tensor-mlir/examples/gpt2/vitis_base3_3slr_stream/chip2_kernel/p/s/impl/ip
# Command line       : vivado -notrace -mode batch -source run_ippack.tcl
# Log file           : /home/nu/ChenLab/tensor-mlir/examples/gpt2/vitis_base3_3slr_stream/chip2_kernel/p/s/impl/ip/vivado.log
# Journal file       : /home/nu/ChenLab/tensor-mlir/examples/gpt2/vitis_base3_3slr_stream/chip2_kernel/p/s/impl/ip/vivado.jou
# Running On         : Nu-SER8
# Platform           : Ubuntu
# Operating System   : Ubuntu 24.04.3 LTS
# Processor Detail   : AMD Ryzen 7 8745HS w/ Radeon 780M Graphics
# CPU Frequency      : 3792.896 MHz
# CPU Physical cores : 8
# CPU Logical cores  : 16
# Host memory        : 14541 MB
# Swap memory        : 4294 MB
# Total Virtual      : 18836 MB
# Available Virtual  : 14281 MB
#-----------------------------------------------------------
source run_ippack.tcl -notrace
INFO: calling package_hls_ip ip_types=vitis sysgen json_file=/home/nu/ChenLab/tensor-mlir/examples/gpt2/vitis_base3_3slr_stream/chip2_kernel/p/s/s_data.json outdir=/home/nu/ChenLab/tensor-mlir/examples/gpt2/vitis_base3_3slr_stream/chip2_kernel/p/s/impl/ip srcdir=/home/nu/ChenLab/tensor-mlir/examples/gpt2/vitis_base3_3slr_stream/chip2_kernel/p/s ippack_options_dict= ippack_options_dict=
INFO: Copied 1 ipmisc file(s) to /home/nu/ChenLab/tensor-mlir/examples/gpt2/vitis_base3_3slr_stream/chip2_kernel/p/s/impl/ip/misc
INFO: Copied 87 verilog file(s) to /home/nu/ChenLab/tensor-mlir/examples/gpt2/vitis_base3_3slr_stream/chip2_kernel/p/s/impl/ip/hdl/verilog
INFO: Copied 75 vhdl file(s) to /home/nu/ChenLab/tensor-mlir/examples/gpt2/vitis_base3_3slr_stream/chip2_kernel/p/s/impl/ip/hdl/vhdl
INFO: Copied 10 swdriver file(s) to /home/nu/ChenLab/tensor-mlir/examples/gpt2/vitis_base3_3slr_stream/chip2_kernel/p/s/impl/ip/drivers
Generating 15 subcores in /home/nu/ChenLab/tensor-mlir/examples/gpt2/vitis_base3_3slr_stream/chip2_kernel/p/s/impl/ip/subcore_prj:
impl/misc/b3c2_dadd_64ns_64ns_64_3_full_dsp_1_ip.tcl
impl/misc/b3c2_fadd_32ns_32ns_32_3_full_dsp_1_ip.tcl
impl/misc/b3c2_faddfsub_32ns_32ns_32_3_full_dsp_1_ip.tcl
impl/misc/b3c2_fcmp_32ns_32ns_1_1_no_dsp_1_ip.tcl
impl/misc/b3c2_fdiv_32ns_32ns_32_6_no_dsp_1_ip.tcl
impl/misc/b3c2_floatingpoint_add_16ns_16ns_16ns_32ns_16_1_1_ip.tcl
impl/misc/b3c2_floatingpoint_add_32ns_32ns_32ns_32ns_32_3_1_ip.tcl
impl/misc/b3c2_floatingpoint_floattofloat_16ns_32ns_32ns_32ns_16_1_1_ip.tcl
impl/misc/b3c2_floatingpoint_floattofloat_32ns_16ns_32ns_32ns_32_1_1_ip.tcl
impl/misc/b3c2_floatingpoint_mul_16ns_16ns_16ns_32ns_16_1_1_ip.tcl
impl/misc/b3c2_floatingpoint_mul_32ns_32ns_32ns_32ns_32_1_1_ip.tcl
impl/misc/b3c2_fmul_32ns_32ns_32_2_max_dsp_1_ip.tcl
impl/misc/b3c2_fpext_32ns_64_1_no_dsp_1_ip.tcl
impl/misc/b3c2_fptrunc_64ns_32_2_no_dsp_1_ip.tcl
impl/misc/b3c2_fsub_32ns_32ns_32_3_full_dsp_1_ip.tcl
WARNING: [Common 17-1496] Vivado tclapp support version doesn't have install/uninstall hooks. Please update support using ::tclapp::update_support command.
WARNING: [Common 17-1496] Vivado tclapp support version doesn't have install/uninstall hooks. Please update support using ::tclapp::update_support command.
WARNING: [Common 17-1496] Vivado tclapp support version doesn't have install/uninstall hooks. Please update support using ::tclapp::update_support command.
WARNING: [Common 17-1496] Vivado tclapp support version doesn't have install/uninstall hooks. Please update support using ::tclapp::update_support command.
WARNING: [Common 17-1496] Vivado tclapp support version doesn't have install/uninstall hooks. Please update support using ::tclapp::update_support command.
WARNING: [Common 17-1496] Vivado tclapp support version doesn't have install/uninstall hooks. Please update support using ::tclapp::update_support command.
INFO: Using COE_DIR=/home/nu/ChenLab/tensor-mlir/examples/gpt2/vitis_base3_3slr_stream/chip2_kernel/p/s/impl/ip/hdl/verilog
INFO: Generating b3c2_dadd_64ns_64ns_64_3_full_dsp_1_ip via file impl/misc/b3c2_dadd_64ns_64ns_64_3_full_dsp_1_ip.tcl
INFO: [IP_Flow 19-234] Refreshing IP repositories
INFO: [IP_Flow 19-1704] No user IP repositories specified
INFO: [IP_Flow 19-2313] Loaded Vivado IP repository '/tools/Xilinx/2025.2/data/ip'.
INFO: [IP_Flow 19-1686] Generating 'Synthesis' target for IP 'b3c2_dadd_64ns_64ns_64_3_full_dsp_1_ip'...
INFO: [IP_Flow 19-1686] Generating 'Simulation' target for IP 'b3c2_dadd_64ns_64ns_64_3_full_dsp_1_ip'...
INFO: Done generating b3c2_dadd_64ns_64ns_64_3_full_dsp_1_ip via file impl/misc/b3c2_dadd_64ns_64ns_64_3_full_dsp_1_ip.tcl
INFO: Generating b3c2_fadd_32ns_32ns_32_3_full_dsp_1_ip via file impl/misc/b3c2_fadd_32ns_32ns_32_3_full_dsp_1_ip.tcl
INFO: [IP_Flow 19-1686] Generating 'Synthesis' target for IP 'b3c2_fadd_32ns_32ns_32_3_full_dsp_1_ip'...
INFO: [IP_Flow 19-1686] Generating 'Simulation' target for IP 'b3c2_fadd_32ns_32ns_32_3_full_dsp_1_ip'...
INFO: Done generating b3c2_fadd_32ns_32ns_32_3_full_dsp_1_ip via file impl/misc/b3c2_fadd_32ns_32ns_32_3_full_dsp_1_ip.tcl
INFO: Generating b3c2_faddfsub_32ns_32ns_32_3_full_dsp_1_ip via file impl/misc/b3c2_faddfsub_32ns_32ns_32_3_full_dsp_1_ip.tcl
INFO: [IP_Flow 19-1686] Generating 'Synthesis' target for IP 'b3c2_faddfsub_32ns_32ns_32_3_full_dsp_1_ip'...
INFO: [IP_Flow 19-1686] Generating 'Simulation' target for IP 'b3c2_faddfsub_32ns_32ns_32_3_full_dsp_1_ip'...
INFO: Done generating b3c2_faddfsub_32ns_32ns_32_3_full_dsp_1_ip via file impl/misc/b3c2_faddfsub_32ns_32ns_32_3_full_dsp_1_ip.tcl
INFO: Generating b3c2_fcmp_32ns_32ns_1_1_no_dsp_1_ip via file impl/misc/b3c2_fcmp_32ns_32ns_1_1_no_dsp_1_ip.tcl
INFO: [IP_Flow 19-1686] Generating 'Synthesis' target for IP 'b3c2_fcmp_32ns_32ns_1_1_no_dsp_1_ip'...
INFO: [IP_Flow 19-1686] Generating 'Simulation' target for IP 'b3c2_fcmp_32ns_32ns_1_1_no_dsp_1_ip'...
INFO: Done generating b3c2_fcmp_32ns_32ns_1_1_no_dsp_1_ip via file impl/misc/b3c2_fcmp_32ns_32ns_1_1_no_dsp_1_ip.tcl
INFO: Generating b3c2_fdiv_32ns_32ns_32_6_no_dsp_1_ip via file impl/misc/b3c2_fdiv_32ns_32ns_32_6_no_dsp_1_ip.tcl
INFO: [IP_Flow 19-1686] Generating 'Synthesis' target for IP 'b3c2_fdiv_32ns_32ns_32_6_no_dsp_1_ip'...
INFO: [IP_Flow 19-1686] Generating 'Simulation' target for IP 'b3c2_fdiv_32ns_32ns_32_6_no_dsp_1_ip'...
INFO: Done generating b3c2_fdiv_32ns_32ns_32_6_no_dsp_1_ip via file impl/misc/b3c2_fdiv_32ns_32ns_32_6_no_dsp_1_ip.tcl
INFO: Generating b3c2_floatingpoint_add_16ns_16ns_16ns_32ns_16_1_1_ip via file impl/misc/b3c2_floatingpoint_add_16ns_16ns_16ns_32ns_16_1_1_ip.tcl
INFO: [IP_Flow 19-1686] Generating 'Synthesis' target for IP 'b3c2_floatingpoint_add_16ns_16ns_16ns_32ns_16_1_1_ip'...
INFO: [IP_Flow 19-1686] Generating 'Simulation' target for IP 'b3c2_floatingpoint_add_16ns_16ns_16ns_32ns_16_1_1_ip'...
INFO: Done generating b3c2_floatingpoint_add_16ns_16ns_16ns_32ns_16_1_1_ip via file impl/misc/b3c2_floatingpoint_add_16ns_16ns_16ns_32ns_16_1_1_ip.tcl
INFO: Generating b3c2_floatingpoint_add_32ns_32ns_32ns_32ns_32_3_1_ip via file impl/misc/b3c2_floatingpoint_add_32ns_32ns_32ns_32ns_32_3_1_ip.tcl
INFO: [IP_Flow 19-1686] Generating 'Synthesis' target for IP 'b3c2_floatingpoint_add_32ns_32ns_32ns_32ns_32_3_1_ip'...
INFO: [IP_Flow 19-1686] Generating 'Simulation' target for IP 'b3c2_floatingpoint_add_32ns_32ns_32ns_32ns_32_3_1_ip'...
INFO: Done generating b3c2_floatingpoint_add_32ns_32ns_32ns_32ns_32_3_1_ip via file impl/misc/b3c2_floatingpoint_add_32ns_32ns_32ns_32ns_32_3_1_ip.tcl
INFO: Generating b3c2_floatingpoint_floattofloat_16ns_32ns_32ns_32ns_16_1_1_ip via file impl/misc/b3c2_floatingpoint_floattofloat_16ns_32ns_32ns_32ns_16_1_1_ip.tcl
INFO: [IP_Flow 19-1686] Generating 'Synthesis' target for IP 'b3c2_floatingpoint_floattofloat_16ns_32ns_32ns_32ns_16_1_1_ip'...
INFO: [IP_Flow 19-1686] Generating 'Simulation' target for IP 'b3c2_floatingpoint_floattofloat_16ns_32ns_32ns_32ns_16_1_1_ip'...
INFO: Done generating b3c2_floatingpoint_floattofloat_16ns_32ns_32ns_32ns_16_1_1_ip via file impl/misc/b3c2_floatingpoint_floattofloat_16ns_32ns_32ns_32ns_16_1_1_ip.tcl
INFO: Generating b3c2_floatingpoint_floattofloat_32ns_16ns_32ns_32ns_32_1_1_ip via file impl/misc/b3c2_floatingpoint_floattofloat_32ns_16ns_32ns_32ns_32_1_1_ip.tcl
INFO: [IP_Flow 19-1686] Generating 'Synthesis' target for IP 'b3c2_floatingpoint_floattofloat_32ns_16ns_32ns_32ns_32_1_1_ip'...
INFO: [IP_Flow 19-1686] Generating 'Simulation' target for IP 'b3c2_floatingpoint_floattofloat_32ns_16ns_32ns_32ns_32_1_1_ip'...
INFO: Done generating b3c2_floatingpoint_floattofloat_32ns_16ns_32ns_32ns_32_1_1_ip via file impl/misc/b3c2_floatingpoint_floattofloat_32ns_16ns_32ns_32ns_32_1_1_ip.tcl
INFO: Generating b3c2_floatingpoint_mul_16ns_16ns_16ns_32ns_16_1_1_ip via file impl/misc/b3c2_floatingpoint_mul_16ns_16ns_16ns_32ns_16_1_1_ip.tcl
INFO: [IP_Flow 19-1686] Generating 'Synthesis' target for IP 'b3c2_floatingpoint_mul_16ns_16ns_16ns_32ns_16_1_1_ip'...
INFO: [IP_Flow 19-1686] Generating 'Simulation' target for IP 'b3c2_floatingpoint_mul_16ns_16ns_16ns_32ns_16_1_1_ip'...
INFO: Done generating b3c2_floatingpoint_mul_16ns_16ns_16ns_32ns_16_1_1_ip via file impl/misc/b3c2_floatingpoint_mul_16ns_16ns_16ns_32ns_16_1_1_ip.tcl
INFO: Generating b3c2_floatingpoint_mul_32ns_32ns_32ns_32ns_32_1_1_ip via file impl/misc/b3c2_floatingpoint_mul_32ns_32ns_32ns_32ns_32_1_1_ip.tcl
INFO: [IP_Flow 19-1686] Generating 'Synthesis' target for IP 'b3c2_floatingpoint_mul_32ns_32ns_32ns_32ns_32_1_1_ip'...
INFO: [IP_Flow 19-1686] Generating 'Simulation' target for IP 'b3c2_floatingpoint_mul_32ns_32ns_32ns_32ns_32_1_1_ip'...
INFO: Done generating b3c2_floatingpoint_mul_32ns_32ns_32ns_32ns_32_1_1_ip via file impl/misc/b3c2_floatingpoint_mul_32ns_32ns_32ns_32ns_32_1_1_ip.tcl
INFO: Generating b3c2_fmul_32ns_32ns_32_2_max_dsp_1_ip via file impl/misc/b3c2_fmul_32ns_32ns_32_2_max_dsp_1_ip.tcl
INFO: [IP_Flow 19-1686] Generating 'Synthesis' target for IP 'b3c2_fmul_32ns_32ns_32_2_max_dsp_1_ip'...
INFO: [IP_Flow 19-1686] Generating 'Simulation' target for IP 'b3c2_fmul_32ns_32ns_32_2_max_dsp_1_ip'...
INFO: Done generating b3c2_fmul_32ns_32ns_32_2_max_dsp_1_ip via file impl/misc/b3c2_fmul_32ns_32ns_32_2_max_dsp_1_ip.tcl
INFO: Generating b3c2_fpext_32ns_64_1_no_dsp_1_ip via file impl/misc/b3c2_fpext_32ns_64_1_no_dsp_1_ip.tcl
INFO: [IP_Flow 19-1686] Generating 'Synthesis' target for IP 'b3c2_fpext_32ns_64_1_no_dsp_1_ip'...
INFO: [IP_Flow 19-1686] Generating 'Simulation' target for IP 'b3c2_fpext_32ns_64_1_no_dsp_1_ip'...
INFO: Done generating b3c2_fpext_32ns_64_1_no_dsp_1_ip via file impl/misc/b3c2_fpext_32ns_64_1_no_dsp_1_ip.tcl
INFO: Generating b3c2_fptrunc_64ns_32_2_no_dsp_1_ip via file impl/misc/b3c2_fptrunc_64ns_32_2_no_dsp_1_ip.tcl
INFO: [IP_Flow 19-1686] Generating 'Synthesis' target for IP 'b3c2_fptrunc_64ns_32_2_no_dsp_1_ip'...
INFO: [IP_Flow 19-1686] Generating 'Simulation' target for IP 'b3c2_fptrunc_64ns_32_2_no_dsp_1_ip'...
INFO: Done generating b3c2_fptrunc_64ns_32_2_no_dsp_1_ip via file impl/misc/b3c2_fptrunc_64ns_32_2_no_dsp_1_ip.tcl
INFO: Generating b3c2_fsub_32ns_32ns_32_3_full_dsp_1_ip via file impl/misc/b3c2_fsub_32ns_32ns_32_3_full_dsp_1_ip.tcl
INFO: [IP_Flow 19-1686] Generating 'Synthesis' target for IP 'b3c2_fsub_32ns_32ns_32_3_full_dsp_1_ip'...
INFO: [IP_Flow 19-1686] Generating 'Simulation' target for IP 'b3c2_fsub_32ns_32ns_32_3_full_dsp_1_ip'...
INFO: Done generating b3c2_fsub_32ns_32ns_32_3_full_dsp_1_ip via file impl/misc/b3c2_fsub_32ns_32ns_32_3_full_dsp_1_ip.tcl
INFO: Found 1 unique subcore IP: xilinx.com:ip:floating_point:7.1
INFO: Copied 15 subcore files: /home/nu/ChenLab/tensor-mlir/examples/gpt2/vitis_base3_3slr_stream/chip2_kernel/p/s/impl/ip/hdl/ip/b3c2_fadd_32ns_32ns_32_3_full_dsp_1_ip/b3c2_fadd_32ns_32ns_32_3_full_dsp_1_ip.xci /home/nu/ChenLab/tensor-mlir/examples/gpt2/vitis_base3_3slr_stream/chip2_kernel/p/s/impl/ip/hdl/ip/b3c2_floatingpoint_add_16ns_16ns_16ns_32ns_16_1_1_ip/b3c2_floatingpoint_add_16ns_16ns_16ns_32ns_16_1_1_ip.xci /home/nu/ChenLab/tensor-mlir/examples/gpt2/vitis_base3_3slr_stream/chip2_kernel/p/s/impl/ip/hdl/ip/b3c2_floatingpoint_floattofloat_16ns_32ns_32ns_32ns_16_1_1_ip/b3c2_floatingpoint_floattofloat_16ns_32ns_32ns_32ns_16_1_1_ip.xci /home/nu/ChenLab/tensor-mlir/examples/gpt2/vitis_base3_3slr_stream/chip2_kernel/p/s/impl/ip/hdl/ip/b3c2_fmul_32ns_32ns_32_2_max_dsp_1_ip/b3c2_fmul_32ns_32ns_32_2_max_dsp_1_ip.xci /home/nu/ChenLab/tensor-mlir/examples/gpt2/vitis_base3_3slr_stream/chip2_kernel/p/s/impl/ip/hdl/ip/b3c2_floatingpoint_mul_16ns_16ns_16ns_32ns_16_1_1_ip/b3c2_floatingpoint_mul_16ns_16ns_16ns_32ns_16_1_1_ip.xci /home/nu/ChenLab/tensor-mlir/examples/gpt2/vitis_base3_3slr_stream/chip2_kernel/p/s/impl/ip/hdl/ip/b3c2_fpext_32ns_64_1_no_dsp_1_ip/b3c2_fpext_32ns_64_1_no_dsp_1_ip.xci /home/nu/ChenLab/tensor-mlir/examples/gpt2/vitis_base3_3slr_stream/chip2_kernel/p/s/impl/ip/hdl/ip/b3c2_floatingpoint_mul_32ns_32ns_32ns_32ns_32_1_1_ip/b3c2_floatingpoint_mul_32ns_32ns_32ns_32ns_32_1_1_ip.xci /home/nu/ChenLab/tensor-mlir/examples/gpt2/vitis_base3_3slr_stream/chip2_kernel/p/s/impl/ip/hdl/ip/b3c2_dadd_64ns_64ns_64_3_full_dsp_1_ip/b3c2_dadd_64ns_64ns_64_3_full_dsp_1_ip.xci /home/nu/ChenLab/tensor-mlir/examples/gpt2/vitis_base3_3slr_stream/chip2_kernel/p/s/impl/ip/hdl/ip/b3c2_floatingpoint_floattofloat_32ns_16ns_32ns_32ns_32_1_1_ip/b3c2_floatingpoint_floattofloat_32ns_16ns_32ns_32ns_32_1_1_ip.xci /home/nu/ChenLab/tensor-mlir/examples/gpt2/vitis_base3_3slr_stream/chip2_kernel/p/s/impl/ip/hdl/ip/b3c2_fdiv_32ns_32ns_32_6_no_dsp_1_ip/b3c2_fdiv_32ns_32ns_32_6_no_dsp_1_ip.xci /home/nu/ChenLab/tensor-mlir/examples/gpt2/vitis_base3_3slr_stream/chip2_kernel/p/s/impl/ip/hdl/ip/b3c2_faddfsub_32ns_32ns_32_3_full_dsp_1_ip/b3c2_faddfsub_32ns_32ns_32_3_full_dsp_1_ip.xci /home/nu/ChenLab/tensor-mlir/examples/gpt2/vitis_base3_3slr_stream/chip2_kernel/p/s/impl/ip/hdl/ip/b3c2_floatingpoint_add_32ns_32ns_32ns_32ns_32_3_1_ip/b3c2_floatingpoint_add_32ns_32ns_32ns_32ns_32_3_1_ip.xci /home/nu/ChenLab/tensor-mlir/examples/gpt2/vitis_base3_3slr_stream/chip2_kernel/p/s/impl/ip/hdl/ip/b3c2_fcmp_32ns_32ns_1_1_no_dsp_1_ip/b3c2_fcmp_32ns_32ns_1_1_no_dsp_1_ip.xci /home/nu/ChenLab/tensor-mlir/examples/gpt2/vitis_base3_3slr_stream/chip2_kernel/p/s/impl/ip/hdl/ip/b3c2_fptrunc_64ns_32_2_no_dsp_1_ip/b3c2_fptrunc_64ns_32_2_no_dsp_1_ip.xci /home/nu/ChenLab/tensor-mlir/examples/gpt2/vitis_base3_3slr_stream/chip2_kernel/p/s/impl/ip/hdl/ip/b3c2_fsub_32ns_32ns_32_3_full_dsp_1_ip/b3c2_fsub_32ns_32ns_32_3_full_dsp_1_ip.xci
INFO: Import ports from HDL: /home/nu/ChenLab/tensor-mlir/examples/gpt2/vitis_base3_3slr_stream/chip2_kernel/p/s/impl/ip/hdl/vhdl/b3c2.vhd (b3c2)
INFO: Add axi4lite interface s_axi_control
INFO: Add clock interface ap_clk
INFO: Add reset interface ap_rst_n
INFO: Add interrupt interface interrupt
INFO: [IP_Flow 19-234] Refreshing IP repositories
INFO: [IP_Flow 19-1704] No user IP repositories specified
INFO: [IP_Flow 19-2313] Loaded Vivado IP repository '/tools/Xilinx/2025.2/data/ip'.
INFO: Add axi4full interface m_axi_gmem0
INFO: Add axi4full interface m_axi_gmem1
INFO: Add axi4stream interface residual_from_chip1
INFO: Add axi4stream interface mlp_from_chip1
INFO: Calling post_process_vitis to specialize IP
INFO: Calling post_process_sysgen to specialize IP
Generating sysgen info xml from json file
INFO: Created IP /home/nu/ChenLab/tensor-mlir/examples/gpt2/vitis_base3_3slr_stream/chip2_kernel/p/s/impl/ip/component.xml
Generating XO file: c2.xo in directory /home/nu/ChenLab/tensor-mlir/examples/gpt2/vitis_base3_3slr_stream/chip2_kernel/p/s/../..
Running: package_xo -xo_path /home/nu/ChenLab/tensor-mlir/examples/gpt2/vitis_base3_3slr_stream/chip2_kernel/p/s/../../c2.xo -kernel_xml /home/nu/ChenLab/tensor-mlir/examples/gpt2/vitis_base3_3slr_stream/chip2_kernel/p/s/../kernel.xml -kernel_name b3c2 -ip_directory /home/nu/ChenLab/tensor-mlir/examples/gpt2/vitis_base3_3slr_stream/chip2_kernel/p/s/impl/ip -kernel_files /home/nu/ChenLab/tensor-mlir/examples/gpt2/vitis_base3_3slr_stream/chip2_kernel/p/s/../../kernel.cpp -hls_directory /home/nu/ChenLab/tensor-mlir/examples/gpt2/vitis_base3_3slr_stream/chip2_kernel/p/s/impl/misc/hls_files -kernel_json /home/nu/ChenLab/tensor-mlir/examples/gpt2/vitis_base3_3slr_stream/chip2_kernel/p/s/s_data.json
INFO: Created IP archive /home/nu/ChenLab/tensor-mlir/examples/gpt2/vitis_base3_3slr_stream/chip2_kernel/p/s/impl/ip/xilinx_com_hls_b3c2_1_0.zip
INFO: [Common 17-206] Exiting Vivado at Thu Apr  9 19:56:36 2026...
