

================================================================
== Vitis HLS Report for 'forward'
================================================================
* Date:           Sat Apr 11 14:56:57 2026

* Version:        2022.1 (Build 3526262 on Mon Apr 18 15:48:16 MDT 2022)
* Project:        csynth_prj
* Solution:       solution1 (Vivado IP Flow Target)
* Product family: virtexuplus
* Target device:  xcu55c-fsvh2892-2L-e


================================================================
== Performance Estimates
================================================================
+ Timing: 
    * Summary: 
    +--------+----------+----------+------------+
    |  Clock |  Target  | Estimated| Uncertainty|
    +--------+----------+----------+------------+
    |ap_clk  |  10.00 ns|  7.501 ns|     2.70 ns|
    +--------+----------+----------+------------+

+ Latency: 
    * Summary: 
    +----------+----------+-----------+-----------+----------+----------+---------+
    |   Latency (cycles)  |   Latency (absolute)  |       Interval      | Pipeline|
    |    min   |    max   |    min    |    max    |    min   |    max   |   Type  |
    +----------+----------+-----------+-----------+----------+----------+---------+
    |  79247103|  79247103|  0.792 sec|  0.792 sec|  79247104|  79247104|       no|
    +----------+----------+-----------+-----------+----------+----------+---------+

    + Detail: 
        * Instance: 
        +-----------------------------------------------------------------+------------------------------------------------------+---------+---------+-----------+-----------+---------+---------+---------+
        |                                                                 |                                                      |  Latency (cycles) |   Latency (absolute)  |      Interval     | Pipeline|
        |                             Instance                            |                        Module                        |   min   |   max   |    min    |    max    |   min   |   max   |   Type  |
        +-----------------------------------------------------------------+------------------------------------------------------+---------+---------+-----------+-----------+---------+---------+---------+
        |grp_forward_Pipeline_VITIS_LOOP_5764_2_fu_732                    |forward_Pipeline_VITIS_LOOP_5764_2                    |       66|       66|   0.660 us|   0.660 us|       66|       66|       no|
        |grp_forward_Pipeline_VITIS_LOOP_5769_3_fu_737                    |forward_Pipeline_VITIS_LOOP_5769_3                    |       66|       66|   0.660 us|   0.660 us|       66|       66|       no|
        |grp_forward_Pipeline_VITIS_LOOP_5742_1_VITIS_LOOP_5743_2_fu_742  |forward_Pipeline_VITIS_LOOP_5742_1_VITIS_LOOP_5743_2  |       66|       66|   0.660 us|   0.660 us|       66|       66|       no|
        |grp_forward_Pipeline_VITIS_LOOP_5723_1_VITIS_LOOP_5724_2_fu_752  |forward_Pipeline_VITIS_LOOP_5723_1_VITIS_LOOP_5724_2  |       66|       66|   0.660 us|   0.660 us|       66|       66|       no|
        |grp_forward_Pipeline_VITIS_LOOP_5705_1_VITIS_LOOP_5706_2_fu_758  |forward_Pipeline_VITIS_LOOP_5705_1_VITIS_LOOP_5706_2  |       66|       66|   0.660 us|   0.660 us|       66|       66|       no|
        |grp_forward_node203_fu_768                                       |forward_node203                                       |  3594241|  3594241|  35.942 ms|  35.942 ms|  3594241|  3594241|       no|
        |grp_forward_Pipeline_VITIS_LOOP_6472_1_fu_782                    |forward_Pipeline_VITIS_LOOP_6472_1                    |       12|       12|   0.120 us|   0.120 us|       12|       12|       no|
        |grp_forward_Pipeline_VITIS_LOOP_120_1_fu_787                     |forward_Pipeline_VITIS_LOOP_120_1                     |     1026|     1026|  10.260 us|  10.260 us|     1026|     1026|       no|
        |grp_forward_node198_fu_795                                       |forward_node198                                       |  1197505|  1197505|  11.975 ms|  11.975 ms|  1197505|  1197505|       no|
        |grp_forward_node189_fu_809                                       |forward_node189                                       |  3332872|  3332872|  33.329 ms|  33.329 ms|  3332872|  3332872|       no|
        |grp_forward_node184_fu_829                                       |forward_node184                                       |   598753|   598753|   5.988 ms|   5.988 ms|   598753|   598753|       no|
        |grp_forward_node175_fu_843                                       |forward_node175                                       |  3151240|  3151240|  31.512 ms|  31.512 ms|  3151240|  3151240|       no|
        |grp_forward_node169_fu_863                                       |forward_node169                                       |  1197505|  1197505|  11.975 ms|  11.975 ms|  1197505|  1197505|       no|
        |grp_forward_node160_fu_877                                       |forward_node160                                       |  6137224|  6137224|  61.372 ms|  61.372 ms|  6137224|  6137224|       no|
        |grp_forward_node154_fu_897                                       |forward_node154                                       |   312769|   312769|   3.128 ms|   3.128 ms|   312769|   312769|       no|
        |grp_forward_node145_fu_911                                       |forward_node145                                       |  3062536|  3062536|  30.625 ms|  30.625 ms|  3062536|  3062536|       no|
        |grp_forward_node139_fu_931                                       |forward_node139                                       |   625537|   625537|   6.255 ms|   6.255 ms|   625537|   625537|       no|
        |grp_forward_node130_fu_945                                       |forward_node130                                       |  6040328|  6040328|  60.403 ms|  60.403 ms|  6040328|  6040328|       no|
        |grp_forward_node124_fu_965                                       |forward_node124                                       |   183169|   183169|   1.832 ms|   1.832 ms|   183169|   183169|       no|
        |grp_forward_node115_fu_979                                       |forward_node115                                       |  3020296|  3020296|  30.203 ms|  30.203 ms|  3020296|  3020296|       no|
        |grp_forward_node109_fu_999                                       |forward_node109                                       |   366337|   366337|   3.663 ms|   3.663 ms|   366337|   366337|       no|
        |grp_forward_node100_fu_1013                                      |forward_node100                                       |  5993992|  5993992|  59.940 ms|  59.940 ms|  5993992|  5993992|       no|
        |grp_forward_node94_fu_1033                                       |forward_node94                                        |   366337|   366337|   3.663 ms|   3.663 ms|   366337|   366337|       no|
        |grp_forward_node85_fu_1047                                       |forward_node85                                        |  5993992|  5993992|  59.940 ms|  59.940 ms|  5993992|  5993992|       no|
        |grp_forward_node79_fu_1067                                       |forward_node79                                        |   366337|   366337|   3.663 ms|   3.663 ms|   366337|   366337|       no|
        |grp_forward_node70_fu_1081                                       |forward_node70                                        |  5993992|  5993992|  59.940 ms|  59.940 ms|  5993992|  5993992|       no|
        |grp_forward_node64_fu_1101                                       |forward_node64                                        |   366337|   366337|   3.663 ms|   3.663 ms|   366337|   366337|       no|
        |grp_forward_node55_fu_1115                                       |forward_node55                                        |  5993992|  5993992|  59.940 ms|  59.940 ms|  5993992|  5993992|       no|
        |grp_forward_node49_fu_1135                                       |forward_node49                                        |   366337|   366337|   3.663 ms|   3.663 ms|   366337|   366337|       no|
        |grp_forward_node40_fu_1149                                       |forward_node40                                        |  5993992|  5993992|  59.940 ms|  59.940 ms|  5993992|  5993992|       no|
        |grp_forward_node34_fu_1169                                       |forward_node34                                        |   145153|   145153|   1.452 ms|   1.452 ms|   145153|   145153|       no|
        |grp_forward_node25_fu_1183                                       |forward_node25                                        |  4834312|  4834312|  48.343 ms|  48.343 ms|  4834312|  4834312|       no|
        |grp_forward_node19_fu_1203                                       |forward_node19                                        |   290305|   290305|   2.903 ms|   2.903 ms|   290305|   290305|       no|
        |grp_forward_node10_fu_1217                                       |forward_node10                                        |  9636872|  9636872|  96.369 ms|  96.369 ms|  9636872|  9636872|       no|
        |grp_forward_node5_fu_1237                                        |forward_node5                                         |    27137|    27137|   0.271 ms|   0.271 ms|    27137|    27137|       no|
        |grp_forward_Pipeline_VITIS_LOOP_132_3_fu_1249                    |forward_Pipeline_VITIS_LOOP_132_3                     |       42|       42|   0.420 us|   0.420 us|       42|       42|       no|
        |grp_forward_Pipeline_VITIS_LOOP_137_4_fu_1254                    |forward_Pipeline_VITIS_LOOP_137_4                     |       10|       10|   0.100 us|   0.100 us|       10|       10|       no|
        |grp_forward_Pipeline_VITIS_LOOP_33_1_fu_1259                     |forward_Pipeline_VITIS_LOOP_33_1                      |       12|       12|   0.120 us|   0.120 us|       12|       12|       no|
        |grp_forward_Pipeline_VITIS_LOOP_103_1_fu_1264                    |forward_Pipeline_VITIS_LOOP_103_1                     |       10|       10|   0.100 us|   0.100 us|       10|       10|       no|
        |grp_forward_Pipeline_VITIS_LOOP_86_1_VITIS_LOOP_87_2_fu_1272     |forward_Pipeline_VITIS_LOOP_86_1_VITIS_LOOP_87_2      |       42|       42|   0.420 us|   0.420 us|       42|       42|       no|
        |grp_forward_Pipeline_VITIS_LOOP_64_1_VITIS_LOOP_65_2_fu_1281     |forward_Pipeline_VITIS_LOOP_64_1_VITIS_LOOP_65_2      |       84|       84|   0.840 us|   0.840 us|       84|       84|       no|
        |grp_forward_Pipeline_VITIS_LOOP_35_2_VITIS_LOOP_36_3_fu_1289     |forward_Pipeline_VITIS_LOOP_35_2_VITIS_LOOP_36_3      |       16|       16|   0.160 us|   0.160 us|       16|       16|       no|
        |grp_forward_Pipeline_VITIS_LOOP_44_4_fu_1297                     |forward_Pipeline_VITIS_LOOP_44_4                      |       12|       12|   0.120 us|   0.120 us|       12|       12|       no|
        +-----------------------------------------------------------------+------------------------------------------------------+---------+---------+-----------+-----------+---------+---------+---------+

        * Loop: 
        +---------------------+---------+---------+----------+-----------+-----------+------+----------+
        |                     |  Latency (cycles) | Iteration|  Initiation Interval  | Trip |          |
        |      Loop Name      |   min   |   max   |  Latency |  achieved |   target  | Count| Pipelined|
        +---------------------+---------+---------+----------+-----------+-----------+------+----------+
        |- VITIS_LOOP_5756_1  |    13056|    13056|       272|          -|          -|    48|        no|
        |- VITIS_LOOP_125_2   |    44544|    44544|       174|          -|          -|   256|        no|
        +---------------------+---------+---------+----------+-----------+-----------+------+----------+



================================================================
== Utilization Estimates
================================================================
* Summary: 
+---------------------+---------+------+---------+---------+-----+
|         Name        | BRAM_18K|  DSP |    FF   |   LUT   | URAM|
+---------------------+---------+------+---------+---------+-----+
|DSP                  |        -|     -|        -|        -|    -|
|Expression           |        -|     -|        0|      132|    -|
|FIFO                 |        -|     -|      232|      290|    -|
|Instance             |      140|     7|    21976|    82836|    0|
|Memory               |        6|     -|        0|        0|    -|
|Multiplexer          |        -|     -|        -|     2423|    -|
|Register             |        -|     -|      200|        -|    -|
+---------------------+---------+------+---------+---------+-----+
|Total                |      146|     7|    22408|    85681|    0|
+---------------------+---------+------+---------+---------+-----+
|Available SLR        |     1344|  3008|   869120|   434560|  320|
+---------------------+---------+------+---------+---------+-----+
|Utilization SLR (%)  |       10|    ~0|        2|       19|    0|
+---------------------+---------+------+---------+---------+-----+
|Available            |     4032|  9024|  2607360|  1303680|  960|
+---------------------+---------+------+---------+---------+-----+
|Utilization (%)      |        3|    ~0|       ~0|        6|    0|
+---------------------+---------+------+---------+---------+-----+

+ Detail: 
    * Instance: 
    +-----------------------------------------------------------------+------------------------------------------------------+---------+----+-----+------+-----+
    |                             Instance                            |                        Module                        | BRAM_18K| DSP|  FF |  LUT | URAM|
    +-----------------------------------------------------------------+------------------------------------------------------+---------+----+-----+------+-----+
    |ctrl_s_axi_U                                                     |ctrl_s_axi                                            |        0|   0|   36|    40|    0|
    |fadd_32ns_32ns_32_3_full_dsp_1_U1503                             |fadd_32ns_32ns_32_3_full_dsp_1                        |        0|   2|  177|   226|    0|
    |fadd_32ns_32ns_32_3_full_dsp_1_U1504                             |fadd_32ns_32ns_32_3_full_dsp_1                        |        0|   2|  177|   226|    0|
    |fmul_32ns_32ns_32_2_max_dsp_1_U1505                              |fmul_32ns_32ns_32_2_max_dsp_1                         |        0|   3|  128|    77|    0|
    |grp_forward_Pipeline_VITIS_LOOP_103_1_fu_1264                    |forward_Pipeline_VITIS_LOOP_103_1                     |        0|   0|   11|    59|    0|
    |grp_forward_Pipeline_VITIS_LOOP_120_1_fu_787                     |forward_Pipeline_VITIS_LOOP_120_1                     |        0|   0|   25|    68|    0|
    |grp_forward_Pipeline_VITIS_LOOP_132_3_fu_1249                    |forward_Pipeline_VITIS_LOOP_132_3                     |        0|   0|    8|    50|    0|
    |grp_forward_Pipeline_VITIS_LOOP_137_4_fu_1254                    |forward_Pipeline_VITIS_LOOP_137_4                     |        0|   0|    6|    48|    0|
    |grp_forward_Pipeline_VITIS_LOOP_33_1_fu_1259                     |forward_Pipeline_VITIS_LOOP_33_1                      |        0|   0|    6|    48|    0|
    |grp_forward_Pipeline_VITIS_LOOP_35_2_VITIS_LOOP_36_3_fu_1289     |forward_Pipeline_VITIS_LOOP_35_2_VITIS_LOOP_36_3      |        1|   0|  184|   181|    0|
    |grp_forward_Pipeline_VITIS_LOOP_44_4_fu_1297                     |forward_Pipeline_VITIS_LOOP_44_4                      |        0|   0|   11|    59|    0|
    |grp_forward_Pipeline_VITIS_LOOP_5705_1_VITIS_LOOP_5706_2_fu_758  |forward_Pipeline_VITIS_LOOP_5705_1_VITIS_LOOP_5706_2  |        0|   0|   30|   230|    0|
    |grp_forward_Pipeline_VITIS_LOOP_5723_1_VITIS_LOOP_5724_2_fu_752  |forward_Pipeline_VITIS_LOOP_5723_1_VITIS_LOOP_5724_2  |        0|   0|   24|   153|    0|
    |grp_forward_Pipeline_VITIS_LOOP_5742_1_VITIS_LOOP_5743_2_fu_742  |forward_Pipeline_VITIS_LOOP_5742_1_VITIS_LOOP_5743_2  |        0|   0|   24|   197|    0|
    |grp_forward_Pipeline_VITIS_LOOP_5764_2_fu_732                    |forward_Pipeline_VITIS_LOOP_5764_2                    |        0|   0|    9|    52|    0|
    |grp_forward_Pipeline_VITIS_LOOP_5769_3_fu_737                    |forward_Pipeline_VITIS_LOOP_5769_3                    |        0|   0|    9|    52|    0|
    |grp_forward_Pipeline_VITIS_LOOP_6472_1_fu_782                    |forward_Pipeline_VITIS_LOOP_6472_1                    |        0|   0|    6|    48|    0|
    |grp_forward_Pipeline_VITIS_LOOP_64_1_VITIS_LOOP_65_2_fu_1281     |forward_Pipeline_VITIS_LOOP_64_1_VITIS_LOOP_65_2      |        0|   0|  322|   652|    0|
    |grp_forward_Pipeline_VITIS_LOOP_86_1_VITIS_LOOP_87_2_fu_1272     |forward_Pipeline_VITIS_LOOP_86_1_VITIS_LOOP_87_2      |        0|   0|   22|   221|    0|
    |grp_forward_node10_fu_1217                                       |forward_node10                                        |        6|   0|  799|  3136|    0|
    |grp_forward_node100_fu_1013                                      |forward_node100                                       |        6|   0|  886|  3852|    0|
    |grp_forward_node109_fu_999                                       |forward_node109                                       |        4|   0|  627|  2242|    0|
    |grp_forward_node115_fu_979                                       |forward_node115                                       |        6|   0|  880|  3843|    0|
    |grp_forward_node124_fu_965                                       |forward_node124                                       |        4|   0|  619|  2202|    0|
    |grp_forward_node130_fu_945                                       |forward_node130                                       |        6|   0|  912|  3940|    0|
    |grp_forward_node139_fu_931                                       |forward_node139                                       |        4|   0|  657|  2344|    0|
    |grp_forward_node145_fu_911                                       |forward_node145                                       |        6|   0|  906|  3930|    0|
    |grp_forward_node154_fu_897                                       |forward_node154                                       |        4|   0|  649|  2285|    0|
    |grp_forward_node160_fu_877                                       |forward_node160                                       |        6|   0|  939|  4004|    0|
    |grp_forward_node169_fu_863                                       |forward_node169                                       |        4|   0|  687|  2430|    0|
    |grp_forward_node175_fu_843                                       |forward_node175                                       |        6|   0|  932|  4013|    0|
    |grp_forward_node184_fu_829                                       |forward_node184                                       |        5|   0|  661|  2195|    0|
    |grp_forward_node189_fu_809                                       |forward_node189                                       |        6|   0|  937|  4031|    0|
    |grp_forward_node19_fu_1203                                       |forward_node19                                        |        4|   0|  556|  1398|    0|
    |grp_forward_node198_fu_795                                       |forward_node198                                       |        4|   0|  665|  2270|    0|
    |grp_forward_node203_fu_768                                       |forward_node203                                       |        5|   0|  736|  2301|    0|
    |grp_forward_node25_fu_1183                                       |forward_node25                                        |        6|   0|  793|  3126|    0|
    |grp_forward_node34_fu_1169                                       |forward_node34                                        |        4|   0|  552|  1409|    0|
    |grp_forward_node40_fu_1149                                       |forward_node40                                        |        6|   0|  886|  3852|    0|
    |grp_forward_node49_fu_1135                                       |forward_node49                                        |        4|   0|  627|  2242|    0|
    |grp_forward_node5_fu_1237                                        |forward_node5                                         |        3|   0|  316|   822|    0|
    |grp_forward_node55_fu_1115                                       |forward_node55                                        |        6|   0|  886|  3852|    0|
    |grp_forward_node64_fu_1101                                       |forward_node64                                        |        4|   0|  627|  2242|    0|
    |grp_forward_node70_fu_1081                                       |forward_node70                                        |        6|   0|  886|  3852|    0|
    |grp_forward_node79_fu_1067                                       |forward_node79                                        |        4|   0|  627|  2242|    0|
    |grp_forward_node85_fu_1047                                       |forward_node85                                        |        6|   0|  886|  3852|    0|
    |grp_forward_node94_fu_1033                                       |forward_node94                                        |        4|   0|  627|  2242|    0|
    +-----------------------------------------------------------------+------------------------------------------------------+---------+----+-----+------+-----+
    |Total                                                            |                                                      |      140|   7|21976| 82836|    0|
    +-----------------------------------------------------------------+------------------------------------------------------+---------+----+-----+------+-----+

    * DSP: 
    N/A

    * Memory: 
    +---------+-----------------------------------------+---------+---+----+-----+------+-----+------+-------------+
    |  Memory |                  Module                 | BRAM_18K| FF| LUT| URAM| Words| Bits| Banks| W*Bits*Banks|
    +---------+-----------------------------------------+---------+---+----+-----+------+-----+------+-------------+
    |v47_U    |forward_node169_v1960_RAM_T2P_BRAM_1R1W  |        1|  0|   0|    0|     8|   32|     1|          256|
    |v2387_U  |forward_node203_v2357_RAM_T2P_BRAM_1R1W  |        1|  0|   0|    0|    64|   32|     1|         2048|
    |v2388_U  |forward_node203_v2357_RAM_T2P_BRAM_1R1W  |        1|  0|   0|    0|    64|   32|     1|         2048|
    |v3_U     |v3_RAM_T2P_BRAM_1R1W                     |        1|  0|   0|    0|    10|   32|     1|          320|
    |v2728_U  |v3_RAM_T2P_BRAM_1R1W                     |        1|  0|   0|    0|    10|   32|     1|          320|
    |v46_U    |v46_RAM_T2P_BRAM_1R1W                    |        1|  0|   0|    0|    40|   32|     1|         1280|
    +---------+-----------------------------------------+---------+---+----+-----+------+-----+------+-------------+
    |Total    |                                         |        6|  0|   0|    0|   196|  192|     6|         6272|
    +---------+-----------------------------------------+---------+---+----+-----+------+-----+------+-------------+

    * FIFO: 
    +--------------+---------+---+----+-----+------+-----+---------+
    |     Name     | BRAM_18K| FF| LUT| URAM| Depth| Bits| Size:D*B|
    +--------------+---------+---+----+-----+------+-----+---------+
    |v2699_fifo_U  |        0|  8|   0|    -|     2|    1|        2|
    |v2700_fifo_U  |        0|  8|   0|    -|     2|    1|        2|
    |v2701_fifo_U  |        0|  8|   0|    -|     2|    1|        2|
    |v2702_fifo_U  |        0|  8|   0|    -|     2|    1|        2|
    |v2703_fifo_U  |        0|  8|   0|    -|     2|    1|        2|
    |v2704_fifo_U  |        0|  8|   0|    -|     2|    1|        2|
    |v2705_fifo_U  |        0|  8|   0|    -|     2|    1|        2|
    |v2706_fifo_U  |        0|  8|   0|    -|     2|    1|        2|
    |v2707_fifo_U  |        0|  8|   0|    -|     2|    1|        2|
    |v2708_fifo_U  |        0|  8|   0|    -|     2|    1|        2|
    |v2709_fifo_U  |        0|  8|   0|    -|     2|    1|        2|
    |v2710_fifo_U  |        0|  8|   0|    -|     2|    1|        2|
    |v2711_fifo_U  |        0|  8|   0|    -|     2|    1|        2|
    |v2712_fifo_U  |        0|  8|   0|    -|     2|    1|        2|
    |v2713_fifo_U  |        0|  8|   0|    -|     2|    1|        2|
    |v2714_fifo_U  |        0|  8|   0|    -|     2|    1|        2|
    |v2715_fifo_U  |        0|  8|   0|    -|     2|    1|        2|
    |v2716_fifo_U  |        0|  8|   0|    -|     2|    1|        2|
    |v2717_fifo_U  |        0|  8|   0|    -|     2|    1|        2|
    |v2718_fifo_U  |        0|  8|   0|    -|     2|    1|        2|
    |v2719_fifo_U  |        0|  8|   0|    -|     2|    1|        2|
    |v2720_fifo_U  |        0|  8|   0|    -|     2|    1|        2|
    |v2721_fifo_U  |        0|  8|   0|    -|     2|    1|        2|
    |v2722_fifo_U  |        0|  8|   0|    -|     2|    1|        2|
    |v2723_fifo_U  |        0|  8|   0|    -|     2|    1|        2|
    |v2724_fifo_U  |        0|  8|   0|    -|     2|    1|        2|
    |v2725_fifo_U  |        0|  8|   0|    -|     2|    1|        2|
    |v2726_fifo_U  |        0|  8|   0|    -|     2|    1|        2|
    |v2727_fifo_U  |        0|  8|   0|    -|     2|    1|        2|
    +--------------+---------+---+----+-----+------+-----+---------+
    |Total         |        0|232|   0|    0|    58|   29|       58|
    +--------------+---------+---+----+-----+------+-----+---------+

    * Expression: 
    +----------------------------------+----------+----+---+----+------------+------------+
    |           Variable Name          | Operation| DSP| FF| LUT| Bitwidth P0| Bitwidth P1|
    +----------------------------------+----------+----+---+----+------------+------------+
    |add_ln5756_1_fu_1346_p2           |         +|   0|  0|  20|          13|           7|
    |add_ln5756_3_fu_1384_p2           |         +|   0|  0|  13|           6|           1|
    |add_ln5756_fu_1340_p2             |         +|   0|  0|  20|          13|           7|
    |v2383_2_fu_1358_p2                |         +|   0|  0|  13|           6|           1|
    |v43_2_fu_1454_p2                  |         +|   0|  0|  16|           9|           1|
    |ap_block_state2                   |       and|   0|  0|   2|           1|           1|
    |icmp_ln125_fu_1448_p2             |      icmp|   0|  0|  11|           9|          10|
    |icmp_ln5756_1_fu_1390_p2          |      icmp|   0|  0|  10|           6|           2|
    |icmp_ln5756_fu_1352_p2            |      icmp|   0|  0|  10|           6|           6|
    |ap_block_state11_on_subcall_done  |        or|   0|  0|   2|           1|           1|
    |ap_block_state3_on_subcall_done   |        or|   0|  0|   2|           1|           1|
    |ap_block_state68_on_subcall_done  |        or|   0|  0|   2|           1|           1|
    |ap_block_state70_on_subcall_done  |        or|   0|  0|   2|           1|           1|
    |select_ln5756_fu_1396_p3          |    select|   0|  0|   6|           1|           6|
    |select_ln86_fu_1487_p3            |    select|   0|  0|   3|           1|           3|
    +----------------------------------+----------+----+---+----+------------+------------+
    |Total                             |          |   0|  0| 132|          75|          49|
    +----------------------------------+----------+----+---+----+------------+------------+

    * Multiplexer: 
    +------------------+-----+-----------+-----+-----------+
    |       Name       | LUT | Input Size| Bits| Total Bits|
    +------------------+-----+-----------+-----+-----------+
    |ap_NS_fsm         |  364|         78|    1|         78|
    |grp_fu_1764_ce    |  145|         30|    1|         30|
    |grp_fu_1764_p0    |  145|         30|   32|        960|
    |grp_fu_1764_p1    |  145|         30|   32|        960|
    |grp_fu_1768_ce    |   65|         15|    1|         15|
    |grp_fu_1768_p0    |   65|         15|   32|        480|
    |grp_fu_1768_p1    |   65|         15|   32|        480|
    |grp_fu_1772_ce    |  145|         30|    1|         30|
    |grp_fu_1772_p0    |  145|         30|   32|        960|
    |grp_fu_1772_p1    |  145|         30|   32|        960|
    |phi_mul14_fu_564  |    9|          2|   13|         26|
    |phi_mul_fu_568    |    9|          2|   13|         26|
    |phi_urem_fu_560   |    9|          2|    6|         12|
    |v2383_fu_572      |    9|          2|    6|         12|
    |v2387_address0    |   20|          4|    6|         24|
    |v2387_ce0         |   20|          4|    1|          4|
    |v2387_d0          |   14|          3|   32|         96|
    |v2387_we0         |   14|          3|    1|          3|
    |v2388_address0    |   20|          4|    6|         24|
    |v2388_ce0         |   20|          4|    1|          4|
    |v2388_d0          |   14|          3|   32|         96|
    |v2388_we0         |   14|          3|    1|          3|
    |v2541_address0    |   14|          3|   10|         30|
    |v2541_ce0         |   14|          3|    1|          3|
    |v2541_we0         |    9|          2|    1|          2|
    |v2699_read        |    9|          2|    1|          2|
    |v2700_read        |    9|          2|    1|          2|
    |v2700_write       |    9|          2|    1|          2|
    |v2701_read        |    9|          2|    1|          2|
    |v2701_write       |    9|          2|    1|          2|
    |v2702_read        |    9|          2|    1|          2|
    |v2702_write       |    9|          2|    1|          2|
    |v2703_read        |    9|          2|    1|          2|
    |v2703_write       |    9|          2|    1|          2|
    |v2704_read        |    9|          2|    1|          2|
    |v2704_write       |    9|          2|    1|          2|
    |v2705_read        |    9|          2|    1|          2|
    |v2705_write       |    9|          2|    1|          2|
    |v2706_read        |    9|          2|    1|          2|
    |v2706_write       |    9|          2|    1|          2|
    |v2707_read        |    9|          2|    1|          2|
    |v2707_write       |    9|          2|    1|          2|
    |v2708_read        |    9|          2|    1|          2|
    |v2708_write       |    9|          2|    1|          2|
    |v2709_read        |    9|          2|    1|          2|
    |v2709_write       |    9|          2|    1|          2|
    |v2710_read        |    9|          2|    1|          2|
    |v2710_write       |    9|          2|    1|          2|
    |v2711_read        |    9|          2|    1|          2|
    |v2711_write       |    9|          2|    1|          2|
    |v2712_read        |    9|          2|    1|          2|
    |v2712_write       |    9|          2|    1|          2|
    |v2713_read        |    9|          2|    1|          2|
    |v2713_write       |    9|          2|    1|          2|
    |v2714_read        |    9|          2|    1|          2|
    |v2714_write       |    9|          2|    1|          2|
    |v2715_read        |    9|          2|    1|          2|
    |v2715_write       |    9|          2|    1|          2|
    |v2716_read        |    9|          2|    1|          2|
    |v2716_write       |    9|          2|    1|          2|
    |v2717_read        |    9|          2|    1|          2|
    |v2717_write       |    9|          2|    1|          2|
    |v2718_read        |    9|          2|    1|          2|
    |v2718_write       |    9|          2|    1|          2|
    |v2719_read        |    9|          2|    1|          2|
    |v2719_write       |    9|          2|    1|          2|
    |v2720_read        |    9|          2|    1|          2|
    |v2720_write       |    9|          2|    1|          2|
    |v2721_read        |    9|          2|    1|          2|
    |v2721_write       |    9|          2|    1|          2|
    |v2722_read        |    9|          2|    1|          2|
    |v2722_write       |    9|          2|    1|          2|
    |v2723_read        |    9|          2|    1|          2|
    |v2723_write       |    9|          2|    1|          2|
    |v2724_read        |    9|          2|    1|          2|
    |v2724_write       |    9|          2|    1|          2|
    |v2725_read        |    9|          2|    1|          2|
    |v2725_write       |    9|          2|    1|          2|
    |v2726_read        |    9|          2|    1|          2|
    |v2726_write       |    9|          2|    1|          2|
    |v2727_write       |    9|          2|    1|          2|
    |v2728_address0    |   20|          4|    4|         16|
    |v2728_ce0         |   20|          4|    1|          4|
    |v2728_d0          |   14|          3|   32|         96|
    |v2728_we0         |   14|          3|    1|          3|
    |v3_address0       |   20|          4|    4|         16|
    |v3_ce0            |   20|          4|    1|          4|
    |v3_d0             |   14|          3|   32|         96|
    |v3_we0            |   14|          3|    1|          3|
    |v43_fu_716        |    9|          2|    9|         18|
    |v46_address0      |   20|          4|    6|         24|
    |v46_ce0           |   20|          4|    1|          4|
    |v46_d0            |   14|          3|   32|         96|
    |v46_we0           |   14|          3|    1|          3|
    |v47_address0      |   20|          4|    3|         12|
    |v47_ce0           |   20|          4|    1|          4|
    |v47_d0            |   14|          3|   32|         96|
    |v47_we0           |   14|          3|    1|          3|
    +------------------+-----+-----------+-----+-----------+
    |Total             | 2423|        517|  544|       5928|
    +------------------+-----+-----------+-----+-----------+

    * Register: 
    +------------------------------------------------------------------------------+----+----+-----+-----------+
    |                                     Name                                     | FF | LUT| Bits| Const Bits|
    +------------------------------------------------------------------------------+----+----+-----+-----------+
    |ap_CS_fsm                                                                     |  77|   0|   77|          0|
    |grp_forward_Pipeline_VITIS_LOOP_103_1_fu_1264_ap_start_reg                    |   1|   0|    1|          0|
    |grp_forward_Pipeline_VITIS_LOOP_120_1_fu_787_ap_start_reg                     |   1|   0|    1|          0|
    |grp_forward_Pipeline_VITIS_LOOP_132_3_fu_1249_ap_start_reg                    |   1|   0|    1|          0|
    |grp_forward_Pipeline_VITIS_LOOP_137_4_fu_1254_ap_start_reg                    |   1|   0|    1|          0|
    |grp_forward_Pipeline_VITIS_LOOP_33_1_fu_1259_ap_start_reg                     |   1|   0|    1|          0|
    |grp_forward_Pipeline_VITIS_LOOP_35_2_VITIS_LOOP_36_3_fu_1289_ap_start_reg     |   1|   0|    1|          0|
    |grp_forward_Pipeline_VITIS_LOOP_44_4_fu_1297_ap_start_reg                     |   1|   0|    1|          0|
    |grp_forward_Pipeline_VITIS_LOOP_5705_1_VITIS_LOOP_5706_2_fu_758_ap_start_reg  |   1|   0|    1|          0|
    |grp_forward_Pipeline_VITIS_LOOP_5723_1_VITIS_LOOP_5724_2_fu_752_ap_start_reg  |   1|   0|    1|          0|
    |grp_forward_Pipeline_VITIS_LOOP_5742_1_VITIS_LOOP_5743_2_fu_742_ap_start_reg  |   1|   0|    1|          0|
    |grp_forward_Pipeline_VITIS_LOOP_5764_2_fu_732_ap_start_reg                    |   1|   0|    1|          0|
    |grp_forward_Pipeline_VITIS_LOOP_5769_3_fu_737_ap_start_reg                    |   1|   0|    1|          0|
    |grp_forward_Pipeline_VITIS_LOOP_6472_1_fu_782_ap_start_reg                    |   1|   0|    1|          0|
    |grp_forward_Pipeline_VITIS_LOOP_64_1_VITIS_LOOP_65_2_fu_1281_ap_start_reg     |   1|   0|    1|          0|
    |grp_forward_Pipeline_VITIS_LOOP_86_1_VITIS_LOOP_87_2_fu_1272_ap_start_reg     |   1|   0|    1|          0|
    |grp_forward_node100_fu_1013_ap_start_reg                                      |   1|   0|    1|          0|
    |grp_forward_node109_fu_999_ap_start_reg                                       |   1|   0|    1|          0|
    |grp_forward_node10_fu_1217_ap_start_reg                                       |   1|   0|    1|          0|
    |grp_forward_node115_fu_979_ap_start_reg                                       |   1|   0|    1|          0|
    |grp_forward_node124_fu_965_ap_start_reg                                       |   1|   0|    1|          0|
    |grp_forward_node130_fu_945_ap_start_reg                                       |   1|   0|    1|          0|
    |grp_forward_node139_fu_931_ap_start_reg                                       |   1|   0|    1|          0|
    |grp_forward_node145_fu_911_ap_start_reg                                       |   1|   0|    1|          0|
    |grp_forward_node154_fu_897_ap_start_reg                                       |   1|   0|    1|          0|
    |grp_forward_node160_fu_877_ap_start_reg                                       |   1|   0|    1|          0|
    |grp_forward_node169_fu_863_ap_start_reg                                       |   1|   0|    1|          0|
    |grp_forward_node175_fu_843_ap_start_reg                                       |   1|   0|    1|          0|
    |grp_forward_node184_fu_829_ap_start_reg                                       |   1|   0|    1|          0|
    |grp_forward_node189_fu_809_ap_start_reg                                       |   1|   0|    1|          0|
    |grp_forward_node198_fu_795_ap_start_reg                                       |   1|   0|    1|          0|
    |grp_forward_node19_fu_1203_ap_start_reg                                       |   1|   0|    1|          0|
    |grp_forward_node203_fu_768_ap_start_reg                                       |   1|   0|    1|          0|
    |grp_forward_node25_fu_1183_ap_start_reg                                       |   1|   0|    1|          0|
    |grp_forward_node34_fu_1169_ap_start_reg                                       |   1|   0|    1|          0|
    |grp_forward_node40_fu_1149_ap_start_reg                                       |   1|   0|    1|          0|
    |grp_forward_node49_fu_1135_ap_start_reg                                       |   1|   0|    1|          0|
    |grp_forward_node55_fu_1115_ap_start_reg                                       |   1|   0|    1|          0|
    |grp_forward_node5_fu_1237_ap_start_reg                                        |   1|   0|    1|          0|
    |grp_forward_node64_fu_1101_ap_start_reg                                       |   1|   0|    1|          0|
    |grp_forward_node70_fu_1081_ap_start_reg                                       |   1|   0|    1|          0|
    |grp_forward_node79_fu_1067_ap_start_reg                                       |   1|   0|    1|          0|
    |grp_forward_node85_fu_1047_ap_start_reg                                       |   1|   0|    1|          0|
    |grp_forward_node94_fu_1033_ap_start_reg                                       |   1|   0|    1|          0|
    |mul_i23_i_reg_1753                                                            |   7|   0|   10|          3|
    |mul_i_i_reg_1727                                                              |   2|   0|    5|          3|
    |phi_mul14_fu_564                                                              |  13|   0|   13|          0|
    |phi_mul_fu_568                                                                |  13|   0|   13|          0|
    |phi_urem_fu_560                                                               |   6|   0|    6|          0|
    |rem1_i_reg_1733                                                               |   2|   0|    5|          3|
    |select_ln86_reg_1758                                                          |   2|   0|    3|          1|
    |tmp_274_reg_1747                                                              |   7|   0|    7|          0|
    |tmp_reg_1710                                                                  |   2|   0|    2|          0|
    |tmp_s_reg_1715                                                                |   2|   0|    2|          0|
    |trunc_ln5756_reg_1702                                                         |   2|   0|    2|          0|
    |v2383_fu_572                                                                  |   6|   0|    6|          0|
    |v2384_reg_1697                                                                |   6|   0|    6|          0|
    |v43_fu_716                                                                    |   9|   0|    9|          0|
    |v44_reg_1742                                                                  |   1|   0|    1|          0|
    +------------------------------------------------------------------------------+----+----+-----+-----------+
    |Total                                                                         | 200|   0|  210|         10|
    +------------------------------------------------------------------------------+----+----+-----+-----------+



================================================================
== Interface
================================================================
* Summary: 
+--------------------+-----+-----+------------+--------------+--------------+
|      RTL Ports     | Dir | Bits|  Protocol  | Source Object|    C Type    |
+--------------------+-----+-----+------------+--------------+--------------+
|s_axi_ctrl_AWVALID  |   in|    1|       s_axi|          ctrl|   return void|
|s_axi_ctrl_AWREADY  |  out|    1|       s_axi|          ctrl|   return void|
|s_axi_ctrl_AWADDR   |   in|    4|       s_axi|          ctrl|   return void|
|s_axi_ctrl_WVALID   |   in|    1|       s_axi|          ctrl|   return void|
|s_axi_ctrl_WREADY   |  out|    1|       s_axi|          ctrl|   return void|
|s_axi_ctrl_WDATA    |   in|   32|       s_axi|          ctrl|   return void|
|s_axi_ctrl_WSTRB    |   in|    4|       s_axi|          ctrl|   return void|
|s_axi_ctrl_ARVALID  |   in|    1|       s_axi|          ctrl|   return void|
|s_axi_ctrl_ARREADY  |  out|    1|       s_axi|          ctrl|   return void|
|s_axi_ctrl_ARADDR   |   in|    4|       s_axi|          ctrl|   return void|
|s_axi_ctrl_RVALID   |  out|    1|       s_axi|          ctrl|   return void|
|s_axi_ctrl_RREADY   |   in|    1|       s_axi|          ctrl|   return void|
|s_axi_ctrl_RDATA    |  out|   32|       s_axi|          ctrl|   return void|
|s_axi_ctrl_RRESP    |  out|    2|       s_axi|          ctrl|   return void|
|s_axi_ctrl_BVALID   |  out|    1|       s_axi|          ctrl|   return void|
|s_axi_ctrl_BREADY   |   in|    1|       s_axi|          ctrl|   return void|
|s_axi_ctrl_BRESP    |  out|    2|       s_axi|          ctrl|   return void|
|ap_clk              |   in|    1|  ap_ctrl_hs|       forward|  return value|
|ap_rst_n            |   in|    1|  ap_ctrl_hs|       forward|  return value|
|interrupt           |  out|    1|  ap_ctrl_hs|       forward|  return value|
|v2389_address0      |  out|   12|   ap_memory|         v2389|         array|
|v2389_ce0           |  out|    1|   ap_memory|         v2389|         array|
|v2389_q0            |   in|   32|   ap_memory|         v2389|         array|
|v2390_address0      |  out|    4|   ap_memory|         v2390|         array|
|v2390_ce0           |  out|    1|   ap_memory|         v2390|         array|
|v2390_we0           |  out|    1|   ap_memory|         v2390|         array|
|v2390_d0            |  out|   32|   ap_memory|         v2390|         array|
|v2391_address0      |  out|   14|   ap_memory|         v2391|         array|
|v2391_ce0           |  out|    1|   ap_memory|         v2391|         array|
|v2391_q0            |   in|   32|   ap_memory|         v2391|         array|
|v2392_address0      |  out|   11|   ap_memory|         v2392|         array|
|v2392_ce0           |  out|    1|   ap_memory|         v2392|         array|
|v2392_q0            |   in|   32|   ap_memory|         v2392|         array|
|v2393_address0      |  out|   13|   ap_memory|         v2393|         array|
|v2393_ce0           |  out|    1|   ap_memory|         v2393|         array|
|v2393_q0            |   in|   32|   ap_memory|         v2393|         array|
|v2394_address0      |  out|   11|   ap_memory|         v2394|         array|
|v2394_ce0           |  out|    1|   ap_memory|         v2394|         array|
|v2394_q0            |   in|   32|   ap_memory|         v2394|         array|
|v2395_address0      |  out|   14|   ap_memory|         v2395|         array|
|v2395_ce0           |  out|    1|   ap_memory|         v2395|         array|
|v2395_q0            |   in|   32|   ap_memory|         v2395|         array|
|v2396_address0      |  out|   11|   ap_memory|         v2396|         array|
|v2396_ce0           |  out|    1|   ap_memory|         v2396|         array|
|v2396_q0            |   in|   32|   ap_memory|         v2396|         array|
|v2397_address0      |  out|   15|   ap_memory|         v2397|         array|
|v2397_ce0           |  out|    1|   ap_memory|         v2397|         array|
|v2397_q0            |   in|   32|   ap_memory|         v2397|         array|
|v2398_address0      |  out|   12|   ap_memory|         v2398|         array|
|v2398_ce0           |  out|    1|   ap_memory|         v2398|         array|
|v2398_q0            |   in|   32|   ap_memory|         v2398|         array|
|v2399_address0      |  out|   16|   ap_memory|         v2399|         array|
|v2399_ce0           |  out|    1|   ap_memory|         v2399|         array|
|v2399_q0            |   in|   32|   ap_memory|         v2399|         array|
|v2400_address0      |  out|   12|   ap_memory|         v2400|         array|
|v2400_ce0           |  out|    1|   ap_memory|         v2400|         array|
|v2400_q0            |   in|   32|   ap_memory|         v2400|         array|
|v2401_address0      |  out|   17|   ap_memory|         v2401|         array|
|v2401_ce0           |  out|    1|   ap_memory|         v2401|         array|
|v2401_q0            |   in|   32|   ap_memory|         v2401|         array|
|v2402_address0      |  out|   13|   ap_memory|         v2402|         array|
|v2402_ce0           |  out|    1|   ap_memory|         v2402|         array|
|v2402_q0            |   in|   32|   ap_memory|         v2402|         array|
|v2403_address0      |  out|   18|   ap_memory|         v2403|         array|
|v2403_ce0           |  out|    1|   ap_memory|         v2403|         array|
|v2403_q0            |   in|   32|   ap_memory|         v2403|         array|
|v2404_address0      |  out|   13|   ap_memory|         v2404|         array|
|v2404_ce0           |  out|    1|   ap_memory|         v2404|         array|
|v2404_q0            |   in|   32|   ap_memory|         v2404|         array|
|v2405_address0      |  out|   18|   ap_memory|         v2405|         array|
|v2405_ce0           |  out|    1|   ap_memory|         v2405|         array|
|v2405_q0            |   in|   32|   ap_memory|         v2405|         array|
|v2406_address0      |  out|   13|   ap_memory|         v2406|         array|
|v2406_ce0           |  out|    1|   ap_memory|         v2406|         array|
|v2406_q0            |   in|   32|   ap_memory|         v2406|         array|
|v2407_address0      |  out|   18|   ap_memory|         v2407|         array|
|v2407_ce0           |  out|    1|   ap_memory|         v2407|         array|
|v2407_q0            |   in|   32|   ap_memory|         v2407|         array|
|v2408_address0      |  out|   13|   ap_memory|         v2408|         array|
|v2408_ce0           |  out|    1|   ap_memory|         v2408|         array|
|v2408_q0            |   in|   32|   ap_memory|         v2408|         array|
|v2409_address0      |  out|   18|   ap_memory|         v2409|         array|
|v2409_ce0           |  out|    1|   ap_memory|         v2409|         array|
|v2409_q0            |   in|   32|   ap_memory|         v2409|         array|
|v2410_address0      |  out|   13|   ap_memory|         v2410|         array|
|v2410_ce0           |  out|    1|   ap_memory|         v2410|         array|
|v2410_q0            |   in|   32|   ap_memory|         v2410|         array|
|v2411_address0      |  out|   18|   ap_memory|         v2411|         array|
|v2411_ce0           |  out|    1|   ap_memory|         v2411|         array|
|v2411_q0            |   in|   32|   ap_memory|         v2411|         array|
|v2412_address0      |  out|   13|   ap_memory|         v2412|         array|
|v2412_ce0           |  out|    1|   ap_memory|         v2412|         array|
|v2412_q0            |   in|   32|   ap_memory|         v2412|         array|
|v2413_address0      |  out|   19|   ap_memory|         v2413|         array|
|v2413_ce0           |  out|    1|   ap_memory|         v2413|         array|
|v2413_q0            |   in|   32|   ap_memory|         v2413|         array|
|v2414_address0      |  out|   14|   ap_memory|         v2414|         array|
|v2414_ce0           |  out|    1|   ap_memory|         v2414|         array|
|v2414_q0            |   in|   32|   ap_memory|         v2414|         array|
|v2415_address0      |  out|   20|   ap_memory|         v2415|         array|
|v2415_ce0           |  out|    1|   ap_memory|         v2415|         array|
|v2415_q0            |   in|   32|   ap_memory|         v2415|         array|
|v2416_address0      |  out|   12|   ap_memory|         v2416|         array|
|v2416_ce0           |  out|    1|   ap_memory|         v2416|         array|
|v2416_we0           |  out|    1|   ap_memory|         v2416|         array|
|v2416_d0            |  out|   32|   ap_memory|         v2416|         array|
|v2417_address0      |  out|   12|   ap_memory|         v2417|         array|
|v2417_ce0           |  out|    1|   ap_memory|         v2417|         array|
|v2417_q0            |   in|   32|   ap_memory|         v2417|         array|
|v2418_address0      |  out|   15|   ap_memory|         v2418|         array|
|v2418_ce0           |  out|    1|   ap_memory|         v2418|         array|
|v2418_we0           |  out|    1|   ap_memory|         v2418|         array|
|v2418_d0            |  out|   32|   ap_memory|         v2418|         array|
|v2419_address0      |  out|   15|   ap_memory|         v2419|         array|
|v2419_ce0           |  out|    1|   ap_memory|         v2419|         array|
|v2419_q0            |   in|   32|   ap_memory|         v2419|         array|
|v2420_address0      |  out|   15|   ap_memory|         v2420|         array|
|v2420_ce0           |  out|    1|   ap_memory|         v2420|         array|
|v2420_q0            |   in|   32|   ap_memory|         v2420|         array|
|v2421_address0      |  out|   15|   ap_memory|         v2421|         array|
|v2421_ce0           |  out|    1|   ap_memory|         v2421|         array|
|v2421_we0           |  out|    1|   ap_memory|         v2421|         array|
|v2421_d0            |  out|   32|   ap_memory|         v2421|         array|
|v2422_address0      |  out|   15|   ap_memory|         v2422|         array|
|v2422_ce0           |  out|    1|   ap_memory|         v2422|         array|
|v2422_q0            |   in|   32|   ap_memory|         v2422|         array|
|v2423_address0      |  out|   15|   ap_memory|         v2423|         array|
|v2423_ce0           |  out|    1|   ap_memory|         v2423|         array|
|v2423_q0            |   in|   32|   ap_memory|         v2423|         array|
|v2424_address0      |  out|   16|   ap_memory|         v2424|         array|
|v2424_ce0           |  out|    1|   ap_memory|         v2424|         array|
|v2424_we0           |  out|    1|   ap_memory|         v2424|         array|
|v2424_d0            |  out|   32|   ap_memory|         v2424|         array|
|v2425_address0      |  out|   16|   ap_memory|         v2425|         array|
|v2425_ce0           |  out|    1|   ap_memory|         v2425|         array|
|v2425_q0            |   in|   32|   ap_memory|         v2425|         array|
|v2426_address0      |  out|   16|   ap_memory|         v2426|         array|
|v2426_ce0           |  out|    1|   ap_memory|         v2426|         array|
|v2426_q0            |   in|   32|   ap_memory|         v2426|         array|
|v2427_address0      |  out|   16|   ap_memory|         v2427|         array|
|v2427_ce0           |  out|    1|   ap_memory|         v2427|         array|
|v2427_we0           |  out|    1|   ap_memory|         v2427|         array|
|v2427_d0            |  out|   32|   ap_memory|         v2427|         array|
|v2427_q0            |   in|   32|   ap_memory|         v2427|         array|
|v2428_address0      |  out|   16|   ap_memory|         v2428|         array|
|v2428_ce0           |  out|    1|   ap_memory|         v2428|         array|
|v2428_q0            |   in|   32|   ap_memory|         v2428|         array|
|v2429_address0      |  out|   15|   ap_memory|         v2429|         array|
|v2429_ce0           |  out|    1|   ap_memory|         v2429|         array|
|v2429_we0           |  out|    1|   ap_memory|         v2429|         array|
|v2429_d0            |  out|   32|   ap_memory|         v2429|         array|
|v2429_q0            |   in|   32|   ap_memory|         v2429|         array|
|v2430_address0      |  out|   14|   ap_memory|         v2430|         array|
|v2430_ce0           |  out|    1|   ap_memory|         v2430|         array|
|v2430_we0           |  out|    1|   ap_memory|         v2430|         array|
|v2430_d0            |  out|   32|   ap_memory|         v2430|         array|
|v2431_address0      |  out|   14|   ap_memory|         v2431|         array|
|v2431_ce0           |  out|    1|   ap_memory|         v2431|         array|
|v2431_q0            |   in|   32|   ap_memory|         v2431|         array|
|v2432_address0      |  out|   14|   ap_memory|         v2432|         array|
|v2432_ce0           |  out|    1|   ap_memory|         v2432|         array|
|v2432_q0            |   in|   32|   ap_memory|         v2432|         array|
|v2433_address0      |  out|   15|   ap_memory|         v2433|         array|
|v2433_ce0           |  out|    1|   ap_memory|         v2433|         array|
|v2433_we0           |  out|    1|   ap_memory|         v2433|         array|
|v2433_d0            |  out|   32|   ap_memory|         v2433|         array|
|v2434_address0      |  out|   15|   ap_memory|         v2434|         array|
|v2434_ce0           |  out|    1|   ap_memory|         v2434|         array|
|v2434_q0            |   in|   32|   ap_memory|         v2434|         array|
|v2435_address0      |  out|   15|   ap_memory|         v2435|         array|
|v2435_ce0           |  out|    1|   ap_memory|         v2435|         array|
|v2435_q0            |   in|   32|   ap_memory|         v2435|         array|
|v2436_address0      |  out|   15|   ap_memory|         v2436|         array|
|v2436_ce0           |  out|    1|   ap_memory|         v2436|         array|
|v2436_we0           |  out|    1|   ap_memory|         v2436|         array|
|v2436_d0            |  out|   32|   ap_memory|         v2436|         array|
|v2436_q0            |   in|   32|   ap_memory|         v2436|         array|
|v2437_address0      |  out|   15|   ap_memory|         v2437|         array|
|v2437_ce0           |  out|    1|   ap_memory|         v2437|         array|
|v2437_q0            |   in|   32|   ap_memory|         v2437|         array|
|v2438_address0      |  out|   14|   ap_memory|         v2438|         array|
|v2438_ce0           |  out|    1|   ap_memory|         v2438|         array|
|v2438_we0           |  out|    1|   ap_memory|         v2438|         array|
|v2438_d0            |  out|   32|   ap_memory|         v2438|         array|
|v2438_q0            |   in|   32|   ap_memory|         v2438|         array|
|v2439_address0      |  out|   15|   ap_memory|         v2439|         array|
|v2439_ce0           |  out|    1|   ap_memory|         v2439|         array|
|v2439_we0           |  out|    1|   ap_memory|         v2439|         array|
|v2439_d0            |  out|   32|   ap_memory|         v2439|         array|
|v2440_address0      |  out|   15|   ap_memory|         v2440|         array|
|v2440_ce0           |  out|    1|   ap_memory|         v2440|         array|
|v2440_q0            |   in|   32|   ap_memory|         v2440|         array|
|v2441_address0      |  out|   15|   ap_memory|         v2441|         array|
|v2441_ce0           |  out|    1|   ap_memory|         v2441|         array|
|v2441_q0            |   in|   32|   ap_memory|         v2441|         array|
|v2442_address0      |  out|   15|   ap_memory|         v2442|         array|
|v2442_ce0           |  out|    1|   ap_memory|         v2442|         array|
|v2442_we0           |  out|    1|   ap_memory|         v2442|         array|
|v2442_d0            |  out|   32|   ap_memory|         v2442|         array|
|v2443_address0      |  out|   15|   ap_memory|         v2443|         array|
|v2443_ce0           |  out|    1|   ap_memory|         v2443|         array|
|v2443_q0            |   in|   32|   ap_memory|         v2443|         array|
|v2444_address0      |  out|   15|   ap_memory|         v2444|         array|
|v2444_ce0           |  out|    1|   ap_memory|         v2444|         array|
|v2444_q0            |   in|   32|   ap_memory|         v2444|         array|
|v2445_address0      |  out|   15|   ap_memory|         v2445|         array|
|v2445_ce0           |  out|    1|   ap_memory|         v2445|         array|
|v2445_we0           |  out|    1|   ap_memory|         v2445|         array|
|v2445_d0            |  out|   32|   ap_memory|         v2445|         array|
|v2445_q0            |   in|   32|   ap_memory|         v2445|         array|
|v2446_address0      |  out|   15|   ap_memory|         v2446|         array|
|v2446_ce0           |  out|    1|   ap_memory|         v2446|         array|
|v2446_q0            |   in|   32|   ap_memory|         v2446|         array|
|v2447_address0      |  out|   15|   ap_memory|         v2447|         array|
|v2447_ce0           |  out|    1|   ap_memory|         v2447|         array|
|v2447_we0           |  out|    1|   ap_memory|         v2447|         array|
|v2447_d0            |  out|   32|   ap_memory|         v2447|         array|
|v2447_q0            |   in|   32|   ap_memory|         v2447|         array|
|v2448_address0      |  out|   13|   ap_memory|         v2448|         array|
|v2448_ce0           |  out|    1|   ap_memory|         v2448|         array|
|v2448_we0           |  out|    1|   ap_memory|         v2448|         array|
|v2448_d0            |  out|   32|   ap_memory|         v2448|         array|
|v2449_address0      |  out|   13|   ap_memory|         v2449|         array|
|v2449_ce0           |  out|    1|   ap_memory|         v2449|         array|
|v2449_q0            |   in|   32|   ap_memory|         v2449|         array|
|v2450_address0      |  out|   13|   ap_memory|         v2450|         array|
|v2450_ce0           |  out|    1|   ap_memory|         v2450|         array|
|v2450_q0            |   in|   32|   ap_memory|         v2450|         array|
|v2451_address0      |  out|   14|   ap_memory|         v2451|         array|
|v2451_ce0           |  out|    1|   ap_memory|         v2451|         array|
|v2451_we0           |  out|    1|   ap_memory|         v2451|         array|
|v2451_d0            |  out|   32|   ap_memory|         v2451|         array|
|v2452_address0      |  out|   14|   ap_memory|         v2452|         array|
|v2452_ce0           |  out|    1|   ap_memory|         v2452|         array|
|v2452_q0            |   in|   32|   ap_memory|         v2452|         array|
|v2453_address0      |  out|   14|   ap_memory|         v2453|         array|
|v2453_ce0           |  out|    1|   ap_memory|         v2453|         array|
|v2453_q0            |   in|   32|   ap_memory|         v2453|         array|
|v2454_address0      |  out|   14|   ap_memory|         v2454|         array|
|v2454_ce0           |  out|    1|   ap_memory|         v2454|         array|
|v2454_we0           |  out|    1|   ap_memory|         v2454|         array|
|v2454_d0            |  out|   32|   ap_memory|         v2454|         array|
|v2454_q0            |   in|   32|   ap_memory|         v2454|         array|
|v2455_address0      |  out|   14|   ap_memory|         v2455|         array|
|v2455_ce0           |  out|    1|   ap_memory|         v2455|         array|
|v2455_q0            |   in|   32|   ap_memory|         v2455|         array|
|v2456_address0      |  out|   13|   ap_memory|         v2456|         array|
|v2456_ce0           |  out|    1|   ap_memory|         v2456|         array|
|v2456_we0           |  out|    1|   ap_memory|         v2456|         array|
|v2456_d0            |  out|   32|   ap_memory|         v2456|         array|
|v2456_q0            |   in|   32|   ap_memory|         v2456|         array|
|v2457_address0      |  out|   14|   ap_memory|         v2457|         array|
|v2457_ce0           |  out|    1|   ap_memory|         v2457|         array|
|v2457_we0           |  out|    1|   ap_memory|         v2457|         array|
|v2457_d0            |  out|   32|   ap_memory|         v2457|         array|
|v2458_address0      |  out|   14|   ap_memory|         v2458|         array|
|v2458_ce0           |  out|    1|   ap_memory|         v2458|         array|
|v2458_q0            |   in|   32|   ap_memory|         v2458|         array|
|v2459_address0      |  out|   14|   ap_memory|         v2459|         array|
|v2459_ce0           |  out|    1|   ap_memory|         v2459|         array|
|v2459_q0            |   in|   32|   ap_memory|         v2459|         array|
|v2460_address0      |  out|   14|   ap_memory|         v2460|         array|
|v2460_ce0           |  out|    1|   ap_memory|         v2460|         array|
|v2460_we0           |  out|    1|   ap_memory|         v2460|         array|
|v2460_d0            |  out|   32|   ap_memory|         v2460|         array|
|v2461_address0      |  out|   14|   ap_memory|         v2461|         array|
|v2461_ce0           |  out|    1|   ap_memory|         v2461|         array|
|v2461_q0            |   in|   32|   ap_memory|         v2461|         array|
|v2462_address0      |  out|   14|   ap_memory|         v2462|         array|
|v2462_ce0           |  out|    1|   ap_memory|         v2462|         array|
|v2462_q0            |   in|   32|   ap_memory|         v2462|         array|
|v2463_address0      |  out|   14|   ap_memory|         v2463|         array|
|v2463_ce0           |  out|    1|   ap_memory|         v2463|         array|
|v2463_we0           |  out|    1|   ap_memory|         v2463|         array|
|v2463_d0            |  out|   32|   ap_memory|         v2463|         array|
|v2463_q0            |   in|   32|   ap_memory|         v2463|         array|
|v2464_address0      |  out|   14|   ap_memory|         v2464|         array|
|v2464_ce0           |  out|    1|   ap_memory|         v2464|         array|
|v2464_q0            |   in|   32|   ap_memory|         v2464|         array|
|v2465_address0      |  out|   14|   ap_memory|         v2465|         array|
|v2465_ce0           |  out|    1|   ap_memory|         v2465|         array|
|v2465_we0           |  out|    1|   ap_memory|         v2465|         array|
|v2465_d0            |  out|   32|   ap_memory|         v2465|         array|
|v2465_q0            |   in|   32|   ap_memory|         v2465|         array|
|v2466_address0      |  out|   12|   ap_memory|         v2466|         array|
|v2466_ce0           |  out|    1|   ap_memory|         v2466|         array|
|v2466_we0           |  out|    1|   ap_memory|         v2466|         array|
|v2466_d0            |  out|   32|   ap_memory|         v2466|         array|
|v2467_address0      |  out|   12|   ap_memory|         v2467|         array|
|v2467_ce0           |  out|    1|   ap_memory|         v2467|         array|
|v2467_q0            |   in|   32|   ap_memory|         v2467|         array|
|v2468_address0      |  out|   12|   ap_memory|         v2468|         array|
|v2468_ce0           |  out|    1|   ap_memory|         v2468|         array|
|v2468_q0            |   in|   32|   ap_memory|         v2468|         array|
|v2469_address0      |  out|   13|   ap_memory|         v2469|         array|
|v2469_ce0           |  out|    1|   ap_memory|         v2469|         array|
|v2469_we0           |  out|    1|   ap_memory|         v2469|         array|
|v2469_d0            |  out|   32|   ap_memory|         v2469|         array|
|v2470_address0      |  out|   13|   ap_memory|         v2470|         array|
|v2470_ce0           |  out|    1|   ap_memory|         v2470|         array|
|v2470_q0            |   in|   32|   ap_memory|         v2470|         array|
|v2471_address0      |  out|   13|   ap_memory|         v2471|         array|
|v2471_ce0           |  out|    1|   ap_memory|         v2471|         array|
|v2471_q0            |   in|   32|   ap_memory|         v2471|         array|
|v2472_address0      |  out|   13|   ap_memory|         v2472|         array|
|v2472_ce0           |  out|    1|   ap_memory|         v2472|         array|
|v2472_we0           |  out|    1|   ap_memory|         v2472|         array|
|v2472_d0            |  out|   32|   ap_memory|         v2472|         array|
|v2472_q0            |   in|   32|   ap_memory|         v2472|         array|
|v2473_address0      |  out|   13|   ap_memory|         v2473|         array|
|v2473_ce0           |  out|    1|   ap_memory|         v2473|         array|
|v2473_q0            |   in|   32|   ap_memory|         v2473|         array|
|v2474_address0      |  out|   12|   ap_memory|         v2474|         array|
|v2474_ce0           |  out|    1|   ap_memory|         v2474|         array|
|v2474_we0           |  out|    1|   ap_memory|         v2474|         array|
|v2474_d0            |  out|   32|   ap_memory|         v2474|         array|
|v2474_q0            |   in|   32|   ap_memory|         v2474|         array|
|v2475_address0      |  out|   13|   ap_memory|         v2475|         array|
|v2475_ce0           |  out|    1|   ap_memory|         v2475|         array|
|v2475_we0           |  out|    1|   ap_memory|         v2475|         array|
|v2475_d0            |  out|   32|   ap_memory|         v2475|         array|
|v2476_address0      |  out|   13|   ap_memory|         v2476|         array|
|v2476_ce0           |  out|    1|   ap_memory|         v2476|         array|
|v2476_q0            |   in|   32|   ap_memory|         v2476|         array|
|v2477_address0      |  out|   13|   ap_memory|         v2477|         array|
|v2477_ce0           |  out|    1|   ap_memory|         v2477|         array|
|v2477_q0            |   in|   32|   ap_memory|         v2477|         array|
|v2478_address0      |  out|   13|   ap_memory|         v2478|         array|
|v2478_ce0           |  out|    1|   ap_memory|         v2478|         array|
|v2478_we0           |  out|    1|   ap_memory|         v2478|         array|
|v2478_d0            |  out|   32|   ap_memory|         v2478|         array|
|v2479_address0      |  out|   13|   ap_memory|         v2479|         array|
|v2479_ce0           |  out|    1|   ap_memory|         v2479|         array|
|v2479_q0            |   in|   32|   ap_memory|         v2479|         array|
|v2480_address0      |  out|   13|   ap_memory|         v2480|         array|
|v2480_ce0           |  out|    1|   ap_memory|         v2480|         array|
|v2480_q0            |   in|   32|   ap_memory|         v2480|         array|
|v2481_address0      |  out|   13|   ap_memory|         v2481|         array|
|v2481_ce0           |  out|    1|   ap_memory|         v2481|         array|
|v2481_we0           |  out|    1|   ap_memory|         v2481|         array|
|v2481_d0            |  out|   32|   ap_memory|         v2481|         array|
|v2481_q0            |   in|   32|   ap_memory|         v2481|         array|
|v2482_address0      |  out|   13|   ap_memory|         v2482|         array|
|v2482_ce0           |  out|    1|   ap_memory|         v2482|         array|
|v2482_q0            |   in|   32|   ap_memory|         v2482|         array|
|v2483_address0      |  out|   13|   ap_memory|         v2483|         array|
|v2483_ce0           |  out|    1|   ap_memory|         v2483|         array|
|v2483_we0           |  out|    1|   ap_memory|         v2483|         array|
|v2483_d0            |  out|   32|   ap_memory|         v2483|         array|
|v2483_q0            |   in|   32|   ap_memory|         v2483|         array|
|v2484_address0      |  out|   13|   ap_memory|         v2484|         array|
|v2484_ce0           |  out|    1|   ap_memory|         v2484|         array|
|v2484_we0           |  out|    1|   ap_memory|         v2484|         array|
|v2484_d0            |  out|   32|   ap_memory|         v2484|         array|
|v2485_address0      |  out|   13|   ap_memory|         v2485|         array|
|v2485_ce0           |  out|    1|   ap_memory|         v2485|         array|
|v2485_q0            |   in|   32|   ap_memory|         v2485|         array|
|v2486_address0      |  out|   13|   ap_memory|         v2486|         array|
|v2486_ce0           |  out|    1|   ap_memory|         v2486|         array|
|v2486_q0            |   in|   32|   ap_memory|         v2486|         array|
|v2487_address0      |  out|   13|   ap_memory|         v2487|         array|
|v2487_ce0           |  out|    1|   ap_memory|         v2487|         array|
|v2487_we0           |  out|    1|   ap_memory|         v2487|         array|
|v2487_d0            |  out|   32|   ap_memory|         v2487|         array|
|v2488_address0      |  out|   13|   ap_memory|         v2488|         array|
|v2488_ce0           |  out|    1|   ap_memory|         v2488|         array|
|v2488_q0            |   in|   32|   ap_memory|         v2488|         array|
|v2489_address0      |  out|   13|   ap_memory|         v2489|         array|
|v2489_ce0           |  out|    1|   ap_memory|         v2489|         array|
|v2489_q0            |   in|   32|   ap_memory|         v2489|         array|
|v2490_address0      |  out|   13|   ap_memory|         v2490|         array|
|v2490_ce0           |  out|    1|   ap_memory|         v2490|         array|
|v2490_we0           |  out|    1|   ap_memory|         v2490|         array|
|v2490_d0            |  out|   32|   ap_memory|         v2490|         array|
|v2490_q0            |   in|   32|   ap_memory|         v2490|         array|
|v2491_address0      |  out|   13|   ap_memory|         v2491|         array|
|v2491_ce0           |  out|    1|   ap_memory|         v2491|         array|
|v2491_q0            |   in|   32|   ap_memory|         v2491|         array|
|v2492_address0      |  out|   13|   ap_memory|         v2492|         array|
|v2492_ce0           |  out|    1|   ap_memory|         v2492|         array|
|v2492_we0           |  out|    1|   ap_memory|         v2492|         array|
|v2492_d0            |  out|   32|   ap_memory|         v2492|         array|
|v2492_q0            |   in|   32|   ap_memory|         v2492|         array|
|v2493_address0      |  out|   13|   ap_memory|         v2493|         array|
|v2493_ce0           |  out|    1|   ap_memory|         v2493|         array|
|v2493_we0           |  out|    1|   ap_memory|         v2493|         array|
|v2493_d0            |  out|   32|   ap_memory|         v2493|         array|
|v2494_address0      |  out|   13|   ap_memory|         v2494|         array|
|v2494_ce0           |  out|    1|   ap_memory|         v2494|         array|
|v2494_q0            |   in|   32|   ap_memory|         v2494|         array|
|v2495_address0      |  out|   13|   ap_memory|         v2495|         array|
|v2495_ce0           |  out|    1|   ap_memory|         v2495|         array|
|v2495_q0            |   in|   32|   ap_memory|         v2495|         array|
|v2496_address0      |  out|   13|   ap_memory|         v2496|         array|
|v2496_ce0           |  out|    1|   ap_memory|         v2496|         array|
|v2496_we0           |  out|    1|   ap_memory|         v2496|         array|
|v2496_d0            |  out|   32|   ap_memory|         v2496|         array|
|v2497_address0      |  out|   13|   ap_memory|         v2497|         array|
|v2497_ce0           |  out|    1|   ap_memory|         v2497|         array|
|v2497_q0            |   in|   32|   ap_memory|         v2497|         array|
|v2498_address0      |  out|   13|   ap_memory|         v2498|         array|
|v2498_ce0           |  out|    1|   ap_memory|         v2498|         array|
|v2498_q0            |   in|   32|   ap_memory|         v2498|         array|
|v2499_address0      |  out|   13|   ap_memory|         v2499|         array|
|v2499_ce0           |  out|    1|   ap_memory|         v2499|         array|
|v2499_we0           |  out|    1|   ap_memory|         v2499|         array|
|v2499_d0            |  out|   32|   ap_memory|         v2499|         array|
|v2499_q0            |   in|   32|   ap_memory|         v2499|         array|
|v2500_address0      |  out|   13|   ap_memory|         v2500|         array|
|v2500_ce0           |  out|    1|   ap_memory|         v2500|         array|
|v2500_q0            |   in|   32|   ap_memory|         v2500|         array|
|v2501_address0      |  out|   13|   ap_memory|         v2501|         array|
|v2501_ce0           |  out|    1|   ap_memory|         v2501|         array|
|v2501_we0           |  out|    1|   ap_memory|         v2501|         array|
|v2501_d0            |  out|   32|   ap_memory|         v2501|         array|
|v2501_q0            |   in|   32|   ap_memory|         v2501|         array|
|v2502_address0      |  out|   13|   ap_memory|         v2502|         array|
|v2502_ce0           |  out|    1|   ap_memory|         v2502|         array|
|v2502_we0           |  out|    1|   ap_memory|         v2502|         array|
|v2502_d0            |  out|   32|   ap_memory|         v2502|         array|
|v2503_address0      |  out|   13|   ap_memory|         v2503|         array|
|v2503_ce0           |  out|    1|   ap_memory|         v2503|         array|
|v2503_q0            |   in|   32|   ap_memory|         v2503|         array|
|v2504_address0      |  out|   13|   ap_memory|         v2504|         array|
|v2504_ce0           |  out|    1|   ap_memory|         v2504|         array|
|v2504_q0            |   in|   32|   ap_memory|         v2504|         array|
|v2505_address0      |  out|   13|   ap_memory|         v2505|         array|
|v2505_ce0           |  out|    1|   ap_memory|         v2505|         array|
|v2505_we0           |  out|    1|   ap_memory|         v2505|         array|
|v2505_d0            |  out|   32|   ap_memory|         v2505|         array|
|v2506_address0      |  out|   13|   ap_memory|         v2506|         array|
|v2506_ce0           |  out|    1|   ap_memory|         v2506|         array|
|v2506_q0            |   in|   32|   ap_memory|         v2506|         array|
|v2507_address0      |  out|   13|   ap_memory|         v2507|         array|
|v2507_ce0           |  out|    1|   ap_memory|         v2507|         array|
|v2507_q0            |   in|   32|   ap_memory|         v2507|         array|
|v2508_address0      |  out|   13|   ap_memory|         v2508|         array|
|v2508_ce0           |  out|    1|   ap_memory|         v2508|         array|
|v2508_we0           |  out|    1|   ap_memory|         v2508|         array|
|v2508_d0            |  out|   32|   ap_memory|         v2508|         array|
|v2508_q0            |   in|   32|   ap_memory|         v2508|         array|
|v2509_address0      |  out|   13|   ap_memory|         v2509|         array|
|v2509_ce0           |  out|    1|   ap_memory|         v2509|         array|
|v2509_q0            |   in|   32|   ap_memory|         v2509|         array|
|v2510_address0      |  out|   13|   ap_memory|         v2510|         array|
|v2510_ce0           |  out|    1|   ap_memory|         v2510|         array|
|v2510_we0           |  out|    1|   ap_memory|         v2510|         array|
|v2510_d0            |  out|   32|   ap_memory|         v2510|         array|
|v2510_q0            |   in|   32|   ap_memory|         v2510|         array|
|v2511_address0      |  out|   13|   ap_memory|         v2511|         array|
|v2511_ce0           |  out|    1|   ap_memory|         v2511|         array|
|v2511_we0           |  out|    1|   ap_memory|         v2511|         array|
|v2511_d0            |  out|   32|   ap_memory|         v2511|         array|
|v2512_address0      |  out|   13|   ap_memory|         v2512|         array|
|v2512_ce0           |  out|    1|   ap_memory|         v2512|         array|
|v2512_q0            |   in|   32|   ap_memory|         v2512|         array|
|v2513_address0      |  out|   13|   ap_memory|         v2513|         array|
|v2513_ce0           |  out|    1|   ap_memory|         v2513|         array|
|v2513_q0            |   in|   32|   ap_memory|         v2513|         array|
|v2514_address0      |  out|   13|   ap_memory|         v2514|         array|
|v2514_ce0           |  out|    1|   ap_memory|         v2514|         array|
|v2514_we0           |  out|    1|   ap_memory|         v2514|         array|
|v2514_d0            |  out|   32|   ap_memory|         v2514|         array|
|v2515_address0      |  out|   13|   ap_memory|         v2515|         array|
|v2515_ce0           |  out|    1|   ap_memory|         v2515|         array|
|v2515_q0            |   in|   32|   ap_memory|         v2515|         array|
|v2516_address0      |  out|   13|   ap_memory|         v2516|         array|
|v2516_ce0           |  out|    1|   ap_memory|         v2516|         array|
|v2516_q0            |   in|   32|   ap_memory|         v2516|         array|
|v2517_address0      |  out|   13|   ap_memory|         v2517|         array|
|v2517_ce0           |  out|    1|   ap_memory|         v2517|         array|
|v2517_we0           |  out|    1|   ap_memory|         v2517|         array|
|v2517_d0            |  out|   32|   ap_memory|         v2517|         array|
|v2517_q0            |   in|   32|   ap_memory|         v2517|         array|
|v2518_address0      |  out|   13|   ap_memory|         v2518|         array|
|v2518_ce0           |  out|    1|   ap_memory|         v2518|         array|
|v2518_q0            |   in|   32|   ap_memory|         v2518|         array|
|v2519_address0      |  out|   13|   ap_memory|         v2519|         array|
|v2519_ce0           |  out|    1|   ap_memory|         v2519|         array|
|v2519_we0           |  out|    1|   ap_memory|         v2519|         array|
|v2519_d0            |  out|   32|   ap_memory|         v2519|         array|
|v2519_q0            |   in|   32|   ap_memory|         v2519|         array|
|v2520_address0      |  out|   11|   ap_memory|         v2520|         array|
|v2520_ce0           |  out|    1|   ap_memory|         v2520|         array|
|v2520_we0           |  out|    1|   ap_memory|         v2520|         array|
|v2520_d0            |  out|   32|   ap_memory|         v2520|         array|
|v2521_address0      |  out|   11|   ap_memory|         v2521|         array|
|v2521_ce0           |  out|    1|   ap_memory|         v2521|         array|
|v2521_q0            |   in|   32|   ap_memory|         v2521|         array|
|v2522_address0      |  out|   11|   ap_memory|         v2522|         array|
|v2522_ce0           |  out|    1|   ap_memory|         v2522|         array|
|v2522_q0            |   in|   32|   ap_memory|         v2522|         array|
|v2523_address0      |  out|   12|   ap_memory|         v2523|         array|
|v2523_ce0           |  out|    1|   ap_memory|         v2523|         array|
|v2523_we0           |  out|    1|   ap_memory|         v2523|         array|
|v2523_d0            |  out|   32|   ap_memory|         v2523|         array|
|v2524_address0      |  out|   12|   ap_memory|         v2524|         array|
|v2524_ce0           |  out|    1|   ap_memory|         v2524|         array|
|v2524_q0            |   in|   32|   ap_memory|         v2524|         array|
|v2525_address0      |  out|   12|   ap_memory|         v2525|         array|
|v2525_ce0           |  out|    1|   ap_memory|         v2525|         array|
|v2525_q0            |   in|   32|   ap_memory|         v2525|         array|
|v2526_address0      |  out|   12|   ap_memory|         v2526|         array|
|v2526_ce0           |  out|    1|   ap_memory|         v2526|         array|
|v2526_we0           |  out|    1|   ap_memory|         v2526|         array|
|v2526_d0            |  out|   32|   ap_memory|         v2526|         array|
|v2526_q0            |   in|   32|   ap_memory|         v2526|         array|
|v2527_address0      |  out|   12|   ap_memory|         v2527|         array|
|v2527_ce0           |  out|    1|   ap_memory|         v2527|         array|
|v2527_q0            |   in|   32|   ap_memory|         v2527|         array|
|v2528_address0      |  out|   11|   ap_memory|         v2528|         array|
|v2528_ce0           |  out|    1|   ap_memory|         v2528|         array|
|v2528_we0           |  out|    1|   ap_memory|         v2528|         array|
|v2528_d0            |  out|   32|   ap_memory|         v2528|         array|
|v2528_q0            |   in|   32|   ap_memory|         v2528|         array|
|v2529_address0      |  out|   12|   ap_memory|         v2529|         array|
|v2529_ce0           |  out|    1|   ap_memory|         v2529|         array|
|v2529_we0           |  out|    1|   ap_memory|         v2529|         array|
|v2529_d0            |  out|   32|   ap_memory|         v2529|         array|
|v2530_address0      |  out|   12|   ap_memory|         v2530|         array|
|v2530_ce0           |  out|    1|   ap_memory|         v2530|         array|
|v2530_q0            |   in|   32|   ap_memory|         v2530|         array|
|v2531_address0      |  out|   12|   ap_memory|         v2531|         array|
|v2531_ce0           |  out|    1|   ap_memory|         v2531|         array|
|v2531_q0            |   in|   32|   ap_memory|         v2531|         array|
|v2532_address0      |  out|   12|   ap_memory|         v2532|         array|
|v2532_ce0           |  out|    1|   ap_memory|         v2532|         array|
|v2532_we0           |  out|    1|   ap_memory|         v2532|         array|
|v2532_d0            |  out|   32|   ap_memory|         v2532|         array|
|v2533_address0      |  out|   12|   ap_memory|         v2533|         array|
|v2533_ce0           |  out|    1|   ap_memory|         v2533|         array|
|v2533_q0            |   in|   32|   ap_memory|         v2533|         array|
|v2534_address0      |  out|   12|   ap_memory|         v2534|         array|
|v2534_ce0           |  out|    1|   ap_memory|         v2534|         array|
|v2534_q0            |   in|   32|   ap_memory|         v2534|         array|
|v2535_address0      |  out|   12|   ap_memory|         v2535|         array|
|v2535_ce0           |  out|    1|   ap_memory|         v2535|         array|
|v2535_we0           |  out|    1|   ap_memory|         v2535|         array|
|v2535_d0            |  out|   32|   ap_memory|         v2535|         array|
|v2535_q0            |   in|   32|   ap_memory|         v2535|         array|
|v2536_address0      |  out|   12|   ap_memory|         v2536|         array|
|v2536_ce0           |  out|    1|   ap_memory|         v2536|         array|
|v2536_q0            |   in|   32|   ap_memory|         v2536|         array|
|v2537_address0      |  out|   12|   ap_memory|         v2537|         array|
|v2537_ce0           |  out|    1|   ap_memory|         v2537|         array|
|v2537_we0           |  out|    1|   ap_memory|         v2537|         array|
|v2537_d0            |  out|   32|   ap_memory|         v2537|         array|
|v2537_q0            |   in|   32|   ap_memory|         v2537|         array|
|v2538_address0      |  out|   10|   ap_memory|         v2538|         array|
|v2538_ce0           |  out|    1|   ap_memory|         v2538|         array|
|v2538_we0           |  out|    1|   ap_memory|         v2538|         array|
|v2538_d0            |  out|   32|   ap_memory|         v2538|         array|
|v2539_address0      |  out|   10|   ap_memory|         v2539|         array|
|v2539_ce0           |  out|    1|   ap_memory|         v2539|         array|
|v2539_q0            |   in|   32|   ap_memory|         v2539|         array|
|v2540_address0      |  out|   10|   ap_memory|         v2540|         array|
|v2540_ce0           |  out|    1|   ap_memory|         v2540|         array|
|v2540_q0            |   in|   32|   ap_memory|         v2540|         array|
|v2541_address0      |  out|   10|   ap_memory|         v2541|         array|
|v2541_ce0           |  out|    1|   ap_memory|         v2541|         array|
|v2541_we0           |  out|    1|   ap_memory|         v2541|         array|
|v2541_d0            |  out|   32|   ap_memory|         v2541|         array|
|v2541_q0            |   in|   32|   ap_memory|         v2541|         array|
+--------------------+-----+-----+------------+--------------+--------------+

