

================================================================
== Vitis HLS Report for 'forward'
================================================================
* Date:           Sat Apr 11 12:45:53 2026

* Version:        2022.1 (Build 3526262 on Mon Apr 18 15:48:16 MDT 2022)
* Project:        csynth_prj
* Solution:       solution1 (Vivado IP Flow Target)
* Product family: virtexuplus
* Target device:  xcu55c-fsvh2892-2L-e


================================================================
== Performance Estimates
================================================================
+ Timing: 
    * Summary: 
    +--------+----------+-----------+------------+
    |  Clock |  Target  | Estimated | Uncertainty|
    +--------+----------+-----------+------------+
    |ap_clk  |  10.00 ns|  11.166 ns|     2.70 ns|
    +--------+----------+-----------+------------+

+ Latency: 
    * Summary: 
    +-----------+-----------+-----------+-----------+-----------+-----------+---------+
    |    Latency (cycles)   |   Latency (absolute)  |        Interval       | Pipeline|
    |    min    |    max    |    min    |    max    |    min    |    max    |   Type  |
    +-----------+-----------+-----------+-----------+-----------+-----------+---------+
    |  761718660|  761718660|  8.505 sec|  8.505 sec|  761718661|  761718661|       no|
    +-----------+-----------+-----------+-----------+-----------+-----------+---------+

    + Detail: 
        * Instance: 
        +-------------------------------------------------------------+--------------------------------------------------+----------+----------+-----------+-----------+----------+----------+---------+
        |                                                             |                                                  |   Latency (cycles)  |   Latency (absolute)  |       Interval      | Pipeline|
        |                           Instance                          |                      Module                      |    min   |    max   |    min    |    max    |    min   |    max   |   Type  |
        +-------------------------------------------------------------+--------------------------------------------------+----------+----------+-----------+-----------+----------+----------+---------+
        |grp_forward_node167_fu_568                                   |forward_node167                                   |      3842|      3842|  38.420 us|  38.420 us|      3842|      3842|       no|
        |grp_forward_Pipeline_VITIS_LOOP_5010_1_fu_577                |forward_Pipeline_VITIS_LOOP_5010_1                |       514|       514|   5.140 us|   5.140 us|       514|       514|       no|
        |grp_forward_Pipeline_VITIS_LOOP_5016_2_fu_583                |forward_Pipeline_VITIS_LOOP_5016_2                |        12|        12|   0.120 us|   0.120 us|        12|        12|       no|
        |grp_forward_node161_fu_589                                   |forward_node161                                   |   1846536|   1846536|  18.465 ms|  18.465 ms|   1846536|   1846536|       no|
        |grp_forward_node155_fu_604                                   |forward_node155                                   |  47453185|  47453185|  0.475 sec|  0.475 sec|  47453185|  47453185|       no|
        |grp_forward_node149_fu_618                                   |forward_node149                                   |  52171777|  52171777|  0.522 sec|  0.522 sec|  52171777|  52171777|       no|
        |grp_forward_node144_fu_632                                   |forward_node144                                   |     67720|     67720|   0.677 ms|   0.677 ms|     67720|     67720|       no|
        |grp_forward_node138_fu_646                                   |forward_node138                                   |  47453185|  47453185|  0.475 sec|  0.475 sec|  47453185|  47453185|       no|
        |grp_forward_node132_fu_660                                   |forward_node132                                   |  52190209|  52190209|  0.522 sec|  0.522 sec|  52190209|  52190209|       no|
        |grp_forward_node127_fu_674                                   |forward_node127                                   |     67720|     67720|   0.677 ms|   0.677 ms|     67720|     67720|       no|
        |grp_forward_node121_fu_688                                   |forward_node121                                   |  23726593|  23726593|  0.237 sec|  0.237 sec|  23726593|  23726593|       no|
        |grp_forward_node109_fu_702                                   |forward_node109                                   |   2631681|   2631681|  26.317 ms|  26.317 ms|   2631681|   2631681|       no|
        |grp_forward_node115_fu_716                                   |forward_node115                                   |  47434753|  47434753|  0.474 sec|  0.474 sec|  47434753|  47434753|       no|
        |grp_forward_node104_fu_730                                   |forward_node104                                   |     34376|     34376|   0.344 ms|   0.344 ms|     34376|     34376|       no|
        |grp_forward_node98_fu_744                                    |forward_node98                                    |  52208641|  52208641|  0.522 sec|  0.522 sec|  52208641|  52208641|       no|
        |grp_forward_node92_fu_758                                    |forward_node92                                    |  52171777|  52171777|  0.522 sec|  0.522 sec|  52171777|  52171777|       no|
        |grp_forward_node87_fu_772                                    |forward_node87                                    |     34376|     34376|   0.344 ms|   0.344 ms|     34376|     34376|       no|
        |grp_forward_node81_fu_786                                    |forward_node81                                    |  26560513|  26560513|  0.266 sec|  0.266 sec|  26560513|  26560513|       no|
        |grp_forward_node69_fu_800                                    |forward_node69                                    |   2662401|   2662401|  26.624 ms|  26.624 ms|   2662401|   2662401|       no|
        |grp_forward_node75_fu_814                                    |forward_node75                                    |  53047297|  53047297|  0.530 sec|  0.530 sec|  53047297|  53047297|       no|
        |grp_forward_node64_fu_828                                    |forward_node64                                    |     17800|     17800|   0.178 ms|   0.178 ms|     17800|     17800|       no|
        |grp_forward_node58_fu_842                                    |forward_node58                                    |  48254977|  48254977|  0.483 sec|  0.483 sec|  48254977|  48254977|       no|
        |grp_forward_node52_fu_856                                    |forward_node52                                    |  48181249|  48181249|  0.482 sec|  0.482 sec|  48181249|  48181249|       no|
        |grp_forward_node47_fu_870                                    |forward_node47                                    |     17800|     17800|   0.178 ms|   0.178 ms|     17800|     17800|       no|
        |grp_forward_node41_fu_884                                    |forward_node41                                    |  30744577|  30744577|  0.307 sec|  0.307 sec|  30744577|  30744577|       no|
        |grp_forward_node29_fu_898                                    |forward_node29                                    |   3342337|   3342337|  33.423 ms|  33.423 ms|   3342337|   3342337|       no|
        |grp_forward_node35_fu_912                                    |forward_node35                                    |  60899329|  60899329|  0.609 sec|  0.609 sec|  60899329|  60899329|       no|
        |grp_forward_node24_fu_926                                    |forward_node24                                    |     10568|     10568|   0.106 ms|   0.106 ms|     10568|     10568|       no|
        |grp_forward_node18_fu_940                                    |forward_node18                                    |  56180737|  56180737|  0.562 sec|  0.562 sec|  56180737|  56180737|       no|
        |grp_forward_node12_fu_954                                    |forward_node12                                    |  60899329|  60899329|  0.609 sec|  0.609 sec|  60899329|  60899329|       no|
        |grp_forward_node7_fu_968                                     |forward_node7                                     |     10568|     10568|   0.106 ms|   0.106 ms|     10568|     10568|       no|
        |grp_forward_node4_fu_981                                     |forward_node4                                     |     17700|     17700|   0.198 ms|   0.198 ms|     17700|     17700|       no|
        |grp_forward_node1_fu_989                                     |forward_node1                                     |     11439|     11439|   0.114 ms|   0.114 ms|     11439|     11439|       no|
        |grp_forward_Pipeline_VITIS_LOOP_33_1_VITIS_LOOP_34_2_fu_997  |forward_Pipeline_VITIS_LOOP_33_1_VITIS_LOOP_34_2  |        16|        16|   0.160 us|   0.160 us|        16|        16|       no|
        |grp_forward_Pipeline_VITIS_LOOP_42_3_fu_1005                 |forward_Pipeline_VITIS_LOOP_42_3                  |        12|        12|   0.120 us|   0.120 us|        12|        12|       no|
        +-------------------------------------------------------------+--------------------------------------------------+----------+----------+-----------+-----------+----------+----------+---------+

        * Loop: 
        N/A



================================================================
== Utilization Estimates
================================================================
* Summary: 
+---------------------+---------+------+---------+---------+-----+
|         Name        | BRAM_18K|  DSP |    FF   |   LUT   | URAM|
+---------------------+---------+------+---------+---------+-----+
|DSP                  |        -|     -|        -|        -|    -|
|Expression           |        -|     -|        0|       12|    -|
|FIFO                 |        -|     -|      296|      370|    -|
|Instance             |      124|    42|    24255|    68969|    0|
|Memory               |        3|     -|        0|        0|    -|
|Multiplexer          |        -|     -|        -|     2024|    -|
|Register             |        -|     -|       97|        -|    -|
+---------------------+---------+------+---------+---------+-----+
|Total                |      127|    42|    24648|    71375|    0|
+---------------------+---------+------+---------+---------+-----+
|Available SLR        |     1344|  3008|   869120|   434560|  320|
+---------------------+---------+------+---------+---------+-----+
|Utilization SLR (%)  |        9|     1|        2|       16|    0|
+---------------------+---------+------+---------+---------+-----+
|Available            |     4032|  9024|  2607360|  1303680|  960|
+---------------------+---------+------+---------+---------+-----+
|Utilization (%)      |        3|    ~0|       ~0|        5|    0|
+---------------------+---------+------+---------+---------+-----+

+ Detail: 
    * Instance: 
    +-------------------------------------------------------------+--------------------------------------------------+---------+----+------+------+-----+
    |                           Instance                          |                      Module                      | BRAM_18K| DSP|  FF  |  LUT | URAM|
    +-------------------------------------------------------------+--------------------------------------------------+---------+----+------+------+-----+
    |ctrl_s_axi_U                                                 |ctrl_s_axi                                        |        0|   0|    36|    40|    0|
    |fadd_32ns_32ns_32_3_full_dsp_1_U1253                         |fadd_32ns_32ns_32_3_full_dsp_1                    |        0|   2|   177|   226|    0|
    |fadd_32ns_32ns_32_3_full_dsp_1_U1254                         |fadd_32ns_32ns_32_3_full_dsp_1                    |        0|   2|   177|   226|    0|
    |fadd_32ns_32ns_32_3_full_dsp_1_U1256                         |fadd_32ns_32ns_32_3_full_dsp_1                    |        0|   2|   177|   226|    0|
    |fadd_32ns_32ns_32_3_full_dsp_1_U1257                         |fadd_32ns_32ns_32_3_full_dsp_1                    |        0|   2|   177|   226|    0|
    |fmul_32ns_32ns_32_2_max_dsp_1_U1255                          |fmul_32ns_32ns_32_2_max_dsp_1                     |        0|   3|   128|    77|    0|
    |fmul_32ns_32ns_32_2_max_dsp_1_U1258                          |fmul_32ns_32ns_32_2_max_dsp_1                     |        0|   3|   128|    77|    0|
    |grp_forward_Pipeline_VITIS_LOOP_33_1_VITIS_LOOP_34_2_fu_997  |forward_Pipeline_VITIS_LOOP_33_1_VITIS_LOOP_34_2  |        1|   0|   184|   174|    0|
    |grp_forward_Pipeline_VITIS_LOOP_42_3_fu_1005                 |forward_Pipeline_VITIS_LOOP_42_3                  |        0|   0|    11|    59|    0|
    |grp_forward_Pipeline_VITIS_LOOP_5010_1_fu_577                |forward_Pipeline_VITIS_LOOP_5010_1                |        0|   0|    12|    55|    0|
    |grp_forward_Pipeline_VITIS_LOOP_5016_2_fu_583                |forward_Pipeline_VITIS_LOOP_5016_2                |        0|   0|     6|    48|    0|
    |grp_forward_node1_fu_989                                     |forward_node1                                     |        2|   3|   644|  1202|    0|
    |grp_forward_node104_fu_730                                   |forward_node104                                   |        6|   2|   732|  1962|    0|
    |grp_forward_node109_fu_702                                   |forward_node109                                   |        4|   0|   734|  2214|    0|
    |grp_forward_node115_fu_716                                   |forward_node115                                   |        4|   0|   703|  2388|    0|
    |grp_forward_node12_fu_954                                    |forward_node12                                    |        4|   0|   672|  2349|    0|
    |grp_forward_node121_fu_688                                   |forward_node121                                   |        4|   0|   762|  2467|    0|
    |grp_forward_node127_fu_674                                   |forward_node127                                   |        6|   2|   749|  1983|    0|
    |grp_forward_node132_fu_660                                   |forward_node132                                   |        4|   0|   716|  2496|    0|
    |grp_forward_node138_fu_646                                   |forward_node138                                   |        4|   0|   769|  2520|    0|
    |grp_forward_node144_fu_632                                   |forward_node144                                   |        6|   2|   749|  1983|    0|
    |grp_forward_node149_fu_618                                   |forward_node149                                   |        4|   0|   727|  2568|    0|
    |grp_forward_node155_fu_604                                   |forward_node155                                   |        4|   0|   769|  2520|    0|
    |grp_forward_node161_fu_589                                   |forward_node161                                   |        6|   7|  1739|  3048|    0|
    |grp_forward_node167_fu_568                                   |forward_node167                                   |        2|   0|   407|  1011|    0|
    |grp_forward_node18_fu_940                                    |forward_node18                                    |        4|   0|   722|  2311|    0|
    |grp_forward_node24_fu_926                                    |forward_node24                                    |        3|   2|   711|  1806|    0|
    |grp_forward_node29_fu_898                                    |forward_node29                                    |        4|   0|   693|  2138|    0|
    |grp_forward_node35_fu_912                                    |forward_node35                                    |        4|   0|   672|  2349|    0|
    |grp_forward_node4_fu_981                                     |forward_node4                                     |        1|   2|   672|  1368|    0|
    |grp_forward_node41_fu_884                                    |forward_node41                                    |        4|   0|   724|  2391|    0|
    |grp_forward_node47_fu_870                                    |forward_node47                                    |        3|   2|   722|  1887|    0|
    |grp_forward_node52_fu_856                                    |forward_node52                                    |        4|   0|   678|  2306|    0|
    |grp_forward_node58_fu_842                                    |forward_node58                                    |        4|   0|   746|  2432|    0|
    |grp_forward_node64_fu_828                                    |forward_node64                                    |        3|   2|   722|  1887|    0|
    |grp_forward_node69_fu_800                                    |forward_node69                                    |        4|   0|   708|  2131|    0|
    |grp_forward_node7_fu_968                                     |forward_node7                                     |        3|   2|   711|  1797|    0|
    |grp_forward_node75_fu_814                                    |forward_node75                                    |        4|   0|   691|  2406|    0|
    |grp_forward_node81_fu_786                                    |forward_node81                                    |        4|   0|   751|  2475|    0|
    |grp_forward_node87_fu_772                                    |forward_node87                                    |        6|   2|   732|  1962|    0|
    |grp_forward_node92_fu_758                                    |forward_node92                                    |        4|   0|   729|  2562|    0|
    |grp_forward_node98_fu_744                                    |forward_node98                                    |        4|   0|   786|  2616|    0|
    +-------------------------------------------------------------+--------------------------------------------------+---------+----+------+------+-----+
    |Total                                                        |                                                  |      124|  42| 24255| 68969|    0|
    +-------------------------------------------------------------+--------------------------------------------------+---------+----+------+------+-----+

    * DSP: 
    N/A

    * Memory: 
    +---------+-----------------------------------------+---------+---+----+-----+------+-----+------+-------------+
    |  Memory |                  Module                 | BRAM_18K| FF| LUT| URAM| Words| Bits| Banks| W*Bits*Banks|
    +---------+-----------------------------------------+---------+---+----+-----+------+-----+------+-------------+
    |v2263_U  |forward_node155_v1900_RAM_T2P_BRAM_1R1W  |        1|  0|   0|    0|   512|   32|     1|        16384|
    |v3_U     |v3_RAM_T2P_BRAM_1R1W                     |        1|  0|   0|    0|    10|   32|     1|          320|
    |v2264_U  |v3_RAM_T2P_BRAM_1R1W                     |        1|  0|   0|    0|    10|   32|     1|          320|
    +---------+-----------------------------------------+---------+---+----+-----+------+-----+------+-------------+
    |Total    |                                         |        3|  0|   0|    0|   532|   96|     3|        17024|
    +---------+-----------------------------------------+---------+---+----+-----+------+-----+------+-------------+

    * FIFO: 
    +--------------+---------+---+----+-----+------+-----+---------+
    |     Name     | BRAM_18K| FF| LUT| URAM| Depth| Bits| Size:D*B|
    +--------------+---------+---+----+-----+------+-----+---------+
    |v2226_fifo_U  |        0|  8|   0|    -|     2|    1|        2|
    |v2227_fifo_U  |        0|  8|   0|    -|     2|    1|        2|
    |v2228_fifo_U  |        0|  8|   0|    -|     2|    1|        2|
    |v2229_fifo_U  |        0|  8|   0|    -|     2|    1|        2|
    |v2230_fifo_U  |        0|  8|   0|    -|     2|    1|        2|
    |v2231_fifo_U  |        0|  8|   0|    -|     2|    1|        2|
    |v2232_fifo_U  |        0|  8|   0|    -|     2|    1|        2|
    |v2233_fifo_U  |        0|  8|   0|    -|     2|    1|        2|
    |v2234_fifo_U  |        0|  8|   0|    -|     2|    1|        2|
    |v2235_fifo_U  |        0|  8|   0|    -|     2|    1|        2|
    |v2236_fifo_U  |        0|  8|   0|    -|     2|    1|        2|
    |v2237_fifo_U  |        0|  8|   0|    -|     2|    1|        2|
    |v2238_fifo_U  |        0|  8|   0|    -|     2|    1|        2|
    |v2239_fifo_U  |        0|  8|   0|    -|     2|    1|        2|
    |v2240_fifo_U  |        0|  8|   0|    -|     2|    1|        2|
    |v2241_fifo_U  |        0|  8|   0|    -|     2|    1|        2|
    |v2242_fifo_U  |        0|  8|   0|    -|     2|    1|        2|
    |v2243_fifo_U  |        0|  8|   0|    -|     2|    1|        2|
    |v2244_fifo_U  |        0|  8|   0|    -|     2|    1|        2|
    |v2245_fifo_U  |        0|  8|   0|    -|     2|    1|        2|
    |v2246_fifo_U  |        0|  8|   0|    -|     2|    1|        2|
    |v2247_fifo_U  |        0|  8|   0|    -|     2|    1|        2|
    |v2248_fifo_U  |        0|  8|   0|    -|     2|    1|        2|
    |v2249_fifo_U  |        0|  8|   0|    -|     2|    1|        2|
    |v2250_fifo_U  |        0|  8|   0|    -|     2|    1|        2|
    |v2251_fifo_U  |        0|  8|   0|    -|     2|    1|        2|
    |v2252_fifo_U  |        0|  8|   0|    -|     2|    1|        2|
    |v2253_fifo_U  |        0|  8|   0|    -|     2|    1|        2|
    |v2254_fifo_U  |        0|  8|   0|    -|     2|    1|        2|
    |v2255_fifo_U  |        0|  8|   0|    -|     2|    1|        2|
    |v2256_fifo_U  |        0|  8|   0|    -|     2|    1|        2|
    |v2257_fifo_U  |        0|  8|   0|    -|     2|    1|        2|
    |v2258_fifo_U  |        0|  8|   0|    -|     2|    1|        2|
    |v2259_fifo_U  |        0|  8|   0|    -|     2|    1|        2|
    |v2260_fifo_U  |        0|  8|   0|    -|     2|    1|        2|
    |v2261_fifo_U  |        0|  8|   0|    -|     2|    1|        2|
    |v2262_fifo_U  |        0|  8|   0|    -|     2|    1|        2|
    +--------------+---------+---+----+-----+------+-----+---------+
    |Total         |        0|296|   0|    0|    74|   37|       74|
    +--------------+---------+---+----+-----+------+-----+---------+

    * Expression: 
    +-------------------------------------------+----------+----+---+----+------------+------------+
    |               Variable Name               | Operation| DSP| FF| LUT| Bitwidth P0| Bitwidth P1|
    +-------------------------------------------+----------+----+---+----+------------+------------+
    |ap_block_state18_on_subcall_done           |        or|   0|  0|   2|           1|           1|
    |ap_block_state2_on_subcall_done            |        or|   0|  0|   2|           1|           1|
    |ap_block_state30_on_subcall_done           |        or|   0|  0|   2|           1|           1|
    |ap_block_state42_on_subcall_done           |        or|   0|  0|   2|           1|           1|
    |ap_sync_grp_forward_node4_fu_981_ap_done   |        or|   0|  0|   2|           1|           1|
    |ap_sync_grp_forward_node4_fu_981_ap_ready  |        or|   0|  0|   2|           1|           1|
    +-------------------------------------------+----------+----+---+----+------------+------------+
    |Total                                      |          |   0|  0|  12|           6|           6|
    +-------------------------------------------+----------+----+---+----+------------+------------+

    * Multiplexer: 
    +----------------+-----+-----------+-----+-----------+
    |      Name      | LUT | Input Size| Bits| Total Bits|
    +----------------+-----+-----------+-----+-----------+
    |ap_NS_fsm       |  261|         61|    1|         61|
    |grp_fu_1234_ce  |   86|         18|    1|         18|
    |grp_fu_1234_p0  |   86|         18|   32|        576|
    |grp_fu_1234_p1  |   86|         18|   32|        576|
    |grp_fu_1238_ce  |   81|         17|    1|         17|
    |grp_fu_1238_p0  |   81|         17|   32|        544|
    |grp_fu_1238_p1  |   81|         17|   32|        544|
    |grp_fu_1242_ce  |   81|         17|    1|         17|
    |grp_fu_1242_p0  |   81|         17|   32|        544|
    |grp_fu_1242_p1  |   81|         17|   32|        544|
    |grp_fu_1246_ce  |   20|          4|    1|          4|
    |grp_fu_1246_p0  |   20|          4|   32|        128|
    |grp_fu_1246_p1  |   20|          4|   32|        128|
    |grp_fu_1250_ce  |   20|          4|    1|          4|
    |grp_fu_1250_p0  |   20|          4|   32|        128|
    |grp_fu_1250_p1  |   20|          4|   32|        128|
    |grp_fu_1254_ce  |   20|          4|    1|          4|
    |grp_fu_1254_p0  |   20|          4|   32|        128|
    |grp_fu_1254_p1  |   20|          4|   32|        128|
    |v2226_read      |    9|          2|    1|          2|
    |v2226_write     |    9|          2|    1|          2|
    |v2227_read      |    9|          2|    1|          2|
    |v2227_write     |    9|          2|    1|          2|
    |v2228_read      |    9|          2|    1|          2|
    |v2228_write     |    9|          2|    1|          2|
    |v2229_read      |    9|          2|    1|          2|
    |v2229_write     |    9|          2|    1|          2|
    |v2230_read      |    9|          2|    1|          2|
    |v2230_write     |    9|          2|    1|          2|
    |v2231_read      |    9|          2|    1|          2|
    |v2231_write     |    9|          2|    1|          2|
    |v2232_read      |    9|          2|    1|          2|
    |v2232_write     |    9|          2|    1|          2|
    |v2233_read      |    9|          2|    1|          2|
    |v2233_write     |    9|          2|    1|          2|
    |v2234_read      |    9|          2|    1|          2|
    |v2234_write     |    9|          2|    1|          2|
    |v2235_read      |    9|          2|    1|          2|
    |v2235_write     |    9|          2|    1|          2|
    |v2236_read      |    9|          2|    1|          2|
    |v2236_write     |    9|          2|    1|          2|
    |v2237_read      |    9|          2|    1|          2|
    |v2237_write     |    9|          2|    1|          2|
    |v2238_read      |    9|          2|    1|          2|
    |v2238_write     |    9|          2|    1|          2|
    |v2239_read      |    9|          2|    1|          2|
    |v2239_write     |    9|          2|    1|          2|
    |v2240_read      |    9|          2|    1|          2|
    |v2240_write     |    9|          2|    1|          2|
    |v2241_read      |    9|          2|    1|          2|
    |v2241_write     |    9|          2|    1|          2|
    |v2242_read      |    9|          2|    1|          2|
    |v2242_write     |    9|          2|    1|          2|
    |v2243_read      |    9|          2|    1|          2|
    |v2243_write     |    9|          2|    1|          2|
    |v2244_read      |    9|          2|    1|          2|
    |v2244_write     |    9|          2|    1|          2|
    |v2245_read      |    9|          2|    1|          2|
    |v2245_write     |    9|          2|    1|          2|
    |v2246_read      |    9|          2|    1|          2|
    |v2246_write     |    9|          2|    1|          2|
    |v2247_read      |    9|          2|    1|          2|
    |v2247_write     |    9|          2|    1|          2|
    |v2248_read      |    9|          2|    1|          2|
    |v2248_write     |    9|          2|    1|          2|
    |v2249_read      |    9|          2|    1|          2|
    |v2249_write     |    9|          2|    1|          2|
    |v2250_read      |    9|          2|    1|          2|
    |v2250_write     |    9|          2|    1|          2|
    |v2251_read      |    9|          2|    1|          2|
    |v2251_write     |    9|          2|    1|          2|
    |v2252_read      |    9|          2|    1|          2|
    |v2252_write     |    9|          2|    1|          2|
    |v2253_read      |    9|          2|    1|          2|
    |v2253_write     |    9|          2|    1|          2|
    |v2254_read      |    9|          2|    1|          2|
    |v2254_write     |    9|          2|    1|          2|
    |v2255_read      |    9|          2|    1|          2|
    |v2255_write     |    9|          2|    1|          2|
    |v2256_read      |    9|          2|    1|          2|
    |v2256_write     |    9|          2|    1|          2|
    |v2257_read      |    9|          2|    1|          2|
    |v2257_write     |    9|          2|    1|          2|
    |v2258_read      |    9|          2|    1|          2|
    |v2258_write     |    9|          2|    1|          2|
    |v2259_read      |    9|          2|    1|          2|
    |v2259_write     |    9|          2|    1|          2|
    |v2260_read      |    9|          2|    1|          2|
    |v2260_write     |    9|          2|    1|          2|
    |v2261_read      |    9|          2|    1|          2|
    |v2261_write     |    9|          2|    1|          2|
    |v2262_read      |    9|          2|    1|          2|
    |v2262_write     |    9|          2|    1|          2|
    |v2263_address0  |   20|          4|    9|         36|
    |v2263_ce0       |   20|          4|    1|          4|
    |v2263_d0        |   14|          3|   32|         96|
    |v2263_we0       |   14|          3|    1|          3|
    |v2264_address0  |   20|          4|    4|         16|
    |v2264_ce0       |   20|          4|    1|          4|
    |v2264_d0        |   14|          3|   32|         96|
    |v2264_we0       |   14|          3|    1|          3|
    |v3_address0     |   14|          3|    4|         12|
    |v3_ce0          |   14|          3|    1|          3|
    |v3_we0          |    9|          2|    1|          2|
    +----------------+-----+-----------+-----+-----------+
    |Total           | 2024|        437|  552|       4644|
    +----------------+-----+-----------+-----+-----------+

    * Register: 
    +--------------------------------------------------------------------------+----+----+-----+-----------+
    |                                   Name                                   | FF | LUT| Bits| Const Bits|
    +--------------------------------------------------------------------------+----+----+-----+-----------+
    |ap_CS_fsm                                                                 |  60|   0|   60|          0|
    |ap_sync_reg_grp_forward_node4_fu_981_ap_done                              |   1|   0|    1|          0|
    |ap_sync_reg_grp_forward_node4_fu_981_ap_ready                             |   1|   0|    1|          0|
    |grp_forward_Pipeline_VITIS_LOOP_33_1_VITIS_LOOP_34_2_fu_997_ap_start_reg  |   1|   0|    1|          0|
    |grp_forward_Pipeline_VITIS_LOOP_42_3_fu_1005_ap_start_reg                 |   1|   0|    1|          0|
    |grp_forward_Pipeline_VITIS_LOOP_5010_1_fu_577_ap_start_reg                |   1|   0|    1|          0|
    |grp_forward_Pipeline_VITIS_LOOP_5016_2_fu_583_ap_start_reg                |   1|   0|    1|          0|
    |grp_forward_node104_fu_730_ap_start_reg                                   |   1|   0|    1|          0|
    |grp_forward_node109_fu_702_ap_start_reg                                   |   1|   0|    1|          0|
    |grp_forward_node115_fu_716_ap_start_reg                                   |   1|   0|    1|          0|
    |grp_forward_node121_fu_688_ap_start_reg                                   |   1|   0|    1|          0|
    |grp_forward_node127_fu_674_ap_start_reg                                   |   1|   0|    1|          0|
    |grp_forward_node12_fu_954_ap_start_reg                                    |   1|   0|    1|          0|
    |grp_forward_node132_fu_660_ap_start_reg                                   |   1|   0|    1|          0|
    |grp_forward_node138_fu_646_ap_start_reg                                   |   1|   0|    1|          0|
    |grp_forward_node144_fu_632_ap_start_reg                                   |   1|   0|    1|          0|
    |grp_forward_node149_fu_618_ap_start_reg                                   |   1|   0|    1|          0|
    |grp_forward_node155_fu_604_ap_start_reg                                   |   1|   0|    1|          0|
    |grp_forward_node161_fu_589_ap_start_reg                                   |   1|   0|    1|          0|
    |grp_forward_node167_fu_568_ap_start_reg                                   |   1|   0|    1|          0|
    |grp_forward_node18_fu_940_ap_start_reg                                    |   1|   0|    1|          0|
    |grp_forward_node1_fu_989_ap_start_reg                                     |   1|   0|    1|          0|
    |grp_forward_node24_fu_926_ap_start_reg                                    |   1|   0|    1|          0|
    |grp_forward_node29_fu_898_ap_start_reg                                    |   1|   0|    1|          0|
    |grp_forward_node35_fu_912_ap_start_reg                                    |   1|   0|    1|          0|
    |grp_forward_node41_fu_884_ap_start_reg                                    |   1|   0|    1|          0|
    |grp_forward_node47_fu_870_ap_start_reg                                    |   1|   0|    1|          0|
    |grp_forward_node4_fu_981_ap_start_reg                                     |   1|   0|    1|          0|
    |grp_forward_node52_fu_856_ap_start_reg                                    |   1|   0|    1|          0|
    |grp_forward_node58_fu_842_ap_start_reg                                    |   1|   0|    1|          0|
    |grp_forward_node64_fu_828_ap_start_reg                                    |   1|   0|    1|          0|
    |grp_forward_node69_fu_800_ap_start_reg                                    |   1|   0|    1|          0|
    |grp_forward_node75_fu_814_ap_start_reg                                    |   1|   0|    1|          0|
    |grp_forward_node7_fu_968_ap_start_reg                                     |   1|   0|    1|          0|
    |grp_forward_node81_fu_786_ap_start_reg                                    |   1|   0|    1|          0|
    |grp_forward_node87_fu_772_ap_start_reg                                    |   1|   0|    1|          0|
    |grp_forward_node92_fu_758_ap_start_reg                                    |   1|   0|    1|          0|
    |grp_forward_node98_fu_744_ap_start_reg                                    |   1|   0|    1|          0|
    +--------------------------------------------------------------------------+----+----+-----+-----------+
    |Total                                                                     |  97|   0|   97|          0|
    +--------------------------------------------------------------------------+----+----+-----+-----------+



================================================================
== Interface
================================================================
* Summary: 
+--------------------+-----+-----+------------+--------------+--------------+
|      RTL Ports     | Dir | Bits|  Protocol  | Source Object|    C Type    |
+--------------------+-----+-----+------------+--------------+--------------+
|s_axi_ctrl_AWVALID  |   in|    1|       s_axi|          ctrl|   return void|
|s_axi_ctrl_AWREADY  |  out|    1|       s_axi|          ctrl|   return void|
|s_axi_ctrl_AWADDR   |   in|    4|       s_axi|          ctrl|   return void|
|s_axi_ctrl_WVALID   |   in|    1|       s_axi|          ctrl|   return void|
|s_axi_ctrl_WREADY   |  out|    1|       s_axi|          ctrl|   return void|
|s_axi_ctrl_WDATA    |   in|   32|       s_axi|          ctrl|   return void|
|s_axi_ctrl_WSTRB    |   in|    4|       s_axi|          ctrl|   return void|
|s_axi_ctrl_ARVALID  |   in|    1|       s_axi|          ctrl|   return void|
|s_axi_ctrl_ARREADY  |  out|    1|       s_axi|          ctrl|   return void|
|s_axi_ctrl_ARADDR   |   in|    4|       s_axi|          ctrl|   return void|
|s_axi_ctrl_RVALID   |  out|    1|       s_axi|          ctrl|   return void|
|s_axi_ctrl_RREADY   |   in|    1|       s_axi|          ctrl|   return void|
|s_axi_ctrl_RDATA    |  out|   32|       s_axi|          ctrl|   return void|
|s_axi_ctrl_RRESP    |  out|    2|       s_axi|          ctrl|   return void|
|s_axi_ctrl_BVALID   |  out|    1|       s_axi|          ctrl|   return void|
|s_axi_ctrl_BREADY   |   in|    1|       s_axi|          ctrl|   return void|
|s_axi_ctrl_BRESP    |  out|    2|       s_axi|          ctrl|   return void|
|ap_clk              |   in|    1|  ap_ctrl_hs|       forward|  return value|
|ap_rst_n            |   in|    1|  ap_ctrl_hs|       forward|  return value|
|interrupt           |  out|    1|  ap_ctrl_hs|       forward|  return value|
|v2007_address0      |  out|   12|   ap_memory|         v2007|         array|
|v2007_ce0           |  out|    1|   ap_memory|         v2007|         array|
|v2007_q0            |   in|   32|   ap_memory|         v2007|         array|
|v2008_address0      |  out|    4|   ap_memory|         v2008|         array|
|v2008_ce0           |  out|    1|   ap_memory|         v2008|         array|
|v2008_we0           |  out|    1|   ap_memory|         v2008|         array|
|v2008_d0            |  out|   32|   ap_memory|         v2008|         array|
|v2009_address0      |  out|   22|   ap_memory|         v2009|         array|
|v2009_ce0           |  out|    1|   ap_memory|         v2009|         array|
|v2009_q0            |   in|   32|   ap_memory|         v2009|         array|
|v2010_address0      |  out|   22|   ap_memory|         v2010|         array|
|v2010_ce0           |  out|    1|   ap_memory|         v2010|         array|
|v2010_q0            |   in|   32|   ap_memory|         v2010|         array|
|v2011_address0      |  out|   22|   ap_memory|         v2011|         array|
|v2011_ce0           |  out|    1|   ap_memory|         v2011|         array|
|v2011_q0            |   in|   32|   ap_memory|         v2011|         array|
|v2012_address0      |  out|   21|   ap_memory|         v2012|         array|
|v2012_ce0           |  out|    1|   ap_memory|         v2012|         array|
|v2012_q0            |   in|   32|   ap_memory|         v2012|         array|
|v2013_address0      |  out|   20|   ap_memory|         v2013|         array|
|v2013_ce0           |  out|    1|   ap_memory|         v2013|         array|
|v2013_q0            |   in|   32|   ap_memory|         v2013|         array|
|v2014_address0      |  out|   20|   ap_memory|         v2014|         array|
|v2014_ce0           |  out|    1|   ap_memory|         v2014|         array|
|v2014_q0            |   in|   32|   ap_memory|         v2014|         array|
|v2015_address0      |  out|   20|   ap_memory|         v2015|         array|
|v2015_ce0           |  out|    1|   ap_memory|         v2015|         array|
|v2015_q0            |   in|   32|   ap_memory|         v2015|         array|
|v2016_address0      |  out|   19|   ap_memory|         v2016|         array|
|v2016_ce0           |  out|    1|   ap_memory|         v2016|         array|
|v2016_q0            |   in|   32|   ap_memory|         v2016|         array|
|v2017_address0      |  out|   18|   ap_memory|         v2017|         array|
|v2017_ce0           |  out|    1|   ap_memory|         v2017|         array|
|v2017_q0            |   in|   32|   ap_memory|         v2017|         array|
|v2018_address0      |  out|   18|   ap_memory|         v2018|         array|
|v2018_ce0           |  out|    1|   ap_memory|         v2018|         array|
|v2018_q0            |   in|   32|   ap_memory|         v2018|         array|
|v2019_address0      |  out|   18|   ap_memory|         v2019|         array|
|v2019_ce0           |  out|    1|   ap_memory|         v2019|         array|
|v2019_q0            |   in|   32|   ap_memory|         v2019|         array|
|v2020_address0      |  out|   17|   ap_memory|         v2020|         array|
|v2020_ce0           |  out|    1|   ap_memory|         v2020|         array|
|v2020_q0            |   in|   32|   ap_memory|         v2020|         array|
|v2021_address0      |  out|   16|   ap_memory|         v2021|         array|
|v2021_ce0           |  out|    1|   ap_memory|         v2021|         array|
|v2021_q0            |   in|   32|   ap_memory|         v2021|         array|
|v2022_address0      |  out|   16|   ap_memory|         v2022|         array|
|v2022_ce0           |  out|    1|   ap_memory|         v2022|         array|
|v2022_q0            |   in|   32|   ap_memory|         v2022|         array|
|v2023_address0      |  out|   16|   ap_memory|         v2023|         array|
|v2023_ce0           |  out|    1|   ap_memory|         v2023|         array|
|v2023_q0            |   in|   32|   ap_memory|         v2023|         array|
|v2024_address0      |  out|   16|   ap_memory|         v2024|         array|
|v2024_ce0           |  out|    1|   ap_memory|         v2024|         array|
|v2024_q0            |   in|   32|   ap_memory|         v2024|         array|
|v2025_address0      |  out|   11|   ap_memory|         v2025|         array|
|v2025_ce0           |  out|    1|   ap_memory|         v2025|         array|
|v2025_q0            |   in|   32|   ap_memory|         v2025|         array|
|v2026_address0      |  out|   13|   ap_memory|         v2026|         array|
|v2026_ce0           |  out|    1|   ap_memory|         v2026|         array|
|v2026_q0            |   in|   32|   ap_memory|         v2026|         array|
|v2027_address0      |  out|   13|   ap_memory|         v2027|         array|
|v2027_ce0           |  out|    1|   ap_memory|         v2027|         array|
|v2027_q0            |   in|   32|   ap_memory|         v2027|         array|
|v2028_address0      |  out|   15|   ap_memory|         v2028|         array|
|v2028_ce0           |  out|    1|   ap_memory|         v2028|         array|
|v2028_q0            |   in|   32|   ap_memory|         v2028|         array|
|v2029_address0      |  out|   17|   ap_memory|         v2029|         array|
|v2029_ce0           |  out|    1|   ap_memory|         v2029|         array|
|v2029_q0            |   in|   32|   ap_memory|         v2029|         array|
|v2030_address0      |  out|   12|   ap_memory|         v2030|         array|
|v2030_ce0           |  out|    1|   ap_memory|         v2030|         array|
|v2030_we0           |  out|    1|   ap_memory|         v2030|         array|
|v2030_d0            |  out|   32|   ap_memory|         v2030|         array|
|v2031_address0      |  out|   12|   ap_memory|         v2031|         array|
|v2031_ce0           |  out|    1|   ap_memory|         v2031|         array|
|v2031_q0            |   in|   32|   ap_memory|         v2031|         array|
|v2032_address0      |  out|   16|   ap_memory|         v2032|         array|
|v2032_ce0           |  out|    1|   ap_memory|         v2032|         array|
|v2032_we0           |  out|    1|   ap_memory|         v2032|         array|
|v2032_d0            |  out|   32|   ap_memory|         v2032|         array|
|v2033_address0      |  out|   16|   ap_memory|         v2033|         array|
|v2033_ce0           |  out|    1|   ap_memory|         v2033|         array|
|v2033_q0            |   in|   32|   ap_memory|         v2033|         array|
|v2034_address0      |  out|   16|   ap_memory|         v2034|         array|
|v2034_ce0           |  out|    1|   ap_memory|         v2034|         array|
|v2034_q0            |   in|   32|   ap_memory|         v2034|         array|
|v2035_address0      |  out|   16|   ap_memory|         v2035|         array|
|v2035_ce0           |  out|    1|   ap_memory|         v2035|         array|
|v2035_q0            |   in|   32|   ap_memory|         v2035|         array|
|v2036_address0      |  out|   16|   ap_memory|         v2036|         array|
|v2036_ce0           |  out|    1|   ap_memory|         v2036|         array|
|v2036_we0           |  out|    1|   ap_memory|         v2036|         array|
|v2036_d0            |  out|   32|   ap_memory|         v2036|         array|
|v2037_address0      |  out|   16|   ap_memory|         v2037|         array|
|v2037_ce0           |  out|    1|   ap_memory|         v2037|         array|
|v2037_q0            |   in|   32|   ap_memory|         v2037|         array|
|v2038_address0      |  out|   16|   ap_memory|         v2038|         array|
|v2038_ce0           |  out|    1|   ap_memory|         v2038|         array|
|v2038_q0            |   in|   32|   ap_memory|         v2038|         array|
|v2039_address0      |  out|   16|   ap_memory|         v2039|         array|
|v2039_ce0           |  out|    1|   ap_memory|         v2039|         array|
|v2039_we0           |  out|    1|   ap_memory|         v2039|         array|
|v2039_d0            |  out|   32|   ap_memory|         v2039|         array|
|v2040_address0      |  out|   16|   ap_memory|         v2040|         array|
|v2040_ce0           |  out|    1|   ap_memory|         v2040|         array|
|v2040_q0            |   in|   32|   ap_memory|         v2040|         array|
|v2041_address0      |  out|   16|   ap_memory|         v2041|         array|
|v2041_ce0           |  out|    1|   ap_memory|         v2041|         array|
|v2041_q0            |   in|   32|   ap_memory|         v2041|         array|
|v2042_address0      |  out|   16|   ap_memory|         v2042|         array|
|v2042_ce0           |  out|    1|   ap_memory|         v2042|         array|
|v2042_we0           |  out|    1|   ap_memory|         v2042|         array|
|v2042_d0            |  out|   32|   ap_memory|         v2042|         array|
|v2043_address0      |  out|   16|   ap_memory|         v2043|         array|
|v2043_ce0           |  out|    1|   ap_memory|         v2043|         array|
|v2043_q0            |   in|   32|   ap_memory|         v2043|         array|
|v2044_address0      |  out|   16|   ap_memory|         v2044|         array|
|v2044_ce0           |  out|    1|   ap_memory|         v2044|         array|
|v2044_q0            |   in|   32|   ap_memory|         v2044|         array|
|v2045_address0      |  out|   16|   ap_memory|         v2045|         array|
|v2045_ce0           |  out|    1|   ap_memory|         v2045|         array|
|v2045_we0           |  out|    1|   ap_memory|         v2045|         array|
|v2045_d0            |  out|   32|   ap_memory|         v2045|         array|
|v2046_address0      |  out|   16|   ap_memory|         v2046|         array|
|v2046_ce0           |  out|    1|   ap_memory|         v2046|         array|
|v2046_q0            |   in|   32|   ap_memory|         v2046|         array|
|v2047_address0      |  out|   16|   ap_memory|         v2047|         array|
|v2047_ce0           |  out|    1|   ap_memory|         v2047|         array|
|v2047_q0            |   in|   32|   ap_memory|         v2047|         array|
|v2048_address0      |  out|   16|   ap_memory|         v2048|         array|
|v2048_ce0           |  out|    1|   ap_memory|         v2048|         array|
|v2048_we0           |  out|    1|   ap_memory|         v2048|         array|
|v2048_d0            |  out|   32|   ap_memory|         v2048|         array|
|v2049_address0      |  out|   16|   ap_memory|         v2049|         array|
|v2049_ce0           |  out|    1|   ap_memory|         v2049|         array|
|v2049_q0            |   in|   32|   ap_memory|         v2049|         array|
|v2050_address0      |  out|   16|   ap_memory|         v2050|         array|
|v2050_ce0           |  out|    1|   ap_memory|         v2050|         array|
|v2050_q0            |   in|   32|   ap_memory|         v2050|         array|
|v2051_address0      |  out|   16|   ap_memory|         v2051|         array|
|v2051_ce0           |  out|    1|   ap_memory|         v2051|         array|
|v2051_we0           |  out|    1|   ap_memory|         v2051|         array|
|v2051_d0            |  out|   32|   ap_memory|         v2051|         array|
|v2052_address0      |  out|   16|   ap_memory|         v2052|         array|
|v2052_ce0           |  out|    1|   ap_memory|         v2052|         array|
|v2052_q0            |   in|   32|   ap_memory|         v2052|         array|
|v2053_address0      |  out|   16|   ap_memory|         v2053|         array|
|v2053_ce0           |  out|    1|   ap_memory|         v2053|         array|
|v2053_q0            |   in|   32|   ap_memory|         v2053|         array|
|v2054_address0      |  out|   15|   ap_memory|         v2054|         array|
|v2054_ce0           |  out|    1|   ap_memory|         v2054|         array|
|v2054_we0           |  out|    1|   ap_memory|         v2054|         array|
|v2054_d0            |  out|   32|   ap_memory|         v2054|         array|
|v2055_address0      |  out|   15|   ap_memory|         v2055|         array|
|v2055_ce0           |  out|    1|   ap_memory|         v2055|         array|
|v2055_q0            |   in|   32|   ap_memory|         v2055|         array|
|v2056_address0      |  out|   15|   ap_memory|         v2056|         array|
|v2056_ce0           |  out|    1|   ap_memory|         v2056|         array|
|v2056_q0            |   in|   32|   ap_memory|         v2056|         array|
|v2057_address0      |  out|   15|   ap_memory|         v2057|         array|
|v2057_ce0           |  out|    1|   ap_memory|         v2057|         array|
|v2057_we0           |  out|    1|   ap_memory|         v2057|         array|
|v2057_d0            |  out|   32|   ap_memory|         v2057|         array|
|v2058_address0      |  out|   15|   ap_memory|         v2058|         array|
|v2058_ce0           |  out|    1|   ap_memory|         v2058|         array|
|v2058_q0            |   in|   32|   ap_memory|         v2058|         array|
|v2059_address0      |  out|   15|   ap_memory|         v2059|         array|
|v2059_ce0           |  out|    1|   ap_memory|         v2059|         array|
|v2059_q0            |   in|   32|   ap_memory|         v2059|         array|
|v2060_address0      |  out|   15|   ap_memory|         v2060|         array|
|v2060_ce0           |  out|    1|   ap_memory|         v2060|         array|
|v2060_we0           |  out|    1|   ap_memory|         v2060|         array|
|v2060_d0            |  out|   32|   ap_memory|         v2060|         array|
|v2061_address0      |  out|   15|   ap_memory|         v2061|         array|
|v2061_ce0           |  out|    1|   ap_memory|         v2061|         array|
|v2061_q0            |   in|   32|   ap_memory|         v2061|         array|
|v2062_address0      |  out|   15|   ap_memory|         v2062|         array|
|v2062_ce0           |  out|    1|   ap_memory|         v2062|         array|
|v2062_q0            |   in|   32|   ap_memory|         v2062|         array|
|v2063_address0      |  out|   15|   ap_memory|         v2063|         array|
|v2063_ce0           |  out|    1|   ap_memory|         v2063|         array|
|v2063_we0           |  out|    1|   ap_memory|         v2063|         array|
|v2063_d0            |  out|   32|   ap_memory|         v2063|         array|
|v2064_address0      |  out|   15|   ap_memory|         v2064|         array|
|v2064_ce0           |  out|    1|   ap_memory|         v2064|         array|
|v2064_q0            |   in|   32|   ap_memory|         v2064|         array|
|v2065_address0      |  out|   15|   ap_memory|         v2065|         array|
|v2065_ce0           |  out|    1|   ap_memory|         v2065|         array|
|v2065_q0            |   in|   32|   ap_memory|         v2065|         array|
|v2066_address0      |  out|   15|   ap_memory|         v2066|         array|
|v2066_ce0           |  out|    1|   ap_memory|         v2066|         array|
|v2066_we0           |  out|    1|   ap_memory|         v2066|         array|
|v2066_d0            |  out|   32|   ap_memory|         v2066|         array|
|v2067_address0      |  out|   15|   ap_memory|         v2067|         array|
|v2067_ce0           |  out|    1|   ap_memory|         v2067|         array|
|v2067_q0            |   in|   32|   ap_memory|         v2067|         array|
|v2068_address0      |  out|   15|   ap_memory|         v2068|         array|
|v2068_ce0           |  out|    1|   ap_memory|         v2068|         array|
|v2068_q0            |   in|   32|   ap_memory|         v2068|         array|
|v2069_address0      |  out|   15|   ap_memory|         v2069|         array|
|v2069_ce0           |  out|    1|   ap_memory|         v2069|         array|
|v2069_we0           |  out|    1|   ap_memory|         v2069|         array|
|v2069_d0            |  out|   32|   ap_memory|         v2069|         array|
|v2070_address0      |  out|   15|   ap_memory|         v2070|         array|
|v2070_ce0           |  out|    1|   ap_memory|         v2070|         array|
|v2070_q0            |   in|   32|   ap_memory|         v2070|         array|
|v2071_address0      |  out|   15|   ap_memory|         v2071|         array|
|v2071_ce0           |  out|    1|   ap_memory|         v2071|         array|
|v2071_q0            |   in|   32|   ap_memory|         v2071|         array|
|v2072_address0      |  out|   15|   ap_memory|         v2072|         array|
|v2072_ce0           |  out|    1|   ap_memory|         v2072|         array|
|v2072_we0           |  out|    1|   ap_memory|         v2072|         array|
|v2072_d0            |  out|   32|   ap_memory|         v2072|         array|
|v2073_address0      |  out|   15|   ap_memory|         v2073|         array|
|v2073_ce0           |  out|    1|   ap_memory|         v2073|         array|
|v2073_q0            |   in|   32|   ap_memory|         v2073|         array|
|v2074_address0      |  out|   15|   ap_memory|         v2074|         array|
|v2074_ce0           |  out|    1|   ap_memory|         v2074|         array|
|v2074_q0            |   in|   32|   ap_memory|         v2074|         array|
|v2075_address0      |  out|   14|   ap_memory|         v2075|         array|
|v2075_ce0           |  out|    1|   ap_memory|         v2075|         array|
|v2075_we0           |  out|    1|   ap_memory|         v2075|         array|
|v2075_d0            |  out|   32|   ap_memory|         v2075|         array|
|v2076_address0      |  out|   14|   ap_memory|         v2076|         array|
|v2076_ce0           |  out|    1|   ap_memory|         v2076|         array|
|v2076_q0            |   in|   32|   ap_memory|         v2076|         array|
|v2077_address0      |  out|   14|   ap_memory|         v2077|         array|
|v2077_ce0           |  out|    1|   ap_memory|         v2077|         array|
|v2077_q0            |   in|   32|   ap_memory|         v2077|         array|
|v2078_address0      |  out|   14|   ap_memory|         v2078|         array|
|v2078_ce0           |  out|    1|   ap_memory|         v2078|         array|
|v2078_we0           |  out|    1|   ap_memory|         v2078|         array|
|v2078_d0            |  out|   32|   ap_memory|         v2078|         array|
|v2079_address0      |  out|   14|   ap_memory|         v2079|         array|
|v2079_ce0           |  out|    1|   ap_memory|         v2079|         array|
|v2079_q0            |   in|   32|   ap_memory|         v2079|         array|
|v2080_address0      |  out|   14|   ap_memory|         v2080|         array|
|v2080_ce0           |  out|    1|   ap_memory|         v2080|         array|
|v2080_q0            |   in|   32|   ap_memory|         v2080|         array|
|v2081_address0      |  out|   14|   ap_memory|         v2081|         array|
|v2081_ce0           |  out|    1|   ap_memory|         v2081|         array|
|v2081_we0           |  out|    1|   ap_memory|         v2081|         array|
|v2081_d0            |  out|   32|   ap_memory|         v2081|         array|
|v2082_address0      |  out|   14|   ap_memory|         v2082|         array|
|v2082_ce0           |  out|    1|   ap_memory|         v2082|         array|
|v2082_q0            |   in|   32|   ap_memory|         v2082|         array|
|v2083_address0      |  out|   14|   ap_memory|         v2083|         array|
|v2083_ce0           |  out|    1|   ap_memory|         v2083|         array|
|v2083_q0            |   in|   32|   ap_memory|         v2083|         array|
|v2084_address0      |  out|   14|   ap_memory|         v2084|         array|
|v2084_ce0           |  out|    1|   ap_memory|         v2084|         array|
|v2084_we0           |  out|    1|   ap_memory|         v2084|         array|
|v2084_d0            |  out|   32|   ap_memory|         v2084|         array|
|v2085_address0      |  out|   14|   ap_memory|         v2085|         array|
|v2085_ce0           |  out|    1|   ap_memory|         v2085|         array|
|v2085_q0            |   in|   32|   ap_memory|         v2085|         array|
|v2086_address0      |  out|   14|   ap_memory|         v2086|         array|
|v2086_ce0           |  out|    1|   ap_memory|         v2086|         array|
|v2086_q0            |   in|   32|   ap_memory|         v2086|         array|
|v2087_address0      |  out|   14|   ap_memory|         v2087|         array|
|v2087_ce0           |  out|    1|   ap_memory|         v2087|         array|
|v2087_we0           |  out|    1|   ap_memory|         v2087|         array|
|v2087_d0            |  out|   32|   ap_memory|         v2087|         array|
|v2088_address0      |  out|   14|   ap_memory|         v2088|         array|
|v2088_ce0           |  out|    1|   ap_memory|         v2088|         array|
|v2088_q0            |   in|   32|   ap_memory|         v2088|         array|
|v2089_address0      |  out|   14|   ap_memory|         v2089|         array|
|v2089_ce0           |  out|    1|   ap_memory|         v2089|         array|
|v2089_q0            |   in|   32|   ap_memory|         v2089|         array|
|v2090_address0      |  out|   14|   ap_memory|         v2090|         array|
|v2090_ce0           |  out|    1|   ap_memory|         v2090|         array|
|v2090_we0           |  out|    1|   ap_memory|         v2090|         array|
|v2090_d0            |  out|   32|   ap_memory|         v2090|         array|
|v2091_address0      |  out|   14|   ap_memory|         v2091|         array|
|v2091_ce0           |  out|    1|   ap_memory|         v2091|         array|
|v2091_q0            |   in|   32|   ap_memory|         v2091|         array|
|v2092_address0      |  out|   14|   ap_memory|         v2092|         array|
|v2092_ce0           |  out|    1|   ap_memory|         v2092|         array|
|v2092_q0            |   in|   32|   ap_memory|         v2092|         array|
|v2093_address0      |  out|   14|   ap_memory|         v2093|         array|
|v2093_ce0           |  out|    1|   ap_memory|         v2093|         array|
|v2093_we0           |  out|    1|   ap_memory|         v2093|         array|
|v2093_d0            |  out|   32|   ap_memory|         v2093|         array|
|v2094_address0      |  out|   14|   ap_memory|         v2094|         array|
|v2094_ce0           |  out|    1|   ap_memory|         v2094|         array|
|v2094_q0            |   in|   32|   ap_memory|         v2094|         array|
|v2095_address0      |  out|   14|   ap_memory|         v2095|         array|
|v2095_ce0           |  out|    1|   ap_memory|         v2095|         array|
|v2095_q0            |   in|   32|   ap_memory|         v2095|         array|
|v2096_address0      |  out|   13|   ap_memory|         v2096|         array|
|v2096_ce0           |  out|    1|   ap_memory|         v2096|         array|
|v2096_we0           |  out|    1|   ap_memory|         v2096|         array|
|v2096_d0            |  out|   32|   ap_memory|         v2096|         array|
|v2097_address0      |  out|   13|   ap_memory|         v2097|         array|
|v2097_ce0           |  out|    1|   ap_memory|         v2097|         array|
|v2097_q0            |   in|   32|   ap_memory|         v2097|         array|
|v2098_address0      |  out|   13|   ap_memory|         v2098|         array|
|v2098_ce0           |  out|    1|   ap_memory|         v2098|         array|
|v2098_q0            |   in|   32|   ap_memory|         v2098|         array|
|v2099_address0      |  out|   13|   ap_memory|         v2099|         array|
|v2099_ce0           |  out|    1|   ap_memory|         v2099|         array|
|v2099_we0           |  out|    1|   ap_memory|         v2099|         array|
|v2099_d0            |  out|   32|   ap_memory|         v2099|         array|
|v2100_address0      |  out|   13|   ap_memory|         v2100|         array|
|v2100_ce0           |  out|    1|   ap_memory|         v2100|         array|
|v2100_q0            |   in|   32|   ap_memory|         v2100|         array|
|v2101_address0      |  out|   13|   ap_memory|         v2101|         array|
|v2101_ce0           |  out|    1|   ap_memory|         v2101|         array|
|v2101_q0            |   in|   32|   ap_memory|         v2101|         array|
|v2102_address0      |  out|   13|   ap_memory|         v2102|         array|
|v2102_ce0           |  out|    1|   ap_memory|         v2102|         array|
|v2102_we0           |  out|    1|   ap_memory|         v2102|         array|
|v2102_d0            |  out|   32|   ap_memory|         v2102|         array|
|v2103_address0      |  out|   13|   ap_memory|         v2103|         array|
|v2103_ce0           |  out|    1|   ap_memory|         v2103|         array|
|v2103_q0            |   in|   32|   ap_memory|         v2103|         array|
|v2104_address0      |  out|   13|   ap_memory|         v2104|         array|
|v2104_ce0           |  out|    1|   ap_memory|         v2104|         array|
|v2104_q0            |   in|   32|   ap_memory|         v2104|         array|
|v2105_address0      |  out|   13|   ap_memory|         v2105|         array|
|v2105_ce0           |  out|    1|   ap_memory|         v2105|         array|
|v2105_we0           |  out|    1|   ap_memory|         v2105|         array|
|v2105_d0            |  out|   32|   ap_memory|         v2105|         array|
|v2106_address0      |  out|   13|   ap_memory|         v2106|         array|
|v2106_ce0           |  out|    1|   ap_memory|         v2106|         array|
|v2106_q0            |   in|   32|   ap_memory|         v2106|         array|
|v2107_address0      |  out|   13|   ap_memory|         v2107|         array|
|v2107_ce0           |  out|    1|   ap_memory|         v2107|         array|
|v2107_q0            |   in|   32|   ap_memory|         v2107|         array|
|v2108_address0      |  out|   13|   ap_memory|         v2108|         array|
|v2108_ce0           |  out|    1|   ap_memory|         v2108|         array|
|v2108_we0           |  out|    1|   ap_memory|         v2108|         array|
|v2108_d0            |  out|   32|   ap_memory|         v2108|         array|
|v2109_address0      |  out|   13|   ap_memory|         v2109|         array|
|v2109_ce0           |  out|    1|   ap_memory|         v2109|         array|
|v2109_q0            |   in|   32|   ap_memory|         v2109|         array|
|v2110_address0      |  out|   13|   ap_memory|         v2110|         array|
|v2110_ce0           |  out|    1|   ap_memory|         v2110|         array|
|v2110_q0            |   in|   32|   ap_memory|         v2110|         array|
|v2111_address0      |  out|   13|   ap_memory|         v2111|         array|
|v2111_ce0           |  out|    1|   ap_memory|         v2111|         array|
|v2111_we0           |  out|    1|   ap_memory|         v2111|         array|
|v2111_d0            |  out|   32|   ap_memory|         v2111|         array|
|v2112_address0      |  out|   13|   ap_memory|         v2112|         array|
|v2112_ce0           |  out|    1|   ap_memory|         v2112|         array|
|v2112_q0            |   in|   32|   ap_memory|         v2112|         array|
|v2113_address0      |  out|   13|   ap_memory|         v2113|         array|
|v2113_ce0           |  out|    1|   ap_memory|         v2113|         array|
|v2113_q0            |   in|   32|   ap_memory|         v2113|         array|
|v2114_address0      |  out|   13|   ap_memory|         v2114|         array|
|v2114_ce0           |  out|    1|   ap_memory|         v2114|         array|
|v2114_we0           |  out|    1|   ap_memory|         v2114|         array|
|v2114_d0            |  out|   32|   ap_memory|         v2114|         array|
|v2115_address0      |  out|   13|   ap_memory|         v2115|         array|
|v2115_ce0           |  out|    1|   ap_memory|         v2115|         array|
|v2115_q0            |   in|   32|   ap_memory|         v2115|         array|
+--------------------+-----+-----+------------+--------------+--------------+

