

================================================================
== Vitis HLS Report for 'forward'
================================================================
* Date:           Sat Apr 11 12:52:06 2026

* Version:        2022.1 (Build 3526262 on Mon Apr 18 15:48:16 MDT 2022)
* Project:        csynth_prj
* Solution:       solution1 (Vivado IP Flow Target)
* Product family: virtexuplus
* Target device:  xcu55c-fsvh2892-2L-e


================================================================
== Performance Estimates
================================================================
+ Timing: 
    * Summary: 
    +--------+----------+-----------+------------+
    |  Clock |  Target  | Estimated | Uncertainty|
    +--------+----------+-----------+------------+
    |ap_clk  |  10.00 ns|  12.610 ns|     2.70 ns|
    +--------+----------+-----------+------------+

+ Latency: 
    * Summary: 
    +-----------+-----------+-----------+-----------+-----------+-----------+---------+
    |    Latency (cycles)   |   Latency (absolute)  |        Interval       | Pipeline|
    |    min    |    max    |    min    |    max    |    min    |    max    |   Type  |
    +-----------+-----------+-----------+-----------+-----------+-----------+---------+
    |  307630172|  307630172|  3.879 sec|  3.879 sec|  307630173|  307630173|       no|
    +-----------+-----------+-----------+-----------+-----------+-----------+---------+

    + Detail: 
        * Instance: 
        +---------------------------------------------------------------+----------------------------------------------------+----------+----------+-----------+-----------+----------+----------+---------+
        |                                                               |                                                    |   Latency (cycles)  |   Latency (absolute)  |       Interval      | Pipeline|
        |                            Instance                           |                       Module                       |    min   |    max   |    min    |    max    |    min   |    max   |   Type  |
        +---------------------------------------------------------------+----------------------------------------------------+----------+----------+-----------+-----------+----------+----------+---------+
        |grp_forward_node82_fu_304                                      |forward_node82                                      |      3842|      3842|  38.420 us|  38.420 us|      3842|      3842|       no|
        |grp_forward_Pipeline_VITIS_LOOP_2519_1_fu_313                  |forward_Pipeline_VITIS_LOOP_2519_1                  |       514|       514|   5.140 us|   5.140 us|       514|       514|       no|
        |grp_forward_Pipeline_VITIS_LOOP_2529_2_fu_319                  |forward_Pipeline_VITIS_LOOP_2529_2                  |       514|       514|   5.140 us|   5.140 us|       514|       514|       no|
        |grp_forward_Pipeline_VITIS_LOOP_2535_3_fu_325                  |forward_Pipeline_VITIS_LOOP_2535_3                  |        12|        12|   0.120 us|   0.120 us|        12|        12|       no|
        |grp_forward_node76_fu_331                                      |forward_node76                                      |   1846536|   1846536|  18.465 ms|  18.465 ms|   1846536|   1846536|       no|
        |grp_forward_node70_fu_345                                      |forward_node70                                      |  13052161|  13052161|  0.131 sec|  0.131 sec|  13052161|  13052161|       no|
        |grp_forward_node64_fu_359                                      |forward_node64                                      |  23726593|  23726593|  0.237 sec|  0.237 sec|  23726593|  23726593|       no|
        |grp_forward_node58_fu_373                                      |forward_node58                                      |  13280257|  13280257|  0.133 sec|  0.133 sec|  13280257|  13280257|       no|
        |grp_forward_node52_fu_387                                      |forward_node52                                      |  26523649|  26523649|  0.265 sec|  0.265 sec|  26523649|  26523649|       no|
        |grp_forward_node46_fu_401                                      |forward_node46                                      |  48254977|  48254977|  0.483 sec|  0.483 sec|  48254977|  48254977|       no|
        |grp_forward_node40_fu_415                                      |forward_node40                                      |  14045185|  14045185|  0.140 sec|  0.140 sec|  14045185|  14045185|       no|
        |grp_forward_node34_fu_429                                      |forward_node34                                      |  30597121|  30597121|  0.306 sec|  0.306 sec|  30597121|  30597121|       no|
        |grp_forward_node28_fu_443                                      |forward_node28                                      |  56180737|  56180737|  0.562 sec|  0.562 sec|  56180737|  56180737|       no|
        |grp_forward_node22_fu_457                                      |forward_node22                                      |  23887873|  23887873|  0.294 sec|  0.294 sec|  23887873|  23887873|       no|
        |grp_forward_node16_fu_471                                      |forward_node16                                      |  25657345|  25657345|  0.316 sec|  0.316 sec|  25657345|  25657345|       no|
        |grp_forward_node10_fu_485                                      |forward_node10                                      |  25362433|  25362433|  0.312 sec|  0.312 sec|  25362433|  25362433|       no|
        |grp_forward_node6_fu_499                                       |forward_node6                                       |   5197892|   5197892|  65.545 ms|  65.545 ms|   5197892|   5197892|       no|
        |grp_forward_Pipeline_VITIS_LOOP_160_1_fu_509                   |forward_Pipeline_VITIS_LOOP_160_1                   |       514|       514|   5.140 us|   5.140 us|       514|       514|       no|
        |grp_forward_Pipeline_VITIS_LOOP_165_2_VITIS_LOOP_166_3_fu_515  |forward_Pipeline_VITIS_LOOP_165_2_VITIS_LOOP_166_3  |       517|       517|   5.170 us|   5.170 us|       517|       517|       no|
        |grp_forward_Pipeline_VITIS_LOOP_135_1_fu_520                   |forward_Pipeline_VITIS_LOOP_135_1                   |       514|       514|   5.140 us|   5.140 us|       514|       514|       no|
        |grp_forward_Pipeline_VITIS_LOOP_140_2_VITIS_LOOP_141_3_fu_526  |forward_Pipeline_VITIS_LOOP_140_2_VITIS_LOOP_141_3  |       518|       518|   5.180 us|   5.180 us|       518|       518|       no|
        |grp_forward_node1_fu_532                                       |forward_node1                                       |     11439|     11439|   0.114 ms|   0.114 ms|     11439|     11439|       no|
        |grp_forward_Pipeline_VITIS_LOOP_33_1_VITIS_LOOP_34_2_fu_540    |forward_Pipeline_VITIS_LOOP_33_1_VITIS_LOOP_34_2    |        16|        16|   0.160 us|   0.160 us|        16|        16|       no|
        |grp_forward_Pipeline_VITIS_LOOP_42_3_fu_548                    |forward_Pipeline_VITIS_LOOP_42_3                    |        12|        12|   0.120 us|   0.120 us|        12|        12|       no|
        +---------------------------------------------------------------+----------------------------------------------------+----------+----------+-----------+-----------+----------+----------+---------+

        * Loop: 
        N/A



================================================================
== Utilization Estimates
================================================================
* Summary: 
+---------------------+---------+------+---------+---------+-----+
|         Name        | BRAM_18K|  DSP |    FF   |   LUT   | URAM|
+---------------------+---------+------+---------+---------+-----+
|DSP                  |        -|     -|        -|        -|    -|
|Expression           |        -|     -|        0|        6|    -|
|FIFO                 |        -|     -|      104|      130|    -|
|Instance             |       57|    20|    12565|    32614|    0|
|Memory               |        6|     -|        0|        0|    -|
|Multiplexer          |        -|     -|        -|     1372|    -|
|Register             |        -|     -|       68|        -|    -|
+---------------------+---------+------+---------+---------+-----+
|Total                |       63|    20|    12737|    34122|    0|
+---------------------+---------+------+---------+---------+-----+
|Available SLR        |     1344|  3008|   869120|   434560|  320|
+---------------------+---------+------+---------+---------+-----+
|Utilization SLR (%)  |        4|    ~0|        1|        7|    0|
+---------------------+---------+------+---------+---------+-----+
|Available            |     4032|  9024|  2607360|  1303680|  960|
+---------------------+---------+------+---------+---------+-----+
|Utilization (%)      |        1|    ~0|       ~0|        2|    0|
+---------------------+---------+------+---------+---------+-----+

+ Detail: 
    * Instance: 
    +---------------------------------------------------------------+----------------------------------------------------+---------+----+------+------+-----+
    |                            Instance                           |                       Module                       | BRAM_18K| DSP|  FF  |  LUT | URAM|
    +---------------------------------------------------------------+----------------------------------------------------+---------+----+------+------+-----+
    |ctrl_s_axi_U                                                   |ctrl_s_axi                                          |        0|   0|    36|    40|    0|
    |fadd_32ns_32ns_32_3_full_dsp_1_U690                            |fadd_32ns_32ns_32_3_full_dsp_1                      |        0|   2|   177|   226|    0|
    |fadd_32ns_32ns_32_3_full_dsp_1_U691                            |fadd_32ns_32ns_32_3_full_dsp_1                      |        0|   2|   177|   226|    0|
    |fmul_32ns_32ns_32_2_max_dsp_1_U692                             |fmul_32ns_32ns_32_2_max_dsp_1                       |        0|   3|   128|    77|    0|
    |grp_forward_Pipeline_VITIS_LOOP_135_1_fu_520                   |forward_Pipeline_VITIS_LOOP_135_1                   |        0|   0|    23|    66|    0|
    |grp_forward_Pipeline_VITIS_LOOP_140_2_VITIS_LOOP_141_3_fu_526  |forward_Pipeline_VITIS_LOOP_140_2_VITIS_LOOP_141_3  |        0|   0|   201|   196|    0|
    |grp_forward_Pipeline_VITIS_LOOP_160_1_fu_509                   |forward_Pipeline_VITIS_LOOP_160_1                   |        0|   0|    23|    66|    0|
    |grp_forward_Pipeline_VITIS_LOOP_165_2_VITIS_LOOP_166_3_fu_515  |forward_Pipeline_VITIS_LOOP_165_2_VITIS_LOOP_166_3  |        0|   0|   199|   322|    0|
    |grp_forward_Pipeline_VITIS_LOOP_2519_1_fu_313                  |forward_Pipeline_VITIS_LOOP_2519_1                  |        0|   0|    12|    55|    0|
    |grp_forward_Pipeline_VITIS_LOOP_2529_2_fu_319                  |forward_Pipeline_VITIS_LOOP_2529_2                  |        0|   0|    12|    55|    0|
    |grp_forward_Pipeline_VITIS_LOOP_2535_3_fu_325                  |forward_Pipeline_VITIS_LOOP_2535_3                  |        0|   0|     6|    48|    0|
    |grp_forward_Pipeline_VITIS_LOOP_33_1_VITIS_LOOP_34_2_fu_540    |forward_Pipeline_VITIS_LOOP_33_1_VITIS_LOOP_34_2    |        1|   0|   184|   174|    0|
    |grp_forward_Pipeline_VITIS_LOOP_42_3_fu_548                    |forward_Pipeline_VITIS_LOOP_42_3                    |        0|   0|    11|    59|    0|
    |grp_forward_node1_fu_532                                       |forward_node1                                       |        2|   3|   644|  1202|    0|
    |grp_forward_node10_fu_485                                      |forward_node10                                      |        4|   0|   562|  1612|    0|
    |grp_forward_node16_fu_471                                      |forward_node16                                      |        4|   0|   557|  1547|    0|
    |grp_forward_node22_fu_457                                      |forward_node22                                      |        4|   0|   550|  1475|    0|
    |grp_forward_node28_fu_443                                      |forward_node28                                      |        4|   0|   722|  2311|    0|
    |grp_forward_node34_fu_429                                      |forward_node34                                      |        4|   0|   736|  2468|    0|
    |grp_forward_node40_fu_415                                      |forward_node40                                      |        4|   0|   709|  2287|    0|
    |grp_forward_node46_fu_401                                      |forward_node46                                      |        4|   0|   746|  2432|    0|
    |grp_forward_node52_fu_387                                      |forward_node52                                      |        4|   0|   753|  2508|    0|
    |grp_forward_node58_fu_373                                      |forward_node58                                      |        4|   0|   747|  2468|    0|
    |grp_forward_node6_fu_499                                       |forward_node6                                       |        2|   3|   964|  1577|    0|
    |grp_forward_node64_fu_359                                      |forward_node64                                      |        4|   0|   767|  2505|    0|
    |grp_forward_node70_fu_345                                      |forward_node70                                      |        4|   0|   773|  2562|    0|
    |grp_forward_node76_fu_331                                      |forward_node76                                      |        6|   7|  1739|  3039|    0|
    |grp_forward_node82_fu_304                                      |forward_node82                                      |        2|   0|   407|  1011|    0|
    +---------------------------------------------------------------+----------------------------------------------------+---------+----+------+------+-----+
    |Total                                                          |                                                    |       57|  20| 12565| 32614|    0|
    +---------------------------------------------------------------+----------------------------------------------------+---------+----+------+------+-----+

    * DSP: 
    N/A

    * Memory: 
    +---------+---------------------------------------+---------+---+----+-----+------+-----+------+-------------+
    |  Memory |                 Module                | BRAM_18K| FF| LUT| URAM| Words| Bits| Banks| W*Bits*Banks|
    +---------+---------------------------------------+---------+---+----+-----+------+-----+------+-------------+
    |v44_U    |forward_node70_v925_RAM_T2P_BRAM_1R1W  |        1|  0|   0|    0|   512|   32|     1|        16384|
    |v1153_U  |forward_node70_v925_RAM_T2P_BRAM_1R1W  |        1|  0|   0|    0|   512|   32|     1|        16384|
    |v1154_U  |forward_node70_v928_RAM_T2P_BRAM_1R1W  |        1|  0|   0|    0|   512|   32|     1|        16384|
    |v1155_U  |forward_node70_v928_RAM_T2P_BRAM_1R1W  |        1|  0|   0|    0|   512|   32|     1|        16384|
    |v3_U     |v3_RAM_T2P_BRAM_1R1W                   |        1|  0|   0|    0|    10|   32|     1|          320|
    |v1156_U  |v3_RAM_T2P_BRAM_1R1W                   |        1|  0|   0|    0|    10|   32|     1|          320|
    +---------+---------------------------------------+---------+---+----+-----+------+-----+------+-------------+
    |Total    |                                       |        6|  0|   0|    0|  2068|  192|     6|        66176|
    +---------+---------------------------------------+---------+---+----+-----+------+-----+------+-------------+

    * FIFO: 
    +--------------+---------+---+----+-----+------+-----+---------+
    |     Name     | BRAM_18K| FF| LUT| URAM| Depth| Bits| Size:D*B|
    +--------------+---------+---+----+-----+------+-----+---------+
    |v1140_fifo_U  |        0|  8|   0|    -|     2|    1|        2|
    |v1141_fifo_U  |        0|  8|   0|    -|     2|    1|        2|
    |v1142_fifo_U  |        0|  8|   0|    -|     2|    1|        2|
    |v1143_fifo_U  |        0|  8|   0|    -|     2|    1|        2|
    |v1144_fifo_U  |        0|  8|   0|    -|     2|    1|        2|
    |v1145_fifo_U  |        0|  8|   0|    -|     2|    1|        2|
    |v1146_fifo_U  |        0|  8|   0|    -|     2|    1|        2|
    |v1147_fifo_U  |        0|  8|   0|    -|     2|    1|        2|
    |v1148_fifo_U  |        0|  8|   0|    -|     2|    1|        2|
    |v1149_fifo_U  |        0|  8|   0|    -|     2|    1|        2|
    |v1150_fifo_U  |        0|  8|   0|    -|     2|    1|        2|
    |v1151_fifo_U  |        0|  8|   0|    -|     2|    1|        2|
    |v1152_fifo_U  |        0|  8|   0|    -|     2|    1|        2|
    +--------------+---------+---+----+-----+------+-----+---------+
    |Total         |        0|104|   0|    0|    26|   13|       26|
    +--------------+---------+---+----+-----+------+-----+---------+

    * Expression: 
    +-------------------------------------------+----------+----+---+----+------------+------------+
    |               Variable Name               | Operation| DSP| FF| LUT| Bitwidth P0| Bitwidth P1|
    +-------------------------------------------+----------+----+---+----+------------+------------+
    |ap_block_state2_on_subcall_done            |        or|   0|  0|   2|           1|           1|
    |ap_sync_grp_forward_node6_fu_499_ap_done   |        or|   0|  0|   2|           1|           1|
    |ap_sync_grp_forward_node6_fu_499_ap_ready  |        or|   0|  0|   2|           1|           1|
    +-------------------------------------------+----------+----+---+----+------------+------------+
    |Total                                      |          |   0|  0|   6|           3|           3|
    +-------------------------------------------+----------+----+---+----+------------+------------+

    * Multiplexer: 
    +----------------+-----+-----------+-----+-----------+
    |      Name      | LUT | Input Size| Bits| Total Bits|
    +----------------+-----+-----------+-----+-----------+
    |ap_NS_fsm       |  189|         43|    1|         43|
    |grp_fu_633_ce   |   65|         14|    1|         14|
    |grp_fu_633_p0   |   65|         14|   32|        448|
    |grp_fu_633_p1   |   65|         14|   32|        448|
    |grp_fu_637_ce   |   65|         12|    1|         12|
    |grp_fu_637_p0   |   65|         12|   32|        384|
    |grp_fu_637_p1   |   65|         12|   32|        384|
    |grp_fu_641_ce   |   65|         12|    1|         12|
    |grp_fu_641_p0   |   65|         12|   32|        384|
    |grp_fu_641_p1   |   65|         12|   32|        384|
    |v1140_read      |    9|          2|    1|          2|
    |v1140_write     |    9|          2|    1|          2|
    |v1141_read      |    9|          2|    1|          2|
    |v1141_write     |    9|          2|    1|          2|
    |v1142_read      |    9|          2|    1|          2|
    |v1142_write     |    9|          2|    1|          2|
    |v1143_read      |    9|          2|    1|          2|
    |v1143_write     |    9|          2|    1|          2|
    |v1144_read      |    9|          2|    1|          2|
    |v1144_write     |    9|          2|    1|          2|
    |v1145_read      |    9|          2|    1|          2|
    |v1145_write     |    9|          2|    1|          2|
    |v1146_read      |    9|          2|    1|          2|
    |v1146_write     |    9|          2|    1|          2|
    |v1147_read      |    9|          2|    1|          2|
    |v1147_write     |    9|          2|    1|          2|
    |v1148_read      |    9|          2|    1|          2|
    |v1148_write     |    9|          2|    1|          2|
    |v1149_read      |    9|          2|    1|          2|
    |v1149_write     |    9|          2|    1|          2|
    |v1150_read      |    9|          2|    1|          2|
    |v1150_write     |    9|          2|    1|          2|
    |v1151_read      |    9|          2|    1|          2|
    |v1151_write     |    9|          2|    1|          2|
    |v1152_read      |    9|          2|    1|          2|
    |v1152_write     |    9|          2|    1|          2|
    |v1153_address0  |   20|          4|    9|         36|
    |v1153_ce0       |   20|          4|    1|          4|
    |v1153_d0        |   14|          3|   32|         96|
    |v1153_we0       |   14|          3|    1|          3|
    |v1154_address0  |   20|          4|    9|         36|
    |v1154_ce0       |   20|          4|    1|          4|
    |v1154_ce1       |    9|          2|    1|          2|
    |v1154_d0        |   14|          3|   32|         96|
    |v1154_we0       |   14|          3|    1|          3|
    |v1155_address0  |   20|          4|    9|         36|
    |v1155_ce0       |   20|          4|    1|          4|
    |v1155_ce1       |    9|          2|    1|          2|
    |v1155_d0        |   14|          3|   32|         96|
    |v1155_we0       |   14|          3|    1|          3|
    |v1156_address0  |   20|          4|    4|         16|
    |v1156_ce0       |   20|          4|    1|          4|
    |v1156_d0        |   14|          3|   32|         96|
    |v1156_we0       |   14|          3|    1|          3|
    |v3_address0     |   14|          3|    4|         12|
    |v3_ce0          |   14|          3|    1|          3|
    |v3_we0          |    9|          2|    1|          2|
    |v44_address0    |   14|          3|    9|         27|
    |v44_ce0         |   14|          3|    1|          3|
    |v44_we0         |    9|          2|    1|          2|
    +----------------+-----+-----------+-----+-----------+
    |Total           | 1372|        285|  408|       3154|
    +----------------+-----+-----------+-----+-----------+

    * Register: 
    +----------------------------------------------------------------------------+----+----+-----+-----------+
    |                                    Name                                    | FF | LUT| Bits| Const Bits|
    +----------------------------------------------------------------------------+----+----+-----+-----------+
    |ap_CS_fsm                                                                   |  42|   0|   42|          0|
    |ap_sync_reg_grp_forward_node6_fu_499_ap_done                                |   1|   0|    1|          0|
    |ap_sync_reg_grp_forward_node6_fu_499_ap_ready                               |   1|   0|    1|          0|
    |grp_forward_Pipeline_VITIS_LOOP_135_1_fu_520_ap_start_reg                   |   1|   0|    1|          0|
    |grp_forward_Pipeline_VITIS_LOOP_140_2_VITIS_LOOP_141_3_fu_526_ap_start_reg  |   1|   0|    1|          0|
    |grp_forward_Pipeline_VITIS_LOOP_160_1_fu_509_ap_start_reg                   |   1|   0|    1|          0|
    |grp_forward_Pipeline_VITIS_LOOP_165_2_VITIS_LOOP_166_3_fu_515_ap_start_reg  |   1|   0|    1|          0|
    |grp_forward_Pipeline_VITIS_LOOP_2519_1_fu_313_ap_start_reg                  |   1|   0|    1|          0|
    |grp_forward_Pipeline_VITIS_LOOP_2529_2_fu_319_ap_start_reg                  |   1|   0|    1|          0|
    |grp_forward_Pipeline_VITIS_LOOP_2535_3_fu_325_ap_start_reg                  |   1|   0|    1|          0|
    |grp_forward_Pipeline_VITIS_LOOP_33_1_VITIS_LOOP_34_2_fu_540_ap_start_reg    |   1|   0|    1|          0|
    |grp_forward_Pipeline_VITIS_LOOP_42_3_fu_548_ap_start_reg                    |   1|   0|    1|          0|
    |grp_forward_node10_fu_485_ap_start_reg                                      |   1|   0|    1|          0|
    |grp_forward_node16_fu_471_ap_start_reg                                      |   1|   0|    1|          0|
    |grp_forward_node1_fu_532_ap_start_reg                                       |   1|   0|    1|          0|
    |grp_forward_node22_fu_457_ap_start_reg                                      |   1|   0|    1|          0|
    |grp_forward_node28_fu_443_ap_start_reg                                      |   1|   0|    1|          0|
    |grp_forward_node34_fu_429_ap_start_reg                                      |   1|   0|    1|          0|
    |grp_forward_node40_fu_415_ap_start_reg                                      |   1|   0|    1|          0|
    |grp_forward_node46_fu_401_ap_start_reg                                      |   1|   0|    1|          0|
    |grp_forward_node52_fu_387_ap_start_reg                                      |   1|   0|    1|          0|
    |grp_forward_node58_fu_373_ap_start_reg                                      |   1|   0|    1|          0|
    |grp_forward_node64_fu_359_ap_start_reg                                      |   1|   0|    1|          0|
    |grp_forward_node6_fu_499_ap_start_reg                                       |   1|   0|    1|          0|
    |grp_forward_node70_fu_345_ap_start_reg                                      |   1|   0|    1|          0|
    |grp_forward_node76_fu_331_ap_start_reg                                      |   1|   0|    1|          0|
    |grp_forward_node82_fu_304_ap_start_reg                                      |   1|   0|    1|          0|
    +----------------------------------------------------------------------------+----+----+-----+-----------+
    |Total                                                                       |  68|   0|   68|          0|
    +----------------------------------------------------------------------------+----+----+-----+-----------+



================================================================
== Interface
================================================================
* Summary: 
+--------------------+-----+-----+------------+--------------+--------------+
|      RTL Ports     | Dir | Bits|  Protocol  | Source Object|    C Type    |
+--------------------+-----+-----+------------+--------------+--------------+
|s_axi_ctrl_AWVALID  |   in|    1|       s_axi|          ctrl|   return void|
|s_axi_ctrl_AWREADY  |  out|    1|       s_axi|          ctrl|   return void|
|s_axi_ctrl_AWADDR   |   in|    4|       s_axi|          ctrl|   return void|
|s_axi_ctrl_WVALID   |   in|    1|       s_axi|          ctrl|   return void|
|s_axi_ctrl_WREADY   |  out|    1|       s_axi|          ctrl|   return void|
|s_axi_ctrl_WDATA    |   in|   32|       s_axi|          ctrl|   return void|
|s_axi_ctrl_WSTRB    |   in|    4|       s_axi|          ctrl|   return void|
|s_axi_ctrl_ARVALID  |   in|    1|       s_axi|          ctrl|   return void|
|s_axi_ctrl_ARREADY  |  out|    1|       s_axi|          ctrl|   return void|
|s_axi_ctrl_ARADDR   |   in|    4|       s_axi|          ctrl|   return void|
|s_axi_ctrl_RVALID   |  out|    1|       s_axi|          ctrl|   return void|
|s_axi_ctrl_RREADY   |   in|    1|       s_axi|          ctrl|   return void|
|s_axi_ctrl_RDATA    |  out|   32|       s_axi|          ctrl|   return void|
|s_axi_ctrl_RRESP    |  out|    2|       s_axi|          ctrl|   return void|
|s_axi_ctrl_BVALID   |  out|    1|       s_axi|          ctrl|   return void|
|s_axi_ctrl_BREADY   |   in|    1|       s_axi|          ctrl|   return void|
|s_axi_ctrl_BRESP    |  out|    2|       s_axi|          ctrl|   return void|
|ap_clk              |   in|    1|  ap_ctrl_hs|       forward|  return value|
|ap_rst_n            |   in|    1|  ap_ctrl_hs|       forward|  return value|
|interrupt           |  out|    1|  ap_ctrl_hs|       forward|  return value|
|v1031_address0      |  out|   12|   ap_memory|         v1031|         array|
|v1031_ce0           |  out|    1|   ap_memory|         v1031|         array|
|v1031_q0            |   in|   32|   ap_memory|         v1031|         array|
|v1032_address0      |  out|    4|   ap_memory|         v1032|         array|
|v1032_ce0           |  out|    1|   ap_memory|         v1032|         array|
|v1032_we0           |  out|    1|   ap_memory|         v1032|         array|
|v1032_d0            |  out|   32|   ap_memory|         v1032|         array|
|v1033_address0      |  out|   22|   ap_memory|         v1033|         array|
|v1033_ce0           |  out|    1|   ap_memory|         v1033|         array|
|v1033_q0            |   in|   32|   ap_memory|         v1033|         array|
|v1034_address0      |  out|   22|   ap_memory|         v1034|         array|
|v1034_ce0           |  out|    1|   ap_memory|         v1034|         array|
|v1034_q0            |   in|   32|   ap_memory|         v1034|         array|
|v1035_address0      |  out|   22|   ap_memory|         v1035|         array|
|v1035_ce0           |  out|    1|   ap_memory|         v1035|         array|
|v1035_q0            |   in|   32|   ap_memory|         v1035|         array|
|v1036_address0      |  out|   22|   ap_memory|         v1036|         array|
|v1036_ce0           |  out|    1|   ap_memory|         v1036|         array|
|v1036_q0            |   in|   32|   ap_memory|         v1036|         array|
|v1037_address0      |  out|   22|   ap_memory|         v1037|         array|
|v1037_ce0           |  out|    1|   ap_memory|         v1037|         array|
|v1037_q0            |   in|   32|   ap_memory|         v1037|         array|
|v1038_address0      |  out|   21|   ap_memory|         v1038|         array|
|v1038_ce0           |  out|    1|   ap_memory|         v1038|         array|
|v1038_q0            |   in|   32|   ap_memory|         v1038|         array|
|v1039_address0      |  out|   20|   ap_memory|         v1039|         array|
|v1039_ce0           |  out|    1|   ap_memory|         v1039|         array|
|v1039_q0            |   in|   32|   ap_memory|         v1039|         array|
|v1040_address0      |  out|   20|   ap_memory|         v1040|         array|
|v1040_ce0           |  out|    1|   ap_memory|         v1040|         array|
|v1040_q0            |   in|   32|   ap_memory|         v1040|         array|
|v1041_address0      |  out|   19|   ap_memory|         v1041|         array|
|v1041_ce0           |  out|    1|   ap_memory|         v1041|         array|
|v1041_q0            |   in|   32|   ap_memory|         v1041|         array|
|v1042_address0      |  out|   18|   ap_memory|         v1042|         array|
|v1042_ce0           |  out|    1|   ap_memory|         v1042|         array|
|v1042_q0            |   in|   32|   ap_memory|         v1042|         array|
|v1043_address0      |  out|   17|   ap_memory|         v1043|         array|
|v1043_ce0           |  out|    1|   ap_memory|         v1043|         array|
|v1043_q0            |   in|   32|   ap_memory|         v1043|         array|
|v1044_address0      |  out|   16|   ap_memory|         v1044|         array|
|v1044_ce0           |  out|    1|   ap_memory|         v1044|         array|
|v1044_q0            |   in|   32|   ap_memory|         v1044|         array|
|v1045_address0      |  out|   11|   ap_memory|         v1045|         array|
|v1045_ce0           |  out|    1|   ap_memory|         v1045|         array|
|v1045_q0            |   in|   32|   ap_memory|         v1045|         array|
|v1046_address0      |  out|   13|   ap_memory|         v1046|         array|
|v1046_ce0           |  out|    1|   ap_memory|         v1046|         array|
|v1046_q0            |   in|   32|   ap_memory|         v1046|         array|
|v1047_address0      |  out|   12|   ap_memory|         v1047|         array|
|v1047_ce0           |  out|    1|   ap_memory|         v1047|         array|
|v1047_we0           |  out|    1|   ap_memory|         v1047|         array|
|v1047_d0            |  out|   32|   ap_memory|         v1047|         array|
|v1048_address0      |  out|   12|   ap_memory|         v1048|         array|
|v1048_ce0           |  out|    1|   ap_memory|         v1048|         array|
|v1048_q0            |   in|   32|   ap_memory|         v1048|         array|
|v1049_address0      |  out|   16|   ap_memory|         v1049|         array|
|v1049_ce0           |  out|    1|   ap_memory|         v1049|         array|
|v1049_we0           |  out|    1|   ap_memory|         v1049|         array|
|v1049_d0            |  out|   32|   ap_memory|         v1049|         array|
|v1050_address0      |  out|   16|   ap_memory|         v1050|         array|
|v1050_ce0           |  out|    1|   ap_memory|         v1050|         array|
|v1050_q0            |   in|   32|   ap_memory|         v1050|         array|
|v1051_address0      |  out|   16|   ap_memory|         v1051|         array|
|v1051_ce0           |  out|    1|   ap_memory|         v1051|         array|
|v1051_q0            |   in|   32|   ap_memory|         v1051|         array|
|v1052_address0      |  out|   14|   ap_memory|         v1052|         array|
|v1052_ce0           |  out|    1|   ap_memory|         v1052|         array|
|v1052_we0           |  out|    1|   ap_memory|         v1052|         array|
|v1052_d0            |  out|   32|   ap_memory|         v1052|         array|
|v1053_address0      |  out|   14|   ap_memory|         v1053|         array|
|v1053_ce0           |  out|    1|   ap_memory|         v1053|         array|
|v1053_q0            |   in|   32|   ap_memory|         v1053|         array|
|v1054_address0      |  out|   14|   ap_memory|         v1054|         array|
|v1054_ce0           |  out|    1|   ap_memory|         v1054|         array|
|v1054_q0            |   in|   32|   ap_memory|         v1054|         array|
|v1055_address0      |  out|   15|   ap_memory|         v1055|         array|
|v1055_ce0           |  out|    1|   ap_memory|         v1055|         array|
|v1055_we0           |  out|    1|   ap_memory|         v1055|         array|
|v1055_d0            |  out|   32|   ap_memory|         v1055|         array|
|v1056_address0      |  out|   15|   ap_memory|         v1056|         array|
|v1056_ce0           |  out|    1|   ap_memory|         v1056|         array|
|v1056_q0            |   in|   32|   ap_memory|         v1056|         array|
|v1057_address0      |  out|   15|   ap_memory|         v1057|         array|
|v1057_ce0           |  out|    1|   ap_memory|         v1057|         array|
|v1057_q0            |   in|   32|   ap_memory|         v1057|         array|
|v1058_address0      |  out|   13|   ap_memory|         v1058|         array|
|v1058_ce0           |  out|    1|   ap_memory|         v1058|         array|
|v1058_we0           |  out|    1|   ap_memory|         v1058|         array|
|v1058_d0            |  out|   32|   ap_memory|         v1058|         array|
|v1059_address0      |  out|   13|   ap_memory|         v1059|         array|
|v1059_ce0           |  out|    1|   ap_memory|         v1059|         array|
|v1059_q0            |   in|   32|   ap_memory|         v1059|         array|
|v1060_address0      |  out|   13|   ap_memory|         v1060|         array|
|v1060_ce0           |  out|    1|   ap_memory|         v1060|         array|
|v1060_q0            |   in|   32|   ap_memory|         v1060|         array|
|v1061_address0      |  out|   14|   ap_memory|         v1061|         array|
|v1061_ce0           |  out|    1|   ap_memory|         v1061|         array|
|v1061_we0           |  out|    1|   ap_memory|         v1061|         array|
|v1061_d0            |  out|   32|   ap_memory|         v1061|         array|
|v1062_address0      |  out|   14|   ap_memory|         v1062|         array|
|v1062_ce0           |  out|    1|   ap_memory|         v1062|         array|
|v1062_q0            |   in|   32|   ap_memory|         v1062|         array|
|v1063_address0      |  out|   14|   ap_memory|         v1063|         array|
|v1063_ce0           |  out|    1|   ap_memory|         v1063|         array|
|v1063_q0            |   in|   32|   ap_memory|         v1063|         array|
|v1064_address0      |  out|   14|   ap_memory|         v1064|         array|
|v1064_ce0           |  out|    1|   ap_memory|         v1064|         array|
|v1064_we0           |  out|    1|   ap_memory|         v1064|         array|
|v1064_d0            |  out|   32|   ap_memory|         v1064|         array|
|v1065_address0      |  out|   14|   ap_memory|         v1065|         array|
|v1065_ce0           |  out|    1|   ap_memory|         v1065|         array|
|v1065_q0            |   in|   32|   ap_memory|         v1065|         array|
|v1066_address0      |  out|   14|   ap_memory|         v1066|         array|
|v1066_ce0           |  out|    1|   ap_memory|         v1066|         array|
|v1066_q0            |   in|   32|   ap_memory|         v1066|         array|
|v1067_address0      |  out|   12|   ap_memory|         v1067|         array|
|v1067_ce0           |  out|    1|   ap_memory|         v1067|         array|
|v1067_we0           |  out|    1|   ap_memory|         v1067|         array|
|v1067_d0            |  out|   32|   ap_memory|         v1067|         array|
|v1068_address0      |  out|   12|   ap_memory|         v1068|         array|
|v1068_ce0           |  out|    1|   ap_memory|         v1068|         array|
|v1068_q0            |   in|   32|   ap_memory|         v1068|         array|
|v1069_address0      |  out|   12|   ap_memory|         v1069|         array|
|v1069_ce0           |  out|    1|   ap_memory|         v1069|         array|
|v1069_q0            |   in|   32|   ap_memory|         v1069|         array|
|v1070_address0      |  out|   13|   ap_memory|         v1070|         array|
|v1070_ce0           |  out|    1|   ap_memory|         v1070|         array|
|v1070_we0           |  out|    1|   ap_memory|         v1070|         array|
|v1070_d0            |  out|   32|   ap_memory|         v1070|         array|
|v1071_address0      |  out|   13|   ap_memory|         v1071|         array|
|v1071_ce0           |  out|    1|   ap_memory|         v1071|         array|
|v1071_q0            |   in|   32|   ap_memory|         v1071|         array|
|v1072_address0      |  out|   13|   ap_memory|         v1072|         array|
|v1072_ce0           |  out|    1|   ap_memory|         v1072|         array|
|v1072_q0            |   in|   32|   ap_memory|         v1072|         array|
|v1073_address0      |  out|   13|   ap_memory|         v1073|         array|
|v1073_ce0           |  out|    1|   ap_memory|         v1073|         array|
|v1073_we0           |  out|    1|   ap_memory|         v1073|         array|
|v1073_d0            |  out|   32|   ap_memory|         v1073|         array|
|v1074_address0      |  out|   13|   ap_memory|         v1074|         array|
|v1074_ce0           |  out|    1|   ap_memory|         v1074|         array|
|v1074_q0            |   in|   32|   ap_memory|         v1074|         array|
|v1075_address0      |  out|   13|   ap_memory|         v1075|         array|
|v1075_ce0           |  out|    1|   ap_memory|         v1075|         array|
|v1075_q0            |   in|   32|   ap_memory|         v1075|         array|
|v1076_address0      |  out|   11|   ap_memory|         v1076|         array|
|v1076_ce0           |  out|    1|   ap_memory|         v1076|         array|
|v1076_we0           |  out|    1|   ap_memory|         v1076|         array|
|v1076_d0            |  out|   32|   ap_memory|         v1076|         array|
|v1077_address0      |  out|   11|   ap_memory|         v1077|         array|
|v1077_ce0           |  out|    1|   ap_memory|         v1077|         array|
|v1077_q0            |   in|   32|   ap_memory|         v1077|         array|
|v1078_address0      |  out|   11|   ap_memory|         v1078|         array|
|v1078_ce0           |  out|    1|   ap_memory|         v1078|         array|
|v1078_q0            |   in|   32|   ap_memory|         v1078|         array|
|v1079_address0      |  out|   11|   ap_memory|         v1079|         array|
|v1079_ce0           |  out|    1|   ap_memory|         v1079|         array|
|v1079_we0           |  out|    1|   ap_memory|         v1079|         array|
|v1079_d0            |  out|   32|   ap_memory|         v1079|         array|
|v1080_address0      |  out|   11|   ap_memory|         v1080|         array|
|v1080_ce0           |  out|    1|   ap_memory|         v1080|         array|
|v1080_q0            |   in|   32|   ap_memory|         v1080|         array|
|v1081_address0      |  out|   11|   ap_memory|         v1081|         array|
|v1081_ce0           |  out|    1|   ap_memory|         v1081|         array|
|v1081_q0            |   in|   32|   ap_memory|         v1081|         array|
|v1082_address0      |  out|   11|   ap_memory|         v1082|         array|
|v1082_ce0           |  out|    1|   ap_memory|         v1082|         array|
|v1082_we0           |  out|    1|   ap_memory|         v1082|         array|
|v1082_d0            |  out|   32|   ap_memory|         v1082|         array|
|v1083_address0      |  out|   11|   ap_memory|         v1083|         array|
|v1083_ce0           |  out|    1|   ap_memory|         v1083|         array|
|v1083_q0            |   in|   32|   ap_memory|         v1083|         array|
|v1084_address0      |  out|   11|   ap_memory|         v1084|         array|
|v1084_ce0           |  out|    1|   ap_memory|         v1084|         array|
|v1084_q0            |   in|   32|   ap_memory|         v1084|         array|
+--------------------+-----+-----+------------+--------------+--------------+

