

================================================================
== Vitis HLS Report for 'vgg16_stitched_top'
================================================================
* Date:           Sat Apr 11 11:44:32 2026

* Version:        2022.1 (Build 3526262 on Mon Apr 18 15:48:16 MDT 2022)
* Project:        csynth_prj
* Solution:       solution1 (Vivado IP Flow Target)
* Product family: virtexuplus
* Target device:  xcu55c-fsvh2892-2L-e


================================================================
== Performance Estimates
================================================================
+ Timing: 
    * Summary: 
    +--------+----------+-----------+------------+
    |  Clock |  Target  | Estimated | Uncertainty|
    +--------+----------+-----------+------------+
    |ap_clk  |  10.00 ns|  12.610 ns|     2.70 ns|
    +--------+----------+-----------+------------+

+ Latency: 
    * Summary: 
    +-----------+-----------+-----------+-----------+-----------+-----------+----------+
    |    Latency (cycles)   |   Latency (absolute)  |        Interval       | Pipeline |
    |    min    |    max    |    min    |    max    |    min    |    max    |   Type   |
    +-----------+-----------+-----------+-----------+-----------+-----------+----------+
    |  168693540|  168693540|  2.127 sec|  2.127 sec|  168693541|  168693541|  dataflow|
    +-----------+-----------+-----------+-----------+-----------+-----------+----------+

    + Detail: 
        * Instance: 
        +------------------+---------------+-----------+-----------+-----------+-----------+-----------+-----------+----------+
        |                  |               |    Latency (cycles)   |   Latency (absolute)  |        Interval       | Pipeline |
        |     Instance     |     Module    |    min    |    max    |    min    |    max    |    min    |    max    |   Type   |
        +------------------+---------------+-----------+-----------+-----------+-----------+-----------+-----------+----------+
        |forward_chip0_U0  |forward_chip0  |  168693540|  168693540|  1.687 sec|  1.687 sec|  168693540|  168693540|        no|
        |forward_chip1_U0  |forward_chip1  |   55894020|   55894020|  0.559 sec|  0.559 sec|   55885826|   55885826|  dataflow|
        |forward_chip2_U0  |forward_chip2  |   78654336|   78654336|  0.992 sec|  0.992 sec|   78654336|   78654336|        no|
        +------------------+---------------+-----------+-----------+-----------+-----------+-----------+-----------+----------+

        * Loop: 
        N/A



================================================================
== Utilization Estimates
================================================================
* Summary: 
+---------------------+---------+------+---------+---------+-----+
|         Name        | BRAM_18K|  DSP |    FF   |   LUT   | URAM|
+---------------------+---------+------+---------+---------+-----+
|DSP                  |        -|     -|        -|        -|    -|
|Expression           |        -|     -|        0|        4|    -|
|FIFO                 |        -|     -|      136|       80|    -|
|Instance             |       99|    34|    14526|    37653|    0|
|Memory               |        -|     -|        -|        -|    -|
|Multiplexer          |        -|     -|        -|        -|    -|
|Register             |        -|     -|        -|        -|    -|
+---------------------+---------+------+---------+---------+-----+
|Total                |       99|    34|    14662|    37737|    0|
+---------------------+---------+------+---------+---------+-----+
|Available SLR        |     1344|  3008|   869120|   434560|  320|
+---------------------+---------+------+---------+---------+-----+
|Utilization SLR (%)  |        7|     1|        1|        8|    0|
+---------------------+---------+------+---------+---------+-----+
|Available            |     4032|  9024|  2607360|  1303680|  960|
+---------------------+---------+------+---------+---------+-----+
|Utilization (%)      |        2|    ~0|       ~0|        2|    0|
+---------------------+---------+------+---------+---------+-----+

+ Detail: 
    * Instance: 
    +------------------+---------------+---------+----+------+-------+-----+
    |     Instance     |     Module    | BRAM_18K| DSP|  FF  |  LUT  | URAM|
    +------------------+---------------+---------+----+------+-------+-----+
    |ctrl_s_axi_U      |ctrl_s_axi     |        0|   0|    36|     40|    0|
    |forward_chip0_U0  |forward_chip0  |       36|  14|  7902|  22452|    0|
    |forward_chip1_U0  |forward_chip1  |       22|   7|  1617|   4000|    0|
    |forward_chip2_U0  |forward_chip2  |       41|  13|  4971|  11161|    0|
    +------------------+---------------+---------+----+------+-------+-----+
    |Total             |               |       99|  34| 14526|  37653|    0|
    +------------------+---------------+---------+----+------+-------+-----+

    * DSP: 
    N/A

    * Memory: 
    N/A

    * FIFO: 
    +-----------+---------+----+----+-----+------+-----+---------+
    |    Name   | BRAM_18K| FF | LUT| URAM| Depth| Bits| Size:D*B|
    +-----------+---------+----+----+-----+------+-----+---------+
    |s_0_1_0_U  |        0|  68|   0|    -|     2|   32|       64|
    |s_1_2_0_U  |        0|  68|   0|    -|     2|   32|       64|
    +-----------+---------+----+----+-----+------+-----+---------+
    |Total      |        0| 136|   0|    0|     4|   64|      128|
    +-----------+---------+----+----+-----+------+-----+---------+

    * Expression: 
    +--------------+----------+----+---+----+------------+------------+
    | Variable Name| Operation| DSP| FF| LUT| Bitwidth P0| Bitwidth P1|
    +--------------+----------+----+---+----+------------+------------+
    |ap_idle       |       and|   0|  0|   2|           1|           1|
    |ap_sync_done  |       and|   0|  0|   2|           1|           1|
    +--------------+----------+----+---+----+------------+------------+
    |Total         |          |   0|  0|   4|           2|           2|
    +--------------+----------+----+---+----+------------+------------+

    * Multiplexer: 
    N/A

    * Register: 
    N/A



================================================================
== Interface
================================================================
* Summary: 
+--------------------+-----+-----+------------+--------------------+--------------+
|      RTL Ports     | Dir | Bits|  Protocol  |    Source Object   |    C Type    |
+--------------------+-----+-----+------------+--------------------+--------------+
|s_axi_ctrl_AWVALID  |   in|    1|       s_axi|                ctrl|   return void|
|s_axi_ctrl_AWREADY  |  out|    1|       s_axi|                ctrl|   return void|
|s_axi_ctrl_AWADDR   |   in|    4|       s_axi|                ctrl|   return void|
|s_axi_ctrl_WVALID   |   in|    1|       s_axi|                ctrl|   return void|
|s_axi_ctrl_WREADY   |  out|    1|       s_axi|                ctrl|   return void|
|s_axi_ctrl_WDATA    |   in|   32|       s_axi|                ctrl|   return void|
|s_axi_ctrl_WSTRB    |   in|    4|       s_axi|                ctrl|   return void|
|s_axi_ctrl_ARVALID  |   in|    1|       s_axi|                ctrl|   return void|
|s_axi_ctrl_ARREADY  |  out|    1|       s_axi|                ctrl|   return void|
|s_axi_ctrl_ARADDR   |   in|    4|       s_axi|                ctrl|   return void|
|s_axi_ctrl_RVALID   |  out|    1|       s_axi|                ctrl|   return void|
|s_axi_ctrl_RREADY   |   in|    1|       s_axi|                ctrl|   return void|
|s_axi_ctrl_RDATA    |  out|   32|       s_axi|                ctrl|   return void|
|s_axi_ctrl_RRESP    |  out|    2|       s_axi|                ctrl|   return void|
|s_axi_ctrl_BVALID   |  out|    1|       s_axi|                ctrl|   return void|
|s_axi_ctrl_BREADY   |   in|    1|       s_axi|                ctrl|   return void|
|s_axi_ctrl_BRESP    |  out|    2|       s_axi|                ctrl|   return void|
|ap_clk              |   in|    1|  ap_ctrl_hs|  vgg16_stitched_top|  return value|
|ap_rst_n            |   in|    1|  ap_ctrl_hs|  vgg16_stitched_top|  return value|
|interrupt           |  out|    1|  ap_ctrl_hs|  vgg16_stitched_top|  return value|
|c0_v639_address0    |  out|   12|   ap_memory|             c0_v639|         array|
|c0_v639_ce0         |  out|    1|   ap_memory|             c0_v639|         array|
|c0_v639_d0          |  out|   32|   ap_memory|             c0_v639|         array|
|c0_v639_q0          |   in|   32|   ap_memory|             c0_v639|         array|
|c0_v639_we0         |  out|    1|   ap_memory|             c0_v639|         array|
|c0_v639_address1    |  out|   12|   ap_memory|             c0_v639|         array|
|c0_v639_ce1         |  out|    1|   ap_memory|             c0_v639|         array|
|c0_v639_d1          |  out|   32|   ap_memory|             c0_v639|         array|
|c0_v639_q1          |   in|   32|   ap_memory|             c0_v639|         array|
|c0_v639_we1         |  out|    1|   ap_memory|             c0_v639|         array|
|c0_v641_address0    |  out|   13|   ap_memory|             c0_v641|         array|
|c0_v641_ce0         |  out|    1|   ap_memory|             c0_v641|         array|
|c0_v641_d0          |  out|   32|   ap_memory|             c0_v641|         array|
|c0_v641_q0          |   in|   32|   ap_memory|             c0_v641|         array|
|c0_v641_we0         |  out|    1|   ap_memory|             c0_v641|         array|
|c0_v641_address1    |  out|   13|   ap_memory|             c0_v641|         array|
|c0_v641_ce1         |  out|    1|   ap_memory|             c0_v641|         array|
|c0_v641_d1          |  out|   32|   ap_memory|             c0_v641|         array|
|c0_v641_q1          |   in|   32|   ap_memory|             c0_v641|         array|
|c0_v641_we1         |  out|    1|   ap_memory|             c0_v641|         array|
|c0_v642_address0    |  out|   21|   ap_memory|             c0_v642|         array|
|c0_v642_ce0         |  out|    1|   ap_memory|             c0_v642|         array|
|c0_v642_d0          |  out|   32|   ap_memory|             c0_v642|         array|
|c0_v642_q0          |   in|   32|   ap_memory|             c0_v642|         array|
|c0_v642_we0         |  out|    1|   ap_memory|             c0_v642|         array|
|c0_v642_address1    |  out|   21|   ap_memory|             c0_v642|         array|
|c0_v642_ce1         |  out|    1|   ap_memory|             c0_v642|         array|
|c0_v642_d1          |  out|   32|   ap_memory|             c0_v642|         array|
|c0_v642_q1          |   in|   32|   ap_memory|             c0_v642|         array|
|c0_v642_we1         |  out|    1|   ap_memory|             c0_v642|         array|
|c0_v643_address0    |  out|   20|   ap_memory|             c0_v643|         array|
|c0_v643_ce0         |  out|    1|   ap_memory|             c0_v643|         array|
|c0_v643_d0          |  out|   32|   ap_memory|             c0_v643|         array|
|c0_v643_q0          |   in|   32|   ap_memory|             c0_v643|         array|
|c0_v643_we0         |  out|    1|   ap_memory|             c0_v643|         array|
|c0_v643_address1    |  out|   20|   ap_memory|             c0_v643|         array|
|c0_v643_ce1         |  out|    1|   ap_memory|             c0_v643|         array|
|c0_v643_d1          |  out|   32|   ap_memory|             c0_v643|         array|
|c0_v643_q1          |   in|   32|   ap_memory|             c0_v643|         array|
|c0_v643_we1         |  out|    1|   ap_memory|             c0_v643|         array|
|c0_v644_address0    |  out|   20|   ap_memory|             c0_v644|         array|
|c0_v644_ce0         |  out|    1|   ap_memory|             c0_v644|         array|
|c0_v644_d0          |  out|   32|   ap_memory|             c0_v644|         array|
|c0_v644_q0          |   in|   32|   ap_memory|             c0_v644|         array|
|c0_v644_we0         |  out|    1|   ap_memory|             c0_v644|         array|
|c0_v644_address1    |  out|   20|   ap_memory|             c0_v644|         array|
|c0_v644_ce1         |  out|    1|   ap_memory|             c0_v644|         array|
|c0_v644_d1          |  out|   32|   ap_memory|             c0_v644|         array|
|c0_v644_q1          |   in|   32|   ap_memory|             c0_v644|         array|
|c0_v644_we1         |  out|    1|   ap_memory|             c0_v644|         array|
|c0_v645_address0    |  out|   19|   ap_memory|             c0_v645|         array|
|c0_v645_ce0         |  out|    1|   ap_memory|             c0_v645|         array|
|c0_v645_d0          |  out|   32|   ap_memory|             c0_v645|         array|
|c0_v645_q0          |   in|   32|   ap_memory|             c0_v645|         array|
|c0_v645_we0         |  out|    1|   ap_memory|             c0_v645|         array|
|c0_v645_address1    |  out|   19|   ap_memory|             c0_v645|         array|
|c0_v645_ce1         |  out|    1|   ap_memory|             c0_v645|         array|
|c0_v645_d1          |  out|   32|   ap_memory|             c0_v645|         array|
|c0_v645_q1          |   in|   32|   ap_memory|             c0_v645|         array|
|c0_v645_we1         |  out|    1|   ap_memory|             c0_v645|         array|
|c0_v646_address0    |  out|   18|   ap_memory|             c0_v646|         array|
|c0_v646_ce0         |  out|    1|   ap_memory|             c0_v646|         array|
|c0_v646_d0          |  out|   32|   ap_memory|             c0_v646|         array|
|c0_v646_q0          |   in|   32|   ap_memory|             c0_v646|         array|
|c0_v646_we0         |  out|    1|   ap_memory|             c0_v646|         array|
|c0_v646_address1    |  out|   18|   ap_memory|             c0_v646|         array|
|c0_v646_ce1         |  out|    1|   ap_memory|             c0_v646|         array|
|c0_v646_d1          |  out|   32|   ap_memory|             c0_v646|         array|
|c0_v646_q1          |   in|   32|   ap_memory|             c0_v646|         array|
|c0_v646_we1         |  out|    1|   ap_memory|             c0_v646|         array|
|c0_v647_address0    |  out|   17|   ap_memory|             c0_v647|         array|
|c0_v647_ce0         |  out|    1|   ap_memory|             c0_v647|         array|
|c0_v647_d0          |  out|   32|   ap_memory|             c0_v647|         array|
|c0_v647_q0          |   in|   32|   ap_memory|             c0_v647|         array|
|c0_v647_we0         |  out|    1|   ap_memory|             c0_v647|         array|
|c0_v647_address1    |  out|   17|   ap_memory|             c0_v647|         array|
|c0_v647_ce1         |  out|    1|   ap_memory|             c0_v647|         array|
|c0_v647_d1          |  out|   32|   ap_memory|             c0_v647|         array|
|c0_v647_q1          |   in|   32|   ap_memory|             c0_v647|         array|
|c0_v647_we1         |  out|    1|   ap_memory|             c0_v647|         array|
|c0_v648_address0    |  out|   16|   ap_memory|             c0_v648|         array|
|c0_v648_ce0         |  out|    1|   ap_memory|             c0_v648|         array|
|c0_v648_d0          |  out|   32|   ap_memory|             c0_v648|         array|
|c0_v648_q0          |   in|   32|   ap_memory|             c0_v648|         array|
|c0_v648_we0         |  out|    1|   ap_memory|             c0_v648|         array|
|c0_v648_address1    |  out|   16|   ap_memory|             c0_v648|         array|
|c0_v648_ce1         |  out|    1|   ap_memory|             c0_v648|         array|
|c0_v648_d1          |  out|   32|   ap_memory|             c0_v648|         array|
|c0_v648_q1          |   in|   32|   ap_memory|             c0_v648|         array|
|c0_v648_we1         |  out|    1|   ap_memory|             c0_v648|         array|
|c0_v649_address0    |  out|   11|   ap_memory|             c0_v649|         array|
|c0_v649_ce0         |  out|    1|   ap_memory|             c0_v649|         array|
|c0_v649_d0          |  out|   32|   ap_memory|             c0_v649|         array|
|c0_v649_q0          |   in|   32|   ap_memory|             c0_v649|         array|
|c0_v649_we0         |  out|    1|   ap_memory|             c0_v649|         array|
|c0_v649_address1    |  out|   11|   ap_memory|             c0_v649|         array|
|c0_v649_ce1         |  out|    1|   ap_memory|             c0_v649|         array|
|c0_v649_d1          |  out|   32|   ap_memory|             c0_v649|         array|
|c0_v649_q1          |   in|   32|   ap_memory|             c0_v649|         array|
|c0_v649_we1         |  out|    1|   ap_memory|             c0_v649|         array|
|c0_v650_address0    |  out|   12|   ap_memory|             c0_v650|         array|
|c0_v650_ce0         |  out|    1|   ap_memory|             c0_v650|         array|
|c0_v650_d0          |  out|   32|   ap_memory|             c0_v650|         array|
|c0_v650_q0          |   in|   32|   ap_memory|             c0_v650|         array|
|c0_v650_we0         |  out|    1|   ap_memory|             c0_v650|         array|
|c0_v650_address1    |  out|   12|   ap_memory|             c0_v650|         array|
|c0_v650_ce1         |  out|    1|   ap_memory|             c0_v650|         array|
|c0_v650_d1          |  out|   32|   ap_memory|             c0_v650|         array|
|c0_v650_q1          |   in|   32|   ap_memory|             c0_v650|         array|
|c0_v650_we1         |  out|    1|   ap_memory|             c0_v650|         array|
|c0_v651_address0    |  out|   12|   ap_memory|             c0_v651|         array|
|c0_v651_ce0         |  out|    1|   ap_memory|             c0_v651|         array|
|c0_v651_d0          |  out|   32|   ap_memory|             c0_v651|         array|
|c0_v651_q0          |   in|   32|   ap_memory|             c0_v651|         array|
|c0_v651_we0         |  out|    1|   ap_memory|             c0_v651|         array|
|c0_v651_address1    |  out|   12|   ap_memory|             c0_v651|         array|
|c0_v651_ce1         |  out|    1|   ap_memory|             c0_v651|         array|
|c0_v651_d1          |  out|   32|   ap_memory|             c0_v651|         array|
|c0_v651_q1          |   in|   32|   ap_memory|             c0_v651|         array|
|c0_v651_we1         |  out|    1|   ap_memory|             c0_v651|         array|
|c0_v652_address0    |  out|   16|   ap_memory|             c0_v652|         array|
|c0_v652_ce0         |  out|    1|   ap_memory|             c0_v652|         array|
|c0_v652_d0          |  out|   32|   ap_memory|             c0_v652|         array|
|c0_v652_q0          |   in|   32|   ap_memory|             c0_v652|         array|
|c0_v652_we0         |  out|    1|   ap_memory|             c0_v652|         array|
|c0_v652_address1    |  out|   16|   ap_memory|             c0_v652|         array|
|c0_v652_ce1         |  out|    1|   ap_memory|             c0_v652|         array|
|c0_v652_d1          |  out|   32|   ap_memory|             c0_v652|         array|
|c0_v652_q1          |   in|   32|   ap_memory|             c0_v652|         array|
|c0_v652_we1         |  out|    1|   ap_memory|             c0_v652|         array|
|c0_v653_address0    |  out|   16|   ap_memory|             c0_v653|         array|
|c0_v653_ce0         |  out|    1|   ap_memory|             c0_v653|         array|
|c0_v653_d0          |  out|   32|   ap_memory|             c0_v653|         array|
|c0_v653_q0          |   in|   32|   ap_memory|             c0_v653|         array|
|c0_v653_we0         |  out|    1|   ap_memory|             c0_v653|         array|
|c0_v653_address1    |  out|   16|   ap_memory|             c0_v653|         array|
|c0_v653_ce1         |  out|    1|   ap_memory|             c0_v653|         array|
|c0_v653_d1          |  out|   32|   ap_memory|             c0_v653|         array|
|c0_v653_q1          |   in|   32|   ap_memory|             c0_v653|         array|
|c0_v653_we1         |  out|    1|   ap_memory|             c0_v653|         array|
|c0_v654_address0    |  out|   16|   ap_memory|             c0_v654|         array|
|c0_v654_ce0         |  out|    1|   ap_memory|             c0_v654|         array|
|c0_v654_d0          |  out|   32|   ap_memory|             c0_v654|         array|
|c0_v654_q0          |   in|   32|   ap_memory|             c0_v654|         array|
|c0_v654_we0         |  out|    1|   ap_memory|             c0_v654|         array|
|c0_v654_address1    |  out|   16|   ap_memory|             c0_v654|         array|
|c0_v654_ce1         |  out|    1|   ap_memory|             c0_v654|         array|
|c0_v654_d1          |  out|   32|   ap_memory|             c0_v654|         array|
|c0_v654_q1          |   in|   32|   ap_memory|             c0_v654|         array|
|c0_v654_we1         |  out|    1|   ap_memory|             c0_v654|         array|
|c0_v655_address0    |  out|   14|   ap_memory|             c0_v655|         array|
|c0_v655_ce0         |  out|    1|   ap_memory|             c0_v655|         array|
|c0_v655_d0          |  out|   32|   ap_memory|             c0_v655|         array|
|c0_v655_q0          |   in|   32|   ap_memory|             c0_v655|         array|
|c0_v655_we0         |  out|    1|   ap_memory|             c0_v655|         array|
|c0_v655_address1    |  out|   14|   ap_memory|             c0_v655|         array|
|c0_v655_ce1         |  out|    1|   ap_memory|             c0_v655|         array|
|c0_v655_d1          |  out|   32|   ap_memory|             c0_v655|         array|
|c0_v655_q1          |   in|   32|   ap_memory|             c0_v655|         array|
|c0_v655_we1         |  out|    1|   ap_memory|             c0_v655|         array|
|c0_v656_address0    |  out|   14|   ap_memory|             c0_v656|         array|
|c0_v656_ce0         |  out|    1|   ap_memory|             c0_v656|         array|
|c0_v656_d0          |  out|   32|   ap_memory|             c0_v656|         array|
|c0_v656_q0          |   in|   32|   ap_memory|             c0_v656|         array|
|c0_v656_we0         |  out|    1|   ap_memory|             c0_v656|         array|
|c0_v656_address1    |  out|   14|   ap_memory|             c0_v656|         array|
|c0_v656_ce1         |  out|    1|   ap_memory|             c0_v656|         array|
|c0_v656_d1          |  out|   32|   ap_memory|             c0_v656|         array|
|c0_v656_q1          |   in|   32|   ap_memory|             c0_v656|         array|
|c0_v656_we1         |  out|    1|   ap_memory|             c0_v656|         array|
|c0_v657_address0    |  out|   14|   ap_memory|             c0_v657|         array|
|c0_v657_ce0         |  out|    1|   ap_memory|             c0_v657|         array|
|c0_v657_d0          |  out|   32|   ap_memory|             c0_v657|         array|
|c0_v657_q0          |   in|   32|   ap_memory|             c0_v657|         array|
|c0_v657_we0         |  out|    1|   ap_memory|             c0_v657|         array|
|c0_v657_address1    |  out|   14|   ap_memory|             c0_v657|         array|
|c0_v657_ce1         |  out|    1|   ap_memory|             c0_v657|         array|
|c0_v657_d1          |  out|   32|   ap_memory|             c0_v657|         array|
|c0_v657_q1          |   in|   32|   ap_memory|             c0_v657|         array|
|c0_v657_we1         |  out|    1|   ap_memory|             c0_v657|         array|
|c0_v658_address0    |  out|   15|   ap_memory|             c0_v658|         array|
|c0_v658_ce0         |  out|    1|   ap_memory|             c0_v658|         array|
|c0_v658_d0          |  out|   32|   ap_memory|             c0_v658|         array|
|c0_v658_q0          |   in|   32|   ap_memory|             c0_v658|         array|
|c0_v658_we0         |  out|    1|   ap_memory|             c0_v658|         array|
|c0_v658_address1    |  out|   15|   ap_memory|             c0_v658|         array|
|c0_v658_ce1         |  out|    1|   ap_memory|             c0_v658|         array|
|c0_v658_d1          |  out|   32|   ap_memory|             c0_v658|         array|
|c0_v658_q1          |   in|   32|   ap_memory|             c0_v658|         array|
|c0_v658_we1         |  out|    1|   ap_memory|             c0_v658|         array|
|c0_v659_address0    |  out|   15|   ap_memory|             c0_v659|         array|
|c0_v659_ce0         |  out|    1|   ap_memory|             c0_v659|         array|
|c0_v659_d0          |  out|   32|   ap_memory|             c0_v659|         array|
|c0_v659_q0          |   in|   32|   ap_memory|             c0_v659|         array|
|c0_v659_we0         |  out|    1|   ap_memory|             c0_v659|         array|
|c0_v659_address1    |  out|   15|   ap_memory|             c0_v659|         array|
|c0_v659_ce1         |  out|    1|   ap_memory|             c0_v659|         array|
|c0_v659_d1          |  out|   32|   ap_memory|             c0_v659|         array|
|c0_v659_q1          |   in|   32|   ap_memory|             c0_v659|         array|
|c0_v659_we1         |  out|    1|   ap_memory|             c0_v659|         array|
|c0_v660_address0    |  out|   15|   ap_memory|             c0_v660|         array|
|c0_v660_ce0         |  out|    1|   ap_memory|             c0_v660|         array|
|c0_v660_d0          |  out|   32|   ap_memory|             c0_v660|         array|
|c0_v660_q0          |   in|   32|   ap_memory|             c0_v660|         array|
|c0_v660_we0         |  out|    1|   ap_memory|             c0_v660|         array|
|c0_v660_address1    |  out|   15|   ap_memory|             c0_v660|         array|
|c0_v660_ce1         |  out|    1|   ap_memory|             c0_v660|         array|
|c0_v660_d1          |  out|   32|   ap_memory|             c0_v660|         array|
|c0_v660_q1          |   in|   32|   ap_memory|             c0_v660|         array|
|c0_v660_we1         |  out|    1|   ap_memory|             c0_v660|         array|
|c0_v661_address0    |  out|   13|   ap_memory|             c0_v661|         array|
|c0_v661_ce0         |  out|    1|   ap_memory|             c0_v661|         array|
|c0_v661_d0          |  out|   32|   ap_memory|             c0_v661|         array|
|c0_v661_q0          |   in|   32|   ap_memory|             c0_v661|         array|
|c0_v661_we0         |  out|    1|   ap_memory|             c0_v661|         array|
|c0_v661_address1    |  out|   13|   ap_memory|             c0_v661|         array|
|c0_v661_ce1         |  out|    1|   ap_memory|             c0_v661|         array|
|c0_v661_d1          |  out|   32|   ap_memory|             c0_v661|         array|
|c0_v661_q1          |   in|   32|   ap_memory|             c0_v661|         array|
|c0_v661_we1         |  out|    1|   ap_memory|             c0_v661|         array|
|c0_v662_address0    |  out|   13|   ap_memory|             c0_v662|         array|
|c0_v662_ce0         |  out|    1|   ap_memory|             c0_v662|         array|
|c0_v662_d0          |  out|   32|   ap_memory|             c0_v662|         array|
|c0_v662_q0          |   in|   32|   ap_memory|             c0_v662|         array|
|c0_v662_we0         |  out|    1|   ap_memory|             c0_v662|         array|
|c0_v662_address1    |  out|   13|   ap_memory|             c0_v662|         array|
|c0_v662_ce1         |  out|    1|   ap_memory|             c0_v662|         array|
|c0_v662_d1          |  out|   32|   ap_memory|             c0_v662|         array|
|c0_v662_q1          |   in|   32|   ap_memory|             c0_v662|         array|
|c0_v662_we1         |  out|    1|   ap_memory|             c0_v662|         array|
|c0_v663_address0    |  out|   13|   ap_memory|             c0_v663|         array|
|c0_v663_ce0         |  out|    1|   ap_memory|             c0_v663|         array|
|c0_v663_d0          |  out|   32|   ap_memory|             c0_v663|         array|
|c0_v663_q0          |   in|   32|   ap_memory|             c0_v663|         array|
|c0_v663_we0         |  out|    1|   ap_memory|             c0_v663|         array|
|c0_v663_address1    |  out|   13|   ap_memory|             c0_v663|         array|
|c0_v663_ce1         |  out|    1|   ap_memory|             c0_v663|         array|
|c0_v663_d1          |  out|   32|   ap_memory|             c0_v663|         array|
|c0_v663_q1          |   in|   32|   ap_memory|             c0_v663|         array|
|c0_v663_we1         |  out|    1|   ap_memory|             c0_v663|         array|
|c0_v664_address0    |  out|   14|   ap_memory|             c0_v664|         array|
|c0_v664_ce0         |  out|    1|   ap_memory|             c0_v664|         array|
|c0_v664_d0          |  out|   32|   ap_memory|             c0_v664|         array|
|c0_v664_q0          |   in|   32|   ap_memory|             c0_v664|         array|
|c0_v664_we0         |  out|    1|   ap_memory|             c0_v664|         array|
|c0_v664_address1    |  out|   14|   ap_memory|             c0_v664|         array|
|c0_v664_ce1         |  out|    1|   ap_memory|             c0_v664|         array|
|c0_v664_d1          |  out|   32|   ap_memory|             c0_v664|         array|
|c0_v664_q1          |   in|   32|   ap_memory|             c0_v664|         array|
|c0_v664_we1         |  out|    1|   ap_memory|             c0_v664|         array|
|c0_v665_address0    |  out|   14|   ap_memory|             c0_v665|         array|
|c0_v665_ce0         |  out|    1|   ap_memory|             c0_v665|         array|
|c0_v665_d0          |  out|   32|   ap_memory|             c0_v665|         array|
|c0_v665_q0          |   in|   32|   ap_memory|             c0_v665|         array|
|c0_v665_we0         |  out|    1|   ap_memory|             c0_v665|         array|
|c0_v665_address1    |  out|   14|   ap_memory|             c0_v665|         array|
|c0_v665_ce1         |  out|    1|   ap_memory|             c0_v665|         array|
|c0_v665_d1          |  out|   32|   ap_memory|             c0_v665|         array|
|c0_v665_q1          |   in|   32|   ap_memory|             c0_v665|         array|
|c0_v665_we1         |  out|    1|   ap_memory|             c0_v665|         array|
|c0_v666_address0    |  out|   14|   ap_memory|             c0_v666|         array|
|c0_v666_ce0         |  out|    1|   ap_memory|             c0_v666|         array|
|c0_v666_d0          |  out|   32|   ap_memory|             c0_v666|         array|
|c0_v666_q0          |   in|   32|   ap_memory|             c0_v666|         array|
|c0_v666_we0         |  out|    1|   ap_memory|             c0_v666|         array|
|c0_v666_address1    |  out|   14|   ap_memory|             c0_v666|         array|
|c0_v666_ce1         |  out|    1|   ap_memory|             c0_v666|         array|
|c0_v666_d1          |  out|   32|   ap_memory|             c0_v666|         array|
|c0_v666_q1          |   in|   32|   ap_memory|             c0_v666|         array|
|c0_v666_we1         |  out|    1|   ap_memory|             c0_v666|         array|
|c0_v667_address0    |  out|   14|   ap_memory|             c0_v667|         array|
|c0_v667_ce0         |  out|    1|   ap_memory|             c0_v667|         array|
|c0_v667_d0          |  out|   32|   ap_memory|             c0_v667|         array|
|c0_v667_q0          |   in|   32|   ap_memory|             c0_v667|         array|
|c0_v667_we0         |  out|    1|   ap_memory|             c0_v667|         array|
|c0_v667_address1    |  out|   14|   ap_memory|             c0_v667|         array|
|c0_v667_ce1         |  out|    1|   ap_memory|             c0_v667|         array|
|c0_v667_d1          |  out|   32|   ap_memory|             c0_v667|         array|
|c0_v667_q1          |   in|   32|   ap_memory|             c0_v667|         array|
|c0_v667_we1         |  out|    1|   ap_memory|             c0_v667|         array|
|c0_v668_address0    |  out|   14|   ap_memory|             c0_v668|         array|
|c0_v668_ce0         |  out|    1|   ap_memory|             c0_v668|         array|
|c0_v668_d0          |  out|   32|   ap_memory|             c0_v668|         array|
|c0_v668_q0          |   in|   32|   ap_memory|             c0_v668|         array|
|c0_v668_we0         |  out|    1|   ap_memory|             c0_v668|         array|
|c0_v668_address1    |  out|   14|   ap_memory|             c0_v668|         array|
|c0_v668_ce1         |  out|    1|   ap_memory|             c0_v668|         array|
|c0_v668_d1          |  out|   32|   ap_memory|             c0_v668|         array|
|c0_v668_q1          |   in|   32|   ap_memory|             c0_v668|         array|
|c0_v668_we1         |  out|    1|   ap_memory|             c0_v668|         array|
|c0_v669_address0    |  out|   14|   ap_memory|             c0_v669|         array|
|c0_v669_ce0         |  out|    1|   ap_memory|             c0_v669|         array|
|c0_v669_d0          |  out|   32|   ap_memory|             c0_v669|         array|
|c0_v669_q0          |   in|   32|   ap_memory|             c0_v669|         array|
|c0_v669_we0         |  out|    1|   ap_memory|             c0_v669|         array|
|c0_v669_address1    |  out|   14|   ap_memory|             c0_v669|         array|
|c0_v669_ce1         |  out|    1|   ap_memory|             c0_v669|         array|
|c0_v669_d1          |  out|   32|   ap_memory|             c0_v669|         array|
|c0_v669_q1          |   in|   32|   ap_memory|             c0_v669|         array|
|c0_v669_we1         |  out|    1|   ap_memory|             c0_v669|         array|
|c0_v670_address0    |  out|   12|   ap_memory|             c0_v670|         array|
|c0_v670_ce0         |  out|    1|   ap_memory|             c0_v670|         array|
|c0_v670_d0          |  out|   32|   ap_memory|             c0_v670|         array|
|c0_v670_q0          |   in|   32|   ap_memory|             c0_v670|         array|
|c0_v670_we0         |  out|    1|   ap_memory|             c0_v670|         array|
|c0_v670_address1    |  out|   12|   ap_memory|             c0_v670|         array|
|c0_v670_ce1         |  out|    1|   ap_memory|             c0_v670|         array|
|c0_v670_d1          |  out|   32|   ap_memory|             c0_v670|         array|
|c0_v670_q1          |   in|   32|   ap_memory|             c0_v670|         array|
|c0_v670_we1         |  out|    1|   ap_memory|             c0_v670|         array|
|c0_v671_address0    |  out|   12|   ap_memory|             c0_v671|         array|
|c0_v671_ce0         |  out|    1|   ap_memory|             c0_v671|         array|
|c0_v671_d0          |  out|   32|   ap_memory|             c0_v671|         array|
|c0_v671_q0          |   in|   32|   ap_memory|             c0_v671|         array|
|c0_v671_we0         |  out|    1|   ap_memory|             c0_v671|         array|
|c0_v671_address1    |  out|   12|   ap_memory|             c0_v671|         array|
|c0_v671_ce1         |  out|    1|   ap_memory|             c0_v671|         array|
|c0_v671_d1          |  out|   32|   ap_memory|             c0_v671|         array|
|c0_v671_q1          |   in|   32|   ap_memory|             c0_v671|         array|
|c0_v671_we1         |  out|    1|   ap_memory|             c0_v671|         array|
|c0_v672_address0    |  out|   12|   ap_memory|             c0_v672|         array|
|c0_v672_ce0         |  out|    1|   ap_memory|             c0_v672|         array|
|c0_v672_d0          |  out|   32|   ap_memory|             c0_v672|         array|
|c0_v672_q0          |   in|   32|   ap_memory|             c0_v672|         array|
|c0_v672_we0         |  out|    1|   ap_memory|             c0_v672|         array|
|c0_v672_address1    |  out|   12|   ap_memory|             c0_v672|         array|
|c0_v672_ce1         |  out|    1|   ap_memory|             c0_v672|         array|
|c0_v672_d1          |  out|   32|   ap_memory|             c0_v672|         array|
|c0_v672_q1          |   in|   32|   ap_memory|             c0_v672|         array|
|c0_v672_we1         |  out|    1|   ap_memory|             c0_v672|         array|
|c1_v111_address0    |  out|   13|   ap_memory|             c1_v111|         array|
|c1_v111_ce0         |  out|    1|   ap_memory|             c1_v111|         array|
|c1_v111_d0          |  out|   32|   ap_memory|             c1_v111|         array|
|c1_v111_q0          |   in|   32|   ap_memory|             c1_v111|         array|
|c1_v111_we0         |  out|    1|   ap_memory|             c1_v111|         array|
|c1_v111_address1    |  out|   13|   ap_memory|             c1_v111|         array|
|c1_v111_ce1         |  out|    1|   ap_memory|             c1_v111|         array|
|c1_v111_d1          |  out|   32|   ap_memory|             c1_v111|         array|
|c1_v111_q1          |   in|   32|   ap_memory|             c1_v111|         array|
|c1_v111_we1         |  out|    1|   ap_memory|             c1_v111|         array|
|c1_v112_address0    |  out|   13|   ap_memory|             c1_v112|         array|
|c1_v112_ce0         |  out|    1|   ap_memory|             c1_v112|         array|
|c1_v112_d0          |  out|   32|   ap_memory|             c1_v112|         array|
|c1_v112_q0          |   in|   32|   ap_memory|             c1_v112|         array|
|c1_v112_we0         |  out|    1|   ap_memory|             c1_v112|         array|
|c1_v112_address1    |  out|   13|   ap_memory|             c1_v112|         array|
|c1_v112_ce1         |  out|    1|   ap_memory|             c1_v112|         array|
|c1_v112_d1          |  out|   32|   ap_memory|             c1_v112|         array|
|c1_v112_q1          |   in|   32|   ap_memory|             c1_v112|         array|
|c1_v112_we1         |  out|    1|   ap_memory|             c1_v112|         array|
|c1_v114_address0    |  out|   13|   ap_memory|             c1_v114|         array|
|c1_v114_ce0         |  out|    1|   ap_memory|             c1_v114|         array|
|c1_v114_d0          |  out|   32|   ap_memory|             c1_v114|         array|
|c1_v114_q0          |   in|   32|   ap_memory|             c1_v114|         array|
|c1_v114_we0         |  out|    1|   ap_memory|             c1_v114|         array|
|c1_v114_address1    |  out|   13|   ap_memory|             c1_v114|         array|
|c1_v114_ce1         |  out|    1|   ap_memory|             c1_v114|         array|
|c1_v114_d1          |  out|   32|   ap_memory|             c1_v114|         array|
|c1_v114_q1          |   in|   32|   ap_memory|             c1_v114|         array|
|c1_v114_we1         |  out|    1|   ap_memory|             c1_v114|         array|
|c1_v115_address0    |  out|   22|   ap_memory|             c1_v115|         array|
|c1_v115_ce0         |  out|    1|   ap_memory|             c1_v115|         array|
|c1_v115_d0          |  out|   32|   ap_memory|             c1_v115|         array|
|c1_v115_q0          |   in|   32|   ap_memory|             c1_v115|         array|
|c1_v115_we0         |  out|    1|   ap_memory|             c1_v115|         array|
|c1_v115_address1    |  out|   22|   ap_memory|             c1_v115|         array|
|c1_v115_ce1         |  out|    1|   ap_memory|             c1_v115|         array|
|c1_v115_d1          |  out|   32|   ap_memory|             c1_v115|         array|
|c1_v115_q1          |   in|   32|   ap_memory|             c1_v115|         array|
|c1_v115_we1         |  out|    1|   ap_memory|             c1_v115|         array|
|c2_v349_address0    |  out|   13|   ap_memory|             c2_v349|         array|
|c2_v349_ce0         |  out|    1|   ap_memory|             c2_v349|         array|
|c2_v349_d0          |  out|   32|   ap_memory|             c2_v349|         array|
|c2_v349_q0          |   in|   32|   ap_memory|             c2_v349|         array|
|c2_v349_we0         |  out|    1|   ap_memory|             c2_v349|         array|
|c2_v349_address1    |  out|   13|   ap_memory|             c2_v349|         array|
|c2_v349_ce1         |  out|    1|   ap_memory|             c2_v349|         array|
|c2_v349_d1          |  out|   32|   ap_memory|             c2_v349|         array|
|c2_v349_q1          |   in|   32|   ap_memory|             c2_v349|         array|
|c2_v349_we1         |  out|    1|   ap_memory|             c2_v349|         array|
|c2_v350_address0    |  out|   13|   ap_memory|             c2_v350|         array|
|c2_v350_ce0         |  out|    1|   ap_memory|             c2_v350|         array|
|c2_v350_d0          |  out|   32|   ap_memory|             c2_v350|         array|
|c2_v350_q0          |   in|   32|   ap_memory|             c2_v350|         array|
|c2_v350_we0         |  out|    1|   ap_memory|             c2_v350|         array|
|c2_v350_address1    |  out|   13|   ap_memory|             c2_v350|         array|
|c2_v350_ce1         |  out|    1|   ap_memory|             c2_v350|         array|
|c2_v350_d1          |  out|   32|   ap_memory|             c2_v350|         array|
|c2_v350_q1          |   in|   32|   ap_memory|             c2_v350|         array|
|c2_v350_we1         |  out|    1|   ap_memory|             c2_v350|         array|
|c2_v351_address0    |  out|    4|   ap_memory|             c2_v351|         array|
|c2_v351_ce0         |  out|    1|   ap_memory|             c2_v351|         array|
|c2_v351_d0          |  out|   32|   ap_memory|             c2_v351|         array|
|c2_v351_q0          |   in|   32|   ap_memory|             c2_v351|         array|
|c2_v351_we0         |  out|    1|   ap_memory|             c2_v351|         array|
|c2_v351_address1    |  out|    4|   ap_memory|             c2_v351|         array|
|c2_v351_ce1         |  out|    1|   ap_memory|             c2_v351|         array|
|c2_v351_d1          |  out|   32|   ap_memory|             c2_v351|         array|
|c2_v351_q1          |   in|   32|   ap_memory|             c2_v351|         array|
|c2_v351_we1         |  out|    1|   ap_memory|             c2_v351|         array|
|c2_v352_address0    |  out|   22|   ap_memory|             c2_v352|         array|
|c2_v352_ce0         |  out|    1|   ap_memory|             c2_v352|         array|
|c2_v352_d0          |  out|   32|   ap_memory|             c2_v352|         array|
|c2_v352_q0          |   in|   32|   ap_memory|             c2_v352|         array|
|c2_v352_we0         |  out|    1|   ap_memory|             c2_v352|         array|
|c2_v352_address1    |  out|   22|   ap_memory|             c2_v352|         array|
|c2_v352_ce1         |  out|    1|   ap_memory|             c2_v352|         array|
|c2_v352_d1          |  out|   32|   ap_memory|             c2_v352|         array|
|c2_v352_q1          |   in|   32|   ap_memory|             c2_v352|         array|
|c2_v352_we1         |  out|    1|   ap_memory|             c2_v352|         array|
|c2_v353_address0    |  out|   22|   ap_memory|             c2_v353|         array|
|c2_v353_ce0         |  out|    1|   ap_memory|             c2_v353|         array|
|c2_v353_d0          |  out|   32|   ap_memory|             c2_v353|         array|
|c2_v353_q0          |   in|   32|   ap_memory|             c2_v353|         array|
|c2_v353_we0         |  out|    1|   ap_memory|             c2_v353|         array|
|c2_v353_address1    |  out|   22|   ap_memory|             c2_v353|         array|
|c2_v353_ce1         |  out|    1|   ap_memory|             c2_v353|         array|
|c2_v353_d1          |  out|   32|   ap_memory|             c2_v353|         array|
|c2_v353_q1          |   in|   32|   ap_memory|             c2_v353|         array|
|c2_v353_we1         |  out|    1|   ap_memory|             c2_v353|         array|
|c2_v354_address0    |  out|   22|   ap_memory|             c2_v354|         array|
|c2_v354_ce0         |  out|    1|   ap_memory|             c2_v354|         array|
|c2_v354_d0          |  out|   32|   ap_memory|             c2_v354|         array|
|c2_v354_q0          |   in|   32|   ap_memory|             c2_v354|         array|
|c2_v354_we0         |  out|    1|   ap_memory|             c2_v354|         array|
|c2_v354_address1    |  out|   22|   ap_memory|             c2_v354|         array|
|c2_v354_ce1         |  out|    1|   ap_memory|             c2_v354|         array|
|c2_v354_d1          |  out|   32|   ap_memory|             c2_v354|         array|
|c2_v354_q1          |   in|   32|   ap_memory|             c2_v354|         array|
|c2_v354_we1         |  out|    1|   ap_memory|             c2_v354|         array|
|c2_v355_address0    |  out|   22|   ap_memory|             c2_v355|         array|
|c2_v355_ce0         |  out|    1|   ap_memory|             c2_v355|         array|
|c2_v355_d0          |  out|   32|   ap_memory|             c2_v355|         array|
|c2_v355_q0          |   in|   32|   ap_memory|             c2_v355|         array|
|c2_v355_we0         |  out|    1|   ap_memory|             c2_v355|         array|
|c2_v355_address1    |  out|   22|   ap_memory|             c2_v355|         array|
|c2_v355_ce1         |  out|    1|   ap_memory|             c2_v355|         array|
|c2_v355_d1          |  out|   32|   ap_memory|             c2_v355|         array|
|c2_v355_q1          |   in|   32|   ap_memory|             c2_v355|         array|
|c2_v355_we1         |  out|    1|   ap_memory|             c2_v355|         array|
|c2_v356_address0    |  out|   13|   ap_memory|             c2_v356|         array|
|c2_v356_ce0         |  out|    1|   ap_memory|             c2_v356|         array|
|c2_v356_d0          |  out|   32|   ap_memory|             c2_v356|         array|
|c2_v356_q0          |   in|   32|   ap_memory|             c2_v356|         array|
|c2_v356_we0         |  out|    1|   ap_memory|             c2_v356|         array|
|c2_v356_address1    |  out|   13|   ap_memory|             c2_v356|         array|
|c2_v356_ce1         |  out|    1|   ap_memory|             c2_v356|         array|
|c2_v356_d1          |  out|   32|   ap_memory|             c2_v356|         array|
|c2_v356_q1          |   in|   32|   ap_memory|             c2_v356|         array|
|c2_v356_we1         |  out|    1|   ap_memory|             c2_v356|         array|
|c2_v357_address0    |  out|   11|   ap_memory|             c2_v357|         array|
|c2_v357_ce0         |  out|    1|   ap_memory|             c2_v357|         array|
|c2_v357_d0          |  out|   32|   ap_memory|             c2_v357|         array|
|c2_v357_q0          |   in|   32|   ap_memory|             c2_v357|         array|
|c2_v357_we0         |  out|    1|   ap_memory|             c2_v357|         array|
|c2_v357_address1    |  out|   11|   ap_memory|             c2_v357|         array|
|c2_v357_ce1         |  out|    1|   ap_memory|             c2_v357|         array|
|c2_v357_d1          |  out|   32|   ap_memory|             c2_v357|         array|
|c2_v357_q1          |   in|   32|   ap_memory|             c2_v357|         array|
|c2_v357_we1         |  out|    1|   ap_memory|             c2_v357|         array|
|c2_v358_address0    |  out|   11|   ap_memory|             c2_v358|         array|
|c2_v358_ce0         |  out|    1|   ap_memory|             c2_v358|         array|
|c2_v358_d0          |  out|   32|   ap_memory|             c2_v358|         array|
|c2_v358_q0          |   in|   32|   ap_memory|             c2_v358|         array|
|c2_v358_we0         |  out|    1|   ap_memory|             c2_v358|         array|
|c2_v358_address1    |  out|   11|   ap_memory|             c2_v358|         array|
|c2_v358_ce1         |  out|    1|   ap_memory|             c2_v358|         array|
|c2_v358_d1          |  out|   32|   ap_memory|             c2_v358|         array|
|c2_v358_q1          |   in|   32|   ap_memory|             c2_v358|         array|
|c2_v358_we1         |  out|    1|   ap_memory|             c2_v358|         array|
|c2_v359_address0    |  out|   11|   ap_memory|             c2_v359|         array|
|c2_v359_ce0         |  out|    1|   ap_memory|             c2_v359|         array|
|c2_v359_d0          |  out|   32|   ap_memory|             c2_v359|         array|
|c2_v359_q0          |   in|   32|   ap_memory|             c2_v359|         array|
|c2_v359_we0         |  out|    1|   ap_memory|             c2_v359|         array|
|c2_v359_address1    |  out|   11|   ap_memory|             c2_v359|         array|
|c2_v359_ce1         |  out|    1|   ap_memory|             c2_v359|         array|
|c2_v359_d1          |  out|   32|   ap_memory|             c2_v359|         array|
|c2_v359_q1          |   in|   32|   ap_memory|             c2_v359|         array|
|c2_v359_we1         |  out|    1|   ap_memory|             c2_v359|         array|
|c2_v360_address0    |  out|   11|   ap_memory|             c2_v360|         array|
|c2_v360_ce0         |  out|    1|   ap_memory|             c2_v360|         array|
|c2_v360_d0          |  out|   32|   ap_memory|             c2_v360|         array|
|c2_v360_q0          |   in|   32|   ap_memory|             c2_v360|         array|
|c2_v360_we0         |  out|    1|   ap_memory|             c2_v360|         array|
|c2_v360_address1    |  out|   11|   ap_memory|             c2_v360|         array|
|c2_v360_ce1         |  out|    1|   ap_memory|             c2_v360|         array|
|c2_v360_d1          |  out|   32|   ap_memory|             c2_v360|         array|
|c2_v360_q1          |   in|   32|   ap_memory|             c2_v360|         array|
|c2_v360_we1         |  out|    1|   ap_memory|             c2_v360|         array|
|c2_v361_address0    |  out|   11|   ap_memory|             c2_v361|         array|
|c2_v361_ce0         |  out|    1|   ap_memory|             c2_v361|         array|
|c2_v361_d0          |  out|   32|   ap_memory|             c2_v361|         array|
|c2_v361_q0          |   in|   32|   ap_memory|             c2_v361|         array|
|c2_v361_we0         |  out|    1|   ap_memory|             c2_v361|         array|
|c2_v361_address1    |  out|   11|   ap_memory|             c2_v361|         array|
|c2_v361_ce1         |  out|    1|   ap_memory|             c2_v361|         array|
|c2_v361_d1          |  out|   32|   ap_memory|             c2_v361|         array|
|c2_v361_q1          |   in|   32|   ap_memory|             c2_v361|         array|
|c2_v361_we1         |  out|    1|   ap_memory|             c2_v361|         array|
|c2_v362_address0    |  out|   11|   ap_memory|             c2_v362|         array|
|c2_v362_ce0         |  out|    1|   ap_memory|             c2_v362|         array|
|c2_v362_d0          |  out|   32|   ap_memory|             c2_v362|         array|
|c2_v362_q0          |   in|   32|   ap_memory|             c2_v362|         array|
|c2_v362_we0         |  out|    1|   ap_memory|             c2_v362|         array|
|c2_v362_address1    |  out|   11|   ap_memory|             c2_v362|         array|
|c2_v362_ce1         |  out|    1|   ap_memory|             c2_v362|         array|
|c2_v362_d1          |  out|   32|   ap_memory|             c2_v362|         array|
|c2_v362_q1          |   in|   32|   ap_memory|             c2_v362|         array|
|c2_v362_we1         |  out|    1|   ap_memory|             c2_v362|         array|
|c2_v363_address0    |  out|   11|   ap_memory|             c2_v363|         array|
|c2_v363_ce0         |  out|    1|   ap_memory|             c2_v363|         array|
|c2_v363_d0          |  out|   32|   ap_memory|             c2_v363|         array|
|c2_v363_q0          |   in|   32|   ap_memory|             c2_v363|         array|
|c2_v363_we0         |  out|    1|   ap_memory|             c2_v363|         array|
|c2_v363_address1    |  out|   11|   ap_memory|             c2_v363|         array|
|c2_v363_ce1         |  out|    1|   ap_memory|             c2_v363|         array|
|c2_v363_d1          |  out|   32|   ap_memory|             c2_v363|         array|
|c2_v363_q1          |   in|   32|   ap_memory|             c2_v363|         array|
|c2_v363_we1         |  out|    1|   ap_memory|             c2_v363|         array|
|c2_v364_address0    |  out|   11|   ap_memory|             c2_v364|         array|
|c2_v364_ce0         |  out|    1|   ap_memory|             c2_v364|         array|
|c2_v364_d0          |  out|   32|   ap_memory|             c2_v364|         array|
|c2_v364_q0          |   in|   32|   ap_memory|             c2_v364|         array|
|c2_v364_we0         |  out|    1|   ap_memory|             c2_v364|         array|
|c2_v364_address1    |  out|   11|   ap_memory|             c2_v364|         array|
|c2_v364_ce1         |  out|    1|   ap_memory|             c2_v364|         array|
|c2_v364_d1          |  out|   32|   ap_memory|             c2_v364|         array|
|c2_v364_q1          |   in|   32|   ap_memory|             c2_v364|         array|
|c2_v364_we1         |  out|    1|   ap_memory|             c2_v364|         array|
|c2_v365_address0    |  out|   11|   ap_memory|             c2_v365|         array|
|c2_v365_ce0         |  out|    1|   ap_memory|             c2_v365|         array|
|c2_v365_d0          |  out|   32|   ap_memory|             c2_v365|         array|
|c2_v365_q0          |   in|   32|   ap_memory|             c2_v365|         array|
|c2_v365_we0         |  out|    1|   ap_memory|             c2_v365|         array|
|c2_v365_address1    |  out|   11|   ap_memory|             c2_v365|         array|
|c2_v365_ce1         |  out|    1|   ap_memory|             c2_v365|         array|
|c2_v365_d1          |  out|   32|   ap_memory|             c2_v365|         array|
|c2_v365_q1          |   in|   32|   ap_memory|             c2_v365|         array|
|c2_v365_we1         |  out|    1|   ap_memory|             c2_v365|         array|
+--------------------+-----+-----+------------+--------------------+--------------+

