

================================================================
== Vitis HLS Report for 'vgg16_stitched_top'
================================================================
* Date:           Sat Apr 11 11:50:46 2026

* Version:        2022.1 (Build 3526262 on Mon Apr 18 15:48:16 MDT 2022)
* Project:        csynth_prj
* Solution:       solution1 (Vivado IP Flow Target)
* Product family: virtexuplus
* Target device:  xcu55c-fsvh2892-2L-e


================================================================
== Performance Estimates
================================================================
+ Timing: 
    * Summary: 
    +--------+----------+-----------+------------+
    |  Clock |  Target  | Estimated | Uncertainty|
    +--------+----------+-----------+------------+
    |ap_clk  |  10.00 ns|  12.610 ns|     2.70 ns|
    +--------+----------+-----------+------------+

+ Latency: 
    * Summary: 
    +----------+----------+-----------+-----------+----------+----------+----------+
    |   Latency (cycles)  |   Latency (absolute)  |       Interval      | Pipeline |
    |    min   |    max   |    min    |    max    |    min   |    max   |   Type   |
    +----------+----------+-----------+-----------+----------+----------+----------+
    |  78421787|  78421787|  0.989 sec|  0.989 sec|  78421788|  78421788|  dataflow|
    +----------+----------+-----------+-----------+----------+----------+----------+

    + Detail: 
        * Instance: 
        +------------------+---------------+----------+----------+-----------+-----------+----------+----------+----------+
        |                  |               |   Latency (cycles)  |   Latency (absolute)  |       Interval      | Pipeline |
        |     Instance     |     Module    |    min   |    max   |    min    |    max    |    min   |    max   |   Type   |
        +------------------+---------------+----------+----------+-----------+-----------+----------+----------+----------+
        |forward_chip0_U0  |forward_chip0  |  78421787|  78421787|  0.784 sec|  0.784 sec|  78421787|  78421787|        no|
        |forward_chip1_U0  |forward_chip1  |  48197636|  48197636|  0.482 sec|  0.482 sec|  48181250|  48181250|  dataflow|
        |forward_chip2_U0  |forward_chip2  |  43504663|  43504663|  0.435 sec|  0.435 sec|  43504663|  43504663|        no|
        |forward_chip3_U0  |forward_chip3  |  55894020|  55894020|  0.559 sec|  0.559 sec|  55885826|  55885826|  dataflow|
        |forward_chip4_U0  |forward_chip4  |  51039831|  51039831|  0.628 sec|  0.628 sec|  51039831|  51039831|        no|
        |forward_chip5_U0  |forward_chip5  |  29102922|  29102922|  0.367 sec|  0.367 sec|  29102922|  29102922|        no|
        +------------------+---------------+----------+----------+-----------+-----------+----------+----------+----------+

        * Loop: 
        N/A



================================================================
== Utilization Estimates
================================================================
* Summary: 
+---------------------+---------+------+---------+---------+-----+
|         Name        | BRAM_18K|  DSP |    FF   |   LUT   | URAM|
+---------------------+---------+------+---------+---------+-----+
|DSP                  |        -|     -|        -|        -|    -|
|Expression           |        -|     -|        0|        4|    -|
|FIFO                 |        -|     -|      340|      200|    -|
|Instance             |      136|    55|    16519|    40577|    0|
|Memory               |        -|     -|        -|        -|    -|
|Multiplexer          |        -|     -|        -|        -|    -|
|Register             |        -|     -|        -|        -|    -|
+---------------------+---------+------+---------+---------+-----+
|Total                |      136|    55|    16859|    40781|    0|
+---------------------+---------+------+---------+---------+-----+
|Available SLR        |     1344|  3008|   869120|   434560|  320|
+---------------------+---------+------+---------+---------+-----+
|Utilization SLR (%)  |       10|     1|        1|        9|    0|
+---------------------+---------+------+---------+---------+-----+
|Available            |     4032|  9024|  2607360|  1303680|  960|
+---------------------+---------+------+---------+---------+-----+
|Utilization (%)      |        3|    ~0|       ~0|        3|    0|
+---------------------+---------+------+---------+---------+-----+

+ Detail: 
    * Instance: 
    +------------------+---------------+---------+----+------+-------+-----+
    |     Instance     |     Module    | BRAM_18K| DSP|  FF  |  LUT  | URAM|
    +------------------+---------------+---------+----+------+-------+-----+
    |ctrl_s_axi_U      |ctrl_s_axi     |        0|   0|    36|     40|    0|
    |forward_chip0_U0  |forward_chip0  |       24|  14|  5758|  15210|    0|
    |forward_chip1_U0  |forward_chip1  |       20|   7|  1194|   2886|    0|
    |forward_chip2_U0  |forward_chip2  |       26|   7|  2454|   7120|    0|
    |forward_chip3_U0  |forward_chip3  |       20|   7|  1174|   2777|    0|
    |forward_chip4_U0  |forward_chip4  |       25|   7|  2118|   5302|    0|
    |forward_chip5_U0  |forward_chip5  |       21|  13|  3785|   7242|    0|
    +------------------+---------------+---------+----+------+-------+-----+
    |Total             |               |      136|  55| 16519|  40577|    0|
    +------------------+---------------+---------+----+------+-------+-----+

    * DSP: 
    N/A

    * Memory: 
    N/A

    * FIFO: 
    +-----------+---------+----+----+-----+------+-----+---------+
    |    Name   | BRAM_18K| FF | LUT| URAM| Depth| Bits| Size:D*B|
    +-----------+---------+----+----+-----+------+-----+---------+
    |s_0_1_0_U  |        0|  68|   0|    -|     2|   32|       64|
    |s_1_2_0_U  |        0|  68|   0|    -|     2|   32|       64|
    |s_2_3_0_U  |        0|  68|   0|    -|     2|   32|       64|
    |s_3_4_0_U  |        0|  68|   0|    -|     2|   32|       64|
    |s_4_5_0_U  |        0|  68|   0|    -|     2|   32|       64|
    +-----------+---------+----+----+-----+------+-----+---------+
    |Total      |        0| 340|   0|    0|    10|  160|      320|
    +-----------+---------+----+----+-----+------+-----+---------+

    * Expression: 
    +--------------+----------+----+---+----+------------+------------+
    | Variable Name| Operation| DSP| FF| LUT| Bitwidth P0| Bitwidth P1|
    +--------------+----------+----+---+----+------------+------------+
    |ap_idle       |       and|   0|  0|   2|           1|           1|
    |ap_sync_done  |       and|   0|  0|   2|           1|           1|
    +--------------+----------+----+---+----+------------+------------+
    |Total         |          |   0|  0|   4|           2|           2|
    +--------------+----------+----+---+----+------------+------------+

    * Multiplexer: 
    N/A

    * Register: 
    N/A



================================================================
== Interface
================================================================
* Summary: 
+--------------------+-----+-----+------------+--------------------+--------------+
|      RTL Ports     | Dir | Bits|  Protocol  |    Source Object   |    C Type    |
+--------------------+-----+-----+------------+--------------------+--------------+
|s_axi_ctrl_AWVALID  |   in|    1|       s_axi|                ctrl|   return void|
|s_axi_ctrl_AWREADY  |  out|    1|       s_axi|                ctrl|   return void|
|s_axi_ctrl_AWADDR   |   in|    4|       s_axi|                ctrl|   return void|
|s_axi_ctrl_WVALID   |   in|    1|       s_axi|                ctrl|   return void|
|s_axi_ctrl_WREADY   |  out|    1|       s_axi|                ctrl|   return void|
|s_axi_ctrl_WDATA    |   in|   32|       s_axi|                ctrl|   return void|
|s_axi_ctrl_WSTRB    |   in|    4|       s_axi|                ctrl|   return void|
|s_axi_ctrl_ARVALID  |   in|    1|       s_axi|                ctrl|   return void|
|s_axi_ctrl_ARREADY  |  out|    1|       s_axi|                ctrl|   return void|
|s_axi_ctrl_ARADDR   |   in|    4|       s_axi|                ctrl|   return void|
|s_axi_ctrl_RVALID   |  out|    1|       s_axi|                ctrl|   return void|
|s_axi_ctrl_RREADY   |   in|    1|       s_axi|                ctrl|   return void|
|s_axi_ctrl_RDATA    |  out|   32|       s_axi|                ctrl|   return void|
|s_axi_ctrl_RRESP    |  out|    2|       s_axi|                ctrl|   return void|
|s_axi_ctrl_BVALID   |  out|    1|       s_axi|                ctrl|   return void|
|s_axi_ctrl_BREADY   |   in|    1|       s_axi|                ctrl|   return void|
|s_axi_ctrl_BRESP    |  out|    2|       s_axi|                ctrl|   return void|
|ap_clk              |   in|    1|  ap_ctrl_hs|  vgg16_stitched_top|  return value|
|ap_rst_n            |   in|    1|  ap_ctrl_hs|  vgg16_stitched_top|  return value|
|interrupt           |  out|    1|  ap_ctrl_hs|  vgg16_stitched_top|  return value|
|c0_v410_address0    |  out|   12|   ap_memory|             c0_v410|         array|
|c0_v410_ce0         |  out|    1|   ap_memory|             c0_v410|         array|
|c0_v410_d0          |  out|   32|   ap_memory|             c0_v410|         array|
|c0_v410_q0          |   in|   32|   ap_memory|             c0_v410|         array|
|c0_v410_we0         |  out|    1|   ap_memory|             c0_v410|         array|
|c0_v410_address1    |  out|   12|   ap_memory|             c0_v410|         array|
|c0_v410_ce1         |  out|    1|   ap_memory|             c0_v410|         array|
|c0_v410_d1          |  out|   32|   ap_memory|             c0_v410|         array|
|c0_v410_q1          |   in|   32|   ap_memory|             c0_v410|         array|
|c0_v410_we1         |  out|    1|   ap_memory|             c0_v410|         array|
|c0_v412_address0    |  out|   14|   ap_memory|             c0_v412|         array|
|c0_v412_ce0         |  out|    1|   ap_memory|             c0_v412|         array|
|c0_v412_d0          |  out|   32|   ap_memory|             c0_v412|         array|
|c0_v412_q0          |   in|   32|   ap_memory|             c0_v412|         array|
|c0_v412_we0         |  out|    1|   ap_memory|             c0_v412|         array|
|c0_v412_address1    |  out|   14|   ap_memory|             c0_v412|         array|
|c0_v412_ce1         |  out|    1|   ap_memory|             c0_v412|         array|
|c0_v412_d1          |  out|   32|   ap_memory|             c0_v412|         array|
|c0_v412_q1          |   in|   32|   ap_memory|             c0_v412|         array|
|c0_v412_we1         |  out|    1|   ap_memory|             c0_v412|         array|
|c0_v413_address0    |  out|   19|   ap_memory|             c0_v413|         array|
|c0_v413_ce0         |  out|    1|   ap_memory|             c0_v413|         array|
|c0_v413_d0          |  out|   32|   ap_memory|             c0_v413|         array|
|c0_v413_q0          |   in|   32|   ap_memory|             c0_v413|         array|
|c0_v413_we0         |  out|    1|   ap_memory|             c0_v413|         array|
|c0_v413_address1    |  out|   19|   ap_memory|             c0_v413|         array|
|c0_v413_ce1         |  out|    1|   ap_memory|             c0_v413|         array|
|c0_v413_d1          |  out|   32|   ap_memory|             c0_v413|         array|
|c0_v413_q1          |   in|   32|   ap_memory|             c0_v413|         array|
|c0_v413_we1         |  out|    1|   ap_memory|             c0_v413|         array|
|c0_v414_address0    |  out|   18|   ap_memory|             c0_v414|         array|
|c0_v414_ce0         |  out|    1|   ap_memory|             c0_v414|         array|
|c0_v414_d0          |  out|   32|   ap_memory|             c0_v414|         array|
|c0_v414_q0          |   in|   32|   ap_memory|             c0_v414|         array|
|c0_v414_we0         |  out|    1|   ap_memory|             c0_v414|         array|
|c0_v414_address1    |  out|   18|   ap_memory|             c0_v414|         array|
|c0_v414_ce1         |  out|    1|   ap_memory|             c0_v414|         array|
|c0_v414_d1          |  out|   32|   ap_memory|             c0_v414|         array|
|c0_v414_q1          |   in|   32|   ap_memory|             c0_v414|         array|
|c0_v414_we1         |  out|    1|   ap_memory|             c0_v414|         array|
|c0_v415_address0    |  out|   17|   ap_memory|             c0_v415|         array|
|c0_v415_ce0         |  out|    1|   ap_memory|             c0_v415|         array|
|c0_v415_d0          |  out|   32|   ap_memory|             c0_v415|         array|
|c0_v415_q0          |   in|   32|   ap_memory|             c0_v415|         array|
|c0_v415_we0         |  out|    1|   ap_memory|             c0_v415|         array|
|c0_v415_address1    |  out|   17|   ap_memory|             c0_v415|         array|
|c0_v415_ce1         |  out|    1|   ap_memory|             c0_v415|         array|
|c0_v415_d1          |  out|   32|   ap_memory|             c0_v415|         array|
|c0_v415_q1          |   in|   32|   ap_memory|             c0_v415|         array|
|c0_v415_we1         |  out|    1|   ap_memory|             c0_v415|         array|
|c0_v416_address0    |  out|   16|   ap_memory|             c0_v416|         array|
|c0_v416_ce0         |  out|    1|   ap_memory|             c0_v416|         array|
|c0_v416_d0          |  out|   32|   ap_memory|             c0_v416|         array|
|c0_v416_q0          |   in|   32|   ap_memory|             c0_v416|         array|
|c0_v416_we0         |  out|    1|   ap_memory|             c0_v416|         array|
|c0_v416_address1    |  out|   16|   ap_memory|             c0_v416|         array|
|c0_v416_ce1         |  out|    1|   ap_memory|             c0_v416|         array|
|c0_v416_d1          |  out|   32|   ap_memory|             c0_v416|         array|
|c0_v416_q1          |   in|   32|   ap_memory|             c0_v416|         array|
|c0_v416_we1         |  out|    1|   ap_memory|             c0_v416|         array|
|c0_v417_address0    |  out|   11|   ap_memory|             c0_v417|         array|
|c0_v417_ce0         |  out|    1|   ap_memory|             c0_v417|         array|
|c0_v417_d0          |  out|   32|   ap_memory|             c0_v417|         array|
|c0_v417_q0          |   in|   32|   ap_memory|             c0_v417|         array|
|c0_v417_we0         |  out|    1|   ap_memory|             c0_v417|         array|
|c0_v417_address1    |  out|   11|   ap_memory|             c0_v417|         array|
|c0_v417_ce1         |  out|    1|   ap_memory|             c0_v417|         array|
|c0_v417_d1          |  out|   32|   ap_memory|             c0_v417|         array|
|c0_v417_q1          |   in|   32|   ap_memory|             c0_v417|         array|
|c0_v417_we1         |  out|    1|   ap_memory|             c0_v417|         array|
|c0_v418_address0    |  out|   12|   ap_memory|             c0_v418|         array|
|c0_v418_ce0         |  out|    1|   ap_memory|             c0_v418|         array|
|c0_v418_d0          |  out|   32|   ap_memory|             c0_v418|         array|
|c0_v418_q0          |   in|   32|   ap_memory|             c0_v418|         array|
|c0_v418_we0         |  out|    1|   ap_memory|             c0_v418|         array|
|c0_v418_address1    |  out|   12|   ap_memory|             c0_v418|         array|
|c0_v418_ce1         |  out|    1|   ap_memory|             c0_v418|         array|
|c0_v418_d1          |  out|   32|   ap_memory|             c0_v418|         array|
|c0_v418_q1          |   in|   32|   ap_memory|             c0_v418|         array|
|c0_v418_we1         |  out|    1|   ap_memory|             c0_v418|         array|
|c0_v419_address0    |  out|   12|   ap_memory|             c0_v419|         array|
|c0_v419_ce0         |  out|    1|   ap_memory|             c0_v419|         array|
|c0_v419_d0          |  out|   32|   ap_memory|             c0_v419|         array|
|c0_v419_q0          |   in|   32|   ap_memory|             c0_v419|         array|
|c0_v419_we0         |  out|    1|   ap_memory|             c0_v419|         array|
|c0_v419_address1    |  out|   12|   ap_memory|             c0_v419|         array|
|c0_v419_ce1         |  out|    1|   ap_memory|             c0_v419|         array|
|c0_v419_d1          |  out|   32|   ap_memory|             c0_v419|         array|
|c0_v419_q1          |   in|   32|   ap_memory|             c0_v419|         array|
|c0_v419_we1         |  out|    1|   ap_memory|             c0_v419|         array|
|c0_v420_address0    |  out|   16|   ap_memory|             c0_v420|         array|
|c0_v420_ce0         |  out|    1|   ap_memory|             c0_v420|         array|
|c0_v420_d0          |  out|   32|   ap_memory|             c0_v420|         array|
|c0_v420_q0          |   in|   32|   ap_memory|             c0_v420|         array|
|c0_v420_we0         |  out|    1|   ap_memory|             c0_v420|         array|
|c0_v420_address1    |  out|   16|   ap_memory|             c0_v420|         array|
|c0_v420_ce1         |  out|    1|   ap_memory|             c0_v420|         array|
|c0_v420_d1          |  out|   32|   ap_memory|             c0_v420|         array|
|c0_v420_q1          |   in|   32|   ap_memory|             c0_v420|         array|
|c0_v420_we1         |  out|    1|   ap_memory|             c0_v420|         array|
|c0_v421_address0    |  out|   16|   ap_memory|             c0_v421|         array|
|c0_v421_ce0         |  out|    1|   ap_memory|             c0_v421|         array|
|c0_v421_d0          |  out|   32|   ap_memory|             c0_v421|         array|
|c0_v421_q0          |   in|   32|   ap_memory|             c0_v421|         array|
|c0_v421_we0         |  out|    1|   ap_memory|             c0_v421|         array|
|c0_v421_address1    |  out|   16|   ap_memory|             c0_v421|         array|
|c0_v421_ce1         |  out|    1|   ap_memory|             c0_v421|         array|
|c0_v421_d1          |  out|   32|   ap_memory|             c0_v421|         array|
|c0_v421_q1          |   in|   32|   ap_memory|             c0_v421|         array|
|c0_v421_we1         |  out|    1|   ap_memory|             c0_v421|         array|
|c0_v422_address0    |  out|   16|   ap_memory|             c0_v422|         array|
|c0_v422_ce0         |  out|    1|   ap_memory|             c0_v422|         array|
|c0_v422_d0          |  out|   32|   ap_memory|             c0_v422|         array|
|c0_v422_q0          |   in|   32|   ap_memory|             c0_v422|         array|
|c0_v422_we0         |  out|    1|   ap_memory|             c0_v422|         array|
|c0_v422_address1    |  out|   16|   ap_memory|             c0_v422|         array|
|c0_v422_ce1         |  out|    1|   ap_memory|             c0_v422|         array|
|c0_v422_d1          |  out|   32|   ap_memory|             c0_v422|         array|
|c0_v422_q1          |   in|   32|   ap_memory|             c0_v422|         array|
|c0_v422_we1         |  out|    1|   ap_memory|             c0_v422|         array|
|c0_v423_address0    |  out|   14|   ap_memory|             c0_v423|         array|
|c0_v423_ce0         |  out|    1|   ap_memory|             c0_v423|         array|
|c0_v423_d0          |  out|   32|   ap_memory|             c0_v423|         array|
|c0_v423_q0          |   in|   32|   ap_memory|             c0_v423|         array|
|c0_v423_we0         |  out|    1|   ap_memory|             c0_v423|         array|
|c0_v423_address1    |  out|   14|   ap_memory|             c0_v423|         array|
|c0_v423_ce1         |  out|    1|   ap_memory|             c0_v423|         array|
|c0_v423_d1          |  out|   32|   ap_memory|             c0_v423|         array|
|c0_v423_q1          |   in|   32|   ap_memory|             c0_v423|         array|
|c0_v423_we1         |  out|    1|   ap_memory|             c0_v423|         array|
|c0_v424_address0    |  out|   14|   ap_memory|             c0_v424|         array|
|c0_v424_ce0         |  out|    1|   ap_memory|             c0_v424|         array|
|c0_v424_d0          |  out|   32|   ap_memory|             c0_v424|         array|
|c0_v424_q0          |   in|   32|   ap_memory|             c0_v424|         array|
|c0_v424_we0         |  out|    1|   ap_memory|             c0_v424|         array|
|c0_v424_address1    |  out|   14|   ap_memory|             c0_v424|         array|
|c0_v424_ce1         |  out|    1|   ap_memory|             c0_v424|         array|
|c0_v424_d1          |  out|   32|   ap_memory|             c0_v424|         array|
|c0_v424_q1          |   in|   32|   ap_memory|             c0_v424|         array|
|c0_v424_we1         |  out|    1|   ap_memory|             c0_v424|         array|
|c0_v425_address0    |  out|   14|   ap_memory|             c0_v425|         array|
|c0_v425_ce0         |  out|    1|   ap_memory|             c0_v425|         array|
|c0_v425_d0          |  out|   32|   ap_memory|             c0_v425|         array|
|c0_v425_q0          |   in|   32|   ap_memory|             c0_v425|         array|
|c0_v425_we0         |  out|    1|   ap_memory|             c0_v425|         array|
|c0_v425_address1    |  out|   14|   ap_memory|             c0_v425|         array|
|c0_v425_ce1         |  out|    1|   ap_memory|             c0_v425|         array|
|c0_v425_d1          |  out|   32|   ap_memory|             c0_v425|         array|
|c0_v425_q1          |   in|   32|   ap_memory|             c0_v425|         array|
|c0_v425_we1         |  out|    1|   ap_memory|             c0_v425|         array|
|c0_v426_address0    |  out|   15|   ap_memory|             c0_v426|         array|
|c0_v426_ce0         |  out|    1|   ap_memory|             c0_v426|         array|
|c0_v426_d0          |  out|   32|   ap_memory|             c0_v426|         array|
|c0_v426_q0          |   in|   32|   ap_memory|             c0_v426|         array|
|c0_v426_we0         |  out|    1|   ap_memory|             c0_v426|         array|
|c0_v426_address1    |  out|   15|   ap_memory|             c0_v426|         array|
|c0_v426_ce1         |  out|    1|   ap_memory|             c0_v426|         array|
|c0_v426_d1          |  out|   32|   ap_memory|             c0_v426|         array|
|c0_v426_q1          |   in|   32|   ap_memory|             c0_v426|         array|
|c0_v426_we1         |  out|    1|   ap_memory|             c0_v426|         array|
|c0_v427_address0    |  out|   15|   ap_memory|             c0_v427|         array|
|c0_v427_ce0         |  out|    1|   ap_memory|             c0_v427|         array|
|c0_v427_d0          |  out|   32|   ap_memory|             c0_v427|         array|
|c0_v427_q0          |   in|   32|   ap_memory|             c0_v427|         array|
|c0_v427_we0         |  out|    1|   ap_memory|             c0_v427|         array|
|c0_v427_address1    |  out|   15|   ap_memory|             c0_v427|         array|
|c0_v427_ce1         |  out|    1|   ap_memory|             c0_v427|         array|
|c0_v427_d1          |  out|   32|   ap_memory|             c0_v427|         array|
|c0_v427_q1          |   in|   32|   ap_memory|             c0_v427|         array|
|c0_v427_we1         |  out|    1|   ap_memory|             c0_v427|         array|
|c0_v428_address0    |  out|   15|   ap_memory|             c0_v428|         array|
|c0_v428_ce0         |  out|    1|   ap_memory|             c0_v428|         array|
|c0_v428_d0          |  out|   32|   ap_memory|             c0_v428|         array|
|c0_v428_q0          |   in|   32|   ap_memory|             c0_v428|         array|
|c0_v428_we0         |  out|    1|   ap_memory|             c0_v428|         array|
|c0_v428_address1    |  out|   15|   ap_memory|             c0_v428|         array|
|c0_v428_ce1         |  out|    1|   ap_memory|             c0_v428|         array|
|c0_v428_d1          |  out|   32|   ap_memory|             c0_v428|         array|
|c0_v428_q1          |   in|   32|   ap_memory|             c0_v428|         array|
|c0_v428_we1         |  out|    1|   ap_memory|             c0_v428|         array|
|c0_v429_address0    |  out|   13|   ap_memory|             c0_v429|         array|
|c0_v429_ce0         |  out|    1|   ap_memory|             c0_v429|         array|
|c0_v429_d0          |  out|   32|   ap_memory|             c0_v429|         array|
|c0_v429_q0          |   in|   32|   ap_memory|             c0_v429|         array|
|c0_v429_we0         |  out|    1|   ap_memory|             c0_v429|         array|
|c0_v429_address1    |  out|   13|   ap_memory|             c0_v429|         array|
|c0_v429_ce1         |  out|    1|   ap_memory|             c0_v429|         array|
|c0_v429_d1          |  out|   32|   ap_memory|             c0_v429|         array|
|c0_v429_q1          |   in|   32|   ap_memory|             c0_v429|         array|
|c0_v429_we1         |  out|    1|   ap_memory|             c0_v429|         array|
|c0_v430_address0    |  out|   13|   ap_memory|             c0_v430|         array|
|c0_v430_ce0         |  out|    1|   ap_memory|             c0_v430|         array|
|c0_v430_d0          |  out|   32|   ap_memory|             c0_v430|         array|
|c0_v430_q0          |   in|   32|   ap_memory|             c0_v430|         array|
|c0_v430_we0         |  out|    1|   ap_memory|             c0_v430|         array|
|c0_v430_address1    |  out|   13|   ap_memory|             c0_v430|         array|
|c0_v430_ce1         |  out|    1|   ap_memory|             c0_v430|         array|
|c0_v430_d1          |  out|   32|   ap_memory|             c0_v430|         array|
|c0_v430_q1          |   in|   32|   ap_memory|             c0_v430|         array|
|c0_v430_we1         |  out|    1|   ap_memory|             c0_v430|         array|
|c0_v431_address0    |  out|   13|   ap_memory|             c0_v431|         array|
|c0_v431_ce0         |  out|    1|   ap_memory|             c0_v431|         array|
|c0_v431_d0          |  out|   32|   ap_memory|             c0_v431|         array|
|c0_v431_q0          |   in|   32|   ap_memory|             c0_v431|         array|
|c0_v431_we0         |  out|    1|   ap_memory|             c0_v431|         array|
|c0_v431_address1    |  out|   13|   ap_memory|             c0_v431|         array|
|c0_v431_ce1         |  out|    1|   ap_memory|             c0_v431|         array|
|c0_v431_d1          |  out|   32|   ap_memory|             c0_v431|         array|
|c0_v431_q1          |   in|   32|   ap_memory|             c0_v431|         array|
|c0_v431_we1         |  out|    1|   ap_memory|             c0_v431|         array|
|c1_v76_address0     |  out|   14|   ap_memory|              c1_v76|         array|
|c1_v76_ce0          |  out|    1|   ap_memory|              c1_v76|         array|
|c1_v76_d0           |  out|   32|   ap_memory|              c1_v76|         array|
|c1_v76_q0           |   in|   32|   ap_memory|              c1_v76|         array|
|c1_v76_we0          |  out|    1|   ap_memory|              c1_v76|         array|
|c1_v76_address1     |  out|   14|   ap_memory|              c1_v76|         array|
|c1_v76_ce1          |  out|    1|   ap_memory|              c1_v76|         array|
|c1_v76_d1           |  out|   32|   ap_memory|              c1_v76|         array|
|c1_v76_q1           |   in|   32|   ap_memory|              c1_v76|         array|
|c1_v76_we1          |  out|    1|   ap_memory|              c1_v76|         array|
|c1_v77_address0     |  out|   20|   ap_memory|              c1_v77|         array|
|c1_v77_ce0          |  out|    1|   ap_memory|              c1_v77|         array|
|c1_v77_d0           |  out|   32|   ap_memory|              c1_v77|         array|
|c1_v77_q0           |   in|   32|   ap_memory|              c1_v77|         array|
|c1_v77_we0          |  out|    1|   ap_memory|              c1_v77|         array|
|c1_v77_address1     |  out|   20|   ap_memory|              c1_v77|         array|
|c1_v77_ce1          |  out|    1|   ap_memory|              c1_v77|         array|
|c1_v77_d1           |  out|   32|   ap_memory|              c1_v77|         array|
|c1_v77_q1           |   in|   32|   ap_memory|              c1_v77|         array|
|c1_v77_we1          |  out|    1|   ap_memory|              c1_v77|         array|
|c2_v190_address0    |  out|   14|   ap_memory|             c2_v190|         array|
|c2_v190_ce0         |  out|    1|   ap_memory|             c2_v190|         array|
|c2_v190_d0          |  out|   32|   ap_memory|             c2_v190|         array|
|c2_v190_q0          |   in|   32|   ap_memory|             c2_v190|         array|
|c2_v190_we0         |  out|    1|   ap_memory|             c2_v190|         array|
|c2_v190_address1    |  out|   14|   ap_memory|             c2_v190|         array|
|c2_v190_ce1         |  out|    1|   ap_memory|             c2_v190|         array|
|c2_v190_d1          |  out|   32|   ap_memory|             c2_v190|         array|
|c2_v190_q1          |   in|   32|   ap_memory|             c2_v190|         array|
|c2_v190_we1         |  out|    1|   ap_memory|             c2_v190|         array|
|c2_v191_address0    |  out|   14|   ap_memory|             c2_v191|         array|
|c2_v191_ce0         |  out|    1|   ap_memory|             c2_v191|         array|
|c2_v191_d0          |  out|   32|   ap_memory|             c2_v191|         array|
|c2_v191_q0          |   in|   32|   ap_memory|             c2_v191|         array|
|c2_v191_we0         |  out|    1|   ap_memory|             c2_v191|         array|
|c2_v191_address1    |  out|   14|   ap_memory|             c2_v191|         array|
|c2_v191_ce1         |  out|    1|   ap_memory|             c2_v191|         array|
|c2_v191_d1          |  out|   32|   ap_memory|             c2_v191|         array|
|c2_v191_q1          |   in|   32|   ap_memory|             c2_v191|         array|
|c2_v191_we1         |  out|    1|   ap_memory|             c2_v191|         array|
|c2_v193_address0    |  out|   13|   ap_memory|             c2_v193|         array|
|c2_v193_ce0         |  out|    1|   ap_memory|             c2_v193|         array|
|c2_v193_d0          |  out|   32|   ap_memory|             c2_v193|         array|
|c2_v193_q0          |   in|   32|   ap_memory|             c2_v193|         array|
|c2_v193_we0         |  out|    1|   ap_memory|             c2_v193|         array|
|c2_v193_address1    |  out|   13|   ap_memory|             c2_v193|         array|
|c2_v193_ce1         |  out|    1|   ap_memory|             c2_v193|         array|
|c2_v193_d1          |  out|   32|   ap_memory|             c2_v193|         array|
|c2_v193_q1          |   in|   32|   ap_memory|             c2_v193|         array|
|c2_v193_we1         |  out|    1|   ap_memory|             c2_v193|         array|
|c2_v194_address0    |  out|   21|   ap_memory|             c2_v194|         array|
|c2_v194_ce0         |  out|    1|   ap_memory|             c2_v194|         array|
|c2_v194_d0          |  out|   32|   ap_memory|             c2_v194|         array|
|c2_v194_q0          |   in|   32|   ap_memory|             c2_v194|         array|
|c2_v194_we0         |  out|    1|   ap_memory|             c2_v194|         array|
|c2_v194_address1    |  out|   21|   ap_memory|             c2_v194|         array|
|c2_v194_ce1         |  out|    1|   ap_memory|             c2_v194|         array|
|c2_v194_d1          |  out|   32|   ap_memory|             c2_v194|         array|
|c2_v194_q1          |   in|   32|   ap_memory|             c2_v194|         array|
|c2_v194_we1         |  out|    1|   ap_memory|             c2_v194|         array|
|c2_v195_address0    |  out|   20|   ap_memory|             c2_v195|         array|
|c2_v195_ce0         |  out|    1|   ap_memory|             c2_v195|         array|
|c2_v195_d0          |  out|   32|   ap_memory|             c2_v195|         array|
|c2_v195_q0          |   in|   32|   ap_memory|             c2_v195|         array|
|c2_v195_we0         |  out|    1|   ap_memory|             c2_v195|         array|
|c2_v195_address1    |  out|   20|   ap_memory|             c2_v195|         array|
|c2_v195_ce1         |  out|    1|   ap_memory|             c2_v195|         array|
|c2_v195_d1          |  out|   32|   ap_memory|             c2_v195|         array|
|c2_v195_q1          |   in|   32|   ap_memory|             c2_v195|         array|
|c2_v195_we1         |  out|    1|   ap_memory|             c2_v195|         array|
|c2_v196_address0    |  out|   12|   ap_memory|             c2_v196|         array|
|c2_v196_ce0         |  out|    1|   ap_memory|             c2_v196|         array|
|c2_v196_d0          |  out|   32|   ap_memory|             c2_v196|         array|
|c2_v196_q0          |   in|   32|   ap_memory|             c2_v196|         array|
|c2_v196_we0         |  out|    1|   ap_memory|             c2_v196|         array|
|c2_v196_address1    |  out|   12|   ap_memory|             c2_v196|         array|
|c2_v196_ce1         |  out|    1|   ap_memory|             c2_v196|         array|
|c2_v196_d1          |  out|   32|   ap_memory|             c2_v196|         array|
|c2_v196_q1          |   in|   32|   ap_memory|             c2_v196|         array|
|c2_v196_we1         |  out|    1|   ap_memory|             c2_v196|         array|
|c2_v197_address0    |  out|   12|   ap_memory|             c2_v197|         array|
|c2_v197_ce0         |  out|    1|   ap_memory|             c2_v197|         array|
|c2_v197_d0          |  out|   32|   ap_memory|             c2_v197|         array|
|c2_v197_q0          |   in|   32|   ap_memory|             c2_v197|         array|
|c2_v197_we0         |  out|    1|   ap_memory|             c2_v197|         array|
|c2_v197_address1    |  out|   12|   ap_memory|             c2_v197|         array|
|c2_v197_ce1         |  out|    1|   ap_memory|             c2_v197|         array|
|c2_v197_d1          |  out|   32|   ap_memory|             c2_v197|         array|
|c2_v197_q1          |   in|   32|   ap_memory|             c2_v197|         array|
|c2_v197_we1         |  out|    1|   ap_memory|             c2_v197|         array|
|c2_v198_address0    |  out|   12|   ap_memory|             c2_v198|         array|
|c2_v198_ce0         |  out|    1|   ap_memory|             c2_v198|         array|
|c2_v198_d0          |  out|   32|   ap_memory|             c2_v198|         array|
|c2_v198_q0          |   in|   32|   ap_memory|             c2_v198|         array|
|c2_v198_we0         |  out|    1|   ap_memory|             c2_v198|         array|
|c2_v198_address1    |  out|   12|   ap_memory|             c2_v198|         array|
|c2_v198_ce1         |  out|    1|   ap_memory|             c2_v198|         array|
|c2_v198_d1          |  out|   32|   ap_memory|             c2_v198|         array|
|c2_v198_q1          |   in|   32|   ap_memory|             c2_v198|         array|
|c2_v198_we1         |  out|    1|   ap_memory|             c2_v198|         array|
|c3_v76_address0     |  out|   13|   ap_memory|              c3_v76|         array|
|c3_v76_ce0          |  out|    1|   ap_memory|              c3_v76|         array|
|c3_v76_d0           |  out|   32|   ap_memory|              c3_v76|         array|
|c3_v76_q0           |   in|   32|   ap_memory|              c3_v76|         array|
|c3_v76_we0          |  out|    1|   ap_memory|              c3_v76|         array|
|c3_v76_address1     |  out|   13|   ap_memory|              c3_v76|         array|
|c3_v76_ce1          |  out|    1|   ap_memory|              c3_v76|         array|
|c3_v76_d1           |  out|   32|   ap_memory|              c3_v76|         array|
|c3_v76_q1           |   in|   32|   ap_memory|              c3_v76|         array|
|c3_v76_we1          |  out|    1|   ap_memory|              c3_v76|         array|
|c3_v77_address0     |  out|   22|   ap_memory|              c3_v77|         array|
|c3_v77_ce0          |  out|    1|   ap_memory|              c3_v77|         array|
|c3_v77_d0           |  out|   32|   ap_memory|              c3_v77|         array|
|c3_v77_q0           |   in|   32|   ap_memory|              c3_v77|         array|
|c3_v77_we0          |  out|    1|   ap_memory|              c3_v77|         array|
|c3_v77_address1     |  out|   22|   ap_memory|              c3_v77|         array|
|c3_v77_ce1          |  out|    1|   ap_memory|              c3_v77|         array|
|c3_v77_d1           |  out|   32|   ap_memory|              c3_v77|         array|
|c3_v77_q1           |   in|   32|   ap_memory|              c3_v77|         array|
|c3_v77_we1          |  out|    1|   ap_memory|              c3_v77|         array|
|c4_v172_address0    |  out|   13|   ap_memory|             c4_v172|         array|
|c4_v172_ce0         |  out|    1|   ap_memory|             c4_v172|         array|
|c4_v172_d0          |  out|   32|   ap_memory|             c4_v172|         array|
|c4_v172_q0          |   in|   32|   ap_memory|             c4_v172|         array|
|c4_v172_we0         |  out|    1|   ap_memory|             c4_v172|         array|
|c4_v172_address1    |  out|   13|   ap_memory|             c4_v172|         array|
|c4_v172_ce1         |  out|    1|   ap_memory|             c4_v172|         array|
|c4_v172_d1          |  out|   32|   ap_memory|             c4_v172|         array|
|c4_v172_q1          |   in|   32|   ap_memory|             c4_v172|         array|
|c4_v172_we1         |  out|    1|   ap_memory|             c4_v172|         array|
|c4_v173_address0    |  out|   13|   ap_memory|             c4_v173|         array|
|c4_v173_ce0         |  out|    1|   ap_memory|             c4_v173|         array|
|c4_v173_d0          |  out|   32|   ap_memory|             c4_v173|         array|
|c4_v173_q0          |   in|   32|   ap_memory|             c4_v173|         array|
|c4_v173_we0         |  out|    1|   ap_memory|             c4_v173|         array|
|c4_v173_address1    |  out|   13|   ap_memory|             c4_v173|         array|
|c4_v173_ce1         |  out|    1|   ap_memory|             c4_v173|         array|
|c4_v173_d1          |  out|   32|   ap_memory|             c4_v173|         array|
|c4_v173_q1          |   in|   32|   ap_memory|             c4_v173|         array|
|c4_v173_we1         |  out|    1|   ap_memory|             c4_v173|         array|
|c4_v175_address0    |  out|   11|   ap_memory|             c4_v175|         array|
|c4_v175_ce0         |  out|    1|   ap_memory|             c4_v175|         array|
|c4_v175_d0          |  out|   32|   ap_memory|             c4_v175|         array|
|c4_v175_q0          |   in|   32|   ap_memory|             c4_v175|         array|
|c4_v175_we0         |  out|    1|   ap_memory|             c4_v175|         array|
|c4_v175_address1    |  out|   11|   ap_memory|             c4_v175|         array|
|c4_v175_ce1         |  out|    1|   ap_memory|             c4_v175|         array|
|c4_v175_d1          |  out|   32|   ap_memory|             c4_v175|         array|
|c4_v175_q1          |   in|   32|   ap_memory|             c4_v175|         array|
|c4_v175_we1         |  out|    1|   ap_memory|             c4_v175|         array|
|c4_v176_address0    |  out|   22|   ap_memory|             c4_v176|         array|
|c4_v176_ce0         |  out|    1|   ap_memory|             c4_v176|         array|
|c4_v176_d0          |  out|   32|   ap_memory|             c4_v176|         array|
|c4_v176_q0          |   in|   32|   ap_memory|             c4_v176|         array|
|c4_v176_we0         |  out|    1|   ap_memory|             c4_v176|         array|
|c4_v176_address1    |  out|   22|   ap_memory|             c4_v176|         array|
|c4_v176_ce1         |  out|    1|   ap_memory|             c4_v176|         array|
|c4_v176_d1          |  out|   32|   ap_memory|             c4_v176|         array|
|c4_v176_q1          |   in|   32|   ap_memory|             c4_v176|         array|
|c4_v176_we1         |  out|    1|   ap_memory|             c4_v176|         array|
|c4_v177_address0    |  out|   22|   ap_memory|             c4_v177|         array|
|c4_v177_ce0         |  out|    1|   ap_memory|             c4_v177|         array|
|c4_v177_d0          |  out|   32|   ap_memory|             c4_v177|         array|
|c4_v177_q0          |   in|   32|   ap_memory|             c4_v177|         array|
|c4_v177_we0         |  out|    1|   ap_memory|             c4_v177|         array|
|c4_v177_address1    |  out|   22|   ap_memory|             c4_v177|         array|
|c4_v177_ce1         |  out|    1|   ap_memory|             c4_v177|         array|
|c4_v177_d1          |  out|   32|   ap_memory|             c4_v177|         array|
|c4_v177_q1          |   in|   32|   ap_memory|             c4_v177|         array|
|c4_v177_we1         |  out|    1|   ap_memory|             c4_v177|         array|
|c4_v178_address0    |  out|   11|   ap_memory|             c4_v178|         array|
|c4_v178_ce0         |  out|    1|   ap_memory|             c4_v178|         array|
|c4_v178_d0          |  out|   32|   ap_memory|             c4_v178|         array|
|c4_v178_q0          |   in|   32|   ap_memory|             c4_v178|         array|
|c4_v178_we0         |  out|    1|   ap_memory|             c4_v178|         array|
|c4_v178_address1    |  out|   11|   ap_memory|             c4_v178|         array|
|c4_v178_ce1         |  out|    1|   ap_memory|             c4_v178|         array|
|c4_v178_d1          |  out|   32|   ap_memory|             c4_v178|         array|
|c4_v178_q1          |   in|   32|   ap_memory|             c4_v178|         array|
|c4_v178_we1         |  out|    1|   ap_memory|             c4_v178|         array|
|c4_v179_address0    |  out|   11|   ap_memory|             c4_v179|         array|
|c4_v179_ce0         |  out|    1|   ap_memory|             c4_v179|         array|
|c4_v179_d0          |  out|   32|   ap_memory|             c4_v179|         array|
|c4_v179_q0          |   in|   32|   ap_memory|             c4_v179|         array|
|c4_v179_we0         |  out|    1|   ap_memory|             c4_v179|         array|
|c4_v179_address1    |  out|   11|   ap_memory|             c4_v179|         array|
|c4_v179_ce1         |  out|    1|   ap_memory|             c4_v179|         array|
|c4_v179_d1          |  out|   32|   ap_memory|             c4_v179|         array|
|c4_v179_q1          |   in|   32|   ap_memory|             c4_v179|         array|
|c4_v179_we1         |  out|    1|   ap_memory|             c4_v179|         array|
|c4_v180_address0    |  out|   11|   ap_memory|             c4_v180|         array|
|c4_v180_ce0         |  out|    1|   ap_memory|             c4_v180|         array|
|c4_v180_d0          |  out|   32|   ap_memory|             c4_v180|         array|
|c4_v180_q0          |   in|   32|   ap_memory|             c4_v180|         array|
|c4_v180_we0         |  out|    1|   ap_memory|             c4_v180|         array|
|c4_v180_address1    |  out|   11|   ap_memory|             c4_v180|         array|
|c4_v180_ce1         |  out|    1|   ap_memory|             c4_v180|         array|
|c4_v180_d1          |  out|   32|   ap_memory|             c4_v180|         array|
|c4_v180_q1          |   in|   32|   ap_memory|             c4_v180|         array|
|c4_v180_we1         |  out|    1|   ap_memory|             c4_v180|         array|
|c5_v205_address0    |  out|   11|   ap_memory|             c5_v205|         array|
|c5_v205_ce0         |  out|    1|   ap_memory|             c5_v205|         array|
|c5_v205_d0          |  out|   32|   ap_memory|             c5_v205|         array|
|c5_v205_q0          |   in|   32|   ap_memory|             c5_v205|         array|
|c5_v205_we0         |  out|    1|   ap_memory|             c5_v205|         array|
|c5_v205_address1    |  out|   11|   ap_memory|             c5_v205|         array|
|c5_v205_ce1         |  out|    1|   ap_memory|             c5_v205|         array|
|c5_v205_d1          |  out|   32|   ap_memory|             c5_v205|         array|
|c5_v205_q1          |   in|   32|   ap_memory|             c5_v205|         array|
|c5_v205_we1         |  out|    1|   ap_memory|             c5_v205|         array|
|c5_v206_address0    |  out|   11|   ap_memory|             c5_v206|         array|
|c5_v206_ce0         |  out|    1|   ap_memory|             c5_v206|         array|
|c5_v206_d0          |  out|   32|   ap_memory|             c5_v206|         array|
|c5_v206_q0          |   in|   32|   ap_memory|             c5_v206|         array|
|c5_v206_we0         |  out|    1|   ap_memory|             c5_v206|         array|
|c5_v206_address1    |  out|   11|   ap_memory|             c5_v206|         array|
|c5_v206_ce1         |  out|    1|   ap_memory|             c5_v206|         array|
|c5_v206_d1          |  out|   32|   ap_memory|             c5_v206|         array|
|c5_v206_q1          |   in|   32|   ap_memory|             c5_v206|         array|
|c5_v206_we1         |  out|    1|   ap_memory|             c5_v206|         array|
|c5_v207_address0    |  out|    4|   ap_memory|             c5_v207|         array|
|c5_v207_ce0         |  out|    1|   ap_memory|             c5_v207|         array|
|c5_v207_d0          |  out|   32|   ap_memory|             c5_v207|         array|
|c5_v207_q0          |   in|   32|   ap_memory|             c5_v207|         array|
|c5_v207_we0         |  out|    1|   ap_memory|             c5_v207|         array|
|c5_v207_address1    |  out|    4|   ap_memory|             c5_v207|         array|
|c5_v207_ce1         |  out|    1|   ap_memory|             c5_v207|         array|
|c5_v207_d1          |  out|   32|   ap_memory|             c5_v207|         array|
|c5_v207_q1          |   in|   32|   ap_memory|             c5_v207|         array|
|c5_v207_we1         |  out|    1|   ap_memory|             c5_v207|         array|
|c5_v208_address0    |  out|   22|   ap_memory|             c5_v208|         array|
|c5_v208_ce0         |  out|    1|   ap_memory|             c5_v208|         array|
|c5_v208_d0          |  out|   32|   ap_memory|             c5_v208|         array|
|c5_v208_q0          |   in|   32|   ap_memory|             c5_v208|         array|
|c5_v208_we0         |  out|    1|   ap_memory|             c5_v208|         array|
|c5_v208_address1    |  out|   22|   ap_memory|             c5_v208|         array|
|c5_v208_ce1         |  out|    1|   ap_memory|             c5_v208|         array|
|c5_v208_d1          |  out|   32|   ap_memory|             c5_v208|         array|
|c5_v208_q1          |   in|   32|   ap_memory|             c5_v208|         array|
|c5_v208_we1         |  out|    1|   ap_memory|             c5_v208|         array|
|c5_v209_address0    |  out|   22|   ap_memory|             c5_v209|         array|
|c5_v209_ce0         |  out|    1|   ap_memory|             c5_v209|         array|
|c5_v209_d0          |  out|   32|   ap_memory|             c5_v209|         array|
|c5_v209_q0          |   in|   32|   ap_memory|             c5_v209|         array|
|c5_v209_we0         |  out|    1|   ap_memory|             c5_v209|         array|
|c5_v209_address1    |  out|   22|   ap_memory|             c5_v209|         array|
|c5_v209_ce1         |  out|    1|   ap_memory|             c5_v209|         array|
|c5_v209_d1          |  out|   32|   ap_memory|             c5_v209|         array|
|c5_v209_q1          |   in|   32|   ap_memory|             c5_v209|         array|
|c5_v209_we1         |  out|    1|   ap_memory|             c5_v209|         array|
|c5_v210_address0    |  out|   13|   ap_memory|             c5_v210|         array|
|c5_v210_ce0         |  out|    1|   ap_memory|             c5_v210|         array|
|c5_v210_d0          |  out|   32|   ap_memory|             c5_v210|         array|
|c5_v210_q0          |   in|   32|   ap_memory|             c5_v210|         array|
|c5_v210_we0         |  out|    1|   ap_memory|             c5_v210|         array|
|c5_v210_address1    |  out|   13|   ap_memory|             c5_v210|         array|
|c5_v210_ce1         |  out|    1|   ap_memory|             c5_v210|         array|
|c5_v210_d1          |  out|   32|   ap_memory|             c5_v210|         array|
|c5_v210_q1          |   in|   32|   ap_memory|             c5_v210|         array|
|c5_v210_we1         |  out|    1|   ap_memory|             c5_v210|         array|
|c5_v211_address0    |  out|   11|   ap_memory|             c5_v211|         array|
|c5_v211_ce0         |  out|    1|   ap_memory|             c5_v211|         array|
|c5_v211_d0          |  out|   32|   ap_memory|             c5_v211|         array|
|c5_v211_q0          |   in|   32|   ap_memory|             c5_v211|         array|
|c5_v211_we0         |  out|    1|   ap_memory|             c5_v211|         array|
|c5_v211_address1    |  out|   11|   ap_memory|             c5_v211|         array|
|c5_v211_ce1         |  out|    1|   ap_memory|             c5_v211|         array|
|c5_v211_d1          |  out|   32|   ap_memory|             c5_v211|         array|
|c5_v211_q1          |   in|   32|   ap_memory|             c5_v211|         array|
|c5_v211_we1         |  out|    1|   ap_memory|             c5_v211|         array|
|c5_v212_address0    |  out|   11|   ap_memory|             c5_v212|         array|
|c5_v212_ce0         |  out|    1|   ap_memory|             c5_v212|         array|
|c5_v212_d0          |  out|   32|   ap_memory|             c5_v212|         array|
|c5_v212_q0          |   in|   32|   ap_memory|             c5_v212|         array|
|c5_v212_we0         |  out|    1|   ap_memory|             c5_v212|         array|
|c5_v212_address1    |  out|   11|   ap_memory|             c5_v212|         array|
|c5_v212_ce1         |  out|    1|   ap_memory|             c5_v212|         array|
|c5_v212_d1          |  out|   32|   ap_memory|             c5_v212|         array|
|c5_v212_q1          |   in|   32|   ap_memory|             c5_v212|         array|
|c5_v212_we1         |  out|    1|   ap_memory|             c5_v212|         array|
|c5_v213_address0    |  out|   11|   ap_memory|             c5_v213|         array|
|c5_v213_ce0         |  out|    1|   ap_memory|             c5_v213|         array|
|c5_v213_d0          |  out|   32|   ap_memory|             c5_v213|         array|
|c5_v213_q0          |   in|   32|   ap_memory|             c5_v213|         array|
|c5_v213_we0         |  out|    1|   ap_memory|             c5_v213|         array|
|c5_v213_address1    |  out|   11|   ap_memory|             c5_v213|         array|
|c5_v213_ce1         |  out|    1|   ap_memory|             c5_v213|         array|
|c5_v213_d1          |  out|   32|   ap_memory|             c5_v213|         array|
|c5_v213_q1          |   in|   32|   ap_memory|             c5_v213|         array|
|c5_v213_we1         |  out|    1|   ap_memory|             c5_v213|         array|
+--------------------+-----+-----+------------+--------------------+--------------+

