
*** Running vivado
    with args -log bd_22c0_gapping_demand_update_0.vds -m64 -product Vivado -mode batch -messageDb vivado.pb -notrace -source bd_22c0_gapping_demand_update_0.tcl


****** Vivado v2025.2 (64-bit)
  **** SW Build 6299465 on Fri Nov 14 12:34:56 MST 2025
  **** IP Build 6300035 on Fri Nov 14 10:48:45 MST 2025
  **** SharedData Build 6298862 on Thu Nov 13 04:50:51 MST 2025
  **** Start of session at: Fri Apr 10 01:38:33 2026
    ** Copyright 1986-2022 Xilinx, Inc. All Rights Reserved.
    ** Copyright 2022-2025 Advanced Micro Devices, Inc. All Rights Reserved.

source bd_22c0_gapping_demand_update_0.tcl -notrace
INFO: Dispatch client connection id - 39599
INFO: [IP_Flow 19-234] Refreshing IP repositories
INFO: [IP_Flow 19-1700] Loaded user IP repository '/home/nu/ChenLab/tensor-mlir/examples/gpt2/vitis_base3_3slr_stream/_x/link/int/xo/ip_repo/xilinx_com_hls_b3c2_1_0'.
INFO: [IP_Flow 19-1700] Loaded user IP repository '/home/nu/ChenLab/tensor-mlir/examples/gpt2/vitis_base3_3slr_stream/_x/link/int/xo/ip_repo/xilinx_com_hls_b3c1_1_0'.
INFO: [IP_Flow 19-1700] Loaded user IP repository '/home/nu/ChenLab/tensor-mlir/examples/gpt2/vitis_base3_3slr_stream/_x/link/int/xo/ip_repo/xilinx_com_hls_b3c0_1_0'.
INFO: [IP_Flow 19-1700] Loaded user IP repository '/home/nu/ChenLab/tensor-mlir/examples/gpt2/vitis_base3_3slr_stream/_x/link/vivado/vpl/.local/hw_platform/iprepo'.
INFO: [IP_Flow 19-1700] Loaded user IP repository '/home/nu/ChenLab/tensor-mlir/examples/gpt2/vitis_base3_3slr_stream/_x/link/vivado/vpl/.local/hw_platform/ipcache'.
INFO: [IP_Flow 19-1700] Loaded user IP repository '/tools/Xilinx/2025.2/Vitis/data/vitis/ip'.
INFO: [IP_Flow 19-2313] Loaded Vivado IP repository '/tools/Xilinx/2025.2/data/ip'.
WARNING: [IP_Flow 19-1663] Duplicate IP found for 'xilinx.com:ip:pipeline_reg:1.0'. The one found in IP location '/home/nu/ChenLab/tensor-mlir/examples/gpt2/vitis_base3_3slr_stream/_x/link/vivado/vpl/.local/hw_platform/iprepo/ipdefs/pxi_ii_infra/pipeline_reg_v1_0' will take precedence over the same IP in location /home/nu/ChenLab/tensor-mlir/examples/gpt2/vitis_base3_3slr_stream/_x/link/vivado/vpl/.local/hw_platform/iprepo/ipdefs/other_ipdefs/pipeline_reg_v1_0
WARNING: [IP_Flow 19-1663] Duplicate IP found for 'xilinx.com:ip:clk_metadata_adapter:1.0'. The one found in IP location '/home/nu/ChenLab/tensor-mlir/examples/gpt2/vitis_base3_3slr_stream/_x/link/vivado/vpl/.local/hw_platform/iprepo/ipdefs/pxi_ii_infra/clk_metadata_adapter_v1_0' will take precedence over the same IP in location /home/nu/ChenLab/tensor-mlir/examples/gpt2/vitis_base3_3slr_stream/_x/link/vivado/vpl/.local/hw_platform/iprepo/ipdefs/other_ipdefs/clk_metadata_adapter_v1_0
WARNING: [IP_Flow 19-1663] Duplicate IP found for 'xilinx.com:ip:axi_clk_metadata_adapter:1.0'. The one found in IP location '/home/nu/ChenLab/tensor-mlir/examples/gpt2/vitis_base3_3slr_stream/_x/link/vivado/vpl/.local/hw_platform/iprepo/ipdefs/other_ipdefs/axi_clk_metadata_adapter_v1_0' will take precedence over the same IP in location /home/nu/ChenLab/tensor-mlir/examples/gpt2/vitis_base3_3slr_stream/_x/link/vivado/vpl/.local/hw_platform/iprepo/ipdefs/pxi_ii_infra/axi_clk_metadata_adapter_v1_0
WARNING: [IP_Flow 19-1663] Duplicate IP found for 'xilinx.com:ip:axis_clk_metadata_adapter:1.0'. The one found in IP location '/home/nu/ChenLab/tensor-mlir/examples/gpt2/vitis_base3_3slr_stream/_x/link/vivado/vpl/.local/hw_platform/iprepo/ipdefs/other_ipdefs/axis_clk_metadata_adapter_v1_0' will take precedence over the same IP in location /home/nu/ChenLab/tensor-mlir/examples/gpt2/vitis_base3_3slr_stream/_x/link/vivado/vpl/.local/hw_platform/iprepo/ipdefs/pxi_ii_infra/axis_clk_metadata_adapter_v1_0
Command: synth_design -top bd_22c0_gapping_demand_update_0 -part xcu55c-fsvh2892-2L-e -incremental_mode off -mode out_of_context
Starting synth_design
Attempting to get a license for feature 'Synthesis' and/or device 'xcu55c'
INFO: [Common 17-349] Got license for feature 'Synthesis' and/or device 'xcu55c'
INFO: [Device 21-403] Loading part xcu55c-fsvh2892-2L-e
INFO: [Synth 8-7079] Multithreading enabled for synth_design using a maximum of 1 processes.
INFO: [Synth 8-7078] Launching helper process for spawning children vivado processes
INFO: [Synth 8-7075] Helper process launched with PID 165895
---------------------------------------------------------------------------------
Starting RTL Elaboration : Time (s): cpu = 00:00:03 ; elapsed = 00:00:03 . Memory (MB): peak = 3306.281 ; gain = 288.688 ; free physical = 5888 ; free virtual = 75896
---------------------------------------------------------------------------------
INFO: [Synth 8-6157] synthesizing module 'bd_22c0_gapping_demand_update_0' [/home/nu/ChenLab/tensor-mlir/examples/gpt2/vitis_base3_3slr_stream/_x/link/vivado/vpl/prj/prj.gen/my_rm/bd/ulp/ip/ulp_ulp_ucs_0/bd_0/ip/ip_4/synth/bd_22c0_gapping_demand_update_0.v:53]
INFO: [Synth 8-6157] synthesizing module 'util_vector_logic_v2_0_5_util_vector_logic' [/home/nu/ChenLab/tensor-mlir/examples/gpt2/vitis_base3_3slr_stream/_x/link/vivado/vpl/prj/prj.gen/my_rm/bd/ulp/ipshared/e056/hdl/util_vector_logic_v2_0_vl_rfs.v:90]
INFO: [Synth 8-6155] done synthesizing module 'util_vector_logic_v2_0_5_util_vector_logic' (0#1) [/home/nu/ChenLab/tensor-mlir/examples/gpt2/vitis_base3_3slr_stream/_x/link/vivado/vpl/prj/prj.gen/my_rm/bd/ulp/ipshared/e056/hdl/util_vector_logic_v2_0_vl_rfs.v:90]
INFO: [Synth 8-6155] done synthesizing module 'bd_22c0_gapping_demand_update_0' (0#1) [/home/nu/ChenLab/tensor-mlir/examples/gpt2/vitis_base3_3slr_stream/_x/link/vivado/vpl/prj/prj.gen/my_rm/bd/ulp/ip/ulp_ulp_ucs_0/bd_0/ip/ip_4/synth/bd_22c0_gapping_demand_update_0.v:53]
---------------------------------------------------------------------------------
Finished RTL Elaboration : Time (s): cpu = 00:00:04 ; elapsed = 00:00:04 . Memory (MB): peak = 3398.250 ; gain = 380.656 ; free physical = 5696 ; free virtual = 75706
---------------------------------------------------------------------------------
---------------------------------------------------------------------------------
Start Handling Custom Attributes
---------------------------------------------------------------------------------
---------------------------------------------------------------------------------
Finished Handling Custom Attributes : Time (s): cpu = 00:00:04 ; elapsed = 00:00:04 . Memory (MB): peak = 3398.250 ; gain = 380.656 ; free physical = 5695 ; free virtual = 75705
---------------------------------------------------------------------------------
---------------------------------------------------------------------------------
Finished RTL Optimization Phase 1 : Time (s): cpu = 00:00:04 ; elapsed = 00:00:04 . Memory (MB): peak = 3398.250 ; gain = 380.656 ; free physical = 5695 ; free virtual = 75705
---------------------------------------------------------------------------------
Netlist sorting complete. Time (s): cpu = 00:00:00 ; elapsed = 00:00:00 . Memory (MB): peak = 3398.250 ; gain = 0.000 ; free physical = 5686 ; free virtual = 75695
INFO: [Project 1-570] Preparing netlist for logic optimization

Processing XDC Constraints
Initializing timing engine
Completed Processing XDC Constraints

Netlist sorting complete. Time (s): cpu = 00:00:00 ; elapsed = 00:00:00 . Memory (MB): peak = 3424.992 ; gain = 0.000 ; free physical = 5642 ; free virtual = 75652
INFO: [Project 1-111] Unisim Transformation Summary:
No Unisim elements were transformed.

Constraint Validation Runtime : Time (s): cpu = 00:00:00.01 ; elapsed = 00:00:00 . Memory (MB): peak = 3425.027 ; gain = 0.000 ; free physical = 5811 ; free virtual = 75820
INFO: [Designutils 20-5008] Incremental synthesis strategy off
---------------------------------------------------------------------------------
Finished Constraint Validation : Time (s): cpu = 00:00:08 ; elapsed = 00:00:09 . Memory (MB): peak = 3425.027 ; gain = 407.434 ; free physical = 5803 ; free virtual = 75811
---------------------------------------------------------------------------------
---------------------------------------------------------------------------------
Start Loading Part and Timing Information
---------------------------------------------------------------------------------
Loading part: xcu55c-fsvh2892-2L-e
INFO: [Synth 8-6742] Reading net delay rules and data
---------------------------------------------------------------------------------
Finished Loading Part and Timing Information : Time (s): cpu = 00:00:08 ; elapsed = 00:00:09 . Memory (MB): peak = 3432.996 ; gain = 415.402 ; free physical = 5803 ; free virtual = 75811
---------------------------------------------------------------------------------
---------------------------------------------------------------------------------
Start Applying 'set_property' XDC Constraints
---------------------------------------------------------------------------------
---------------------------------------------------------------------------------
Finished applying 'set_property' XDC Constraints : Time (s): cpu = 00:00:08 ; elapsed = 00:00:09 . Memory (MB): peak = 3432.996 ; gain = 415.402 ; free physical = 5803 ; free virtual = 75811
---------------------------------------------------------------------------------
---------------------------------------------------------------------------------
Finished RTL Optimization Phase 2 : Time (s): cpu = 00:00:09 ; elapsed = 00:00:09 . Memory (MB): peak = 3432.996 ; gain = 415.402 ; free physical = 5802 ; free virtual = 75811
---------------------------------------------------------------------------------
No constraint files found.
---------------------------------------------------------------------------------
Start RTL Component Statistics 
---------------------------------------------------------------------------------
Detailed RTL Component Info : 
---------------------------------------------------------------------------------
Finished RTL Component Statistics 
---------------------------------------------------------------------------------
---------------------------------------------------------------------------------
Start Part Resource Summary
---------------------------------------------------------------------------------
Part Resources:
DSPs: 9024 (col length:94)
BRAMs: 4032 (col length: RAMB18 288 RAMB36 144)
---------------------------------------------------------------------------------
Finished Part Resource Summary
---------------------------------------------------------------------------------
No constraint files found.
---------------------------------------------------------------------------------
Start Cross Boundary and Area Optimization
---------------------------------------------------------------------------------
---------------------------------------------------------------------------------
Finished Cross Boundary and Area Optimization : Time (s): cpu = 00:00:09 ; elapsed = 00:00:10 . Memory (MB): peak = 3432.996 ; gain = 415.402 ; free physical = 8816 ; free virtual = 78825
---------------------------------------------------------------------------------
No constraint files found.
---------------------------------------------------------------------------------
Start Timing Optimization
---------------------------------------------------------------------------------
---------------------------------------------------------------------------------
Finished Timing Optimization : Time (s): cpu = 00:00:09 ; elapsed = 00:00:10 . Memory (MB): peak = 3432.996 ; gain = 415.402 ; free physical = 8816 ; free virtual = 78825
---------------------------------------------------------------------------------
---------------------------------------------------------------------------------
Start Technology Mapping
---------------------------------------------------------------------------------
---------------------------------------------------------------------------------
Finished Technology Mapping : Time (s): cpu = 00:00:09 ; elapsed = 00:00:10 . Memory (MB): peak = 3432.996 ; gain = 415.402 ; free physical = 8816 ; free virtual = 78825
---------------------------------------------------------------------------------
---------------------------------------------------------------------------------
Start IO Insertion
---------------------------------------------------------------------------------
---------------------------------------------------------------------------------
Start Flattening Before IO Insertion
---------------------------------------------------------------------------------
---------------------------------------------------------------------------------
Finished Flattening Before IO Insertion
---------------------------------------------------------------------------------
---------------------------------------------------------------------------------
Start Final Netlist Cleanup
---------------------------------------------------------------------------------
---------------------------------------------------------------------------------
Finished Final Netlist Cleanup
---------------------------------------------------------------------------------
---------------------------------------------------------------------------------
Finished IO Insertion : Time (s): cpu = 00:00:12 ; elapsed = 00:00:12 . Memory (MB): peak = 3556.809 ; gain = 539.215 ; free physical = 8368 ; free virtual = 78377
---------------------------------------------------------------------------------
---------------------------------------------------------------------------------
Start Renaming Generated Instances
---------------------------------------------------------------------------------
---------------------------------------------------------------------------------
Finished Renaming Generated Instances : Time (s): cpu = 00:00:12 ; elapsed = 00:00:12 . Memory (MB): peak = 3556.809 ; gain = 539.215 ; free physical = 8368 ; free virtual = 78377
---------------------------------------------------------------------------------
---------------------------------------------------------------------------------
Start Rebuilding User Hierarchy
---------------------------------------------------------------------------------
---------------------------------------------------------------------------------
Finished Rebuilding User Hierarchy : Time (s): cpu = 00:00:12 ; elapsed = 00:00:12 . Memory (MB): peak = 3556.809 ; gain = 539.215 ; free physical = 8368 ; free virtual = 78377
---------------------------------------------------------------------------------
---------------------------------------------------------------------------------
Start Renaming Generated Ports
---------------------------------------------------------------------------------
---------------------------------------------------------------------------------
Finished Renaming Generated Ports : Time (s): cpu = 00:00:12 ; elapsed = 00:00:12 . Memory (MB): peak = 3556.809 ; gain = 539.215 ; free physical = 8367 ; free virtual = 78376
---------------------------------------------------------------------------------
---------------------------------------------------------------------------------
Start Handling Custom Attributes
---------------------------------------------------------------------------------
---------------------------------------------------------------------------------
Finished Handling Custom Attributes : Time (s): cpu = 00:00:12 ; elapsed = 00:00:13 . Memory (MB): peak = 3556.809 ; gain = 539.215 ; free physical = 8367 ; free virtual = 78376
---------------------------------------------------------------------------------
---------------------------------------------------------------------------------
Start Renaming Generated Nets
---------------------------------------------------------------------------------
---------------------------------------------------------------------------------
Finished Renaming Generated Nets : Time (s): cpu = 00:00:12 ; elapsed = 00:00:13 . Memory (MB): peak = 3556.809 ; gain = 539.215 ; free physical = 8367 ; free virtual = 78376
---------------------------------------------------------------------------------
---------------------------------------------------------------------------------
Start Writing Synthesis Report
---------------------------------------------------------------------------------

Report BlackBoxes: 
+-+--------------+----------+
| |BlackBox name |Instances |
+-+--------------+----------+
+-+--------------+----------+

Report Cell Usage: 
+------+-----+------+
|      |Cell |Count |
+------+-----+------+
|1     |LUT2 |     1|
+------+-----+------+
---------------------------------------------------------------------------------
Finished Writing Synthesis Report : Time (s): cpu = 00:00:12 ; elapsed = 00:00:13 . Memory (MB): peak = 3556.809 ; gain = 539.215 ; free physical = 8367 ; free virtual = 78376
---------------------------------------------------------------------------------
Synthesis finished with 0 errors, 0 critical warnings and 0 warnings.
Synthesis Optimization Runtime : Time (s): cpu = 00:00:11 ; elapsed = 00:00:11 . Memory (MB): peak = 3556.809 ; gain = 512.438 ; free physical = 8365 ; free virtual = 78374
Synthesis Optimization Complete : Time (s): cpu = 00:00:12 ; elapsed = 00:00:13 . Memory (MB): peak = 3556.816 ; gain = 539.215 ; free physical = 8365 ; free virtual = 78374
INFO: [Project 1-571] Translating synthesized netlist
Netlist sorting complete. Time (s): cpu = 00:00:00 ; elapsed = 00:00:00 . Memory (MB): peak = 3569.684 ; gain = 0.000 ; free physical = 8356 ; free virtual = 78365
INFO: [Project 1-570] Preparing netlist for logic optimization
INFO: [Opt 31-138] Pushed 0 inverter(s) to 0 load pin(s).
Netlist sorting complete. Time (s): cpu = 00:00:00 ; elapsed = 00:00:00 . Memory (MB): peak = 3691.387 ; gain = 0.000 ; free physical = 8243 ; free virtual = 78252
INFO: [Project 1-111] Unisim Transformation Summary:
No Unisim elements were transformed.

Synth Design complete | Checksum: 725b9bf6
INFO: [Common 17-83] Releasing license: Synthesis
26 Infos, 4 Warnings, 0 Critical Warnings and 0 Errors encountered.
synth_design completed successfully
synth_design: Time (s): cpu = 00:00:20 ; elapsed = 00:00:20 . Memory (MB): peak = 3691.422 ; gain = 2084.602 ; free physical = 8242 ; free virtual = 78251
INFO: [Common 17-2834] synth_design peak Physical Memory [PSS] (MB): overall = 2864.784; main = 2801.431; forked = 280.523
INFO: [Common 17-2834] synth_design peak Virtual Memory [VSS] (MB): overall = 4419.746; main = 3691.387; forked = 986.750
INFO: [Common 17-1381] The checkpoint '/home/nu/ChenLab/tensor-mlir/examples/gpt2/vitis_base3_3slr_stream/_x/link/vivado/vpl/prj/prj.runs/bd_22c0_gapping_demand_update_0_synth_1/bd_22c0_gapping_demand_update_0.dcp' has been generated.
INFO: [Coretcl 2-1648] Added synthesis output to IP cache for IP bd_22c0_gapping_demand_update_0, cache-ID = 06d2e86595e32023
INFO: [Common 17-1381] The checkpoint '/home/nu/ChenLab/tensor-mlir/examples/gpt2/vitis_base3_3slr_stream/_x/link/vivado/vpl/prj/prj.runs/bd_22c0_gapping_demand_update_0_synth_1/bd_22c0_gapping_demand_update_0.dcp' has been generated.
INFO: [Vivado 12-24828] Executing command : report_utilization -file bd_22c0_gapping_demand_update_0_utilization_synth.rpt -pb bd_22c0_gapping_demand_update_0_utilization_synth.pb
INFO: [Common 17-206] Exiting Vivado at Fri Apr 10 01:39:02 2026...
