
*** Running vivado
    with args -log bd_58f6_lut_buffer_0.vds -m64 -product Vivado -mode batch -messageDb vivado.pb -notrace -source bd_58f6_lut_buffer_0.tcl


****** Vivado v2025.2 (64-bit)
  **** SW Build 6299465 on Fri Nov 14 12:34:56 MST 2025
  **** IP Build 6300035 on Fri Nov 14 10:48:45 MST 2025
  **** SharedData Build 6298862 on Thu Nov 13 04:50:51 MST 2025
  **** Start of session at: Fri Apr 10 01:41:52 2026
    ** Copyright 1986-2022 Xilinx, Inc. All Rights Reserved.
    ** Copyright 2022-2025 Advanced Micro Devices, Inc. All Rights Reserved.

source bd_58f6_lut_buffer_0.tcl -notrace
INFO: Dispatch client connection id - 39599
INFO: [IP_Flow 19-234] Refreshing IP repositories
INFO: [IP_Flow 19-1700] Loaded user IP repository '/home/nu/ChenLab/tensor-mlir/examples/gpt2/vitis_base3_3slr_stream/_x/link/int/xo/ip_repo/xilinx_com_hls_b3c2_1_0'.
INFO: [IP_Flow 19-1700] Loaded user IP repository '/home/nu/ChenLab/tensor-mlir/examples/gpt2/vitis_base3_3slr_stream/_x/link/int/xo/ip_repo/xilinx_com_hls_b3c1_1_0'.
INFO: [IP_Flow 19-1700] Loaded user IP repository '/home/nu/ChenLab/tensor-mlir/examples/gpt2/vitis_base3_3slr_stream/_x/link/int/xo/ip_repo/xilinx_com_hls_b3c0_1_0'.
INFO: [IP_Flow 19-1700] Loaded user IP repository '/home/nu/ChenLab/tensor-mlir/examples/gpt2/vitis_base3_3slr_stream/_x/link/vivado/vpl/.local/hw_platform/iprepo'.
INFO: [IP_Flow 19-1700] Loaded user IP repository '/home/nu/ChenLab/tensor-mlir/examples/gpt2/vitis_base3_3slr_stream/_x/link/vivado/vpl/.local/hw_platform/ipcache'.
INFO: [IP_Flow 19-1700] Loaded user IP repository '/tools/Xilinx/2025.2/Vitis/data/vitis/ip'.
INFO: [IP_Flow 19-2313] Loaded Vivado IP repository '/tools/Xilinx/2025.2/data/ip'.
WARNING: [IP_Flow 19-1663] Duplicate IP found for 'xilinx.com:ip:pipeline_reg:1.0'. The one found in IP location '/home/nu/ChenLab/tensor-mlir/examples/gpt2/vitis_base3_3slr_stream/_x/link/vivado/vpl/.local/hw_platform/iprepo/ipdefs/pxi_ii_infra/pipeline_reg_v1_0' will take precedence over the same IP in location /home/nu/ChenLab/tensor-mlir/examples/gpt2/vitis_base3_3slr_stream/_x/link/vivado/vpl/.local/hw_platform/iprepo/ipdefs/other_ipdefs/pipeline_reg_v1_0
WARNING: [IP_Flow 19-1663] Duplicate IP found for 'xilinx.com:ip:clk_metadata_adapter:1.0'. The one found in IP location '/home/nu/ChenLab/tensor-mlir/examples/gpt2/vitis_base3_3slr_stream/_x/link/vivado/vpl/.local/hw_platform/iprepo/ipdefs/pxi_ii_infra/clk_metadata_adapter_v1_0' will take precedence over the same IP in location /home/nu/ChenLab/tensor-mlir/examples/gpt2/vitis_base3_3slr_stream/_x/link/vivado/vpl/.local/hw_platform/iprepo/ipdefs/other_ipdefs/clk_metadata_adapter_v1_0
WARNING: [IP_Flow 19-1663] Duplicate IP found for 'xilinx.com:ip:axi_clk_metadata_adapter:1.0'. The one found in IP location '/home/nu/ChenLab/tensor-mlir/examples/gpt2/vitis_base3_3slr_stream/_x/link/vivado/vpl/.local/hw_platform/iprepo/ipdefs/other_ipdefs/axi_clk_metadata_adapter_v1_0' will take precedence over the same IP in location /home/nu/ChenLab/tensor-mlir/examples/gpt2/vitis_base3_3slr_stream/_x/link/vivado/vpl/.local/hw_platform/iprepo/ipdefs/pxi_ii_infra/axi_clk_metadata_adapter_v1_0
WARNING: [IP_Flow 19-1663] Duplicate IP found for 'xilinx.com:ip:axis_clk_metadata_adapter:1.0'. The one found in IP location '/home/nu/ChenLab/tensor-mlir/examples/gpt2/vitis_base3_3slr_stream/_x/link/vivado/vpl/.local/hw_platform/iprepo/ipdefs/other_ipdefs/axis_clk_metadata_adapter_v1_0' will take precedence over the same IP in location /home/nu/ChenLab/tensor-mlir/examples/gpt2/vitis_base3_3slr_stream/_x/link/vivado/vpl/.local/hw_platform/iprepo/ipdefs/pxi_ii_infra/axis_clk_metadata_adapter_v1_0
Command: synth_design -top bd_58f6_lut_buffer_0 -part xcu55c-fsvh2892-2L-e -incremental_mode off -mode out_of_context
Starting synth_design
Attempting to get a license for feature 'Synthesis' and/or device 'xcu55c'
INFO: [Common 17-349] Got license for feature 'Synthesis' and/or device 'xcu55c'
INFO: [Device 21-403] Loading part xcu55c-fsvh2892-2L-e
INFO: [Synth 8-7079] Multithreading enabled for synth_design using a maximum of 1 processes.
INFO: [Synth 8-7078] Launching helper process for spawning children vivado processes
INFO: [Synth 8-7075] Helper process launched with PID 171291
---------------------------------------------------------------------------------
Starting RTL Elaboration : Time (s): cpu = 00:00:03 ; elapsed = 00:00:03 . Memory (MB): peak = 3306.367 ; gain = 288.688 ; free physical = 8445 ; free virtual = 78462
---------------------------------------------------------------------------------
INFO: [Synth 8-6157] synthesizing module 'bd_58f6_lut_buffer_0' [/home/nu/ChenLab/tensor-mlir/examples/gpt2/vitis_base3_3slr_stream/_x/link/vivado/vpl/prj/prj.gen/my_rm/bd/ulp/ip/ulp_ulp_cmp_0/bd_2/ip/ip_1/synth/bd_58f6_lut_buffer_0.v:53]
INFO: [Synth 8-6157] synthesizing module 'LUT1' [/tools/Xilinx/2025.2/Vivado/scripts/rt/data/unisim_comp.v:95343]
INFO: [Synth 8-6155] done synthesizing module 'LUT1' (0#1) [/tools/Xilinx/2025.2/Vivado/scripts/rt/data/unisim_comp.v:95343]
INFO: [Synth 8-6155] done synthesizing module 'bd_58f6_lut_buffer_0' (0#1) [/home/nu/ChenLab/tensor-mlir/examples/gpt2/vitis_base3_3slr_stream/_x/link/vivado/vpl/prj/prj.gen/my_rm/bd/ulp/ip/ulp_ulp_cmp_0/bd_2/ip/ip_1/synth/bd_58f6_lut_buffer_0.v:53]
INFO: [Synth 8-7129] Port bscanid_i[31] in module lut_buffer_v2_0_1_lut_buffer is either unconnected or has no load
INFO: [Synth 8-7129] Port bscanid_i[30] in module lut_buffer_v2_0_1_lut_buffer is either unconnected or has no load
INFO: [Synth 8-7129] Port bscanid_i[29] in module lut_buffer_v2_0_1_lut_buffer is either unconnected or has no load
INFO: [Synth 8-7129] Port bscanid_i[28] in module lut_buffer_v2_0_1_lut_buffer is either unconnected or has no load
INFO: [Synth 8-7129] Port bscanid_i[27] in module lut_buffer_v2_0_1_lut_buffer is either unconnected or has no load
INFO: [Synth 8-7129] Port bscanid_i[26] in module lut_buffer_v2_0_1_lut_buffer is either unconnected or has no load
INFO: [Synth 8-7129] Port bscanid_i[25] in module lut_buffer_v2_0_1_lut_buffer is either unconnected or has no load
INFO: [Synth 8-7129] Port bscanid_i[24] in module lut_buffer_v2_0_1_lut_buffer is either unconnected or has no load
INFO: [Synth 8-7129] Port bscanid_i[23] in module lut_buffer_v2_0_1_lut_buffer is either unconnected or has no load
INFO: [Synth 8-7129] Port bscanid_i[22] in module lut_buffer_v2_0_1_lut_buffer is either unconnected or has no load
INFO: [Synth 8-7129] Port bscanid_i[21] in module lut_buffer_v2_0_1_lut_buffer is either unconnected or has no load
INFO: [Synth 8-7129] Port bscanid_i[20] in module lut_buffer_v2_0_1_lut_buffer is either unconnected or has no load
INFO: [Synth 8-7129] Port bscanid_i[19] in module lut_buffer_v2_0_1_lut_buffer is either unconnected or has no load
INFO: [Synth 8-7129] Port bscanid_i[18] in module lut_buffer_v2_0_1_lut_buffer is either unconnected or has no load
INFO: [Synth 8-7129] Port bscanid_i[17] in module lut_buffer_v2_0_1_lut_buffer is either unconnected or has no load
INFO: [Synth 8-7129] Port bscanid_i[16] in module lut_buffer_v2_0_1_lut_buffer is either unconnected or has no load
INFO: [Synth 8-7129] Port bscanid_i[15] in module lut_buffer_v2_0_1_lut_buffer is either unconnected or has no load
INFO: [Synth 8-7129] Port bscanid_i[14] in module lut_buffer_v2_0_1_lut_buffer is either unconnected or has no load
INFO: [Synth 8-7129] Port bscanid_i[13] in module lut_buffer_v2_0_1_lut_buffer is either unconnected or has no load
INFO: [Synth 8-7129] Port bscanid_i[12] in module lut_buffer_v2_0_1_lut_buffer is either unconnected or has no load
INFO: [Synth 8-7129] Port bscanid_i[11] in module lut_buffer_v2_0_1_lut_buffer is either unconnected or has no load
INFO: [Synth 8-7129] Port bscanid_i[10] in module lut_buffer_v2_0_1_lut_buffer is either unconnected or has no load
INFO: [Synth 8-7129] Port bscanid_i[9] in module lut_buffer_v2_0_1_lut_buffer is either unconnected or has no load
INFO: [Synth 8-7129] Port bscanid_i[8] in module lut_buffer_v2_0_1_lut_buffer is either unconnected or has no load
INFO: [Synth 8-7129] Port bscanid_i[7] in module lut_buffer_v2_0_1_lut_buffer is either unconnected or has no load
INFO: [Synth 8-7129] Port bscanid_i[6] in module lut_buffer_v2_0_1_lut_buffer is either unconnected or has no load
INFO: [Synth 8-7129] Port bscanid_i[5] in module lut_buffer_v2_0_1_lut_buffer is either unconnected or has no load
INFO: [Synth 8-7129] Port bscanid_i[4] in module lut_buffer_v2_0_1_lut_buffer is either unconnected or has no load
INFO: [Synth 8-7129] Port bscanid_i[3] in module lut_buffer_v2_0_1_lut_buffer is either unconnected or has no load
INFO: [Synth 8-7129] Port bscanid_i[2] in module lut_buffer_v2_0_1_lut_buffer is either unconnected or has no load
INFO: [Synth 8-7129] Port bscanid_i[1] in module lut_buffer_v2_0_1_lut_buffer is either unconnected or has no load
INFO: [Synth 8-7129] Port bscanid_i[0] in module lut_buffer_v2_0_1_lut_buffer is either unconnected or has no load
---------------------------------------------------------------------------------
Finished RTL Elaboration : Time (s): cpu = 00:00:04 ; elapsed = 00:00:04 . Memory (MB): peak = 3398.305 ; gain = 380.625 ; free physical = 8334 ; free virtual = 78351
---------------------------------------------------------------------------------
---------------------------------------------------------------------------------
Start Handling Custom Attributes
---------------------------------------------------------------------------------
---------------------------------------------------------------------------------
Finished Handling Custom Attributes : Time (s): cpu = 00:00:04 ; elapsed = 00:00:04 . Memory (MB): peak = 3398.305 ; gain = 380.625 ; free physical = 8334 ; free virtual = 78351
---------------------------------------------------------------------------------
---------------------------------------------------------------------------------
Finished RTL Optimization Phase 1 : Time (s): cpu = 00:00:04 ; elapsed = 00:00:04 . Memory (MB): peak = 3398.305 ; gain = 380.625 ; free physical = 8334 ; free virtual = 78351
---------------------------------------------------------------------------------
Netlist sorting complete. Time (s): cpu = 00:00:00.01 ; elapsed = 00:00:00 . Memory (MB): peak = 3406.305 ; gain = 0.000 ; free physical = 8332 ; free virtual = 78349
INFO: [Project 1-570] Preparing netlist for logic optimization

Processing XDC Constraints
Initializing timing engine
Completed Processing XDC Constraints

Netlist sorting complete. Time (s): cpu = 00:00:00 ; elapsed = 00:00:00 . Memory (MB): peak = 3425.414 ; gain = 0.000 ; free physical = 8306 ; free virtual = 78324
INFO: [Project 1-111] Unisim Transformation Summary:
No Unisim elements were transformed.

Constraint Validation Runtime : Time (s): cpu = 00:00:00.01 ; elapsed = 00:00:00 . Memory (MB): peak = 3425.449 ; gain = 0.000 ; free physical = 8306 ; free virtual = 78323
INFO: [Designutils 20-5008] Incremental synthesis strategy off
---------------------------------------------------------------------------------
Finished Constraint Validation : Time (s): cpu = 00:00:09 ; elapsed = 00:00:09 . Memory (MB): peak = 3425.449 ; gain = 407.770 ; free physical = 8302 ; free virtual = 78320
---------------------------------------------------------------------------------
---------------------------------------------------------------------------------
Start Loading Part and Timing Information
---------------------------------------------------------------------------------
Loading part: xcu55c-fsvh2892-2L-e
INFO: [Synth 8-6742] Reading net delay rules and data
---------------------------------------------------------------------------------
Finished Loading Part and Timing Information : Time (s): cpu = 00:00:09 ; elapsed = 00:00:09 . Memory (MB): peak = 3433.418 ; gain = 415.738 ; free physical = 8302 ; free virtual = 78320
---------------------------------------------------------------------------------
---------------------------------------------------------------------------------
Start Applying 'set_property' XDC Constraints
---------------------------------------------------------------------------------
---------------------------------------------------------------------------------
Finished applying 'set_property' XDC Constraints : Time (s): cpu = 00:00:09 ; elapsed = 00:00:09 . Memory (MB): peak = 3433.418 ; gain = 415.738 ; free physical = 8302 ; free virtual = 78320
---------------------------------------------------------------------------------
---------------------------------------------------------------------------------
Finished RTL Optimization Phase 2 : Time (s): cpu = 00:00:09 ; elapsed = 00:00:09 . Memory (MB): peak = 3433.418 ; gain = 415.738 ; free physical = 8301 ; free virtual = 78320
---------------------------------------------------------------------------------
No constraint files found.
---------------------------------------------------------------------------------
Start RTL Component Statistics 
---------------------------------------------------------------------------------
Detailed RTL Component Info : 
---------------------------------------------------------------------------------
Finished RTL Component Statistics 
---------------------------------------------------------------------------------
---------------------------------------------------------------------------------
Start Part Resource Summary
---------------------------------------------------------------------------------
Part Resources:
DSPs: 9024 (col length:94)
BRAMs: 4032 (col length: RAMB18 288 RAMB36 144)
---------------------------------------------------------------------------------
Finished Part Resource Summary
---------------------------------------------------------------------------------
No constraint files found.
---------------------------------------------------------------------------------
Start Cross Boundary and Area Optimization
---------------------------------------------------------------------------------
INFO: [Synth 8-7129] Port bscanid_i[31] in module lut_buffer_v2_0_1_lut_buffer is either unconnected or has no load
INFO: [Synth 8-7129] Port bscanid_i[30] in module lut_buffer_v2_0_1_lut_buffer is either unconnected or has no load
INFO: [Synth 8-7129] Port bscanid_i[29] in module lut_buffer_v2_0_1_lut_buffer is either unconnected or has no load
INFO: [Synth 8-7129] Port bscanid_i[28] in module lut_buffer_v2_0_1_lut_buffer is either unconnected or has no load
INFO: [Synth 8-7129] Port bscanid_i[27] in module lut_buffer_v2_0_1_lut_buffer is either unconnected or has no load
INFO: [Synth 8-7129] Port bscanid_i[26] in module lut_buffer_v2_0_1_lut_buffer is either unconnected or has no load
INFO: [Synth 8-7129] Port bscanid_i[25] in module lut_buffer_v2_0_1_lut_buffer is either unconnected or has no load
INFO: [Synth 8-7129] Port bscanid_i[24] in module lut_buffer_v2_0_1_lut_buffer is either unconnected or has no load
INFO: [Synth 8-7129] Port bscanid_i[23] in module lut_buffer_v2_0_1_lut_buffer is either unconnected or has no load
INFO: [Synth 8-7129] Port bscanid_i[22] in module lut_buffer_v2_0_1_lut_buffer is either unconnected or has no load
INFO: [Synth 8-7129] Port bscanid_i[21] in module lut_buffer_v2_0_1_lut_buffer is either unconnected or has no load
INFO: [Synth 8-7129] Port bscanid_i[20] in module lut_buffer_v2_0_1_lut_buffer is either unconnected or has no load
INFO: [Synth 8-7129] Port bscanid_i[19] in module lut_buffer_v2_0_1_lut_buffer is either unconnected or has no load
INFO: [Synth 8-7129] Port bscanid_i[18] in module lut_buffer_v2_0_1_lut_buffer is either unconnected or has no load
INFO: [Synth 8-7129] Port bscanid_i[17] in module lut_buffer_v2_0_1_lut_buffer is either unconnected or has no load
INFO: [Synth 8-7129] Port bscanid_i[16] in module lut_buffer_v2_0_1_lut_buffer is either unconnected or has no load
INFO: [Synth 8-7129] Port bscanid_i[15] in module lut_buffer_v2_0_1_lut_buffer is either unconnected or has no load
INFO: [Synth 8-7129] Port bscanid_i[14] in module lut_buffer_v2_0_1_lut_buffer is either unconnected or has no load
INFO: [Synth 8-7129] Port bscanid_i[13] in module lut_buffer_v2_0_1_lut_buffer is either unconnected or has no load
INFO: [Synth 8-7129] Port bscanid_i[12] in module lut_buffer_v2_0_1_lut_buffer is either unconnected or has no load
INFO: [Synth 8-7129] Port bscanid_i[11] in module lut_buffer_v2_0_1_lut_buffer is either unconnected or has no load
INFO: [Synth 8-7129] Port bscanid_i[10] in module lut_buffer_v2_0_1_lut_buffer is either unconnected or has no load
INFO: [Synth 8-7129] Port bscanid_i[9] in module lut_buffer_v2_0_1_lut_buffer is either unconnected or has no load
INFO: [Synth 8-7129] Port bscanid_i[8] in module lut_buffer_v2_0_1_lut_buffer is either unconnected or has no load
INFO: [Synth 8-7129] Port bscanid_i[7] in module lut_buffer_v2_0_1_lut_buffer is either unconnected or has no load
INFO: [Synth 8-7129] Port bscanid_i[6] in module lut_buffer_v2_0_1_lut_buffer is either unconnected or has no load
INFO: [Synth 8-7129] Port bscanid_i[5] in module lut_buffer_v2_0_1_lut_buffer is either unconnected or has no load
INFO: [Synth 8-7129] Port bscanid_i[4] in module lut_buffer_v2_0_1_lut_buffer is either unconnected or has no load
INFO: [Synth 8-7129] Port bscanid_i[3] in module lut_buffer_v2_0_1_lut_buffer is either unconnected or has no load
INFO: [Synth 8-7129] Port bscanid_i[2] in module lut_buffer_v2_0_1_lut_buffer is either unconnected or has no load
INFO: [Synth 8-7129] Port bscanid_i[1] in module lut_buffer_v2_0_1_lut_buffer is either unconnected or has no load
INFO: [Synth 8-7129] Port bscanid_i[0] in module lut_buffer_v2_0_1_lut_buffer is either unconnected or has no load
---------------------------------------------------------------------------------
Finished Cross Boundary and Area Optimization : Time (s): cpu = 00:00:10 ; elapsed = 00:00:10 . Memory (MB): peak = 3433.418 ; gain = 415.738 ; free physical = 8298 ; free virtual = 78317
---------------------------------------------------------------------------------
No constraint files found.
---------------------------------------------------------------------------------
Start Timing Optimization
---------------------------------------------------------------------------------
---------------------------------------------------------------------------------
Finished Timing Optimization : Time (s): cpu = 00:00:10 ; elapsed = 00:00:10 . Memory (MB): peak = 3433.418 ; gain = 415.738 ; free physical = 8298 ; free virtual = 78317
---------------------------------------------------------------------------------
---------------------------------------------------------------------------------
Start Technology Mapping
---------------------------------------------------------------------------------
---------------------------------------------------------------------------------
Finished Technology Mapping : Time (s): cpu = 00:00:10 ; elapsed = 00:00:10 . Memory (MB): peak = 3433.418 ; gain = 415.738 ; free physical = 8298 ; free virtual = 78317
---------------------------------------------------------------------------------
---------------------------------------------------------------------------------
Start IO Insertion
---------------------------------------------------------------------------------
---------------------------------------------------------------------------------
Start Flattening Before IO Insertion
---------------------------------------------------------------------------------
---------------------------------------------------------------------------------
Finished Flattening Before IO Insertion
---------------------------------------------------------------------------------
---------------------------------------------------------------------------------
Start Final Netlist Cleanup
---------------------------------------------------------------------------------
---------------------------------------------------------------------------------
Finished Final Netlist Cleanup
---------------------------------------------------------------------------------
---------------------------------------------------------------------------------
Finished IO Insertion : Time (s): cpu = 00:00:12 ; elapsed = 00:00:13 . Memory (MB): peak = 3547.230 ; gain = 529.551 ; free physical = 8204 ; free virtual = 78222
---------------------------------------------------------------------------------
---------------------------------------------------------------------------------
Start Renaming Generated Instances
---------------------------------------------------------------------------------
---------------------------------------------------------------------------------
Finished Renaming Generated Instances : Time (s): cpu = 00:00:12 ; elapsed = 00:00:13 . Memory (MB): peak = 3547.230 ; gain = 529.551 ; free physical = 8204 ; free virtual = 78222
---------------------------------------------------------------------------------
---------------------------------------------------------------------------------
Start Rebuilding User Hierarchy
---------------------------------------------------------------------------------
---------------------------------------------------------------------------------
Finished Rebuilding User Hierarchy : Time (s): cpu = 00:00:12 ; elapsed = 00:00:13 . Memory (MB): peak = 3547.230 ; gain = 529.551 ; free physical = 8204 ; free virtual = 78222
---------------------------------------------------------------------------------
---------------------------------------------------------------------------------
Start Renaming Generated Ports
---------------------------------------------------------------------------------
---------------------------------------------------------------------------------
Finished Renaming Generated Ports : Time (s): cpu = 00:00:12 ; elapsed = 00:00:13 . Memory (MB): peak = 3547.230 ; gain = 529.551 ; free physical = 8204 ; free virtual = 78222
---------------------------------------------------------------------------------
---------------------------------------------------------------------------------
Start Handling Custom Attributes
---------------------------------------------------------------------------------
---------------------------------------------------------------------------------
Finished Handling Custom Attributes : Time (s): cpu = 00:00:12 ; elapsed = 00:00:13 . Memory (MB): peak = 3547.230 ; gain = 529.551 ; free physical = 8204 ; free virtual = 78222
---------------------------------------------------------------------------------
---------------------------------------------------------------------------------
Start Renaming Generated Nets
---------------------------------------------------------------------------------
---------------------------------------------------------------------------------
Finished Renaming Generated Nets : Time (s): cpu = 00:00:12 ; elapsed = 00:00:13 . Memory (MB): peak = 3547.230 ; gain = 529.551 ; free physical = 8204 ; free virtual = 78222
---------------------------------------------------------------------------------
---------------------------------------------------------------------------------
Start Writing Synthesis Report
---------------------------------------------------------------------------------

Report BlackBoxes: 
+-+--------------+----------+
| |BlackBox name |Instances |
+-+--------------+----------+
+-+--------------+----------+

Report Cell Usage: 
+------+-----+------+
|      |Cell |Count |
+------+-----+------+
|1     |LUT1 |     1|
+------+-----+------+
---------------------------------------------------------------------------------
Finished Writing Synthesis Report : Time (s): cpu = 00:00:12 ; elapsed = 00:00:13 . Memory (MB): peak = 3547.230 ; gain = 529.551 ; free physical = 8204 ; free virtual = 78222
---------------------------------------------------------------------------------
Synthesis finished with 0 errors, 0 critical warnings and 0 warnings.
Synthesis Optimization Runtime : Time (s): cpu = 00:00:11 ; elapsed = 00:00:11 . Memory (MB): peak = 3547.230 ; gain = 502.406 ; free physical = 8204 ; free virtual = 78222
Synthesis Optimization Complete : Time (s): cpu = 00:00:12 ; elapsed = 00:00:13 . Memory (MB): peak = 3547.238 ; gain = 529.551 ; free physical = 8204 ; free virtual = 78222
INFO: [Project 1-571] Translating synthesized netlist
Netlist sorting complete. Time (s): cpu = 00:00:00 ; elapsed = 00:00:00 . Memory (MB): peak = 3547.238 ; gain = 0.000 ; free physical = 8369 ; free virtual = 78388
INFO: [Project 1-570] Preparing netlist for logic optimization
INFO: [Opt 31-138] Pushed 0 inverter(s) to 0 load pin(s).
Netlist sorting complete. Time (s): cpu = 00:00:00 ; elapsed = 00:00:00 . Memory (MB): peak = 3681.918 ; gain = 0.000 ; free physical = 8239 ; free virtual = 78258
INFO: [Project 1-111] Unisim Transformation Summary:
No Unisim elements were transformed.

Synth Design complete | Checksum: e2b2fb98
INFO: [Common 17-83] Releasing license: Synthesis
90 Infos, 4 Warnings, 0 Critical Warnings and 0 Errors encountered.
synth_design completed successfully
synth_design: Time (s): cpu = 00:00:21 ; elapsed = 00:00:21 . Memory (MB): peak = 3681.953 ; gain = 2075.516 ; free physical = 8239 ; free virtual = 78257
INFO: [Common 17-2834] synth_design peak Physical Memory [PSS] (MB): overall = 2779.227; main = 2779.227; forked = 254.341
INFO: [Common 17-2834] synth_design peak Virtual Memory [VSS] (MB): overall = 4420.168; main = 3681.918; forked = 986.750
INFO: [Common 17-1381] The checkpoint '/home/nu/ChenLab/tensor-mlir/examples/gpt2/vitis_base3_3slr_stream/_x/link/vivado/vpl/prj/prj.runs/bd_58f6_lut_buffer_0_synth_1/bd_58f6_lut_buffer_0.dcp' has been generated.
INFO: [Coretcl 2-1648] Added synthesis output to IP cache for IP bd_58f6_lut_buffer_0, cache-ID = 83e321ce18ae9336
INFO: [Common 17-1381] The checkpoint '/home/nu/ChenLab/tensor-mlir/examples/gpt2/vitis_base3_3slr_stream/_x/link/vivado/vpl/prj/prj.runs/bd_58f6_lut_buffer_0_synth_1/bd_58f6_lut_buffer_0.dcp' has been generated.
INFO: [Vivado 12-24828] Executing command : report_utilization -file bd_58f6_lut_buffer_0_utilization_synth.rpt -pb bd_58f6_lut_buffer_0_utilization_synth.pb
INFO: [Common 17-206] Exiting Vivado at Fri Apr 10 01:42:22 2026...
