
*** Running vivado
    with args -log bd_7cf0_bs_switch_1_0.vds -m64 -product Vivado -mode batch -messageDb vivado.pb -notrace -source bd_7cf0_bs_switch_1_0.tcl


****** Vivado v2025.2 (64-bit)
  **** SW Build 6299465 on Fri Nov 14 12:34:56 MST 2025
  **** IP Build 6300035 on Fri Nov 14 10:48:45 MST 2025
  **** SharedData Build 6298862 on Thu Nov 13 04:50:51 MST 2025
  **** Start of session at: Fri Apr 10 01:31:10 2026
    ** Copyright 1986-2022 Xilinx, Inc. All Rights Reserved.
    ** Copyright 2022-2025 Advanced Micro Devices, Inc. All Rights Reserved.

source bd_7cf0_bs_switch_1_0.tcl -notrace
INFO: Dispatch client connection id - 39599
INFO: [IP_Flow 19-234] Refreshing IP repositories
INFO: [IP_Flow 19-1700] Loaded user IP repository '/home/nu/ChenLab/tensor-mlir/examples/gpt2/vitis_base3_3slr_stream/_x/link/int/xo/ip_repo/xilinx_com_hls_b3c2_1_0'.
INFO: [IP_Flow 19-1700] Loaded user IP repository '/home/nu/ChenLab/tensor-mlir/examples/gpt2/vitis_base3_3slr_stream/_x/link/int/xo/ip_repo/xilinx_com_hls_b3c1_1_0'.
INFO: [IP_Flow 19-1700] Loaded user IP repository '/home/nu/ChenLab/tensor-mlir/examples/gpt2/vitis_base3_3slr_stream/_x/link/int/xo/ip_repo/xilinx_com_hls_b3c0_1_0'.
INFO: [IP_Flow 19-1700] Loaded user IP repository '/home/nu/ChenLab/tensor-mlir/examples/gpt2/vitis_base3_3slr_stream/_x/link/vivado/vpl/.local/hw_platform/iprepo'.
INFO: [IP_Flow 19-1700] Loaded user IP repository '/home/nu/ChenLab/tensor-mlir/examples/gpt2/vitis_base3_3slr_stream/_x/link/vivado/vpl/.local/hw_platform/ipcache'.
INFO: [IP_Flow 19-1700] Loaded user IP repository '/tools/Xilinx/2025.2/Vitis/data/vitis/ip'.
INFO: [IP_Flow 19-2313] Loaded Vivado IP repository '/tools/Xilinx/2025.2/data/ip'.
WARNING: [IP_Flow 19-1663] Duplicate IP found for 'xilinx.com:ip:pipeline_reg:1.0'. The one found in IP location '/home/nu/ChenLab/tensor-mlir/examples/gpt2/vitis_base3_3slr_stream/_x/link/vivado/vpl/.local/hw_platform/iprepo/ipdefs/pxi_ii_infra/pipeline_reg_v1_0' will take precedence over the same IP in location /home/nu/ChenLab/tensor-mlir/examples/gpt2/vitis_base3_3slr_stream/_x/link/vivado/vpl/.local/hw_platform/iprepo/ipdefs/other_ipdefs/pipeline_reg_v1_0
WARNING: [IP_Flow 19-1663] Duplicate IP found for 'xilinx.com:ip:clk_metadata_adapter:1.0'. The one found in IP location '/home/nu/ChenLab/tensor-mlir/examples/gpt2/vitis_base3_3slr_stream/_x/link/vivado/vpl/.local/hw_platform/iprepo/ipdefs/pxi_ii_infra/clk_metadata_adapter_v1_0' will take precedence over the same IP in location /home/nu/ChenLab/tensor-mlir/examples/gpt2/vitis_base3_3slr_stream/_x/link/vivado/vpl/.local/hw_platform/iprepo/ipdefs/other_ipdefs/clk_metadata_adapter_v1_0
WARNING: [IP_Flow 19-1663] Duplicate IP found for 'xilinx.com:ip:axi_clk_metadata_adapter:1.0'. The one found in IP location '/home/nu/ChenLab/tensor-mlir/examples/gpt2/vitis_base3_3slr_stream/_x/link/vivado/vpl/.local/hw_platform/iprepo/ipdefs/other_ipdefs/axi_clk_metadata_adapter_v1_0' will take precedence over the same IP in location /home/nu/ChenLab/tensor-mlir/examples/gpt2/vitis_base3_3slr_stream/_x/link/vivado/vpl/.local/hw_platform/iprepo/ipdefs/pxi_ii_infra/axi_clk_metadata_adapter_v1_0
WARNING: [IP_Flow 19-1663] Duplicate IP found for 'xilinx.com:ip:axis_clk_metadata_adapter:1.0'. The one found in IP location '/home/nu/ChenLab/tensor-mlir/examples/gpt2/vitis_base3_3slr_stream/_x/link/vivado/vpl/.local/hw_platform/iprepo/ipdefs/other_ipdefs/axis_clk_metadata_adapter_v1_0' will take precedence over the same IP in location /home/nu/ChenLab/tensor-mlir/examples/gpt2/vitis_base3_3slr_stream/_x/link/vivado/vpl/.local/hw_platform/iprepo/ipdefs/pxi_ii_infra/axis_clk_metadata_adapter_v1_0
Command: synth_design -top bd_7cf0_bs_switch_1_0 -part xcu55c-fsvh2892-2L-e -incremental_mode off -mode out_of_context
Starting synth_design
Attempting to get a license for feature 'Synthesis' and/or device 'xcu55c'
INFO: [Common 17-349] Got license for feature 'Synthesis' and/or device 'xcu55c'
INFO: [Device 21-403] Loading part xcu55c-fsvh2892-2L-e
INFO: [Synth 8-7079] Multithreading enabled for synth_design using a maximum of 1 processes.
INFO: [Synth 8-7078] Launching helper process for spawning children vivado processes
INFO: [Synth 8-7075] Helper process launched with PID 155995
---------------------------------------------------------------------------------
Starting RTL Elaboration : Time (s): cpu = 00:00:03 ; elapsed = 00:00:03 . Memory (MB): peak = 3306.715 ; gain = 288.688 ; free physical = 4259 ; free virtual = 74171
---------------------------------------------------------------------------------
INFO: [Synth 8-11241] undeclared symbol 'bscanid_en_int', assumed default net type 'wire' [/home/nu/ChenLab/tensor-mlir/examples/gpt2/vitis_base3_3slr_stream/_x/link/vivado/vpl/prj/prj.gen/my_rm/bd/ulp/ipshared/9d75/hdl/verilog/bs_switch_v1_0_6_bs_ext.vh:76]
INFO: [Synth 8-11241] undeclared symbol 'bscanid_en_int', assumed default net type 'wire' [/home/nu/ChenLab/tensor-mlir/examples/gpt2/vitis_base3_3slr_stream/_x/link/vivado/vpl/prj/prj.gen/my_rm/bd/ulp/ipshared/9d75/hdl/verilog/bs_switch_v1_0_6_bs_ext.vh:113]
INFO: [Synth 8-11241] undeclared symbol 'bscanid_en_int', assumed default net type 'wire' [/home/nu/ChenLab/tensor-mlir/examples/gpt2/vitis_base3_3slr_stream/_x/link/vivado/vpl/prj/prj.gen/my_rm/bd/ulp/ipshared/9d75/hdl/verilog/bs_switch_v1_0_6_bs_ext.vh:151]
INFO: [Synth 8-11241] undeclared symbol 'bscanid_en_int', assumed default net type 'wire' [/home/nu/ChenLab/tensor-mlir/examples/gpt2/vitis_base3_3slr_stream/_x/link/vivado/vpl/prj/prj.gen/my_rm/bd/ulp/ipshared/9d75/hdl/verilog/bs_switch_v1_0_6_bs_ext.vh:190]
INFO: [Synth 8-11241] undeclared symbol 'bscanid_en_int', assumed default net type 'wire' [/home/nu/ChenLab/tensor-mlir/examples/gpt2/vitis_base3_3slr_stream/_x/link/vivado/vpl/prj/prj.gen/my_rm/bd/ulp/ipshared/9d75/hdl/verilog/bs_switch_v1_0_6_bs_ext.vh:230]
INFO: [Synth 8-11241] undeclared symbol 'bscanid_en_int', assumed default net type 'wire' [/home/nu/ChenLab/tensor-mlir/examples/gpt2/vitis_base3_3slr_stream/_x/link/vivado/vpl/prj/prj.gen/my_rm/bd/ulp/ipshared/9d75/hdl/verilog/bs_switch_v1_0_6_bs_ext.vh:271]
INFO: [Synth 8-11241] undeclared symbol 'bscanid_en_int', assumed default net type 'wire' [/home/nu/ChenLab/tensor-mlir/examples/gpt2/vitis_base3_3slr_stream/_x/link/vivado/vpl/prj/prj.gen/my_rm/bd/ulp/ipshared/9d75/hdl/verilog/bs_switch_v1_0_6_bs_ext.vh:313]
INFO: [Synth 8-11241] undeclared symbol 'bscanid_en_int', assumed default net type 'wire' [/home/nu/ChenLab/tensor-mlir/examples/gpt2/vitis_base3_3slr_stream/_x/link/vivado/vpl/prj/prj.gen/my_rm/bd/ulp/ipshared/9d75/hdl/verilog/bs_switch_v1_0_6_bs_ext.vh:356]
INFO: [Synth 8-11241] undeclared symbol 'bscanid_en_int', assumed default net type 'wire' [/home/nu/ChenLab/tensor-mlir/examples/gpt2/vitis_base3_3slr_stream/_x/link/vivado/vpl/prj/prj.gen/my_rm/bd/ulp/ipshared/9d75/hdl/verilog/bs_switch_v1_0_6_bs_ext.vh:400]
INFO: [Synth 8-11241] undeclared symbol 'bscanid_en_int', assumed default net type 'wire' [/home/nu/ChenLab/tensor-mlir/examples/gpt2/vitis_base3_3slr_stream/_x/link/vivado/vpl/prj/prj.gen/my_rm/bd/ulp/ipshared/9d75/hdl/verilog/bs_switch_v1_0_6_bs_ext.vh:445]
INFO: [Synth 8-11241] undeclared symbol 'bscanid_en_int', assumed default net type 'wire' [/home/nu/ChenLab/tensor-mlir/examples/gpt2/vitis_base3_3slr_stream/_x/link/vivado/vpl/prj/prj.gen/my_rm/bd/ulp/ipshared/9d75/hdl/verilog/bs_switch_v1_0_6_bs_ext.vh:491]
INFO: [Synth 8-11241] undeclared symbol 'bscanid_en_int', assumed default net type 'wire' [/home/nu/ChenLab/tensor-mlir/examples/gpt2/vitis_base3_3slr_stream/_x/link/vivado/vpl/prj/prj.gen/my_rm/bd/ulp/ipshared/9d75/hdl/verilog/bs_switch_v1_0_6_bs_ext.vh:538]
INFO: [Synth 8-11241] undeclared symbol 'bscanid_en_int', assumed default net type 'wire' [/home/nu/ChenLab/tensor-mlir/examples/gpt2/vitis_base3_3slr_stream/_x/link/vivado/vpl/prj/prj.gen/my_rm/bd/ulp/ipshared/9d75/hdl/verilog/bs_switch_v1_0_6_bs_ext.vh:586]
INFO: [Synth 8-11241] undeclared symbol 'bscanid_en_int', assumed default net type 'wire' [/home/nu/ChenLab/tensor-mlir/examples/gpt2/vitis_base3_3slr_stream/_x/link/vivado/vpl/prj/prj.gen/my_rm/bd/ulp/ipshared/9d75/hdl/verilog/bs_switch_v1_0_6_bs_ext.vh:635]
INFO: [Synth 8-11241] undeclared symbol 'bscanid_en_int', assumed default net type 'wire' [/home/nu/ChenLab/tensor-mlir/examples/gpt2/vitis_base3_3slr_stream/_x/link/vivado/vpl/prj/prj.gen/my_rm/bd/ulp/ipshared/9d75/hdl/verilog/bs_switch_v1_0_6_bs_ext.vh:685]
INFO: [Synth 8-6157] synthesizing module 'bd_7cf0_bs_switch_1_0' [/home/nu/ChenLab/tensor-mlir/examples/gpt2/vitis_base3_3slr_stream/_x/link/vivado/vpl/prj/prj.gen/my_rm/bd/ulp/ip/ulp_ulp_cmp_0/bd_1/ip/ip_2/synth/bd_7cf0_bs_switch_1_0.v:53]
INFO: [Synth 8-6155] done synthesizing module 'bd_7cf0_bs_switch_1_0' (0#1) [/home/nu/ChenLab/tensor-mlir/examples/gpt2/vitis_base3_3slr_stream/_x/link/vivado/vpl/prj/prj.gen/my_rm/bd/ulp/ip/ulp_ulp_cmp_0/bd_1/ip/ip_2/synth/bd_7cf0_bs_switch_1_0.v:53]
INFO: [Synth 8-7129] Port drck_1 in module bs_switch_v1_0_6_bs_switch is either unconnected or has no load
INFO: [Synth 8-7129] Port reset_1 in module bs_switch_v1_0_6_bs_switch is either unconnected or has no load
INFO: [Synth 8-7129] Port sel_1 in module bs_switch_v1_0_6_bs_switch is either unconnected or has no load
INFO: [Synth 8-7129] Port capture_1 in module bs_switch_v1_0_6_bs_switch is either unconnected or has no load
INFO: [Synth 8-7129] Port shift_1 in module bs_switch_v1_0_6_bs_switch is either unconnected or has no load
INFO: [Synth 8-7129] Port update_1 in module bs_switch_v1_0_6_bs_switch is either unconnected or has no load
INFO: [Synth 8-7129] Port tdi_1 in module bs_switch_v1_0_6_bs_switch is either unconnected or has no load
INFO: [Synth 8-7129] Port runtest_1 in module bs_switch_v1_0_6_bs_switch is either unconnected or has no load
INFO: [Synth 8-7129] Port tck_1 in module bs_switch_v1_0_6_bs_switch is either unconnected or has no load
INFO: [Synth 8-7129] Port tms_1 in module bs_switch_v1_0_6_bs_switch is either unconnected or has no load
INFO: [Synth 8-7129] Port bscanid_en_1 in module bs_switch_v1_0_6_bs_switch is either unconnected or has no load
INFO: [Synth 8-7129] Port drck_2 in module bs_switch_v1_0_6_bs_switch is either unconnected or has no load
INFO: [Synth 8-7129] Port reset_2 in module bs_switch_v1_0_6_bs_switch is either unconnected or has no load
INFO: [Synth 8-7129] Port sel_2 in module bs_switch_v1_0_6_bs_switch is either unconnected or has no load
INFO: [Synth 8-7129] Port capture_2 in module bs_switch_v1_0_6_bs_switch is either unconnected or has no load
INFO: [Synth 8-7129] Port shift_2 in module bs_switch_v1_0_6_bs_switch is either unconnected or has no load
INFO: [Synth 8-7129] Port update_2 in module bs_switch_v1_0_6_bs_switch is either unconnected or has no load
INFO: [Synth 8-7129] Port tdi_2 in module bs_switch_v1_0_6_bs_switch is either unconnected or has no load
INFO: [Synth 8-7129] Port runtest_2 in module bs_switch_v1_0_6_bs_switch is either unconnected or has no load
INFO: [Synth 8-7129] Port tck_2 in module bs_switch_v1_0_6_bs_switch is either unconnected or has no load
INFO: [Synth 8-7129] Port tms_2 in module bs_switch_v1_0_6_bs_switch is either unconnected or has no load
INFO: [Synth 8-7129] Port bscanid_en_2 in module bs_switch_v1_0_6_bs_switch is either unconnected or has no load
INFO: [Synth 8-7129] Port drck_3 in module bs_switch_v1_0_6_bs_switch is either unconnected or has no load
INFO: [Synth 8-7129] Port reset_3 in module bs_switch_v1_0_6_bs_switch is either unconnected or has no load
INFO: [Synth 8-7129] Port sel_3 in module bs_switch_v1_0_6_bs_switch is either unconnected or has no load
INFO: [Synth 8-7129] Port capture_3 in module bs_switch_v1_0_6_bs_switch is either unconnected or has no load
INFO: [Synth 8-7129] Port shift_3 in module bs_switch_v1_0_6_bs_switch is either unconnected or has no load
INFO: [Synth 8-7129] Port update_3 in module bs_switch_v1_0_6_bs_switch is either unconnected or has no load
INFO: [Synth 8-7129] Port tdi_3 in module bs_switch_v1_0_6_bs_switch is either unconnected or has no load
INFO: [Synth 8-7129] Port runtest_3 in module bs_switch_v1_0_6_bs_switch is either unconnected or has no load
INFO: [Synth 8-7129] Port tck_3 in module bs_switch_v1_0_6_bs_switch is either unconnected or has no load
INFO: [Synth 8-7129] Port tms_3 in module bs_switch_v1_0_6_bs_switch is either unconnected or has no load
INFO: [Synth 8-7129] Port bscanid_en_3 in module bs_switch_v1_0_6_bs_switch is either unconnected or has no load
INFO: [Synth 8-7129] Port drck_4 in module bs_switch_v1_0_6_bs_switch is either unconnected or has no load
INFO: [Synth 8-7129] Port reset_4 in module bs_switch_v1_0_6_bs_switch is either unconnected or has no load
INFO: [Synth 8-7129] Port sel_4 in module bs_switch_v1_0_6_bs_switch is either unconnected or has no load
INFO: [Synth 8-7129] Port capture_4 in module bs_switch_v1_0_6_bs_switch is either unconnected or has no load
INFO: [Synth 8-7129] Port shift_4 in module bs_switch_v1_0_6_bs_switch is either unconnected or has no load
INFO: [Synth 8-7129] Port update_4 in module bs_switch_v1_0_6_bs_switch is either unconnected or has no load
INFO: [Synth 8-7129] Port tdi_4 in module bs_switch_v1_0_6_bs_switch is either unconnected or has no load
INFO: [Synth 8-7129] Port runtest_4 in module bs_switch_v1_0_6_bs_switch is either unconnected or has no load
INFO: [Synth 8-7129] Port tck_4 in module bs_switch_v1_0_6_bs_switch is either unconnected or has no load
INFO: [Synth 8-7129] Port tms_4 in module bs_switch_v1_0_6_bs_switch is either unconnected or has no load
INFO: [Synth 8-7129] Port bscanid_en_4 in module bs_switch_v1_0_6_bs_switch is either unconnected or has no load
INFO: [Synth 8-7129] Port drck_5 in module bs_switch_v1_0_6_bs_switch is either unconnected or has no load
INFO: [Synth 8-7129] Port reset_5 in module bs_switch_v1_0_6_bs_switch is either unconnected or has no load
INFO: [Synth 8-7129] Port sel_5 in module bs_switch_v1_0_6_bs_switch is either unconnected or has no load
INFO: [Synth 8-7129] Port capture_5 in module bs_switch_v1_0_6_bs_switch is either unconnected or has no load
INFO: [Synth 8-7129] Port shift_5 in module bs_switch_v1_0_6_bs_switch is either unconnected or has no load
INFO: [Synth 8-7129] Port update_5 in module bs_switch_v1_0_6_bs_switch is either unconnected or has no load
INFO: [Synth 8-7129] Port tdi_5 in module bs_switch_v1_0_6_bs_switch is either unconnected or has no load
INFO: [Synth 8-7129] Port runtest_5 in module bs_switch_v1_0_6_bs_switch is either unconnected or has no load
INFO: [Synth 8-7129] Port tck_5 in module bs_switch_v1_0_6_bs_switch is either unconnected or has no load
INFO: [Synth 8-7129] Port tms_5 in module bs_switch_v1_0_6_bs_switch is either unconnected or has no load
INFO: [Synth 8-7129] Port bscanid_en_5 in module bs_switch_v1_0_6_bs_switch is either unconnected or has no load
INFO: [Synth 8-7129] Port drck_6 in module bs_switch_v1_0_6_bs_switch is either unconnected or has no load
INFO: [Synth 8-7129] Port reset_6 in module bs_switch_v1_0_6_bs_switch is either unconnected or has no load
INFO: [Synth 8-7129] Port sel_6 in module bs_switch_v1_0_6_bs_switch is either unconnected or has no load
INFO: [Synth 8-7129] Port capture_6 in module bs_switch_v1_0_6_bs_switch is either unconnected or has no load
INFO: [Synth 8-7129] Port shift_6 in module bs_switch_v1_0_6_bs_switch is either unconnected or has no load
INFO: [Synth 8-7129] Port update_6 in module bs_switch_v1_0_6_bs_switch is either unconnected or has no load
INFO: [Synth 8-7129] Port tdi_6 in module bs_switch_v1_0_6_bs_switch is either unconnected or has no load
INFO: [Synth 8-7129] Port runtest_6 in module bs_switch_v1_0_6_bs_switch is either unconnected or has no load
INFO: [Synth 8-7129] Port tck_6 in module bs_switch_v1_0_6_bs_switch is either unconnected or has no load
INFO: [Synth 8-7129] Port tms_6 in module bs_switch_v1_0_6_bs_switch is either unconnected or has no load
INFO: [Synth 8-7129] Port bscanid_en_6 in module bs_switch_v1_0_6_bs_switch is either unconnected or has no load
INFO: [Synth 8-7129] Port drck_7 in module bs_switch_v1_0_6_bs_switch is either unconnected or has no load
INFO: [Synth 8-7129] Port reset_7 in module bs_switch_v1_0_6_bs_switch is either unconnected or has no load
INFO: [Synth 8-7129] Port sel_7 in module bs_switch_v1_0_6_bs_switch is either unconnected or has no load
INFO: [Synth 8-7129] Port capture_7 in module bs_switch_v1_0_6_bs_switch is either unconnected or has no load
INFO: [Synth 8-7129] Port shift_7 in module bs_switch_v1_0_6_bs_switch is either unconnected or has no load
INFO: [Synth 8-7129] Port update_7 in module bs_switch_v1_0_6_bs_switch is either unconnected or has no load
INFO: [Synth 8-7129] Port tdi_7 in module bs_switch_v1_0_6_bs_switch is either unconnected or has no load
INFO: [Synth 8-7129] Port runtest_7 in module bs_switch_v1_0_6_bs_switch is either unconnected or has no load
INFO: [Synth 8-7129] Port tck_7 in module bs_switch_v1_0_6_bs_switch is either unconnected or has no load
INFO: [Synth 8-7129] Port tms_7 in module bs_switch_v1_0_6_bs_switch is either unconnected or has no load
INFO: [Synth 8-7129] Port bscanid_en_7 in module bs_switch_v1_0_6_bs_switch is either unconnected or has no load
INFO: [Synth 8-7129] Port drck_8 in module bs_switch_v1_0_6_bs_switch is either unconnected or has no load
INFO: [Synth 8-7129] Port reset_8 in module bs_switch_v1_0_6_bs_switch is either unconnected or has no load
INFO: [Synth 8-7129] Port sel_8 in module bs_switch_v1_0_6_bs_switch is either unconnected or has no load
INFO: [Synth 8-7129] Port capture_8 in module bs_switch_v1_0_6_bs_switch is either unconnected or has no load
INFO: [Synth 8-7129] Port shift_8 in module bs_switch_v1_0_6_bs_switch is either unconnected or has no load
INFO: [Synth 8-7129] Port update_8 in module bs_switch_v1_0_6_bs_switch is either unconnected or has no load
INFO: [Synth 8-7129] Port tdi_8 in module bs_switch_v1_0_6_bs_switch is either unconnected or has no load
INFO: [Synth 8-7129] Port runtest_8 in module bs_switch_v1_0_6_bs_switch is either unconnected or has no load
INFO: [Synth 8-7129] Port tck_8 in module bs_switch_v1_0_6_bs_switch is either unconnected or has no load
INFO: [Synth 8-7129] Port tms_8 in module bs_switch_v1_0_6_bs_switch is either unconnected or has no load
INFO: [Synth 8-7129] Port bscanid_en_8 in module bs_switch_v1_0_6_bs_switch is either unconnected or has no load
INFO: [Synth 8-7129] Port drck_9 in module bs_switch_v1_0_6_bs_switch is either unconnected or has no load
INFO: [Synth 8-7129] Port reset_9 in module bs_switch_v1_0_6_bs_switch is either unconnected or has no load
INFO: [Synth 8-7129] Port sel_9 in module bs_switch_v1_0_6_bs_switch is either unconnected or has no load
INFO: [Synth 8-7129] Port capture_9 in module bs_switch_v1_0_6_bs_switch is either unconnected or has no load
INFO: [Synth 8-7129] Port shift_9 in module bs_switch_v1_0_6_bs_switch is either unconnected or has no load
INFO: [Synth 8-7129] Port update_9 in module bs_switch_v1_0_6_bs_switch is either unconnected or has no load
INFO: [Synth 8-7129] Port tdi_9 in module bs_switch_v1_0_6_bs_switch is either unconnected or has no load
INFO: [Synth 8-7129] Port runtest_9 in module bs_switch_v1_0_6_bs_switch is either unconnected or has no load
INFO: [Synth 8-7129] Port tck_9 in module bs_switch_v1_0_6_bs_switch is either unconnected or has no load
INFO: [Synth 8-7129] Port tms_9 in module bs_switch_v1_0_6_bs_switch is either unconnected or has no load
INFO: [Synth 8-7129] Port bscanid_en_9 in module bs_switch_v1_0_6_bs_switch is either unconnected or has no load
INFO: [Synth 8-7129] Port drck_10 in module bs_switch_v1_0_6_bs_switch is either unconnected or has no load
INFO: [Common 17-14] Message 'Synth 8-7129' appears 100 times and further instances of the messages will be disabled.
---------------------------------------------------------------------------------
Finished RTL Elaboration : Time (s): cpu = 00:00:04 ; elapsed = 00:00:04 . Memory (MB): peak = 3402.652 ; gain = 384.625 ; free physical = 4128 ; free virtual = 74062
---------------------------------------------------------------------------------
---------------------------------------------------------------------------------
Start Handling Custom Attributes
---------------------------------------------------------------------------------
---------------------------------------------------------------------------------
Finished Handling Custom Attributes : Time (s): cpu = 00:00:04 ; elapsed = 00:00:04 . Memory (MB): peak = 3408.590 ; gain = 390.562 ; free physical = 4127 ; free virtual = 74062
---------------------------------------------------------------------------------
---------------------------------------------------------------------------------
Finished RTL Optimization Phase 1 : Time (s): cpu = 00:00:04 ; elapsed = 00:00:04 . Memory (MB): peak = 3408.590 ; gain = 390.562 ; free physical = 4127 ; free virtual = 74062
---------------------------------------------------------------------------------
Netlist sorting complete. Time (s): cpu = 00:00:00 ; elapsed = 00:00:00 . Memory (MB): peak = 3408.590 ; gain = 0.000 ; free physical = 4126 ; free virtual = 74062
INFO: [Project 1-570] Preparing netlist for logic optimization

Processing XDC Constraints
Initializing timing engine
Parsing XDC File [/home/nu/ChenLab/tensor-mlir/examples/gpt2/vitis_base3_3slr_stream/_x/link/vivado/vpl/prj/prj.gen/my_rm/bd/ulp/ip/ulp_ulp_cmp_0/bd_1/ip/ip_2/bd_7cf0_bs_switch_1_0_ooc.xdc] for cell 'inst'
Finished Parsing XDC File [/home/nu/ChenLab/tensor-mlir/examples/gpt2/vitis_base3_3slr_stream/_x/link/vivado/vpl/prj/prj.gen/my_rm/bd/ulp/ip/ulp_ulp_cmp_0/bd_1/ip/ip_2/bd_7cf0_bs_switch_1_0_ooc.xdc] for cell 'inst'
Parsing XDC File [/home/nu/ChenLab/tensor-mlir/examples/gpt2/vitis_base3_3slr_stream/_x/link/vivado/vpl/prj/prj.gen/my_rm/bd/ulp/ip/ulp_ulp_cmp_0/bd_1/ip/ip_2/constraints/bs_switch.xdc] for cell 'inst'
Finished Parsing XDC File [/home/nu/ChenLab/tensor-mlir/examples/gpt2/vitis_base3_3slr_stream/_x/link/vivado/vpl/prj/prj.gen/my_rm/bd/ulp/ip/ulp_ulp_cmp_0/bd_1/ip/ip_2/constraints/bs_switch.xdc] for cell 'inst'
INFO: [Project 1-236] Implementation specific constraints were found while reading constraint file [/home/nu/ChenLab/tensor-mlir/examples/gpt2/vitis_base3_3slr_stream/_x/link/vivado/vpl/prj/prj.gen/my_rm/bd/ulp/ip/ulp_ulp_cmp_0/bd_1/ip/ip_2/constraints/bs_switch.xdc]. These constraints will be ignored for synthesis but will be used in implementation. Impacted constraints are listed in the file [.Xil/bd_7cf0_bs_switch_1_0_propImpl.xdc].
Resolution: To avoid this warning, move constraints listed in [.Xil/bd_7cf0_bs_switch_1_0_propImpl.xdc] to another XDC file and exclude this new file from synthesis with the used_in_synthesis property (File Properties dialog in GUI) and re-run elaboration/synthesis.
Parsing XDC File [/home/nu/ChenLab/tensor-mlir/examples/gpt2/vitis_base3_3slr_stream/_x/link/vivado/vpl/prj/prj.runs/bd_7cf0_bs_switch_1_0_synth_1/dont_touch.xdc]
Finished Parsing XDC File [/home/nu/ChenLab/tensor-mlir/examples/gpt2/vitis_base3_3slr_stream/_x/link/vivado/vpl/prj/prj.runs/bd_7cf0_bs_switch_1_0_synth_1/dont_touch.xdc]
Completed Processing XDC Constraints

Netlist sorting complete. Time (s): cpu = 00:00:00 ; elapsed = 00:00:00 . Memory (MB): peak = 3487.684 ; gain = 0.000 ; free physical = 8718 ; free virtual = 78668
INFO: [Project 1-111] Unisim Transformation Summary:
No Unisim elements were transformed.

Constraint Validation Runtime : Time (s): cpu = 00:00:00.01 ; elapsed = 00:00:00.01 . Memory (MB): peak = 3487.719 ; gain = 0.000 ; free physical = 8714 ; free virtual = 78664
INFO: [Designutils 20-5008] Incremental synthesis strategy off
---------------------------------------------------------------------------------
Finished Constraint Validation : Time (s): cpu = 00:00:12 ; elapsed = 00:00:12 . Memory (MB): peak = 3487.719 ; gain = 469.691 ; free physical = 8348 ; free virtual = 78299
---------------------------------------------------------------------------------
---------------------------------------------------------------------------------
Start Loading Part and Timing Information
---------------------------------------------------------------------------------
Loading part: xcu55c-fsvh2892-2L-e
INFO: [Synth 8-6742] Reading net delay rules and data
---------------------------------------------------------------------------------
Finished Loading Part and Timing Information : Time (s): cpu = 00:00:12 ; elapsed = 00:00:12 . Memory (MB): peak = 3495.688 ; gain = 477.660 ; free physical = 8333 ; free virtual = 78284
---------------------------------------------------------------------------------
---------------------------------------------------------------------------------
Start Applying 'set_property' XDC Constraints
---------------------------------------------------------------------------------
---------------------------------------------------------------------------------
Finished applying 'set_property' XDC Constraints : Time (s): cpu = 00:00:12 ; elapsed = 00:00:12 . Memory (MB): peak = 3495.688 ; gain = 477.660 ; free physical = 8349 ; free virtual = 78300
---------------------------------------------------------------------------------
INFO: [Synth 8-802] inferred FSM for state register 'id_state_reg' in module 'bs_switch_v1_0_6_core'
INFO: [Synth 8-6159] Found Keep on FSM register 'id_state_reg' in module 'bs_switch_v1_0_6_core', re-encoding will not be performed
---------------------------------------------------------------------------------------------------
                   State |                     New Encoding |                Previous Encoding 
---------------------------------------------------------------------------------------------------
*
                  iSTATE |                               00 |                               00
                 iSTATE0 |                               01 |                               01
---------------------------------------------------------------------------------------------------
---------------------------------------------------------------------------------
Finished RTL Optimization Phase 2 : Time (s): cpu = 00:00:12 ; elapsed = 00:00:13 . Memory (MB): peak = 3495.688 ; gain = 477.660 ; free physical = 8347 ; free virtual = 78299
---------------------------------------------------------------------------------
---------------------------------------------------------------------------------
Start RTL Component Statistics 
---------------------------------------------------------------------------------
Detailed RTL Component Info : 
+---Adders : 
	   2 Input    6 Bit       Adders := 1     
+---Registers : 
	               32 Bit    Registers := 3     
	                8 Bit    Registers := 1     
	                6 Bit    Registers := 2     
	                3 Bit    Registers := 2     
	                1 Bit    Registers := 1     
+---Muxes : 
	   2 Input   32 Bit        Muxes := 6     
	   2 Input    8 Bit        Muxes := 1     
	   2 Input    6 Bit        Muxes := 4     
	   2 Input    3 Bit        Muxes := 3     
	   3 Input    2 Bit        Muxes := 1     
	   2 Input    2 Bit        Muxes := 2     
	   2 Input    1 Bit        Muxes := 15    
	   3 Input    1 Bit        Muxes := 1     
---------------------------------------------------------------------------------
Finished RTL Component Statistics 
---------------------------------------------------------------------------------
---------------------------------------------------------------------------------
Start Part Resource Summary
---------------------------------------------------------------------------------
Part Resources:
DSPs: 9024 (col length:94)
BRAMs: 4032 (col length: RAMB18 288 RAMB36 144)
---------------------------------------------------------------------------------
Finished Part Resource Summary
---------------------------------------------------------------------------------
---------------------------------------------------------------------------------
Start Cross Boundary and Area Optimization
---------------------------------------------------------------------------------
---------------------------------------------------------------------------------
Finished Cross Boundary and Area Optimization : Time (s): cpu = 00:00:13 ; elapsed = 00:00:14 . Memory (MB): peak = 3495.688 ; gain = 477.660 ; free physical = 8322 ; free virtual = 78274
---------------------------------------------------------------------------------
---------------------------------------------------------------------------------
Start Applying XDC Timing Constraints
---------------------------------------------------------------------------------
---------------------------------------------------------------------------------
Finished Applying XDC Timing Constraints : Time (s): cpu = 00:00:17 ; elapsed = 00:00:18 . Memory (MB): peak = 3949.379 ; gain = 931.352 ; free physical = 8046 ; free virtual = 77998
---------------------------------------------------------------------------------
---------------------------------------------------------------------------------
Start Timing Optimization
---------------------------------------------------------------------------------
---------------------------------------------------------------------------------
Finished Timing Optimization : Time (s): cpu = 00:00:17 ; elapsed = 00:00:18 . Memory (MB): peak = 3982.426 ; gain = 964.398 ; free physical = 7960 ; free virtual = 77913
---------------------------------------------------------------------------------
---------------------------------------------------------------------------------
Start Technology Mapping
---------------------------------------------------------------------------------
---------------------------------------------------------------------------------
Finished Technology Mapping : Time (s): cpu = 00:00:17 ; elapsed = 00:00:18 . Memory (MB): peak = 3982.426 ; gain = 964.398 ; free physical = 7896 ; free virtual = 77848
---------------------------------------------------------------------------------
---------------------------------------------------------------------------------
Start IO Insertion
---------------------------------------------------------------------------------
---------------------------------------------------------------------------------
Start Flattening Before IO Insertion
---------------------------------------------------------------------------------
---------------------------------------------------------------------------------
Finished Flattening Before IO Insertion
---------------------------------------------------------------------------------
---------------------------------------------------------------------------------
Start Final Netlist Cleanup
---------------------------------------------------------------------------------
---------------------------------------------------------------------------------
Finished Final Netlist Cleanup
---------------------------------------------------------------------------------
---------------------------------------------------------------------------------
Finished IO Insertion : Time (s): cpu = 00:00:19 ; elapsed = 00:00:20 . Memory (MB): peak = 4149.238 ; gain = 1131.211 ; free physical = 7693 ; free virtual = 77645
---------------------------------------------------------------------------------
---------------------------------------------------------------------------------
Start Renaming Generated Instances
---------------------------------------------------------------------------------
---------------------------------------------------------------------------------
Finished Renaming Generated Instances : Time (s): cpu = 00:00:19 ; elapsed = 00:00:20 . Memory (MB): peak = 4149.238 ; gain = 1131.211 ; free physical = 7693 ; free virtual = 77645
---------------------------------------------------------------------------------
---------------------------------------------------------------------------------
Start Rebuilding User Hierarchy
---------------------------------------------------------------------------------
---------------------------------------------------------------------------------
Finished Rebuilding User Hierarchy : Time (s): cpu = 00:00:19 ; elapsed = 00:00:20 . Memory (MB): peak = 4149.238 ; gain = 1131.211 ; free physical = 7693 ; free virtual = 77645
---------------------------------------------------------------------------------
---------------------------------------------------------------------------------
Start Renaming Generated Ports
---------------------------------------------------------------------------------
---------------------------------------------------------------------------------
Finished Renaming Generated Ports : Time (s): cpu = 00:00:19 ; elapsed = 00:00:20 . Memory (MB): peak = 4149.238 ; gain = 1131.211 ; free physical = 7693 ; free virtual = 77645
---------------------------------------------------------------------------------
---------------------------------------------------------------------------------
Start Handling Custom Attributes
---------------------------------------------------------------------------------
---------------------------------------------------------------------------------
Finished Handling Custom Attributes : Time (s): cpu = 00:00:19 ; elapsed = 00:00:20 . Memory (MB): peak = 4149.238 ; gain = 1131.211 ; free physical = 7693 ; free virtual = 77645
---------------------------------------------------------------------------------
---------------------------------------------------------------------------------
Start Renaming Generated Nets
---------------------------------------------------------------------------------
---------------------------------------------------------------------------------
Finished Renaming Generated Nets : Time (s): cpu = 00:00:19 ; elapsed = 00:00:20 . Memory (MB): peak = 4149.238 ; gain = 1131.211 ; free physical = 7693 ; free virtual = 77645
---------------------------------------------------------------------------------
---------------------------------------------------------------------------------
Start Writing Synthesis Report
---------------------------------------------------------------------------------

Report BlackBoxes: 
+-+--------------+----------+
| |BlackBox name |Instances |
+-+--------------+----------+
+-+--------------+----------+

Report Cell Usage: 
+------+-------+------+
|      |Cell   |Count |
+------+-------+------+
|1     |CARRY8 |     1|
|2     |LUT1   |     1|
|3     |LUT2   |    35|
|4     |LUT3   |    13|
|5     |LUT4   |    36|
|6     |LUT5   |    44|
|7     |LUT6   |    18|
|8     |FDRE   |   120|
|9     |FDSE   |     5|
+------+-------+------+
---------------------------------------------------------------------------------
Finished Writing Synthesis Report : Time (s): cpu = 00:00:19 ; elapsed = 00:00:20 . Memory (MB): peak = 4149.238 ; gain = 1131.211 ; free physical = 7693 ; free virtual = 77645
---------------------------------------------------------------------------------
Synthesis finished with 0 errors, 0 critical warnings and 0 warnings.
Synthesis Optimization Runtime : Time (s): cpu = 00:00:15 ; elapsed = 00:00:16 . Memory (MB): peak = 4149.238 ; gain = 1052.082 ; free physical = 7692 ; free virtual = 77645
Synthesis Optimization Complete : Time (s): cpu = 00:00:20 ; elapsed = 00:00:21 . Memory (MB): peak = 4149.238 ; gain = 1131.211 ; free physical = 7692 ; free virtual = 77645
INFO: [Project 1-571] Translating synthesized netlist
Netlist sorting complete. Time (s): cpu = 00:00:00 ; elapsed = 00:00:00 . Memory (MB): peak = 4149.238 ; gain = 0.000 ; free physical = 7862 ; free virtual = 77814
INFO: [Netlist 29-17] Analyzing 1 Unisim elements for replacement
INFO: [Netlist 29-28] Unisim Transformation completed in 0 CPU seconds
INFO: [Project 1-570] Preparing netlist for logic optimization
INFO: [Opt 31-138] Pushed 0 inverter(s) to 0 load pin(s).
Netlist sorting complete. Time (s): cpu = 00:00:00 ; elapsed = 00:00:00 . Memory (MB): peak = 4149.238 ; gain = 0.000 ; free physical = 7843 ; free virtual = 77795
INFO: [Project 1-111] Unisim Transformation Summary:
No Unisim elements were transformed.

Synth Design complete | Checksum: 6ff360d4
INFO: [Common 17-83] Releasing license: Synthesis
145 Infos, 4 Warnings, 0 Critical Warnings and 0 Errors encountered.
synth_design completed successfully
synth_design: Time (s): cpu = 00:00:28 ; elapsed = 00:00:29 . Memory (MB): peak = 4149.238 ; gain = 2542.055 ; free physical = 7842 ; free virtual = 77794
INFO: [Common 17-2834] synth_design peak Physical Memory [PSS] (MB): overall = 3450.546; main = 3244.543; forked = 254.399
INFO: [Common 17-2834] synth_design peak Virtual Memory [VSS] (MB): overall = 5105.176; main = 4121.539; forked = 986.750
Write ShapeDB Complete: Time (s): cpu = 00:00:00 ; elapsed = 00:00:00 . Memory (MB): peak = 4149.238 ; gain = 0.000 ; free physical = 7842 ; free virtual = 77794
INFO: [Common 17-1381] The checkpoint '/home/nu/ChenLab/tensor-mlir/examples/gpt2/vitis_base3_3slr_stream/_x/link/vivado/vpl/prj/prj.runs/bd_7cf0_bs_switch_1_0_synth_1/bd_7cf0_bs_switch_1_0.dcp' has been generated.
INFO: [Coretcl 2-1648] Added synthesis output to IP cache for IP bd_7cf0_bs_switch_1_0, cache-ID = 46d05ea80a60c165
INFO: [Coretcl 2-1174] Renamed 2 cell refs.
Write ShapeDB Complete: Time (s): cpu = 00:00:00 ; elapsed = 00:00:00 . Memory (MB): peak = 4149.238 ; gain = 0.000 ; free physical = 7830 ; free virtual = 77782
INFO: [Common 17-1381] The checkpoint '/home/nu/ChenLab/tensor-mlir/examples/gpt2/vitis_base3_3slr_stream/_x/link/vivado/vpl/prj/prj.runs/bd_7cf0_bs_switch_1_0_synth_1/bd_7cf0_bs_switch_1_0.dcp' has been generated.
INFO: [Vivado 12-24828] Executing command : report_utilization -file bd_7cf0_bs_switch_1_0_utilization_synth.rpt -pb bd_7cf0_bs_switch_1_0_utilization_synth.pb
INFO: [Common 17-206] Exiting Vivado at Fri Apr 10 01:31:48 2026...
