
*** Running vivado
    with args -log bd_85ad_slice11_10_0.vds -m64 -product Vivado -mode batch -messageDb vivado.pb -notrace -source bd_85ad_slice11_10_0.tcl


****** Vivado v2025.2 (64-bit)
  **** SW Build 6299465 on Fri Nov 14 12:34:56 MST 2025
  **** IP Build 6300035 on Fri Nov 14 10:48:45 MST 2025
  **** SharedData Build 6298862 on Thu Nov 13 04:50:51 MST 2025
  **** Start of session at: Fri Apr 10 01:47:28 2026
    ** Copyright 1986-2022 Xilinx, Inc. All Rights Reserved.
    ** Copyright 2022-2025 Advanced Micro Devices, Inc. All Rights Reserved.

source bd_85ad_slice11_10_0.tcl -notrace
INFO: Dispatch client connection id - 39599
INFO: [IP_Flow 19-234] Refreshing IP repositories
INFO: [IP_Flow 19-1700] Loaded user IP repository '/home/nu/ChenLab/tensor-mlir/examples/gpt2/vitis_base3_3slr_stream/_x/link/int/xo/ip_repo/xilinx_com_hls_b3c2_1_0'.
INFO: [IP_Flow 19-1700] Loaded user IP repository '/home/nu/ChenLab/tensor-mlir/examples/gpt2/vitis_base3_3slr_stream/_x/link/int/xo/ip_repo/xilinx_com_hls_b3c1_1_0'.
INFO: [IP_Flow 19-1700] Loaded user IP repository '/home/nu/ChenLab/tensor-mlir/examples/gpt2/vitis_base3_3slr_stream/_x/link/int/xo/ip_repo/xilinx_com_hls_b3c0_1_0'.
INFO: [IP_Flow 19-1700] Loaded user IP repository '/home/nu/ChenLab/tensor-mlir/examples/gpt2/vitis_base3_3slr_stream/_x/link/vivado/vpl/.local/hw_platform/iprepo'.
INFO: [IP_Flow 19-1700] Loaded user IP repository '/home/nu/ChenLab/tensor-mlir/examples/gpt2/vitis_base3_3slr_stream/_x/link/vivado/vpl/.local/hw_platform/ipcache'.
INFO: [IP_Flow 19-1700] Loaded user IP repository '/tools/Xilinx/2025.2/Vitis/data/vitis/ip'.
INFO: [IP_Flow 19-2313] Loaded Vivado IP repository '/tools/Xilinx/2025.2/data/ip'.
WARNING: [IP_Flow 19-1663] Duplicate IP found for 'xilinx.com:ip:pipeline_reg:1.0'. The one found in IP location '/home/nu/ChenLab/tensor-mlir/examples/gpt2/vitis_base3_3slr_stream/_x/link/vivado/vpl/.local/hw_platform/iprepo/ipdefs/pxi_ii_infra/pipeline_reg_v1_0' will take precedence over the same IP in location /home/nu/ChenLab/tensor-mlir/examples/gpt2/vitis_base3_3slr_stream/_x/link/vivado/vpl/.local/hw_platform/iprepo/ipdefs/other_ipdefs/pipeline_reg_v1_0
WARNING: [IP_Flow 19-1663] Duplicate IP found for 'xilinx.com:ip:clk_metadata_adapter:1.0'. The one found in IP location '/home/nu/ChenLab/tensor-mlir/examples/gpt2/vitis_base3_3slr_stream/_x/link/vivado/vpl/.local/hw_platform/iprepo/ipdefs/pxi_ii_infra/clk_metadata_adapter_v1_0' will take precedence over the same IP in location /home/nu/ChenLab/tensor-mlir/examples/gpt2/vitis_base3_3slr_stream/_x/link/vivado/vpl/.local/hw_platform/iprepo/ipdefs/other_ipdefs/clk_metadata_adapter_v1_0
WARNING: [IP_Flow 19-1663] Duplicate IP found for 'xilinx.com:ip:axi_clk_metadata_adapter:1.0'. The one found in IP location '/home/nu/ChenLab/tensor-mlir/examples/gpt2/vitis_base3_3slr_stream/_x/link/vivado/vpl/.local/hw_platform/iprepo/ipdefs/other_ipdefs/axi_clk_metadata_adapter_v1_0' will take precedence over the same IP in location /home/nu/ChenLab/tensor-mlir/examples/gpt2/vitis_base3_3slr_stream/_x/link/vivado/vpl/.local/hw_platform/iprepo/ipdefs/pxi_ii_infra/axi_clk_metadata_adapter_v1_0
WARNING: [IP_Flow 19-1663] Duplicate IP found for 'xilinx.com:ip:axis_clk_metadata_adapter:1.0'. The one found in IP location '/home/nu/ChenLab/tensor-mlir/examples/gpt2/vitis_base3_3slr_stream/_x/link/vivado/vpl/.local/hw_platform/iprepo/ipdefs/other_ipdefs/axis_clk_metadata_adapter_v1_0' will take precedence over the same IP in location /home/nu/ChenLab/tensor-mlir/examples/gpt2/vitis_base3_3slr_stream/_x/link/vivado/vpl/.local/hw_platform/iprepo/ipdefs/pxi_ii_infra/axis_clk_metadata_adapter_v1_0
Command: synth_design -top bd_85ad_slice11_10_0 -part xcu55c-fsvh2892-2L-e -incremental_mode off -mode out_of_context
Starting synth_design
Attempting to get a license for feature 'Synthesis' and/or device 'xcu55c'
INFO: [Common 17-349] Got license for feature 'Synthesis' and/or device 'xcu55c'
INFO: [Device 21-403] Loading part xcu55c-fsvh2892-2L-e
INFO: [Synth 8-7079] Multithreading enabled for synth_design using a maximum of 1 processes.
INFO: [Synth 8-7078] Launching helper process for spawning children vivado processes
INFO: [Synth 8-7075] Helper process launched with PID 179033
---------------------------------------------------------------------------------
Starting RTL Elaboration : Time (s): cpu = 00:00:03 ; elapsed = 00:00:03 . Memory (MB): peak = 3307.715 ; gain = 289.688 ; free physical = 5842 ; free virtual = 75979
---------------------------------------------------------------------------------
INFO: [Synth 8-6157] synthesizing module 'bd_85ad_slice11_10_0' [/home/nu/ChenLab/tensor-mlir/examples/gpt2/vitis_base3_3slr_stream/_x/link/vivado/vpl/prj/prj.gen/my_rm/bd/ulp/ip/ulp_hmss_0_0/bd_0/ip/ip_35/synth/bd_85ad_slice11_10_0.v:53]
INFO: [Synth 8-6157] synthesizing module 'axi_register_slice_v2_1_36_axi_register_slice' [/home/nu/ChenLab/tensor-mlir/examples/gpt2/vitis_base3_3slr_stream/_x/link/vivado/vpl/prj/prj.gen/my_rm/bd/ulp/ipshared/bc4b/hdl/axi_register_slice_v2_1_vl_rfs.v:3721]
INFO: [Synth 8-6157] synthesizing module 'axi_infrastructure_v1_1_0_axi2vector' [/home/nu/ChenLab/tensor-mlir/examples/gpt2/vitis_base3_3slr_stream/_x/link/vivado/vpl/prj/prj.gen/my_rm/bd/ulp/ipshared/ec67/hdl/axi_infrastructure_v1_1_vl_rfs.v:59]
INFO: [Synth 8-6155] done synthesizing module 'axi_infrastructure_v1_1_0_axi2vector' (0#1) [/home/nu/ChenLab/tensor-mlir/examples/gpt2/vitis_base3_3slr_stream/_x/link/vivado/vpl/prj/prj.gen/my_rm/bd/ulp/ipshared/ec67/hdl/axi_infrastructure_v1_1_vl_rfs.v:59]
INFO: [Synth 8-6157] synthesizing module 'axi_infrastructure_v1_1_0_vector2axi' [/home/nu/ChenLab/tensor-mlir/examples/gpt2/vitis_base3_3slr_stream/_x/link/vivado/vpl/prj/prj.gen/my_rm/bd/ulp/ipshared/ec67/hdl/axi_infrastructure_v1_1_vl_rfs.v:473]
INFO: [Synth 8-6155] done synthesizing module 'axi_infrastructure_v1_1_0_vector2axi' (0#1) [/home/nu/ChenLab/tensor-mlir/examples/gpt2/vitis_base3_3slr_stream/_x/link/vivado/vpl/prj/prj.gen/my_rm/bd/ulp/ipshared/ec67/hdl/axi_infrastructure_v1_1_vl_rfs.v:473]
INFO: [Synth 8-6157] synthesizing module 'axi_register_slice_v2_1_36_multi_slr' [/home/nu/ChenLab/tensor-mlir/examples/gpt2/vitis_base3_3slr_stream/_x/link/vivado/vpl/prj/prj.gen/my_rm/bd/ulp/ipshared/bc4b/hdl/axi_register_slice_v2_1_vl_rfs.v:2197]
INFO: [Synth 8-6157] synthesizing module 'axi_register_slice_v2_1_36_source_region_slr' [/home/nu/ChenLab/tensor-mlir/examples/gpt2/vitis_base3_3slr_stream/_x/link/vivado/vpl/prj/prj.gen/my_rm/bd/ulp/ipshared/bc4b/hdl/axi_register_slice_v2_1_vl_rfs.v:2850]
INFO: [Synth 8-6157] synthesizing module 'FDCE' [/tools/Xilinx/2025.2/Vivado/scripts/rt/data/unisim_comp.v:49180]
INFO: [Synth 8-6155] done synthesizing module 'FDCE' (0#1) [/tools/Xilinx/2025.2/Vivado/scripts/rt/data/unisim_comp.v:49180]
INFO: [Synth 8-6155] done synthesizing module 'axi_register_slice_v2_1_36_source_region_slr' (0#1) [/home/nu/ChenLab/tensor-mlir/examples/gpt2/vitis_base3_3slr_stream/_x/link/vivado/vpl/prj/prj.gen/my_rm/bd/ulp/ipshared/bc4b/hdl/axi_register_slice_v2_1_vl_rfs.v:2850]
INFO: [Synth 8-6157] synthesizing module 'axi_register_slice_v2_1_36_middle_region_slr' [/home/nu/ChenLab/tensor-mlir/examples/gpt2/vitis_base3_3slr_stream/_x/link/vivado/vpl/prj/prj.gen/my_rm/bd/ulp/ipshared/bc4b/hdl/axi_register_slice_v2_1_vl_rfs.v:2709]
INFO: [Synth 8-6155] done synthesizing module 'axi_register_slice_v2_1_36_middle_region_slr' (0#1) [/home/nu/ChenLab/tensor-mlir/examples/gpt2/vitis_base3_3slr_stream/_x/link/vivado/vpl/prj/prj.gen/my_rm/bd/ulp/ipshared/bc4b/hdl/axi_register_slice_v2_1_vl_rfs.v:2709]
INFO: [Synth 8-6157] synthesizing module 'axi_register_slice_v2_1_36_dest_region_slr' [/home/nu/ChenLab/tensor-mlir/examples/gpt2/vitis_base3_3slr_stream/_x/link/vivado/vpl/prj/prj.gen/my_rm/bd/ulp/ipshared/bc4b/hdl/axi_register_slice_v2_1_vl_rfs.v:3034]
INFO: [Synth 8-6157] synthesizing module 'axi_register_slice_v2_1_36_axic_reg_srl_fifo' [/home/nu/ChenLab/tensor-mlir/examples/gpt2/vitis_base3_3slr_stream/_x/link/vivado/vpl/prj/prj.gen/my_rm/bd/ulp/ipshared/bc4b/hdl/axi_register_slice_v2_1_vl_rfs.v:3438]
INFO: [Synth 8-6157] synthesizing module 'axi_register_slice_v2_1_36_srl_rtl' [/home/nu/ChenLab/tensor-mlir/examples/gpt2/vitis_base3_3slr_stream/_x/link/vivado/vpl/prj/prj.gen/my_rm/bd/ulp/ipshared/bc4b/hdl/axi_register_slice_v2_1_vl_rfs.v:1468]
INFO: [Synth 8-6155] done synthesizing module 'axi_register_slice_v2_1_36_srl_rtl' (0#1) [/home/nu/ChenLab/tensor-mlir/examples/gpt2/vitis_base3_3slr_stream/_x/link/vivado/vpl/prj/prj.gen/my_rm/bd/ulp/ipshared/bc4b/hdl/axi_register_slice_v2_1_vl_rfs.v:1468]
INFO: [Synth 8-6155] done synthesizing module 'axi_register_slice_v2_1_36_axic_reg_srl_fifo' (0#1) [/home/nu/ChenLab/tensor-mlir/examples/gpt2/vitis_base3_3slr_stream/_x/link/vivado/vpl/prj/prj.gen/my_rm/bd/ulp/ipshared/bc4b/hdl/axi_register_slice_v2_1_vl_rfs.v:3438]
INFO: [Synth 8-6155] done synthesizing module 'axi_register_slice_v2_1_36_dest_region_slr' (0#1) [/home/nu/ChenLab/tensor-mlir/examples/gpt2/vitis_base3_3slr_stream/_x/link/vivado/vpl/prj/prj.gen/my_rm/bd/ulp/ipshared/bc4b/hdl/axi_register_slice_v2_1_vl_rfs.v:3034]
INFO: [Synth 8-6155] done synthesizing module 'axi_register_slice_v2_1_36_multi_slr' (0#1) [/home/nu/ChenLab/tensor-mlir/examples/gpt2/vitis_base3_3slr_stream/_x/link/vivado/vpl/prj/prj.gen/my_rm/bd/ulp/ipshared/bc4b/hdl/axi_register_slice_v2_1_vl_rfs.v:2197]
INFO: [Synth 8-6157] synthesizing module 'axi_register_slice_v2_1_36_multi_slr__parameterized0' [/home/nu/ChenLab/tensor-mlir/examples/gpt2/vitis_base3_3slr_stream/_x/link/vivado/vpl/prj/prj.gen/my_rm/bd/ulp/ipshared/bc4b/hdl/axi_register_slice_v2_1_vl_rfs.v:2197]
INFO: [Synth 8-6157] synthesizing module 'axi_register_slice_v2_1_36_source_region_slr__parameterized0' [/home/nu/ChenLab/tensor-mlir/examples/gpt2/vitis_base3_3slr_stream/_x/link/vivado/vpl/prj/prj.gen/my_rm/bd/ulp/ipshared/bc4b/hdl/axi_register_slice_v2_1_vl_rfs.v:2850]
INFO: [Synth 8-6155] done synthesizing module 'axi_register_slice_v2_1_36_source_region_slr__parameterized0' (0#1) [/home/nu/ChenLab/tensor-mlir/examples/gpt2/vitis_base3_3slr_stream/_x/link/vivado/vpl/prj/prj.gen/my_rm/bd/ulp/ipshared/bc4b/hdl/axi_register_slice_v2_1_vl_rfs.v:2850]
INFO: [Synth 8-6157] synthesizing module 'axi_register_slice_v2_1_36_middle_region_slr__parameterized0' [/home/nu/ChenLab/tensor-mlir/examples/gpt2/vitis_base3_3slr_stream/_x/link/vivado/vpl/prj/prj.gen/my_rm/bd/ulp/ipshared/bc4b/hdl/axi_register_slice_v2_1_vl_rfs.v:2709]
INFO: [Synth 8-6155] done synthesizing module 'axi_register_slice_v2_1_36_middle_region_slr__parameterized0' (0#1) [/home/nu/ChenLab/tensor-mlir/examples/gpt2/vitis_base3_3slr_stream/_x/link/vivado/vpl/prj/prj.gen/my_rm/bd/ulp/ipshared/bc4b/hdl/axi_register_slice_v2_1_vl_rfs.v:2709]
INFO: [Synth 8-6157] synthesizing module 'axi_register_slice_v2_1_36_dest_region_slr__parameterized0' [/home/nu/ChenLab/tensor-mlir/examples/gpt2/vitis_base3_3slr_stream/_x/link/vivado/vpl/prj/prj.gen/my_rm/bd/ulp/ipshared/bc4b/hdl/axi_register_slice_v2_1_vl_rfs.v:3034]
INFO: [Synth 8-6157] synthesizing module 'axi_register_slice_v2_1_36_axic_reg_srl_fifo__parameterized0' [/home/nu/ChenLab/tensor-mlir/examples/gpt2/vitis_base3_3slr_stream/_x/link/vivado/vpl/prj/prj.gen/my_rm/bd/ulp/ipshared/bc4b/hdl/axi_register_slice_v2_1_vl_rfs.v:3438]
INFO: [Synth 8-6155] done synthesizing module 'axi_register_slice_v2_1_36_axic_reg_srl_fifo__parameterized0' (0#1) [/home/nu/ChenLab/tensor-mlir/examples/gpt2/vitis_base3_3slr_stream/_x/link/vivado/vpl/prj/prj.gen/my_rm/bd/ulp/ipshared/bc4b/hdl/axi_register_slice_v2_1_vl_rfs.v:3438]
INFO: [Synth 8-6155] done synthesizing module 'axi_register_slice_v2_1_36_dest_region_slr__parameterized0' (0#1) [/home/nu/ChenLab/tensor-mlir/examples/gpt2/vitis_base3_3slr_stream/_x/link/vivado/vpl/prj/prj.gen/my_rm/bd/ulp/ipshared/bc4b/hdl/axi_register_slice_v2_1_vl_rfs.v:3034]
INFO: [Synth 8-6155] done synthesizing module 'axi_register_slice_v2_1_36_multi_slr__parameterized0' (0#1) [/home/nu/ChenLab/tensor-mlir/examples/gpt2/vitis_base3_3slr_stream/_x/link/vivado/vpl/prj/prj.gen/my_rm/bd/ulp/ipshared/bc4b/hdl/axi_register_slice_v2_1_vl_rfs.v:2197]
INFO: [Synth 8-6157] synthesizing module 'axi_register_slice_v2_1_36_multi_slr__parameterized1' [/home/nu/ChenLab/tensor-mlir/examples/gpt2/vitis_base3_3slr_stream/_x/link/vivado/vpl/prj/prj.gen/my_rm/bd/ulp/ipshared/bc4b/hdl/axi_register_slice_v2_1_vl_rfs.v:2197]
INFO: [Synth 8-6157] synthesizing module 'axi_register_slice_v2_1_36_source_region_slr__parameterized1' [/home/nu/ChenLab/tensor-mlir/examples/gpt2/vitis_base3_3slr_stream/_x/link/vivado/vpl/prj/prj.gen/my_rm/bd/ulp/ipshared/bc4b/hdl/axi_register_slice_v2_1_vl_rfs.v:2850]
INFO: [Synth 8-6155] done synthesizing module 'axi_register_slice_v2_1_36_source_region_slr__parameterized1' (0#1) [/home/nu/ChenLab/tensor-mlir/examples/gpt2/vitis_base3_3slr_stream/_x/link/vivado/vpl/prj/prj.gen/my_rm/bd/ulp/ipshared/bc4b/hdl/axi_register_slice_v2_1_vl_rfs.v:2850]
INFO: [Synth 8-6157] synthesizing module 'axi_register_slice_v2_1_36_middle_region_slr__parameterized1' [/home/nu/ChenLab/tensor-mlir/examples/gpt2/vitis_base3_3slr_stream/_x/link/vivado/vpl/prj/prj.gen/my_rm/bd/ulp/ipshared/bc4b/hdl/axi_register_slice_v2_1_vl_rfs.v:2709]
INFO: [Synth 8-6155] done synthesizing module 'axi_register_slice_v2_1_36_middle_region_slr__parameterized1' (0#1) [/home/nu/ChenLab/tensor-mlir/examples/gpt2/vitis_base3_3slr_stream/_x/link/vivado/vpl/prj/prj.gen/my_rm/bd/ulp/ipshared/bc4b/hdl/axi_register_slice_v2_1_vl_rfs.v:2709]
INFO: [Synth 8-6157] synthesizing module 'axi_register_slice_v2_1_36_dest_region_slr__parameterized1' [/home/nu/ChenLab/tensor-mlir/examples/gpt2/vitis_base3_3slr_stream/_x/link/vivado/vpl/prj/prj.gen/my_rm/bd/ulp/ipshared/bc4b/hdl/axi_register_slice_v2_1_vl_rfs.v:3034]
INFO: [Synth 8-6157] synthesizing module 'axi_register_slice_v2_1_36_axic_reg_srl_fifo__parameterized1' [/home/nu/ChenLab/tensor-mlir/examples/gpt2/vitis_base3_3slr_stream/_x/link/vivado/vpl/prj/prj.gen/my_rm/bd/ulp/ipshared/bc4b/hdl/axi_register_slice_v2_1_vl_rfs.v:3438]
INFO: [Synth 8-6155] done synthesizing module 'axi_register_slice_v2_1_36_axic_reg_srl_fifo__parameterized1' (0#1) [/home/nu/ChenLab/tensor-mlir/examples/gpt2/vitis_base3_3slr_stream/_x/link/vivado/vpl/prj/prj.gen/my_rm/bd/ulp/ipshared/bc4b/hdl/axi_register_slice_v2_1_vl_rfs.v:3438]
INFO: [Synth 8-6155] done synthesizing module 'axi_register_slice_v2_1_36_dest_region_slr__parameterized1' (0#1) [/home/nu/ChenLab/tensor-mlir/examples/gpt2/vitis_base3_3slr_stream/_x/link/vivado/vpl/prj/prj.gen/my_rm/bd/ulp/ipshared/bc4b/hdl/axi_register_slice_v2_1_vl_rfs.v:3034]
INFO: [Synth 8-6155] done synthesizing module 'axi_register_slice_v2_1_36_multi_slr__parameterized1' (0#1) [/home/nu/ChenLab/tensor-mlir/examples/gpt2/vitis_base3_3slr_stream/_x/link/vivado/vpl/prj/prj.gen/my_rm/bd/ulp/ipshared/bc4b/hdl/axi_register_slice_v2_1_vl_rfs.v:2197]
INFO: [Synth 8-6157] synthesizing module 'axi_register_slice_v2_1_36_multi_slr__parameterized2' [/home/nu/ChenLab/tensor-mlir/examples/gpt2/vitis_base3_3slr_stream/_x/link/vivado/vpl/prj/prj.gen/my_rm/bd/ulp/ipshared/bc4b/hdl/axi_register_slice_v2_1_vl_rfs.v:2197]
INFO: [Synth 8-6157] synthesizing module 'axi_register_slice_v2_1_36_source_region_slr__parameterized2' [/home/nu/ChenLab/tensor-mlir/examples/gpt2/vitis_base3_3slr_stream/_x/link/vivado/vpl/prj/prj.gen/my_rm/bd/ulp/ipshared/bc4b/hdl/axi_register_slice_v2_1_vl_rfs.v:2850]
INFO: [Synth 8-6155] done synthesizing module 'axi_register_slice_v2_1_36_source_region_slr__parameterized2' (0#1) [/home/nu/ChenLab/tensor-mlir/examples/gpt2/vitis_base3_3slr_stream/_x/link/vivado/vpl/prj/prj.gen/my_rm/bd/ulp/ipshared/bc4b/hdl/axi_register_slice_v2_1_vl_rfs.v:2850]
INFO: [Synth 8-6157] synthesizing module 'axi_register_slice_v2_1_36_middle_region_slr__parameterized2' [/home/nu/ChenLab/tensor-mlir/examples/gpt2/vitis_base3_3slr_stream/_x/link/vivado/vpl/prj/prj.gen/my_rm/bd/ulp/ipshared/bc4b/hdl/axi_register_slice_v2_1_vl_rfs.v:2709]
INFO: [Synth 8-6155] done synthesizing module 'axi_register_slice_v2_1_36_middle_region_slr__parameterized2' (0#1) [/home/nu/ChenLab/tensor-mlir/examples/gpt2/vitis_base3_3slr_stream/_x/link/vivado/vpl/prj/prj.gen/my_rm/bd/ulp/ipshared/bc4b/hdl/axi_register_slice_v2_1_vl_rfs.v:2709]
INFO: [Synth 8-6157] synthesizing module 'axi_register_slice_v2_1_36_dest_region_slr__parameterized2' [/home/nu/ChenLab/tensor-mlir/examples/gpt2/vitis_base3_3slr_stream/_x/link/vivado/vpl/prj/prj.gen/my_rm/bd/ulp/ipshared/bc4b/hdl/axi_register_slice_v2_1_vl_rfs.v:3034]
INFO: [Synth 8-6157] synthesizing module 'axi_register_slice_v2_1_36_axic_reg_srl_fifo__parameterized2' [/home/nu/ChenLab/tensor-mlir/examples/gpt2/vitis_base3_3slr_stream/_x/link/vivado/vpl/prj/prj.gen/my_rm/bd/ulp/ipshared/bc4b/hdl/axi_register_slice_v2_1_vl_rfs.v:3438]
INFO: [Synth 8-6155] done synthesizing module 'axi_register_slice_v2_1_36_axic_reg_srl_fifo__parameterized2' (0#1) [/home/nu/ChenLab/tensor-mlir/examples/gpt2/vitis_base3_3slr_stream/_x/link/vivado/vpl/prj/prj.gen/my_rm/bd/ulp/ipshared/bc4b/hdl/axi_register_slice_v2_1_vl_rfs.v:3438]
INFO: [Synth 8-6155] done synthesizing module 'axi_register_slice_v2_1_36_dest_region_slr__parameterized2' (0#1) [/home/nu/ChenLab/tensor-mlir/examples/gpt2/vitis_base3_3slr_stream/_x/link/vivado/vpl/prj/prj.gen/my_rm/bd/ulp/ipshared/bc4b/hdl/axi_register_slice_v2_1_vl_rfs.v:3034]
INFO: [Synth 8-6155] done synthesizing module 'axi_register_slice_v2_1_36_multi_slr__parameterized2' (0#1) [/home/nu/ChenLab/tensor-mlir/examples/gpt2/vitis_base3_3slr_stream/_x/link/vivado/vpl/prj/prj.gen/my_rm/bd/ulp/ipshared/bc4b/hdl/axi_register_slice_v2_1_vl_rfs.v:2197]
INFO: [Synth 8-6155] done synthesizing module 'axi_register_slice_v2_1_36_axi_register_slice' (0#1) [/home/nu/ChenLab/tensor-mlir/examples/gpt2/vitis_base3_3slr_stream/_x/link/vivado/vpl/prj/prj.gen/my_rm/bd/ulp/ipshared/bc4b/hdl/axi_register_slice_v2_1_vl_rfs.v:3721]
INFO: [Synth 8-6155] done synthesizing module 'bd_85ad_slice11_10_0' (0#1) [/home/nu/ChenLab/tensor-mlir/examples/gpt2/vitis_base3_3slr_stream/_x/link/vivado/vpl/prj/prj.gen/my_rm/bd/ulp/ip/ulp_hmss_0_0/bd_0/ip/ip_35/synth/bd_85ad_slice11_10_0.v:53]
INFO: [Synth 8-6014] Unused sequential element common.areset_dly_reg was removed.  [/home/nu/ChenLab/tensor-mlir/examples/gpt2/vitis_base3_3slr_stream/_x/link/vivado/vpl/prj/prj.gen/my_rm/bd/ulp/ipshared/bc4b/hdl/axi_register_slice_v2_1_vl_rfs.v:3186]
INFO: [Synth 8-6014] Unused sequential element common.areset_dly_reg was removed.  [/home/nu/ChenLab/tensor-mlir/examples/gpt2/vitis_base3_3slr_stream/_x/link/vivado/vpl/prj/prj.gen/my_rm/bd/ulp/ipshared/bc4b/hdl/axi_register_slice_v2_1_vl_rfs.v:3186]
INFO: [Synth 8-6014] Unused sequential element common.areset_dly_reg was removed.  [/home/nu/ChenLab/tensor-mlir/examples/gpt2/vitis_base3_3slr_stream/_x/link/vivado/vpl/prj/prj.gen/my_rm/bd/ulp/ipshared/bc4b/hdl/axi_register_slice_v2_1_vl_rfs.v:2956]
INFO: [Synth 8-6014] Unused sequential element common.areset_dly_reg was removed.  [/home/nu/ChenLab/tensor-mlir/examples/gpt2/vitis_base3_3slr_stream/_x/link/vivado/vpl/prj/prj.gen/my_rm/bd/ulp/ipshared/bc4b/hdl/axi_register_slice_v2_1_vl_rfs.v:2956]
INFO: [Synth 8-7129] Port ACLK2X in module axi_register_slice_v2_1_36_dest_region_slr__parameterized2 is either unconnected or has no load
INFO: [Synth 8-7129] Port ACLK2X in module axi_register_slice_v2_1_36_source_region_slr__parameterized2 is either unconnected or has no load
INFO: [Synth 8-7129] Port ACLK2X in module axi_register_slice_v2_1_36_dest_region_slr is either unconnected or has no load
INFO: [Synth 8-7129] Port ACLK2X in module axi_register_slice_v2_1_36_source_region_slr is either unconnected or has no load
INFO: [Synth 8-7129] Port ACLK2X in module axi_register_slice_v2_1_36_dest_region_slr__parameterized1 is either unconnected or has no load
INFO: [Synth 8-7129] Port ACLK2X in module axi_register_slice_v2_1_36_source_region_slr__parameterized1 is either unconnected or has no load
INFO: [Synth 8-7129] Port ACLK2X in module axi_register_slice_v2_1_36_dest_region_slr__parameterized0 is either unconnected or has no load
INFO: [Synth 8-7129] Port ACLK2X in module axi_register_slice_v2_1_36_source_region_slr__parameterized0 is either unconnected or has no load
INFO: [Synth 8-7129] Port m_axi_buser[0] in module axi_infrastructure_v1_1_0_vector2axi is either unconnected or has no load
INFO: [Synth 8-7129] Port m_axi_ruser[0] in module axi_infrastructure_v1_1_0_vector2axi is either unconnected or has no load
INFO: [Synth 8-7129] Port s_axi_awregion[3] in module axi_infrastructure_v1_1_0_axi2vector is either unconnected or has no load
INFO: [Synth 8-7129] Port s_axi_awregion[2] in module axi_infrastructure_v1_1_0_axi2vector is either unconnected or has no load
INFO: [Synth 8-7129] Port s_axi_awregion[1] in module axi_infrastructure_v1_1_0_axi2vector is either unconnected or has no load
INFO: [Synth 8-7129] Port s_axi_awregion[0] in module axi_infrastructure_v1_1_0_axi2vector is either unconnected or has no load
INFO: [Synth 8-7129] Port s_axi_awuser[0] in module axi_infrastructure_v1_1_0_axi2vector is either unconnected or has no load
INFO: [Synth 8-7129] Port s_axi_wuser[0] in module axi_infrastructure_v1_1_0_axi2vector is either unconnected or has no load
INFO: [Synth 8-7129] Port s_axi_arregion[3] in module axi_infrastructure_v1_1_0_axi2vector is either unconnected or has no load
INFO: [Synth 8-7129] Port s_axi_arregion[2] in module axi_infrastructure_v1_1_0_axi2vector is either unconnected or has no load
INFO: [Synth 8-7129] Port s_axi_arregion[1] in module axi_infrastructure_v1_1_0_axi2vector is either unconnected or has no load
INFO: [Synth 8-7129] Port s_axi_arregion[0] in module axi_infrastructure_v1_1_0_axi2vector is either unconnected or has no load
INFO: [Synth 8-7129] Port s_axi_aruser[0] in module axi_infrastructure_v1_1_0_axi2vector is either unconnected or has no load
INFO: [Synth 8-7129] Port aclk2x in module axi_register_slice_v2_1_36_axi_register_slice is either unconnected or has no load
---------------------------------------------------------------------------------
Finished RTL Elaboration : Time (s): cpu = 00:00:04 ; elapsed = 00:00:05 . Memory (MB): peak = 3419.652 ; gain = 401.625 ; free physical = 5701 ; free virtual = 75839
---------------------------------------------------------------------------------
---------------------------------------------------------------------------------
Start Handling Custom Attributes
---------------------------------------------------------------------------------
---------------------------------------------------------------------------------
Finished Handling Custom Attributes : Time (s): cpu = 00:00:04 ; elapsed = 00:00:05 . Memory (MB): peak = 3422.621 ; gain = 404.594 ; free physical = 5700 ; free virtual = 75839
---------------------------------------------------------------------------------
---------------------------------------------------------------------------------
Finished RTL Optimization Phase 1 : Time (s): cpu = 00:00:04 ; elapsed = 00:00:05 . Memory (MB): peak = 3422.621 ; gain = 404.594 ; free physical = 5700 ; free virtual = 75839
---------------------------------------------------------------------------------
Netlist sorting complete. Time (s): cpu = 00:00:00.19 ; elapsed = 00:00:00.19 . Memory (MB): peak = 3433.590 ; gain = 0.000 ; free physical = 5697 ; free virtual = 75835
INFO: [Project 1-570] Preparing netlist for logic optimization

Processing XDC Constraints
Initializing timing engine
Parsing XDC File [/home/nu/ChenLab/tensor-mlir/examples/gpt2/vitis_base3_3slr_stream/_x/link/vivado/vpl/prj/prj.gen/my_rm/bd/ulp/ip/ulp_hmss_0_0/bd_0/ip/ip_35/bd_85ad_slice11_10_0_ooc.xdc] for cell 'inst'
Finished Parsing XDC File [/home/nu/ChenLab/tensor-mlir/examples/gpt2/vitis_base3_3slr_stream/_x/link/vivado/vpl/prj/prj.gen/my_rm/bd/ulp/ip/ulp_hmss_0_0/bd_0/ip/ip_35/bd_85ad_slice11_10_0_ooc.xdc] for cell 'inst'
Parsing XDC File [/home/nu/ChenLab/tensor-mlir/examples/gpt2/vitis_base3_3slr_stream/_x/link/vivado/vpl/prj/prj.runs/bd_85ad_slice11_10_0_synth_1/dont_touch.xdc]
Finished Parsing XDC File [/home/nu/ChenLab/tensor-mlir/examples/gpt2/vitis_base3_3slr_stream/_x/link/vivado/vpl/prj/prj.runs/bd_85ad_slice11_10_0_synth_1/dont_touch.xdc]
Parsing XDC File [/home/nu/ChenLab/tensor-mlir/examples/gpt2/vitis_base3_3slr_stream/_x/link/vivado/vpl/prj/prj.gen/my_rm/bd/ulp/ip/ulp_hmss_0_0/bd_0/ip/ip_35/bd_85ad_slice11_10_0_clocks.xdc] for cell 'inst'
Finished Parsing XDC File [/home/nu/ChenLab/tensor-mlir/examples/gpt2/vitis_base3_3slr_stream/_x/link/vivado/vpl/prj/prj.gen/my_rm/bd/ulp/ip/ulp_hmss_0_0/bd_0/ip/ip_35/bd_85ad_slice11_10_0_clocks.xdc] for cell 'inst'
Completed Processing XDC Constraints

Netlist sorting complete. Time (s): cpu = 00:00:00.01 ; elapsed = 00:00:00.01 . Memory (MB): peak = 3515.457 ; gain = 0.000 ; free physical = 5773 ; free virtual = 75915
INFO: [Project 1-111] Unisim Transformation Summary:
No Unisim elements were transformed.

Constraint Validation Runtime : Time (s): cpu = 00:00:00.58 ; elapsed = 00:00:00.57 . Memory (MB): peak = 3515.492 ; gain = 0.000 ; free physical = 5769 ; free virtual = 75912
INFO: [Designutils 20-5008] Incremental synthesis strategy off
---------------------------------------------------------------------------------
Finished Constraint Validation : Time (s): cpu = 00:00:16 ; elapsed = 00:00:17 . Memory (MB): peak = 3515.492 ; gain = 497.465 ; free physical = 5767 ; free virtual = 75910
---------------------------------------------------------------------------------
---------------------------------------------------------------------------------
Start Loading Part and Timing Information
---------------------------------------------------------------------------------
Loading part: xcu55c-fsvh2892-2L-e
INFO: [Synth 8-6742] Reading net delay rules and data
---------------------------------------------------------------------------------
Finished Loading Part and Timing Information : Time (s): cpu = 00:00:16 ; elapsed = 00:00:17 . Memory (MB): peak = 3523.461 ; gain = 505.434 ; free physical = 5767 ; free virtual = 75910
---------------------------------------------------------------------------------
---------------------------------------------------------------------------------
Start Applying 'set_property' XDC Constraints
---------------------------------------------------------------------------------
---------------------------------------------------------------------------------
Finished applying 'set_property' XDC Constraints : Time (s): cpu = 00:00:16 ; elapsed = 00:00:17 . Memory (MB): peak = 3523.461 ; gain = 505.434 ; free physical = 5767 ; free virtual = 75910
---------------------------------------------------------------------------------
---------------------------------------------------------------------------------
Finished RTL Optimization Phase 2 : Time (s): cpu = 00:00:17 ; elapsed = 00:00:17 . Memory (MB): peak = 3523.461 ; gain = 505.434 ; free physical = 5767 ; free virtual = 75912
---------------------------------------------------------------------------------
---------------------------------------------------------------------------------
Start RTL Component Statistics 
---------------------------------------------------------------------------------
Detailed RTL Component Info : 
+---Adders : 
	   2 Input    6 Bit       Adders := 5     
+---Registers : 
	              290 Bit    Registers := 17    
	              260 Bit    Registers := 17    
	               57 Bit    Registers := 34    
	               16 Bit    Registers := 5     
	                6 Bit    Registers := 5     
	                4 Bit    Registers := 15    
	                3 Bit    Registers := 17    
	                1 Bit    Registers := 95    
+---Muxes : 
	   2 Input  290 Bit        Muxes := 1     
	   2 Input  260 Bit        Muxes := 1     
	   2 Input   57 Bit        Muxes := 2     
	   2 Input    3 Bit        Muxes := 1     
	   2 Input    2 Bit        Muxes := 10    
	   4 Input    2 Bit        Muxes := 5     
	   4 Input    1 Bit        Muxes := 15    
	  10 Input    1 Bit        Muxes := 5     
	   2 Input    1 Bit        Muxes := 5     
	   7 Input    1 Bit        Muxes := 5     
---------------------------------------------------------------------------------
Finished RTL Component Statistics 
---------------------------------------------------------------------------------
---------------------------------------------------------------------------------
Start Part Resource Summary
---------------------------------------------------------------------------------
Part Resources:
DSPs: 9024 (col length:94)
BRAMs: 4032 (col length: RAMB18 288 RAMB36 144)
---------------------------------------------------------------------------------
Finished Part Resource Summary
---------------------------------------------------------------------------------
---------------------------------------------------------------------------------
Start Cross Boundary and Area Optimization
---------------------------------------------------------------------------------
INFO: [Synth 8-7129] Port aclk2x in module axi_register_slice_v2_1_36_axi_register_slice is either unconnected or has no load
INFO: [Synth 8-7129] Port s_axi_awregion[3] in module axi_register_slice_v2_1_36_axi_register_slice is either unconnected or has no load
INFO: [Synth 8-7129] Port s_axi_awregion[2] in module axi_register_slice_v2_1_36_axi_register_slice is either unconnected or has no load
INFO: [Synth 8-7129] Port s_axi_awregion[1] in module axi_register_slice_v2_1_36_axi_register_slice is either unconnected or has no load
INFO: [Synth 8-7129] Port s_axi_awregion[0] in module axi_register_slice_v2_1_36_axi_register_slice is either unconnected or has no load
INFO: [Synth 8-7129] Port s_axi_awuser[0] in module axi_register_slice_v2_1_36_axi_register_slice is either unconnected or has no load
INFO: [Synth 8-7129] Port s_axi_wuser[0] in module axi_register_slice_v2_1_36_axi_register_slice is either unconnected or has no load
INFO: [Synth 8-7129] Port s_axi_arregion[3] in module axi_register_slice_v2_1_36_axi_register_slice is either unconnected or has no load
INFO: [Synth 8-7129] Port s_axi_arregion[2] in module axi_register_slice_v2_1_36_axi_register_slice is either unconnected or has no load
INFO: [Synth 8-7129] Port s_axi_arregion[1] in module axi_register_slice_v2_1_36_axi_register_slice is either unconnected or has no load
INFO: [Synth 8-7129] Port s_axi_arregion[0] in module axi_register_slice_v2_1_36_axi_register_slice is either unconnected or has no load
INFO: [Synth 8-7129] Port s_axi_aruser[0] in module axi_register_slice_v2_1_36_axi_register_slice is either unconnected or has no load
INFO: [Synth 8-7129] Port m_axi_buser[0] in module axi_register_slice_v2_1_36_axi_register_slice is either unconnected or has no load
INFO: [Synth 8-7129] Port m_axi_ruser[0] in module axi_register_slice_v2_1_36_axi_register_slice is either unconnected or has no load
INFO: [Synth 8-3332] Sequential element (aw15.aw_multi/triple_slr.fwd.slr_master/common.pipe[4].payload_valid_asyncclear_inst) is unused and will be removed from module axi_register_slice_v2_1_36_axi_register_slice.
INFO: [Synth 8-3332] Sequential element (aw15.aw_multi/triple_slr.fwd.slr_middle/common.pipe[0].payload_valid_asyncclear_inst) is unused and will be removed from module axi_register_slice_v2_1_36_axi_register_slice.
INFO: [Synth 8-3332] Sequential element (aw15.aw_multi/triple_slr.fwd.slr_middle/common.pipe[5].payload_valid_asyncclear_inst) is unused and will be removed from module axi_register_slice_v2_1_36_axi_register_slice.
INFO: [Synth 8-3332] Sequential element (aw15.aw_multi/triple_slr.fwd.slr_slave/common.pipe[0].payload_valid_asyncclear_inst) is unused and will be removed from module axi_register_slice_v2_1_36_axi_register_slice.
INFO: [Synth 8-3332] Sequential element (w15.w_multi/triple_slr.fwd.slr_master/common.pipe[4].payload_valid_asyncclear_inst) is unused and will be removed from module axi_register_slice_v2_1_36_axi_register_slice.
INFO: [Synth 8-3332] Sequential element (w15.w_multi/triple_slr.fwd.slr_middle/common.pipe[0].payload_valid_asyncclear_inst) is unused and will be removed from module axi_register_slice_v2_1_36_axi_register_slice.
INFO: [Synth 8-3332] Sequential element (w15.w_multi/triple_slr.fwd.slr_middle/common.pipe[5].payload_valid_asyncclear_inst) is unused and will be removed from module axi_register_slice_v2_1_36_axi_register_slice.
INFO: [Synth 8-3332] Sequential element (w15.w_multi/triple_slr.fwd.slr_slave/common.pipe[0].payload_valid_asyncclear_inst) is unused and will be removed from module axi_register_slice_v2_1_36_axi_register_slice.
INFO: [Synth 8-3332] Sequential element (b15.b_multi/triple_slr.resp.slr_slave/common.pipe[4].payload_valid_asyncclear_inst) is unused and will be removed from module axi_register_slice_v2_1_36_axi_register_slice.
INFO: [Synth 8-3332] Sequential element (b15.b_multi/triple_slr.resp.slr_middle/common.pipe[0].payload_valid_asyncclear_inst) is unused and will be removed from module axi_register_slice_v2_1_36_axi_register_slice.
INFO: [Synth 8-3332] Sequential element (b15.b_multi/triple_slr.resp.slr_middle/common.pipe[5].payload_valid_asyncclear_inst) is unused and will be removed from module axi_register_slice_v2_1_36_axi_register_slice.
INFO: [Synth 8-3332] Sequential element (b15.b_multi/triple_slr.resp.slr_master/common.pipe[0].payload_valid_asyncclear_inst) is unused and will be removed from module axi_register_slice_v2_1_36_axi_register_slice.
INFO: [Synth 8-3332] Sequential element (ar15.ar_multi/triple_slr.fwd.slr_master/common.pipe[4].payload_valid_asyncclear_inst) is unused and will be removed from module axi_register_slice_v2_1_36_axi_register_slice.
INFO: [Synth 8-3332] Sequential element (ar15.ar_multi/triple_slr.fwd.slr_middle/common.pipe[0].payload_valid_asyncclear_inst) is unused and will be removed from module axi_register_slice_v2_1_36_axi_register_slice.
INFO: [Synth 8-3332] Sequential element (ar15.ar_multi/triple_slr.fwd.slr_middle/common.pipe[5].payload_valid_asyncclear_inst) is unused and will be removed from module axi_register_slice_v2_1_36_axi_register_slice.
INFO: [Synth 8-3332] Sequential element (ar15.ar_multi/triple_slr.fwd.slr_slave/common.pipe[0].payload_valid_asyncclear_inst) is unused and will be removed from module axi_register_slice_v2_1_36_axi_register_slice.
INFO: [Synth 8-3332] Sequential element (r15.r_multi/triple_slr.resp.slr_slave/common.pipe[4].payload_valid_asyncclear_inst) is unused and will be removed from module axi_register_slice_v2_1_36_axi_register_slice.
INFO: [Synth 8-3332] Sequential element (r15.r_multi/triple_slr.resp.slr_middle/common.pipe[0].payload_valid_asyncclear_inst) is unused and will be removed from module axi_register_slice_v2_1_36_axi_register_slice.
INFO: [Synth 8-3332] Sequential element (r15.r_multi/triple_slr.resp.slr_middle/common.pipe[5].payload_valid_asyncclear_inst) is unused and will be removed from module axi_register_slice_v2_1_36_axi_register_slice.
INFO: [Synth 8-3332] Sequential element (r15.r_multi/triple_slr.resp.slr_master/common.pipe[0].payload_valid_asyncclear_inst) is unused and will be removed from module axi_register_slice_v2_1_36_axi_register_slice.
---------------------------------------------------------------------------------
Finished Cross Boundary and Area Optimization : Time (s): cpu = 00:00:19 ; elapsed = 00:00:20 . Memory (MB): peak = 3523.461 ; gain = 505.434 ; free physical = 5751 ; free virtual = 75895
---------------------------------------------------------------------------------
---------------------------------------------------------------------------------
Start Applying XDC Timing Constraints
---------------------------------------------------------------------------------
---------------------------------------------------------------------------------
Finished Applying XDC Timing Constraints : Time (s): cpu = 00:00:24 ; elapsed = 00:00:25 . Memory (MB): peak = 3986.434 ; gain = 968.406 ; free physical = 5303 ; free virtual = 75447
---------------------------------------------------------------------------------
---------------------------------------------------------------------------------
Start Timing Optimization
---------------------------------------------------------------------------------
---------------------------------------------------------------------------------
Finished Timing Optimization : Time (s): cpu = 00:00:26 ; elapsed = 00:00:27 . Memory (MB): peak = 4073.027 ; gain = 1055.000 ; free physical = 5215 ; free virtual = 75359
---------------------------------------------------------------------------------
---------------------------------------------------------------------------------
Start Technology Mapping
---------------------------------------------------------------------------------
---------------------------------------------------------------------------------
Finished Technology Mapping : Time (s): cpu = 00:00:27 ; elapsed = 00:00:29 . Memory (MB): peak = 4073.027 ; gain = 1055.000 ; free physical = 5216 ; free virtual = 75360
---------------------------------------------------------------------------------
---------------------------------------------------------------------------------
Start IO Insertion
---------------------------------------------------------------------------------
---------------------------------------------------------------------------------
Start Flattening Before IO Insertion
---------------------------------------------------------------------------------
---------------------------------------------------------------------------------
Finished Flattening Before IO Insertion
---------------------------------------------------------------------------------
---------------------------------------------------------------------------------
Start Final Netlist Cleanup
---------------------------------------------------------------------------------
---------------------------------------------------------------------------------
Finished Final Netlist Cleanup
---------------------------------------------------------------------------------
---------------------------------------------------------------------------------
Finished IO Insertion : Time (s): cpu = 00:00:30 ; elapsed = 00:00:32 . Memory (MB): peak = 4206.840 ; gain = 1188.812 ; free physical = 4950 ; free virtual = 75095
---------------------------------------------------------------------------------
---------------------------------------------------------------------------------
Start Renaming Generated Instances
---------------------------------------------------------------------------------
---------------------------------------------------------------------------------
Finished Renaming Generated Instances : Time (s): cpu = 00:00:30 ; elapsed = 00:00:32 . Memory (MB): peak = 4206.840 ; gain = 1188.812 ; free physical = 4945 ; free virtual = 75089
---------------------------------------------------------------------------------
---------------------------------------------------------------------------------
Start Rebuilding User Hierarchy
---------------------------------------------------------------------------------
---------------------------------------------------------------------------------
Finished Rebuilding User Hierarchy : Time (s): cpu = 00:00:31 ; elapsed = 00:00:33 . Memory (MB): peak = 4206.840 ; gain = 1188.812 ; free physical = 4909 ; free virtual = 75053
---------------------------------------------------------------------------------
---------------------------------------------------------------------------------
Start Renaming Generated Ports
---------------------------------------------------------------------------------
---------------------------------------------------------------------------------
Finished Renaming Generated Ports : Time (s): cpu = 00:00:31 ; elapsed = 00:00:33 . Memory (MB): peak = 4206.840 ; gain = 1188.812 ; free physical = 4907 ; free virtual = 75052
---------------------------------------------------------------------------------
---------------------------------------------------------------------------------
Start Handling Custom Attributes
---------------------------------------------------------------------------------
---------------------------------------------------------------------------------
Finished Handling Custom Attributes : Time (s): cpu = 00:00:31 ; elapsed = 00:00:33 . Memory (MB): peak = 4206.840 ; gain = 1188.812 ; free physical = 4891 ; free virtual = 75036
---------------------------------------------------------------------------------
---------------------------------------------------------------------------------
Start Renaming Generated Nets
---------------------------------------------------------------------------------
---------------------------------------------------------------------------------
Finished Renaming Generated Nets : Time (s): cpu = 00:00:31 ; elapsed = 00:00:33 . Memory (MB): peak = 4206.840 ; gain = 1188.812 ; free physical = 4889 ; free virtual = 75033
---------------------------------------------------------------------------------
---------------------------------------------------------------------------------
Start ROM, RAM, DSP, Shift Register and Retiming Reporting
---------------------------------------------------------------------------------

Dynamic Shift Register Report:
+------------+---------------+--------+------------+--------+---------+--------+--------+--------+
|Module Name | RTL Name      | Length | Data Width | SRL16E | SRLC32E | Mux F7 | Mux F8 | Mux F9 | 
+------------+---------------+--------+------------+--------+---------+--------+--------+--------+
|dsrl        | shift_reg_reg | 64     | 1          | 0      | 2       | 1      | 0      | 0      | 
+------------+---------------+--------+------------+--------+---------+--------+--------+--------+

---------------------------------------------------------------------------------
Finished ROM, RAM, DSP, Shift Register and Retiming Reporting
---------------------------------------------------------------------------------
---------------------------------------------------------------------------------
Start Writing Synthesis Report
---------------------------------------------------------------------------------

Report BlackBoxes: 
+-+--------------+----------+
| |BlackBox name |Instances |
+-+--------------+----------+
+-+--------------+----------+

Report Cell Usage: 
+------+--------+------+
|      |Cell    |Count |
+------+--------+------+
|1     |LUT1    |    13|
|2     |LUT2    |    15|
|3     |LUT4    |   676|
|4     |LUT5    |    22|
|5     |LUT6    |    52|
|6     |MUXF7   |   667|
|7     |SRLC32E |  1334|
|8     |FDCE    |    95|
|9     |FDRE    | 11494|
|10    |FDSE    |   125|
+------+--------+------+
---------------------------------------------------------------------------------
Finished Writing Synthesis Report : Time (s): cpu = 00:00:31 ; elapsed = 00:00:33 . Memory (MB): peak = 4206.840 ; gain = 1188.812 ; free physical = 4887 ; free virtual = 75032
---------------------------------------------------------------------------------
Synthesis finished with 0 errors, 0 critical warnings and 0 warnings.
Synthesis Optimization Runtime : Time (s): cpu = 00:00:23 ; elapsed = 00:00:25 . Memory (MB): peak = 4206.840 ; gain = 1095.941 ; free physical = 4861 ; free virtual = 75006
Synthesis Optimization Complete : Time (s): cpu = 00:00:31 ; elapsed = 00:00:33 . Memory (MB): peak = 4206.840 ; gain = 1188.812 ; free physical = 4861 ; free virtual = 75005
INFO: [Project 1-571] Translating synthesized netlist
Netlist sorting complete. Time (s): cpu = 00:00:00.08 ; elapsed = 00:00:00.07 . Memory (MB): peak = 4206.840 ; gain = 0.000 ; free physical = 4978 ; free virtual = 75122
INFO: [Netlist 29-17] Analyzing 667 Unisim elements for replacement
INFO: [Netlist 29-28] Unisim Transformation completed in 0 CPU seconds
INFO: [Project 1-570] Preparing netlist for logic optimization
INFO: [Opt 31-138] Pushed 0 inverter(s) to 0 load pin(s).
Netlist sorting complete. Time (s): cpu = 00:00:00 ; elapsed = 00:00:00 . Memory (MB): peak = 4206.840 ; gain = 0.000 ; free physical = 4883 ; free virtual = 75028
INFO: [Project 1-111] Unisim Transformation Summary:
No Unisim elements were transformed.

Synth Design complete | Checksum: c2aac0c7
INFO: [Common 17-83] Releasing license: Synthesis
136 Infos, 4 Warnings, 0 Critical Warnings and 0 Errors encountered.
synth_design completed successfully
synth_design: Time (s): cpu = 00:00:42 ; elapsed = 00:00:43 . Memory (MB): peak = 4206.840 ; gain = 2600.055 ; free physical = 4882 ; free virtual = 75027
INFO: [Common 17-2834] synth_design peak Physical Memory [PSS] (MB): overall = 3345.835; main = 3242.542; forked = 236.547
INFO: [Common 17-2834] synth_design peak Virtual Memory [VSS] (MB): overall = 5059.777; main = 4179.141; forked = 986.750
Write ShapeDB Complete: Time (s): cpu = 00:00:00.01 ; elapsed = 00:00:00.01 . Memory (MB): peak = 4206.840 ; gain = 0.000 ; free physical = 4855 ; free virtual = 75016
INFO: [Common 17-1381] The checkpoint '/home/nu/ChenLab/tensor-mlir/examples/gpt2/vitis_base3_3slr_stream/_x/link/vivado/vpl/prj/prj.runs/bd_85ad_slice11_10_0_synth_1/bd_85ad_slice11_10_0.dcp' has been generated.
INFO: [Coretcl 2-1648] Added synthesis output to IP cache for IP bd_85ad_slice11_10_0, cache-ID = fb94c55081c8e7a9
INFO: [Coretcl 2-1174] Renamed 693 cell refs.
Write ShapeDB Complete: Time (s): cpu = 00:00:00.01 ; elapsed = 00:00:00.01 . Memory (MB): peak = 4206.840 ; gain = 0.000 ; free physical = 4838 ; free virtual = 75013
INFO: [Common 17-1381] The checkpoint '/home/nu/ChenLab/tensor-mlir/examples/gpt2/vitis_base3_3slr_stream/_x/link/vivado/vpl/prj/prj.runs/bd_85ad_slice11_10_0_synth_1/bd_85ad_slice11_10_0.dcp' has been generated.
INFO: [Vivado 12-24828] Executing command : report_utilization -file bd_85ad_slice11_10_0_utilization_synth.rpt -pb bd_85ad_slice11_10_0_utilization_synth.pb
INFO: [Common 17-206] Exiting Vivado at Fri Apr 10 01:48:24 2026...
