
*** Running vivado
    with args -log ulp_interconnect_axilite_user_upgraded_ipi_imp_xbar_2.vds -m64 -product Vivado -mode batch -messageDb vivado.pb -notrace -source ulp_interconnect_axilite_user_upgraded_ipi_imp_xbar_2.tcl


****** Vivado v2025.2 (64-bit)
  **** SW Build 6299465 on Fri Nov 14 12:34:56 MST 2025
  **** IP Build 6300035 on Fri Nov 14 10:48:45 MST 2025
  **** SharedData Build 6298862 on Thu Nov 13 04:50:51 MST 2025
  **** Start of session at: Fri Apr 10 01:09:46 2026
    ** Copyright 1986-2022 Xilinx, Inc. All Rights Reserved.
    ** Copyright 2022-2025 Advanced Micro Devices, Inc. All Rights Reserved.

source ulp_interconnect_axilite_user_upgraded_ipi_imp_xbar_2.tcl -notrace
INFO: Dispatch client connection id - 39599
INFO: [IP_Flow 19-234] Refreshing IP repositories
INFO: [IP_Flow 19-1700] Loaded user IP repository '/home/nu/ChenLab/tensor-mlir/examples/gpt2/vitis_base3_3slr_stream/_x/link/int/xo/ip_repo/xilinx_com_hls_b3c2_1_0'.
INFO: [IP_Flow 19-1700] Loaded user IP repository '/home/nu/ChenLab/tensor-mlir/examples/gpt2/vitis_base3_3slr_stream/_x/link/int/xo/ip_repo/xilinx_com_hls_b3c1_1_0'.
INFO: [IP_Flow 19-1700] Loaded user IP repository '/home/nu/ChenLab/tensor-mlir/examples/gpt2/vitis_base3_3slr_stream/_x/link/int/xo/ip_repo/xilinx_com_hls_b3c0_1_0'.
INFO: [IP_Flow 19-1700] Loaded user IP repository '/home/nu/ChenLab/tensor-mlir/examples/gpt2/vitis_base3_3slr_stream/_x/link/vivado/vpl/.local/hw_platform/iprepo'.
INFO: [IP_Flow 19-1700] Loaded user IP repository '/home/nu/ChenLab/tensor-mlir/examples/gpt2/vitis_base3_3slr_stream/_x/link/vivado/vpl/.local/hw_platform/ipcache'.
INFO: [IP_Flow 19-1700] Loaded user IP repository '/tools/Xilinx/2025.2/Vitis/data/vitis/ip'.
INFO: [IP_Flow 19-2313] Loaded Vivado IP repository '/tools/Xilinx/2025.2/data/ip'.
WARNING: [IP_Flow 19-1663] Duplicate IP found for 'xilinx.com:ip:pipeline_reg:1.0'. The one found in IP location '/home/nu/ChenLab/tensor-mlir/examples/gpt2/vitis_base3_3slr_stream/_x/link/vivado/vpl/.local/hw_platform/iprepo/ipdefs/pxi_ii_infra/pipeline_reg_v1_0' will take precedence over the same IP in location /home/nu/ChenLab/tensor-mlir/examples/gpt2/vitis_base3_3slr_stream/_x/link/vivado/vpl/.local/hw_platform/iprepo/ipdefs/other_ipdefs/pipeline_reg_v1_0
WARNING: [IP_Flow 19-1663] Duplicate IP found for 'xilinx.com:ip:clk_metadata_adapter:1.0'. The one found in IP location '/home/nu/ChenLab/tensor-mlir/examples/gpt2/vitis_base3_3slr_stream/_x/link/vivado/vpl/.local/hw_platform/iprepo/ipdefs/pxi_ii_infra/clk_metadata_adapter_v1_0' will take precedence over the same IP in location /home/nu/ChenLab/tensor-mlir/examples/gpt2/vitis_base3_3slr_stream/_x/link/vivado/vpl/.local/hw_platform/iprepo/ipdefs/other_ipdefs/clk_metadata_adapter_v1_0
WARNING: [IP_Flow 19-1663] Duplicate IP found for 'xilinx.com:ip:axi_clk_metadata_adapter:1.0'. The one found in IP location '/home/nu/ChenLab/tensor-mlir/examples/gpt2/vitis_base3_3slr_stream/_x/link/vivado/vpl/.local/hw_platform/iprepo/ipdefs/other_ipdefs/axi_clk_metadata_adapter_v1_0' will take precedence over the same IP in location /home/nu/ChenLab/tensor-mlir/examples/gpt2/vitis_base3_3slr_stream/_x/link/vivado/vpl/.local/hw_platform/iprepo/ipdefs/pxi_ii_infra/axi_clk_metadata_adapter_v1_0
WARNING: [IP_Flow 19-1663] Duplicate IP found for 'xilinx.com:ip:axis_clk_metadata_adapter:1.0'. The one found in IP location '/home/nu/ChenLab/tensor-mlir/examples/gpt2/vitis_base3_3slr_stream/_x/link/vivado/vpl/.local/hw_platform/iprepo/ipdefs/other_ipdefs/axis_clk_metadata_adapter_v1_0' will take precedence over the same IP in location /home/nu/ChenLab/tensor-mlir/examples/gpt2/vitis_base3_3slr_stream/_x/link/vivado/vpl/.local/hw_platform/iprepo/ipdefs/pxi_ii_infra/axis_clk_metadata_adapter_v1_0
Command: synth_design -top ulp_interconnect_axilite_user_upgraded_ipi_imp_xbar_2 -part xcu55c-fsvh2892-2L-e -incremental_mode off -mode out_of_context
Starting synth_design
Attempting to get a license for feature 'Synthesis' and/or device 'xcu55c'
INFO: [Common 17-349] Got license for feature 'Synthesis' and/or device 'xcu55c'
INFO: [Device 21-403] Loading part xcu55c-fsvh2892-2L-e
INFO: [Synth 8-7079] Multithreading enabled for synth_design using a maximum of 1 processes.
INFO: [Synth 8-7078] Launching helper process for spawning children vivado processes
INFO: [Synth 8-7075] Helper process launched with PID 139510
---------------------------------------------------------------------------------
Starting RTL Elaboration : Time (s): cpu = 00:00:04 ; elapsed = 00:00:05 . Memory (MB): peak = 3315.102 ; gain = 288.688 ; free physical = 2915 ; free virtual = 76159
---------------------------------------------------------------------------------
INFO: [Synth 8-6157] synthesizing module 'ulp_interconnect_axilite_user_upgraded_ipi_imp_xbar_2' [/home/nu/ChenLab/tensor-mlir/examples/gpt2/vitis_base3_3slr_stream/_x/link/vivado/vpl/prj/prj.gen/my_rm/bd/ulp/ip/ulp_interconnect_axilite_user_upgraded_ipi_imp_xbar_2/synth/ulp_interconnect_axilite_user_upgraded_ipi_imp_xbar_2.v:53]
INFO: [Synth 8-6157] synthesizing module 'axi_crossbar_v2_1_38_axi_crossbar' [/home/nu/ChenLab/tensor-mlir/examples/gpt2/vitis_base3_3slr_stream/_x/link/vivado/vpl/prj/prj.gen/my_rm/bd/ulp/ipshared/f084/hdl/axi_crossbar_v2_1_vl_rfs.v:4871]
INFO: [Synth 8-6157] synthesizing module 'axi_crossbar_v2_1_38_crossbar_sasd' [/home/nu/ChenLab/tensor-mlir/examples/gpt2/vitis_base3_3slr_stream/_x/link/vivado/vpl/prj/prj.gen/my_rm/bd/ulp/ipshared/f084/hdl/axi_crossbar_v2_1_vl_rfs.v:1234]
INFO: [Synth 8-6157] synthesizing module 'axi_crossbar_v2_1_38_addr_decoder' [/home/nu/ChenLab/tensor-mlir/examples/gpt2/vitis_base3_3slr_stream/_x/link/vivado/vpl/prj/prj.gen/my_rm/bd/ulp/ipshared/f084/hdl/axi_crossbar_v2_1_vl_rfs.v:790]
INFO: [Synth 8-6157] synthesizing module 'generic_baseblocks_v2_1_2_comparator_static' [/home/nu/ChenLab/tensor-mlir/examples/gpt2/vitis_base3_3slr_stream/_x/link/vivado/vpl/prj/prj.gen/my_rm/bd/ulp/ipshared/0c28/hdl/generic_baseblocks_v2_1_vl_rfs.v:2119]
INFO: [Synth 8-6157] synthesizing module 'generic_baseblocks_v2_1_2_carry_and' [/home/nu/ChenLab/tensor-mlir/examples/gpt2/vitis_base3_3slr_stream/_x/link/vivado/vpl/prj/prj.gen/my_rm/bd/ulp/ipshared/0c28/hdl/generic_baseblocks_v2_1_vl_rfs.v:60]
INFO: [Synth 8-6155] done synthesizing module 'generic_baseblocks_v2_1_2_carry_and' (0#1) [/home/nu/ChenLab/tensor-mlir/examples/gpt2/vitis_base3_3slr_stream/_x/link/vivado/vpl/prj/prj.gen/my_rm/bd/ulp/ipshared/0c28/hdl/generic_baseblocks_v2_1_vl_rfs.v:60]
INFO: [Synth 8-6155] done synthesizing module 'generic_baseblocks_v2_1_2_comparator_static' (0#1) [/home/nu/ChenLab/tensor-mlir/examples/gpt2/vitis_base3_3slr_stream/_x/link/vivado/vpl/prj/prj.gen/my_rm/bd/ulp/ipshared/0c28/hdl/generic_baseblocks_v2_1_vl_rfs.v:2119]
INFO: [Synth 8-6157] synthesizing module 'generic_baseblocks_v2_1_2_comparator_static__parameterized0' [/home/nu/ChenLab/tensor-mlir/examples/gpt2/vitis_base3_3slr_stream/_x/link/vivado/vpl/prj/prj.gen/my_rm/bd/ulp/ipshared/0c28/hdl/generic_baseblocks_v2_1_vl_rfs.v:2119]
INFO: [Synth 8-6155] done synthesizing module 'generic_baseblocks_v2_1_2_comparator_static__parameterized0' (0#1) [/home/nu/ChenLab/tensor-mlir/examples/gpt2/vitis_base3_3slr_stream/_x/link/vivado/vpl/prj/prj.gen/my_rm/bd/ulp/ipshared/0c28/hdl/generic_baseblocks_v2_1_vl_rfs.v:2119]
INFO: [Synth 8-6155] done synthesizing module 'axi_crossbar_v2_1_38_addr_decoder' (0#1) [/home/nu/ChenLab/tensor-mlir/examples/gpt2/vitis_base3_3slr_stream/_x/link/vivado/vpl/prj/prj.gen/my_rm/bd/ulp/ipshared/f084/hdl/axi_crossbar_v2_1_vl_rfs.v:790]
INFO: [Synth 8-6157] synthesizing module 'axi_crossbar_v2_1_38_decerr_slave' [/home/nu/ChenLab/tensor-mlir/examples/gpt2/vitis_base3_3slr_stream/_x/link/vivado/vpl/prj/prj.gen/my_rm/bd/ulp/ipshared/f084/hdl/axi_crossbar_v2_1_vl_rfs.v:3493]
INFO: [Synth 8-6155] done synthesizing module 'axi_crossbar_v2_1_38_decerr_slave' (0#1) [/home/nu/ChenLab/tensor-mlir/examples/gpt2/vitis_base3_3slr_stream/_x/link/vivado/vpl/prj/prj.gen/my_rm/bd/ulp/ipshared/f084/hdl/axi_crossbar_v2_1_vl_rfs.v:3493]
INFO: [Synth 8-6157] synthesizing module 'axi_crossbar_v2_1_38_addr_arbiter_sasd' [/home/nu/ChenLab/tensor-mlir/examples/gpt2/vitis_base3_3slr_stream/_x/link/vivado/vpl/prj/prj.gen/my_rm/bd/ulp/ipshared/f084/hdl/axi_crossbar_v2_1_vl_rfs.v:63]
INFO: [Synth 8-6155] done synthesizing module 'axi_crossbar_v2_1_38_addr_arbiter_sasd' (0#1) [/home/nu/ChenLab/tensor-mlir/examples/gpt2/vitis_base3_3slr_stream/_x/link/vivado/vpl/prj/prj.gen/my_rm/bd/ulp/ipshared/f084/hdl/axi_crossbar_v2_1_vl_rfs.v:63]
INFO: [Synth 8-6157] synthesizing module 'axi_crossbar_v2_1_38_splitter' [/home/nu/ChenLab/tensor-mlir/examples/gpt2/vitis_base3_3slr_stream/_x/link/vivado/vpl/prj/prj.gen/my_rm/bd/ulp/ipshared/f084/hdl/axi_crossbar_v2_1_vl_rfs.v:4451]
INFO: [Synth 8-6155] done synthesizing module 'axi_crossbar_v2_1_38_splitter' (0#1) [/home/nu/ChenLab/tensor-mlir/examples/gpt2/vitis_base3_3slr_stream/_x/link/vivado/vpl/prj/prj.gen/my_rm/bd/ulp/ipshared/f084/hdl/axi_crossbar_v2_1_vl_rfs.v:4451]
INFO: [Synth 8-6157] synthesizing module 'axi_crossbar_v2_1_38_splitter__parameterized0' [/home/nu/ChenLab/tensor-mlir/examples/gpt2/vitis_base3_3slr_stream/_x/link/vivado/vpl/prj/prj.gen/my_rm/bd/ulp/ipshared/f084/hdl/axi_crossbar_v2_1_vl_rfs.v:4451]
INFO: [Synth 8-6155] done synthesizing module 'axi_crossbar_v2_1_38_splitter__parameterized0' (0#1) [/home/nu/ChenLab/tensor-mlir/examples/gpt2/vitis_base3_3slr_stream/_x/link/vivado/vpl/prj/prj.gen/my_rm/bd/ulp/ipshared/f084/hdl/axi_crossbar_v2_1_vl_rfs.v:4451]
INFO: [Synth 8-6157] synthesizing module 'generic_baseblocks_v2_1_2_mux_enc' [/home/nu/ChenLab/tensor-mlir/examples/gpt2/vitis_base3_3slr_stream/_x/link/vivado/vpl/prj/prj.gen/my_rm/bd/ulp/ipshared/0c28/hdl/generic_baseblocks_v2_1_vl_rfs.v:2436]
INFO: [Synth 8-6155] done synthesizing module 'generic_baseblocks_v2_1_2_mux_enc' (0#1) [/home/nu/ChenLab/tensor-mlir/examples/gpt2/vitis_base3_3slr_stream/_x/link/vivado/vpl/prj/prj.gen/my_rm/bd/ulp/ipshared/0c28/hdl/generic_baseblocks_v2_1_vl_rfs.v:2436]
INFO: [Synth 8-6157] synthesizing module 'generic_baseblocks_v2_1_2_mux_enc__parameterized0' [/home/nu/ChenLab/tensor-mlir/examples/gpt2/vitis_base3_3slr_stream/_x/link/vivado/vpl/prj/prj.gen/my_rm/bd/ulp/ipshared/0c28/hdl/generic_baseblocks_v2_1_vl_rfs.v:2436]
INFO: [Synth 8-6155] done synthesizing module 'generic_baseblocks_v2_1_2_mux_enc__parameterized0' (0#1) [/home/nu/ChenLab/tensor-mlir/examples/gpt2/vitis_base3_3slr_stream/_x/link/vivado/vpl/prj/prj.gen/my_rm/bd/ulp/ipshared/0c28/hdl/generic_baseblocks_v2_1_vl_rfs.v:2436]
INFO: [Synth 8-6157] synthesizing module 'generic_baseblocks_v2_1_2_mux_enc__parameterized1' [/home/nu/ChenLab/tensor-mlir/examples/gpt2/vitis_base3_3slr_stream/_x/link/vivado/vpl/prj/prj.gen/my_rm/bd/ulp/ipshared/0c28/hdl/generic_baseblocks_v2_1_vl_rfs.v:2436]
INFO: [Synth 8-6155] done synthesizing module 'generic_baseblocks_v2_1_2_mux_enc__parameterized1' (0#1) [/home/nu/ChenLab/tensor-mlir/examples/gpt2/vitis_base3_3slr_stream/_x/link/vivado/vpl/prj/prj.gen/my_rm/bd/ulp/ipshared/0c28/hdl/generic_baseblocks_v2_1_vl_rfs.v:2436]
INFO: [Synth 8-6157] synthesizing module 'axi_register_slice_v2_1_36_axic_register_slice' [/home/nu/ChenLab/tensor-mlir/examples/gpt2/vitis_base3_3slr_stream/_x/link/vivado/vpl/prj/prj.gen/my_rm/bd/ulp/ipshared/bc4b/hdl/axi_register_slice_v2_1_vl_rfs.v:1492]
INFO: [Synth 8-6155] done synthesizing module 'axi_register_slice_v2_1_36_axic_register_slice' (0#1) [/home/nu/ChenLab/tensor-mlir/examples/gpt2/vitis_base3_3slr_stream/_x/link/vivado/vpl/prj/prj.gen/my_rm/bd/ulp/ipshared/bc4b/hdl/axi_register_slice_v2_1_vl_rfs.v:1492]
INFO: [Synth 8-6157] synthesizing module 'generic_baseblocks_v2_1_2_mux_enc__parameterized2' [/home/nu/ChenLab/tensor-mlir/examples/gpt2/vitis_base3_3slr_stream/_x/link/vivado/vpl/prj/prj.gen/my_rm/bd/ulp/ipshared/0c28/hdl/generic_baseblocks_v2_1_vl_rfs.v:2436]
INFO: [Synth 8-6155] done synthesizing module 'generic_baseblocks_v2_1_2_mux_enc__parameterized2' (0#1) [/home/nu/ChenLab/tensor-mlir/examples/gpt2/vitis_base3_3slr_stream/_x/link/vivado/vpl/prj/prj.gen/my_rm/bd/ulp/ipshared/0c28/hdl/generic_baseblocks_v2_1_vl_rfs.v:2436]
INFO: [Synth 8-6155] done synthesizing module 'axi_crossbar_v2_1_38_crossbar_sasd' (0#1) [/home/nu/ChenLab/tensor-mlir/examples/gpt2/vitis_base3_3slr_stream/_x/link/vivado/vpl/prj/prj.gen/my_rm/bd/ulp/ipshared/f084/hdl/axi_crossbar_v2_1_vl_rfs.v:1234]
INFO: [Synth 8-6155] done synthesizing module 'axi_crossbar_v2_1_38_axi_crossbar' (0#1) [/home/nu/ChenLab/tensor-mlir/examples/gpt2/vitis_base3_3slr_stream/_x/link/vivado/vpl/prj/prj.gen/my_rm/bd/ulp/ipshared/f084/hdl/axi_crossbar_v2_1_vl_rfs.v:4871]
INFO: [Synth 8-6155] done synthesizing module 'ulp_interconnect_axilite_user_upgraded_ipi_imp_xbar_2' (0#1) [/home/nu/ChenLab/tensor-mlir/examples/gpt2/vitis_base3_3slr_stream/_x/link/vivado/vpl/prj/prj.gen/my_rm/bd/ulp/ip/ulp_interconnect_axilite_user_upgraded_ipi_imp_xbar_2/synth/ulp_interconnect_axilite_user_upgraded_ipi_imp_xbar_2.v:53]
INFO: [Synth 8-6014] Unused sequential element gen_debug_trans_seq.debug_aw_trans_seq_i_reg was removed.  [/home/nu/ChenLab/tensor-mlir/examples/gpt2/vitis_base3_3slr_stream/_x/link/vivado/vpl/prj/prj.gen/my_rm/bd/ulp/ipshared/f084/hdl/axi_crossbar_v2_1_vl_rfs.v:2051]
INFO: [Synth 8-6014] Unused sequential element gen_debug_trans_seq.debug_ar_trans_seq_i_reg was removed.  [/home/nu/ChenLab/tensor-mlir/examples/gpt2/vitis_base3_3slr_stream/_x/link/vivado/vpl/prj/prj.gen/my_rm/bd/ulp/ipshared/f084/hdl/axi_crossbar_v2_1_vl_rfs.v:2062]
INFO: [Synth 8-6014] Unused sequential element gen_debug_trans_seq.debug_w_beat_cnt_i_reg was removed.  [/home/nu/ChenLab/tensor-mlir/examples/gpt2/vitis_base3_3slr_stream/_x/link/vivado/vpl/prj/prj.gen/my_rm/bd/ulp/ipshared/f084/hdl/axi_crossbar_v2_1_vl_rfs.v:2073]
INFO: [Synth 8-6014] Unused sequential element gen_debug_trans_seq.debug_r_beat_cnt_i_reg was removed.  [/home/nu/ChenLab/tensor-mlir/examples/gpt2/vitis_base3_3slr_stream/_x/link/vivado/vpl/prj/prj.gen/my_rm/bd/ulp/ipshared/f084/hdl/axi_crossbar_v2_1_vl_rfs.v:2086]
INFO: [Synth 8-7129] Port S[0] in module generic_baseblocks_v2_1_2_mux_enc__parameterized0 is either unconnected or has no load
INFO: [Synth 8-7129] Port S_AXI_AWID[0] in module axi_crossbar_v2_1_38_decerr_slave is either unconnected or has no load
INFO: [Synth 8-7129] Port S_AXI_WLAST in module axi_crossbar_v2_1_38_decerr_slave is either unconnected or has no load
INFO: [Synth 8-7129] Port S_AXI_ARID[0] in module axi_crossbar_v2_1_38_decerr_slave is either unconnected or has no load
INFO: [Synth 8-7129] Port S_AXI_ARLEN[7] in module axi_crossbar_v2_1_38_decerr_slave is either unconnected or has no load
INFO: [Synth 8-7129] Port S_AXI_ARLEN[6] in module axi_crossbar_v2_1_38_decerr_slave is either unconnected or has no load
INFO: [Synth 8-7129] Port S_AXI_ARLEN[5] in module axi_crossbar_v2_1_38_decerr_slave is either unconnected or has no load
INFO: [Synth 8-7129] Port S_AXI_ARLEN[4] in module axi_crossbar_v2_1_38_decerr_slave is either unconnected or has no load
INFO: [Synth 8-7129] Port S_AXI_ARLEN[3] in module axi_crossbar_v2_1_38_decerr_slave is either unconnected or has no load
INFO: [Synth 8-7129] Port S_AXI_ARLEN[2] in module axi_crossbar_v2_1_38_decerr_slave is either unconnected or has no load
INFO: [Synth 8-7129] Port S_AXI_ARLEN[1] in module axi_crossbar_v2_1_38_decerr_slave is either unconnected or has no load
INFO: [Synth 8-7129] Port S_AXI_ARLEN[0] in module axi_crossbar_v2_1_38_decerr_slave is either unconnected or has no load
INFO: [Synth 8-7129] Port ADDR[1] in module axi_crossbar_v2_1_38_addr_decoder is either unconnected or has no load
INFO: [Synth 8-7129] Port ADDR[0] in module axi_crossbar_v2_1_38_addr_decoder is either unconnected or has no load
INFO: [Synth 8-7129] Port S_AXI_AWID[0] in module axi_crossbar_v2_1_38_crossbar_sasd is either unconnected or has no load
INFO: [Synth 8-7129] Port S_AXI_ARID[0] in module axi_crossbar_v2_1_38_crossbar_sasd is either unconnected or has no load
INFO: [Synth 8-7129] Port M_AXI_BID[1] in module axi_crossbar_v2_1_38_crossbar_sasd is either unconnected or has no load
INFO: [Synth 8-7129] Port M_AXI_BID[0] in module axi_crossbar_v2_1_38_crossbar_sasd is either unconnected or has no load
INFO: [Synth 8-7129] Port M_AXI_RID[1] in module axi_crossbar_v2_1_38_crossbar_sasd is either unconnected or has no load
INFO: [Synth 8-7129] Port M_AXI_RID[0] in module axi_crossbar_v2_1_38_crossbar_sasd is either unconnected or has no load
INFO: [Synth 8-7129] Port s_axi_awid[0] in module axi_crossbar_v2_1_38_axi_crossbar is either unconnected or has no load
INFO: [Synth 8-7129] Port s_axi_awlen[7] in module axi_crossbar_v2_1_38_axi_crossbar is either unconnected or has no load
INFO: [Synth 8-7129] Port s_axi_awlen[6] in module axi_crossbar_v2_1_38_axi_crossbar is either unconnected or has no load
INFO: [Synth 8-7129] Port s_axi_awlen[5] in module axi_crossbar_v2_1_38_axi_crossbar is either unconnected or has no load
INFO: [Synth 8-7129] Port s_axi_awlen[4] in module axi_crossbar_v2_1_38_axi_crossbar is either unconnected or has no load
INFO: [Synth 8-7129] Port s_axi_awlen[3] in module axi_crossbar_v2_1_38_axi_crossbar is either unconnected or has no load
INFO: [Synth 8-7129] Port s_axi_awlen[2] in module axi_crossbar_v2_1_38_axi_crossbar is either unconnected or has no load
INFO: [Synth 8-7129] Port s_axi_awlen[1] in module axi_crossbar_v2_1_38_axi_crossbar is either unconnected or has no load
INFO: [Synth 8-7129] Port s_axi_awlen[0] in module axi_crossbar_v2_1_38_axi_crossbar is either unconnected or has no load
INFO: [Synth 8-7129] Port s_axi_awsize[2] in module axi_crossbar_v2_1_38_axi_crossbar is either unconnected or has no load
INFO: [Synth 8-7129] Port s_axi_awsize[1] in module axi_crossbar_v2_1_38_axi_crossbar is either unconnected or has no load
INFO: [Synth 8-7129] Port s_axi_awsize[0] in module axi_crossbar_v2_1_38_axi_crossbar is either unconnected or has no load
INFO: [Synth 8-7129] Port s_axi_awburst[1] in module axi_crossbar_v2_1_38_axi_crossbar is either unconnected or has no load
INFO: [Synth 8-7129] Port s_axi_awburst[0] in module axi_crossbar_v2_1_38_axi_crossbar is either unconnected or has no load
INFO: [Synth 8-7129] Port s_axi_awlock[0] in module axi_crossbar_v2_1_38_axi_crossbar is either unconnected or has no load
INFO: [Synth 8-7129] Port s_axi_awcache[3] in module axi_crossbar_v2_1_38_axi_crossbar is either unconnected or has no load
INFO: [Synth 8-7129] Port s_axi_awcache[2] in module axi_crossbar_v2_1_38_axi_crossbar is either unconnected or has no load
INFO: [Synth 8-7129] Port s_axi_awcache[1] in module axi_crossbar_v2_1_38_axi_crossbar is either unconnected or has no load
INFO: [Synth 8-7129] Port s_axi_awcache[0] in module axi_crossbar_v2_1_38_axi_crossbar is either unconnected or has no load
INFO: [Synth 8-7129] Port s_axi_awqos[3] in module axi_crossbar_v2_1_38_axi_crossbar is either unconnected or has no load
INFO: [Synth 8-7129] Port s_axi_awqos[2] in module axi_crossbar_v2_1_38_axi_crossbar is either unconnected or has no load
INFO: [Synth 8-7129] Port s_axi_awqos[1] in module axi_crossbar_v2_1_38_axi_crossbar is either unconnected or has no load
INFO: [Synth 8-7129] Port s_axi_awqos[0] in module axi_crossbar_v2_1_38_axi_crossbar is either unconnected or has no load
INFO: [Synth 8-7129] Port s_axi_awuser[0] in module axi_crossbar_v2_1_38_axi_crossbar is either unconnected or has no load
INFO: [Synth 8-7129] Port s_axi_wid[0] in module axi_crossbar_v2_1_38_axi_crossbar is either unconnected or has no load
INFO: [Synth 8-7129] Port s_axi_wlast[0] in module axi_crossbar_v2_1_38_axi_crossbar is either unconnected or has no load
INFO: [Synth 8-7129] Port s_axi_wuser[0] in module axi_crossbar_v2_1_38_axi_crossbar is either unconnected or has no load
INFO: [Synth 8-7129] Port s_axi_arid[0] in module axi_crossbar_v2_1_38_axi_crossbar is either unconnected or has no load
INFO: [Synth 8-7129] Port s_axi_arlen[7] in module axi_crossbar_v2_1_38_axi_crossbar is either unconnected or has no load
INFO: [Synth 8-7129] Port s_axi_arlen[6] in module axi_crossbar_v2_1_38_axi_crossbar is either unconnected or has no load
INFO: [Synth 8-7129] Port s_axi_arlen[5] in module axi_crossbar_v2_1_38_axi_crossbar is either unconnected or has no load
INFO: [Synth 8-7129] Port s_axi_arlen[4] in module axi_crossbar_v2_1_38_axi_crossbar is either unconnected or has no load
INFO: [Synth 8-7129] Port s_axi_arlen[3] in module axi_crossbar_v2_1_38_axi_crossbar is either unconnected or has no load
INFO: [Synth 8-7129] Port s_axi_arlen[2] in module axi_crossbar_v2_1_38_axi_crossbar is either unconnected or has no load
INFO: [Synth 8-7129] Port s_axi_arlen[1] in module axi_crossbar_v2_1_38_axi_crossbar is either unconnected or has no load
INFO: [Synth 8-7129] Port s_axi_arlen[0] in module axi_crossbar_v2_1_38_axi_crossbar is either unconnected or has no load
INFO: [Synth 8-7129] Port s_axi_arsize[2] in module axi_crossbar_v2_1_38_axi_crossbar is either unconnected or has no load
INFO: [Synth 8-7129] Port s_axi_arsize[1] in module axi_crossbar_v2_1_38_axi_crossbar is either unconnected or has no load
INFO: [Synth 8-7129] Port s_axi_arsize[0] in module axi_crossbar_v2_1_38_axi_crossbar is either unconnected or has no load
INFO: [Synth 8-7129] Port s_axi_arburst[1] in module axi_crossbar_v2_1_38_axi_crossbar is either unconnected or has no load
INFO: [Synth 8-7129] Port s_axi_arburst[0] in module axi_crossbar_v2_1_38_axi_crossbar is either unconnected or has no load
INFO: [Synth 8-7129] Port s_axi_arlock[0] in module axi_crossbar_v2_1_38_axi_crossbar is either unconnected or has no load
INFO: [Synth 8-7129] Port s_axi_arcache[3] in module axi_crossbar_v2_1_38_axi_crossbar is either unconnected or has no load
INFO: [Synth 8-7129] Port s_axi_arcache[2] in module axi_crossbar_v2_1_38_axi_crossbar is either unconnected or has no load
INFO: [Synth 8-7129] Port s_axi_arcache[1] in module axi_crossbar_v2_1_38_axi_crossbar is either unconnected or has no load
INFO: [Synth 8-7129] Port s_axi_arcache[0] in module axi_crossbar_v2_1_38_axi_crossbar is either unconnected or has no load
INFO: [Synth 8-7129] Port s_axi_arqos[3] in module axi_crossbar_v2_1_38_axi_crossbar is either unconnected or has no load
INFO: [Synth 8-7129] Port s_axi_arqos[2] in module axi_crossbar_v2_1_38_axi_crossbar is either unconnected or has no load
INFO: [Synth 8-7129] Port s_axi_arqos[1] in module axi_crossbar_v2_1_38_axi_crossbar is either unconnected or has no load
INFO: [Synth 8-7129] Port s_axi_arqos[0] in module axi_crossbar_v2_1_38_axi_crossbar is either unconnected or has no load
INFO: [Synth 8-7129] Port s_axi_aruser[0] in module axi_crossbar_v2_1_38_axi_crossbar is either unconnected or has no load
INFO: [Synth 8-7129] Port m_axi_bid[1] in module axi_crossbar_v2_1_38_axi_crossbar is either unconnected or has no load
INFO: [Synth 8-7129] Port m_axi_bid[0] in module axi_crossbar_v2_1_38_axi_crossbar is either unconnected or has no load
INFO: [Synth 8-7129] Port m_axi_buser[1] in module axi_crossbar_v2_1_38_axi_crossbar is either unconnected or has no load
INFO: [Synth 8-7129] Port m_axi_buser[0] in module axi_crossbar_v2_1_38_axi_crossbar is either unconnected or has no load
INFO: [Synth 8-7129] Port m_axi_rid[1] in module axi_crossbar_v2_1_38_axi_crossbar is either unconnected or has no load
INFO: [Synth 8-7129] Port m_axi_rid[0] in module axi_crossbar_v2_1_38_axi_crossbar is either unconnected or has no load
INFO: [Synth 8-7129] Port m_axi_rlast[1] in module axi_crossbar_v2_1_38_axi_crossbar is either unconnected or has no load
INFO: [Synth 8-7129] Port m_axi_rlast[0] in module axi_crossbar_v2_1_38_axi_crossbar is either unconnected or has no load
INFO: [Synth 8-7129] Port m_axi_ruser[1] in module axi_crossbar_v2_1_38_axi_crossbar is either unconnected or has no load
INFO: [Synth 8-7129] Port m_axi_ruser[0] in module axi_crossbar_v2_1_38_axi_crossbar is either unconnected or has no load
---------------------------------------------------------------------------------
Finished RTL Elaboration : Time (s): cpu = 00:00:07 ; elapsed = 00:00:09 . Memory (MB): peak = 3516.039 ; gain = 489.625 ; free physical = 2358 ; free virtual = 75603
---------------------------------------------------------------------------------
---------------------------------------------------------------------------------
Start Handling Custom Attributes
---------------------------------------------------------------------------------
---------------------------------------------------------------------------------
Finished Handling Custom Attributes : Time (s): cpu = 00:00:07 ; elapsed = 00:00:09 . Memory (MB): peak = 3516.039 ; gain = 489.625 ; free physical = 2351 ; free virtual = 75596
---------------------------------------------------------------------------------
---------------------------------------------------------------------------------
Finished RTL Optimization Phase 1 : Time (s): cpu = 00:00:07 ; elapsed = 00:00:09 . Memory (MB): peak = 3516.039 ; gain = 489.625 ; free physical = 2351 ; free virtual = 75596
---------------------------------------------------------------------------------
Netlist sorting complete. Time (s): cpu = 00:00:00 ; elapsed = 00:00:00.01 . Memory (MB): peak = 3516.039 ; gain = 0.000 ; free physical = 2306 ; free virtual = 75552
INFO: [Project 1-570] Preparing netlist for logic optimization

Processing XDC Constraints
Initializing timing engine
Parsing XDC File [/home/nu/ChenLab/tensor-mlir/examples/gpt2/vitis_base3_3slr_stream/_x/link/vivado/vpl/prj/prj.gen/my_rm/bd/ulp/ip/ulp_interconnect_axilite_user_upgraded_ipi_imp_xbar_2/ulp_interconnect_axilite_user_upgraded_ipi_imp_xbar_2_ooc.xdc] for cell 'inst'
Finished Parsing XDC File [/home/nu/ChenLab/tensor-mlir/examples/gpt2/vitis_base3_3slr_stream/_x/link/vivado/vpl/prj/prj.gen/my_rm/bd/ulp/ip/ulp_interconnect_axilite_user_upgraded_ipi_imp_xbar_2/ulp_interconnect_axilite_user_upgraded_ipi_imp_xbar_2_ooc.xdc] for cell 'inst'
Parsing XDC File [/home/nu/ChenLab/tensor-mlir/examples/gpt2/vitis_base3_3slr_stream/_x/link/vivado/vpl/prj/prj.runs/ulp_interconnect_axilite_user_upgraded_ipi_imp_xbar_2_synth_1/dont_touch.xdc]
Finished Parsing XDC File [/home/nu/ChenLab/tensor-mlir/examples/gpt2/vitis_base3_3slr_stream/_x/link/vivado/vpl/prj/prj.runs/ulp_interconnect_axilite_user_upgraded_ipi_imp_xbar_2_synth_1/dont_touch.xdc]
Completed Processing XDC Constraints

Netlist sorting complete. Time (s): cpu = 00:00:00 ; elapsed = 00:00:00 . Memory (MB): peak = 3516.039 ; gain = 0.000 ; free physical = 2285 ; free virtual = 75531
INFO: [Project 1-111] Unisim Transformation Summary:
No Unisim elements were transformed.

Constraint Validation Runtime : Time (s): cpu = 00:00:00.01 ; elapsed = 00:00:00.01 . Memory (MB): peak = 3516.074 ; gain = 0.000 ; free physical = 2285 ; free virtual = 75531
INFO: [Designutils 20-5008] Incremental synthesis strategy off
---------------------------------------------------------------------------------
Finished Constraint Validation : Time (s): cpu = 00:00:15 ; elapsed = 00:00:17 . Memory (MB): peak = 3516.074 ; gain = 489.660 ; free physical = 5278 ; free virtual = 78523
---------------------------------------------------------------------------------
---------------------------------------------------------------------------------
Start Loading Part and Timing Information
---------------------------------------------------------------------------------
Loading part: xcu55c-fsvh2892-2L-e
INFO: [Synth 8-6742] Reading net delay rules and data
---------------------------------------------------------------------------------
Finished Loading Part and Timing Information : Time (s): cpu = 00:00:15 ; elapsed = 00:00:17 . Memory (MB): peak = 3524.043 ; gain = 497.629 ; free physical = 5278 ; free virtual = 78523
---------------------------------------------------------------------------------
---------------------------------------------------------------------------------
Start Applying 'set_property' XDC Constraints
---------------------------------------------------------------------------------
---------------------------------------------------------------------------------
Finished applying 'set_property' XDC Constraints : Time (s): cpu = 00:00:15 ; elapsed = 00:00:17 . Memory (MB): peak = 3524.043 ; gain = 497.629 ; free physical = 5278 ; free virtual = 78523
---------------------------------------------------------------------------------
---------------------------------------------------------------------------------
Finished RTL Optimization Phase 2 : Time (s): cpu = 00:00:16 ; elapsed = 00:00:18 . Memory (MB): peak = 3524.043 ; gain = 497.629 ; free physical = 5261 ; free virtual = 78507
---------------------------------------------------------------------------------
---------------------------------------------------------------------------------
Start RTL Component Statistics 
---------------------------------------------------------------------------------
Detailed RTL Component Info : 
+---Registers : 
	               57 Bit    Registers := 1     
	               36 Bit    Registers := 2     
	                3 Bit    Registers := 2     
	                2 Bit    Registers := 3     
	                1 Bit    Registers := 14    
+---Muxes : 
	   2 Input   57 Bit        Muxes := 1     
	   2 Input   36 Bit        Muxes := 2     
	   2 Input    3 Bit        Muxes := 1     
	   2 Input    2 Bit        Muxes := 2     
	   2 Input    1 Bit        Muxes := 30    
---------------------------------------------------------------------------------
Finished RTL Component Statistics 
---------------------------------------------------------------------------------
---------------------------------------------------------------------------------
Start Part Resource Summary
---------------------------------------------------------------------------------
Part Resources:
DSPs: 9024 (col length:94)
BRAMs: 4032 (col length: RAMB18 288 RAMB36 144)
---------------------------------------------------------------------------------
Finished Part Resource Summary
---------------------------------------------------------------------------------
---------------------------------------------------------------------------------
Start Cross Boundary and Area Optimization
---------------------------------------------------------------------------------
INFO: [Synth 8-3936] Found unconnected internal register 'gen_sasd.crossbar_sasd_0/reg_slice_r/m_payload_i_reg' and it is trimmed from '36' to '35' bits. [/home/nu/ChenLab/tensor-mlir/examples/gpt2/vitis_base3_3slr_stream/_x/link/vivado/vpl/prj/prj.gen/my_rm/bd/ulp/ipshared/bc4b/hdl/axi_register_slice_v2_1_vl_rfs.v:1726]
INFO: [Synth 8-7129] Port s_axi_awid[0] in module axi_crossbar_v2_1_38_axi_crossbar is either unconnected or has no load
INFO: [Synth 8-7129] Port s_axi_awlen[7] in module axi_crossbar_v2_1_38_axi_crossbar is either unconnected or has no load
INFO: [Synth 8-7129] Port s_axi_awlen[6] in module axi_crossbar_v2_1_38_axi_crossbar is either unconnected or has no load
INFO: [Synth 8-7129] Port s_axi_awlen[5] in module axi_crossbar_v2_1_38_axi_crossbar is either unconnected or has no load
INFO: [Synth 8-7129] Port s_axi_awlen[4] in module axi_crossbar_v2_1_38_axi_crossbar is either unconnected or has no load
INFO: [Synth 8-7129] Port s_axi_awlen[3] in module axi_crossbar_v2_1_38_axi_crossbar is either unconnected or has no load
INFO: [Synth 8-7129] Port s_axi_awlen[2] in module axi_crossbar_v2_1_38_axi_crossbar is either unconnected or has no load
INFO: [Synth 8-7129] Port s_axi_awlen[1] in module axi_crossbar_v2_1_38_axi_crossbar is either unconnected or has no load
INFO: [Synth 8-7129] Port s_axi_awlen[0] in module axi_crossbar_v2_1_38_axi_crossbar is either unconnected or has no load
INFO: [Synth 8-7129] Port s_axi_awsize[2] in module axi_crossbar_v2_1_38_axi_crossbar is either unconnected or has no load
INFO: [Synth 8-7129] Port s_axi_awsize[1] in module axi_crossbar_v2_1_38_axi_crossbar is either unconnected or has no load
INFO: [Synth 8-7129] Port s_axi_awsize[0] in module axi_crossbar_v2_1_38_axi_crossbar is either unconnected or has no load
INFO: [Synth 8-7129] Port s_axi_awburst[1] in module axi_crossbar_v2_1_38_axi_crossbar is either unconnected or has no load
INFO: [Synth 8-7129] Port s_axi_awburst[0] in module axi_crossbar_v2_1_38_axi_crossbar is either unconnected or has no load
INFO: [Synth 8-7129] Port s_axi_awlock[0] in module axi_crossbar_v2_1_38_axi_crossbar is either unconnected or has no load
INFO: [Synth 8-7129] Port s_axi_awcache[3] in module axi_crossbar_v2_1_38_axi_crossbar is either unconnected or has no load
INFO: [Synth 8-7129] Port s_axi_awcache[2] in module axi_crossbar_v2_1_38_axi_crossbar is either unconnected or has no load
INFO: [Synth 8-7129] Port s_axi_awcache[1] in module axi_crossbar_v2_1_38_axi_crossbar is either unconnected or has no load
INFO: [Synth 8-7129] Port s_axi_awcache[0] in module axi_crossbar_v2_1_38_axi_crossbar is either unconnected or has no load
INFO: [Common 17-14] Message 'Synth 8-7129' appears 100 times and further instances of the messages will be disabled.
---------------------------------------------------------------------------------
Finished Cross Boundary and Area Optimization : Time (s): cpu = 00:00:17 ; elapsed = 00:00:19 . Memory (MB): peak = 3524.043 ; gain = 497.629 ; free physical = 5163 ; free virtual = 78409
---------------------------------------------------------------------------------
---------------------------------------------------------------------------------
Start Applying XDC Timing Constraints
---------------------------------------------------------------------------------
---------------------------------------------------------------------------------
Finished Applying XDC Timing Constraints : Time (s): cpu = 00:00:22 ; elapsed = 00:00:24 . Memory (MB): peak = 3957.359 ; gain = 930.945 ; free physical = 4399 ; free virtual = 77646
---------------------------------------------------------------------------------
---------------------------------------------------------------------------------
Start Timing Optimization
---------------------------------------------------------------------------------
---------------------------------------------------------------------------------
Finished Timing Optimization : Time (s): cpu = 00:00:22 ; elapsed = 00:00:25 . Memory (MB): peak = 3980.391 ; gain = 953.977 ; free physical = 4377 ; free virtual = 77618
---------------------------------------------------------------------------------
---------------------------------------------------------------------------------
Start Technology Mapping
---------------------------------------------------------------------------------
---------------------------------------------------------------------------------
Finished Technology Mapping : Time (s): cpu = 00:00:22 ; elapsed = 00:00:25 . Memory (MB): peak = 3996.406 ; gain = 969.992 ; free physical = 4360 ; free virtual = 77602
---------------------------------------------------------------------------------
---------------------------------------------------------------------------------
Start IO Insertion
---------------------------------------------------------------------------------
---------------------------------------------------------------------------------
Start Flattening Before IO Insertion
---------------------------------------------------------------------------------
---------------------------------------------------------------------------------
Finished Flattening Before IO Insertion
---------------------------------------------------------------------------------
---------------------------------------------------------------------------------
Start Final Netlist Cleanup
---------------------------------------------------------------------------------
---------------------------------------------------------------------------------
Finished Final Netlist Cleanup
---------------------------------------------------------------------------------
---------------------------------------------------------------------------------
Finished IO Insertion : Time (s): cpu = 00:00:25 ; elapsed = 00:00:28 . Memory (MB): peak = 4157.219 ; gain = 1130.805 ; free physical = 3833 ; free virtual = 77075
---------------------------------------------------------------------------------
---------------------------------------------------------------------------------
Start Renaming Generated Instances
---------------------------------------------------------------------------------
---------------------------------------------------------------------------------
Finished Renaming Generated Instances : Time (s): cpu = 00:00:25 ; elapsed = 00:00:28 . Memory (MB): peak = 4157.219 ; gain = 1130.805 ; free physical = 3833 ; free virtual = 77075
---------------------------------------------------------------------------------
---------------------------------------------------------------------------------
Start Rebuilding User Hierarchy
---------------------------------------------------------------------------------
---------------------------------------------------------------------------------
Finished Rebuilding User Hierarchy : Time (s): cpu = 00:00:25 ; elapsed = 00:00:28 . Memory (MB): peak = 4157.219 ; gain = 1130.805 ; free physical = 3833 ; free virtual = 77075
---------------------------------------------------------------------------------
---------------------------------------------------------------------------------
Start Renaming Generated Ports
---------------------------------------------------------------------------------
---------------------------------------------------------------------------------
Finished Renaming Generated Ports : Time (s): cpu = 00:00:25 ; elapsed = 00:00:28 . Memory (MB): peak = 4157.219 ; gain = 1130.805 ; free physical = 3833 ; free virtual = 77075
---------------------------------------------------------------------------------
---------------------------------------------------------------------------------
Start Handling Custom Attributes
---------------------------------------------------------------------------------
---------------------------------------------------------------------------------
Finished Handling Custom Attributes : Time (s): cpu = 00:00:25 ; elapsed = 00:00:28 . Memory (MB): peak = 4157.219 ; gain = 1130.805 ; free physical = 3833 ; free virtual = 77075
---------------------------------------------------------------------------------
---------------------------------------------------------------------------------
Start Renaming Generated Nets
---------------------------------------------------------------------------------
---------------------------------------------------------------------------------
Finished Renaming Generated Nets : Time (s): cpu = 00:00:25 ; elapsed = 00:00:28 . Memory (MB): peak = 4157.219 ; gain = 1130.805 ; free physical = 3833 ; free virtual = 77075
---------------------------------------------------------------------------------
---------------------------------------------------------------------------------
Start Writing Synthesis Report
---------------------------------------------------------------------------------

Report BlackBoxes: 
+-+--------------+----------+
| |BlackBox name |Instances |
+-+--------------+----------+
+-+--------------+----------+

Report Cell Usage: 
+------+-----+------+
|      |Cell |Count |
+------+-----+------+
|1     |LUT1 |     1|
|2     |LUT2 |    10|
|3     |LUT3 |     6|
|4     |LUT4 |    43|
|5     |LUT5 |    21|
|6     |LUT6 |    47|
|7     |FDRE |   123|
+------+-----+------+
---------------------------------------------------------------------------------
Finished Writing Synthesis Report : Time (s): cpu = 00:00:25 ; elapsed = 00:00:28 . Memory (MB): peak = 4157.219 ; gain = 1130.805 ; free physical = 3833 ; free virtual = 77075
---------------------------------------------------------------------------------
Synthesis finished with 0 errors, 0 critical warnings and 0 warnings.
Synthesis Optimization Runtime : Time (s): cpu = 00:00:21 ; elapsed = 00:00:23 . Memory (MB): peak = 4157.219 ; gain = 1130.770 ; free physical = 3813 ; free virtual = 77056
Synthesis Optimization Complete : Time (s): cpu = 00:00:25 ; elapsed = 00:00:28 . Memory (MB): peak = 4157.219 ; gain = 1130.805 ; free physical = 3813 ; free virtual = 77055
INFO: [Project 1-571] Translating synthesized netlist
Netlist sorting complete. Time (s): cpu = 00:00:00 ; elapsed = 00:00:00 . Memory (MB): peak = 4157.219 ; gain = 0.000 ; free physical = 3902 ; free virtual = 77144
INFO: [Project 1-570] Preparing netlist for logic optimization
INFO: [Opt 31-138] Pushed 0 inverter(s) to 0 load pin(s).
Netlist sorting complete. Time (s): cpu = 00:00:00 ; elapsed = 00:00:00 . Memory (MB): peak = 4157.219 ; gain = 0.000 ; free physical = 3360 ; free virtual = 76603
INFO: [Project 1-111] Unisim Transformation Summary:
No Unisim elements were transformed.

Synth Design complete | Checksum: 1df75006
INFO: [Common 17-83] Releasing license: Synthesis
160 Infos, 4 Warnings, 0 Critical Warnings and 0 Errors encountered.
synth_design completed successfully
synth_design: Time (s): cpu = 00:00:35 ; elapsed = 00:00:37 . Memory (MB): peak = 4157.219 ; gain = 2550.984 ; free physical = 3252 ; free virtual = 76494
INFO: [Common 17-2834] synth_design peak Physical Memory [PSS] (MB): overall = 3231.406; main = 3231.406; forked = 254.233
INFO: [Common 17-2834] synth_design peak Virtual Memory [VSS] (MB): overall = 4588.461; main = 4129.520; forked = 986.750
Write ShapeDB Complete: Time (s): cpu = 00:00:00 ; elapsed = 00:00:00 . Memory (MB): peak = 4157.219 ; gain = 0.000 ; free physical = 3160 ; free virtual = 76403
INFO: [Common 17-1381] The checkpoint '/home/nu/ChenLab/tensor-mlir/examples/gpt2/vitis_base3_3slr_stream/_x/link/vivado/vpl/prj/prj.runs/ulp_interconnect_axilite_user_upgraded_ipi_imp_xbar_2_synth_1/ulp_interconnect_axilite_user_upgraded_ipi_imp_xbar_2.dcp' has been generated.
INFO: [Coretcl 2-1648] Added synthesis output to IP cache for IP ulp_interconnect_axilite_user_upgraded_ipi_imp_xbar_2, cache-ID = 275f5672ced287a4
INFO: [Coretcl 2-1174] Renamed 7 cell refs.
Write ShapeDB Complete: Time (s): cpu = 00:00:00 ; elapsed = 00:00:00 . Memory (MB): peak = 4157.219 ; gain = 0.000 ; free physical = 2966 ; free virtual = 76209
INFO: [Common 17-1381] The checkpoint '/home/nu/ChenLab/tensor-mlir/examples/gpt2/vitis_base3_3slr_stream/_x/link/vivado/vpl/prj/prj.runs/ulp_interconnect_axilite_user_upgraded_ipi_imp_xbar_2_synth_1/ulp_interconnect_axilite_user_upgraded_ipi_imp_xbar_2.dcp' has been generated.
INFO: [Vivado 12-24828] Executing command : report_utilization -file ulp_interconnect_axilite_user_upgraded_ipi_imp_xbar_2_utilization_synth.rpt -pb ulp_interconnect_axilite_user_upgraded_ipi_imp_xbar_2_utilization_synth.pb
INFO: [Common 17-206] Exiting Vivado at Fri Apr 10 01:10:34 2026...
